[ 2016-11-29T21:21:17+08:00 ] ::1 /blog/
INFO: [ app_init ] --START--
INFO: Run Behavior\BuildLiteBehavior [ RunTime:0.000096s ]
INFO: [ app_init ] --END-- [ RunTime:0.171385s ]
INFO: [ app_begin ] --START--
INFO: Run Behavior\ReadHtmlCacheBehavior [ RunTime:0.006759s ]
INFO: [ app_begin ] --END-- [ RunTime:0.007542s ]
SQL: SHOW COLUMNS FROM `tp_knowledge` [ RunTime:0.9145s ]
SQL: SELECT * FROM `tp_knowledge` WHERE `typeid` = 1 ORDER BY publishtime desc LIMIT 1   [ RunTime:0.0750s ]
SQL: SELECT * FROM `tp_knowledge` WHERE `typeid` = 3 ORDER BY publishtime desc LIMIT 1   [ RunTime:0.0013s ]
SQL: SHOW COLUMNS FROM `tp_img` [ RunTime:0.3057s ]
SQL: SELECT * FROM `tp_img` ORDER BY publishtime desc LIMIT 3   [ RunTime:0.0010s ]
INFO: [ view_parse ] --START--
INFO: [ template_filter ] --START--
INFO: Run Behavior\ContentReplaceBehavior [ RunTime:0.015658s ]
INFO: [ template_filter ] --END-- [ RunTime:0.016476s ]
NOTIC: [8] Undefined index: username F:\wamp\wamp\www\blog\Application\Runtime\Cache\Home\2a94b8bda04ff446dcedd42276fc99ee.php 第 113 行.
NOTIC: [8] Undefined index: username F:\wamp\wamp\www\blog\Application\Runtime\Cache\Home\2a94b8bda04ff446dcedd42276fc99ee.php 第 116 行.
INFO: Run Behavior\ParseTemplateBehavior [ RunTime:0.738914s ]
INFO: [ view_parse ] --END-- [ RunTime:0.739456s ]
INFO: [ view_filter ] --START--
INFO: Run Behavior\WriteHtmlCacheBehavior [ RunTime:0.027263s ]
INFO: [ view_filter ] --END-- [ RunTime:0.027977s ]
INFO: [ app_end ] --START--
INFO: Run Behavior\ShowPageTraceBehavior [ RunTime:0.036782s ]
INFO: [ app_end ] --END-- [ RunTime:0.039721s ]

[ 2016-11-29T21:21:34+08:00 ] ::1 /blog/index.php/Home/Index/contact.html
INFO: [ app_init ] --START--
INFO: Run Behavior\BuildLiteBehavior [ RunTime:0.000108s ]
INFO: [ app_init ] --END-- [ RunTime:0.005197s ]
INFO: [ app_begin ] --START--
INFO: Run Behavior\ReadHtmlCacheBehavior [ RunTime:0.009174s ]
INFO: [ app_begin ] --END-- [ RunTime:0.010304s ]
INFO: [ view_parse ] --START--
INFO: [ template_filter ] --START--
INFO: Run Behavior\ContentReplaceBehavior [ RunTime:0.000666s ]
INFO: [ template_filter ] --END-- [ RunTime:0.001510s ]
INFO: Run Behavior\ParseTemplateBehavior [ RunTime:0.080850s ]
INFO: [ view_parse ] --END-- [ RunTime:0.081432s ]
INFO: [ view_filter ] --START--
INFO: Run Behavior\WriteHtmlCacheBehavior [ RunTime:0.007701s ]
INFO: [ view_filter ] --END-- [ RunTime:0.008476s ]
INFO: [ app_end ] --START--
INFO: Run Behavior\ShowPageTraceBehavior [ RunTime:0.007662s ]
INFO: [ app_end ] --END-- [ RunTime:0.008430s ]

[ 2016-11-29T21:22:45+08:00 ] ::1 /blog/index.php/Home/Index/index.html
INFO: [ app_init ] --START--
INFO: Run Behavior\BuildLiteBehavior [ RunTime:0.000111s ]
INFO: [ app_init ] --END-- [ RunTime:0.004916s ]
INFO: [ app_begin ] --START--
INFO: Run Behavior\ReadHtmlCacheBehavior [ RunTime:0.006950s ]
INFO: [ app_begin ] --END-- [ RunTime:0.007598s ]
SQL: SHOW COLUMNS FROM `tp_knowledge` [ RunTime:0.0291s ]
SQL: SELECT * FROM `tp_knowledge` WHERE `typeid` = 1 ORDER BY publishtime desc LIMIT 1   [ RunTime:0.0014s ]
SQL: SELECT * FROM `tp_knowledge` WHERE `typeid` = 3 ORDER BY publishtime desc LIMIT 1   [ RunTime:0.0009s ]
SQL: SHOW COLUMNS FROM `tp_img` [ RunTime:0.0347s ]
SQL: SELECT * FROM `tp_img` ORDER BY publishtime desc LIMIT 3   [ RunTime:0.0009s ]
INFO: [ view_parse ] --START--
INFO: [ template_filter ] --START--
INFO: Run Behavior\ContentReplaceBehavior [ RunTime:0.000551s ]
INFO: [ template_filter ] --END-- [ RunTime:0.001039s ]
NOTIC: [8] Undefined index: username F:\wamp\wamp\www\blog\Application\Runtime\Cache\Home\2a94b8bda04ff446dcedd42276fc99ee.php 第 113 行.
NOTIC: [8] Undefined index: username F:\wamp\wamp\www\blog\Application\Runtime\Cache\Home\2a94b8bda04ff446dcedd42276fc99ee.php 第 116 行.
INFO: Run Behavior\ParseTemplateBehavior [ RunTime:0.068562s ]
INFO: [ view_parse ] --END-- [ RunTime:0.069058s ]
INFO: [ view_filter ] --START--
INFO: Run Behavior\WriteHtmlCacheBehavior [ RunTime:0.005503s ]
INFO: [ view_filter ] --END-- [ RunTime:0.006040s ]
INFO: [ app_end ] --START--
INFO: Run Behavior\ShowPageTraceBehavior [ RunTime:0.006374s ]
INFO: [ app_end ] --END-- [ RunTime:0.006882s ]

[ 2016-11-29T21:22:47+08:00 ] ::1 /blog/index.php/Home/Index/index.html
INFO: [ app_init ] --START--
INFO: Run Behavior\BuildLiteBehavior [ RunTime:0.000154s ]
INFO: [ app_init ] --END-- [ RunTime:0.006613s ]
INFO: [ app_begin ] --START--
INFO: Run Behavior\ReadHtmlCacheBehavior [ RunTime:0.009534s ]
INFO: [ app_begin ] --END-- [ RunTime:0.010356s ]
SQL: SHOW COLUMNS FROM `tp_knowledge` [ RunTime:0.0532s ]
SQL: SELECT * FROM `tp_knowledge` WHERE `typeid` = 1 ORDER BY publishtime desc LIMIT 1   [ RunTime:0.0020s ]
SQL: SELECT * FROM `tp_knowledge` WHERE `typeid` = 3 ORDER BY publishtime desc LIMIT 1   [ RunTime:0.0015s ]
SQL: SHOW COLUMNS FROM `tp_img` [ RunTime:0.0438s ]
SQL: SELECT * FROM `tp_img` ORDER BY publishtime desc LIMIT 3   [ RunTime:0.0014s ]
INFO: [ view_parse ] --START--
INFO: [ template_filter ] --START--
INFO: Run Behavior\ContentReplaceBehavior [ RunTime:0.000715s ]
INFO: [ template_filter ] --END-- [ RunTime:0.001526s ]
NOTIC: [8] Undefined index: username F:\wamp\wamp\www\blog\Application\Runtime\Cache\Home\2a94b8bda04ff446dcedd42276fc99ee.php 第 113 行.
NOTIC: [8] Undefined index: username F:\wamp\wamp\www\blog\Application\Runtime\Cache\Home\2a94b8bda04ff446dcedd42276fc99ee.php 第 116 行.
INFO: Run Behavior\ParseTemplateBehavior [ RunTime:0.104410s ]
INFO: [ view_parse ] --END-- [ RunTime:0.105049s ]
INFO: [ view_filter ] --START--
INFO: Run Behavior\WriteHtmlCacheBehavior [ RunTime:0.007379s ]
INFO: [ view_filter ] --END-- [ RunTime:0.008024s ]
INFO: [ app_end ] --START--
INFO: Run Behavior\ShowPageTraceBehavior [ RunTime:0.010260s ]
INFO: [ app_end ] --END-- [ RunTime:0.011787s ]

[ 2016-11-29T21:22:50+08:00 ] ::1 /blog/index.php/Home/login/login.html
INFO: [ app_init ] --START--
INFO: Run Behavior\BuildLiteBehavior [ RunTime:0.000097s ]
INFO: [ app_init ] --END-- [ RunTime:0.004651s ]
INFO: [ app_begin ] --START--
INFO: Run Behavior\ReadHtmlCacheBehavior [ RunTime:0.005779s ]
INFO: [ app_begin ] --END-- [ RunTime:0.006285s ]
INFO: [ view_parse ] --START--
INFO: [ template_filter ] --START--
INFO: Run Behavior\ContentReplaceBehavior [ RunTime:0.000251s ]
INFO: [ template_filter ] --END-- [ RunTime:0.000673s ]
INFO: Run Behavior\ParseTemplateBehavior [ RunTime:0.058926s ]
INFO: [ view_parse ] --END-- [ RunTime:0.059412s ]
INFO: [ view_filter ] --START--
INFO: Run Behavior\WriteHtmlCacheBehavior [ RunTime:0.005801s ]
INFO: [ view_filter ] --END-- [ RunTime:0.006267s ]
INFO: [ app_end ] --START--
INFO: Run Behavior\ShowPageTraceBehavior [ RunTime:0.009009s ]
INFO: [ app_end ] --END-- [ RunTime:0.009419s ]

[ 2016-11-29T21:23:04+08:00 ] ::1 /blog/index.php/Home/Login/dologin.html
INFO: [ app_init ] --START--
INFO: Run Behavior\BuildLiteBehavior [ RunTime:0.000108s ]
INFO: [ app_init ] --END-- [ RunTime:0.003667s ]
INFO: [ app_begin ] --START--
INFO: Run Behavior\ReadHtmlCacheBehavior [ RunTime:0.005628s ]
INFO: [ app_begin ] --END-- [ RunTime:0.006316s ]
SQL: SHOW COLUMNS FROM `tp_user` [ RunTime:0.1409s ]
SQL: SELECT * FROM `tp_user` WHERE `username` = '1413335' AND `userpwd` = '1413335' AND `state` = 1 LIMIT 1   [ RunTime:0.0267s ]

[ 2016-11-29T21:23:10+08:00 ] ::1 /blog/index.php/Home/Login/dologin.html
INFO: [ app_init ] --START--
INFO: Run Behavior\BuildLiteBehavior [ RunTime:0.000096s ]
INFO: [ app_init ] --END-- [ RunTime:0.003177s ]
INFO: [ app_begin ] --START--
INFO: Run Behavior\ReadHtmlCacheBehavior [ RunTime:0.004968s ]
INFO: [ app_begin ] --END-- [ RunTime:0.005610s ]
SQL: SHOW COLUMNS FROM `tp_user` [ RunTime:0.0509s ]
SQL: SELECT * FROM `tp_user` WHERE `username` = '1413335' AND `userpwd` = '123456' AND `state` = 1 LIMIT 1   [ RunTime:0.0022s ]
SQL: UPDATE `tp_user` SET `lasttime`='2016-11-29 21:23:10' WHERE `username` = '1413335' [ RunTime:0.1984s ]

[ 2016-11-29T21:23:11+08:00 ] ::1 /blog/index.php/Home/Index/index.html
INFO: [ app_init ] --START--
INFO: Run Behavior\BuildLiteBehavior [ RunTime:0.000107s ]
INFO: [ app_init ] --END-- [ RunTime:0.004580s ]
INFO: [ app_begin ] --START--
INFO: Run Behavior\ReadHtmlCacheBehavior [ RunTime:0.003442s ]
INFO: [ app_begin ] --END-- [ RunTime:0.004020s ]
SQL: SHOW COLUMNS FROM `tp_knowledge` [ RunTime:0.0373s ]
SQL: SELECT * FROM `tp_knowledge` WHERE `typeid` = 1 ORDER BY publishtime desc LIMIT 1   [ RunTime:0.0015s ]
SQL: SELECT * FROM `tp_knowledge` WHERE `typeid` = 3 ORDER BY publishtime desc LIMIT 1   [ RunTime:0.0011s ]
SQL: SHOW COLUMNS FROM `tp_img` [ RunTime:0.0359s ]
SQL: SELECT * FROM `tp_img` ORDER BY publishtime desc LIMIT 3   [ RunTime:0.0012s ]
INFO: [ view_parse ] --START--
INFO: [ template_filter ] --START--
INFO: Run Behavior\ContentReplaceBehavior [ RunTime:0.000484s ]
INFO: [ template_filter ] --END-- [ RunTime:0.000917s ]
INFO: Run Behavior\ParseTemplateBehavior [ RunTime:0.065232s ]
INFO: [ view_parse ] --END-- [ RunTime:0.065728s ]
INFO: [ view_filter ] --START--
INFO: Run Behavior\WriteHtmlCacheBehavior [ RunTime:0.003549s ]
INFO: [ view_filter ] --END-- [ RunTime:0.003965s ]
INFO: [ app_end ] --START--
INFO: Run Behavior\ShowPageTraceBehavior [ RunTime:0.004655s ]
INFO: [ app_end ] --END-- [ RunTime:0.005242s ]

[ 2016-11-29T21:23:13+08:00 ] ::1 /blog/index.php/Home/Index/contact.html
INFO: [ app_init ] --START--
INFO: Run Behavior\BuildLiteBehavior [ RunTime:0.000154s ]
INFO: [ app_init ] --END-- [ RunTime:0.008547s ]
INFO: [ app_begin ] --START--
INFO: Run Behavior\ReadHtmlCacheBehavior [ RunTime:0.005997s ]
INFO: [ app_begin ] --END-- [ RunTime:0.006816s ]
INFO: [ view_parse ] --START--
INFO: [ template_filter ] --START--
INFO: Run Behavior\ContentReplaceBehavior [ RunTime:0.000576s ]
INFO: [ template_filter ] --END-- [ RunTime:0.001540s ]
INFO: Run Behavior\ParseTemplateBehavior [ RunTime:0.066753s ]
INFO: [ view_parse ] --END-- [ RunTime:0.067489s ]
INFO: [ view_filter ] --START--
INFO: Run Behavior\WriteHtmlCacheBehavior [ RunTime:0.005073s ]
INFO: [ view_filter ] --END-- [ RunTime:0.005836s ]
INFO: [ app_end ] --START--
INFO: Run Behavior\ShowPageTraceBehavior [ RunTime:0.006954s ]
INFO: [ app_end ] --END-- [ RunTime:0.007737s ]

[ 2016-11-29T21:23:14+08:00 ] ::1 /blog/index.php/Home/Indexs/gallery.html
INFO: [ app_init ] --START--
INFO: Run Behavior\BuildLiteBehavior [ RunTime:0.000161s ]
INFO: [ app_init ] --END-- [ RunTime:0.005646s ]
INFO: [ app_begin ] --START--
INFO: Run Behavior\ReadHtmlCacheBehavior [ RunTime:0.003339s ]
INFO: [ app_begin ] --END-- [ RunTime:0.003815s ]
ERR: 无法加载控制器:Indexs

[ 2016-11-29T21:38:45+08:00 ] ::1 /blog/index.php/Home/Index/contact.html
INFO: [ app_init ] --START--
INFO: Run Behavior\BuildLiteBehavior [ RunTime:0.000092s ]
INFO: [ app_init ] --END-- [ RunTime:0.002565s ]
INFO: [ app_begin ] --START--
INFO: Run Behavior\ReadHtmlCacheBehavior [ RunTime:0.003231s ]
INFO: [ app_begin ] --END-- [ RunTime:0.003747s ]
SQL: SHOW COLUMNS FROM `tp_message` [ RunTime:0.0378s ]
SQL: SHOW COLUMNS FROM `tp_user` [ RunTime:0.0362s ]
SQL: SHOW COLUMNS FROM `tp_returnmessage` [ RunTime:0.0315s ]
SQL: SELECT `uid` FROM `tp_user` WHERE `username` = '1413335' LIMIT 1   [ RunTime:0.0011s ]
ERR: 1054:Champ '$uid' inconnu dans where clause
 [ SQL语句 ] : SELECT * FROM `tp_message` WHERE ( uid=$uid ) 
ERR: 1054:Champ '$uid' inconnu dans where clause
 [ SQL语句 ] : SELECT * FROM `tp_message` WHERE ( uid=$uid ) 

[ 2016-11-29T21:39:12+08:00 ] ::1 /blog/index.php/Home/Index/contact.html
INFO: [ app_init ] --START--
INFO: Run Behavior\BuildLiteBehavior [ RunTime:0.000113s ]
INFO: [ app_init ] --END-- [ RunTime:0.003157s ]
INFO: [ app_begin ] --START--
INFO: Run Behavior\ReadHtmlCacheBehavior [ RunTime:0.003551s ]
INFO: [ app_begin ] --END-- [ RunTime:0.004014s ]
SQL: SHOW COLUMNS FROM `tp_message` [ RunTime:0.0261s ]
SQL: SHOW COLUMNS FROM `tp_user` [ RunTime:0.0351s ]
SQL: SHOW COLUMNS FROM `tp_returnmessage` [ RunTime:0.0368s ]
SQL: SELECT `uid` FROM `tp_user` WHERE `username` = '1413335' LIMIT 1   [ RunTime:0.0010s ]
SQL: SELECT * FROM `tp_message` WHERE ( uid=3 )  [ RunTime:0.0011s ]
INFO: [ view_parse ] --START--
INFO: [ template_filter ] --START--
INFO: Run Behavior\ContentReplaceBehavior [ RunTime:0.000364s ]
INFO: [ template_filter ] --END-- [ RunTime:0.000794s ]
INFO: Run Behavior\ParseTemplateBehavior [ RunTime:0.043711s ]
INFO: [ view_parse ] --END-- [ RunTime:0.044167s ]
INFO: [ view_filter ] --START--
INFO: Run Behavior\WriteHtmlCacheBehavior [ RunTime:0.004245s ]
INFO: [ view_filter ] --END-- [ RunTime:0.004665s ]
INFO: [ app_end ] --START--
INFO: Run Behavior\ShowPageTraceBehavior [ RunTime:0.006358s ]
INFO: [ app_end ] --END-- [ RunTime:0.006938s ]

[ 2016-11-29T21:45:06+08:00 ] ::1 /blog/index.php/Home/Index/contact.html
INFO: [ app_init ] --START--
INFO: Run Behavior\BuildLiteBehavior [ RunTime:0.000090s ]
INFO: [ app_init ] --END-- [ RunTime:0.003049s ]
INFO: [ app_begin ] --START--
INFO: Run Behavior\ReadHtmlCacheBehavior [ RunTime:0.003988s ]
INFO: [ app_begin ] --END-- [ RunTime:0.004469s ]
SQL: SHOW COLUMNS FROM `tp_message` [ RunTime:0.0373s ]
SQL: SHOW COLUMNS FROM `tp_user` [ RunTime:0.0365s ]
SQL: SHOW COLUMNS FROM `tp_returnmessage` [ RunTime:0.0393s ]
SQL: SELECT `uid` FROM `tp_user` WHERE `username` = '1413335' LIMIT 1   [ RunTime:0.0012s ]
SQL: SELECT * FROM `tp_message` WHERE ( uid=3 )  [ RunTime:0.0012s ]
INFO: [ view_parse ] --START--
INFO: [ template_filter ] --START--
INFO: Run Behavior\ContentReplaceBehavior [ RunTime:0.000387s ]
INFO: [ template_filter ] --END-- [ RunTime:0.000857s ]
INFO: Run Behavior\ParseTemplateBehavior [ RunTime:0.047287s ]
INFO: [ view_parse ] --END-- [ RunTime:0.047729s ]
INFO: [ view_filter ] --START--
INFO: Run Behavior\WriteHtmlCacheBehavior [ RunTime:0.003930s ]
INFO: [ view_filter ] --END-- [ RunTime:0.004330s ]
INFO: [ app_end ] --START--
INFO: Run Behavior\ShowPageTraceBehavior [ RunTime:0.005791s ]
INFO: [ app_end ] --END-- [ RunTime:0.006863s ]

[ 2016-11-29T21:45:22+08:00 ] ::1 /blog/index.php/Home/Index/contact.html
INFO: [ app_init ] --START--
INFO: Run Behavior\BuildLiteBehavior [ RunTime:0.000173s ]
INFO: [ app_init ] --END-- [ RunTime:0.003739s ]
INFO: [ app_begin ] --START--
INFO: Run Behavior\ReadHtmlCacheBehavior [ RunTime:0.006129s ]
INFO: [ app_begin ] --END-- [ RunTime:0.006776s ]
SQL: SHOW COLUMNS FROM `tp_message` [ RunTime:0.0370s ]
SQL: SHOW COLUMNS FROM `tp_user` [ RunTime:0.0388s ]
SQL: SHOW COLUMNS FROM `tp_returnmessage` [ RunTime:0.0395s ]
SQL: SELECT `uid` FROM `tp_user` WHERE `username` = '1413335' LIMIT 1   [ RunTime:0.0010s ]
SQL: SELECT * FROM `tp_message` WHERE ( uid=3 )  [ RunTime:0.0013s ]
INFO: [ view_parse ] --START--
INFO: [ template_filter ] --START--
INFO: Run Behavior\ContentReplaceBehavior [ RunTime:0.000347s ]
INFO: [ template_filter ] --END-- [ RunTime:0.000786s ]
INFO: Run Behavior\ParseTemplateBehavior [ RunTime:0.047506s ]
INFO: [ view_parse ] --END-- [ RunTime:0.047928s ]
INFO: [ view_filter ] --START--
INFO: Run Behavior\WriteHtmlCacheBehavior [ RunTime:0.003308s ]
INFO: [ view_filter ] --END-- [ RunTime:0.003700s ]
INFO: [ app_end ] --START--
INFO: Run Behavior\ShowPageTraceBehavior [ RunTime:0.004275s ]
INFO: [ app_end ] --END-- [ RunTime:0.004846s ]

[ 2016-11-29T21:47:11+08:00 ] ::1 /blog/index.php/Home/Index/contact.html
INFO: [ app_init ] --START--
INFO: Run Behavior\BuildLiteBehavior [ RunTime:0.000092s ]
INFO: [ app_init ] --END-- [ RunTime:0.002663s ]
INFO: [ app_begin ] --START--
INFO: Run Behavior\ReadHtmlCacheBehavior [ RunTime:0.003669s ]
INFO: [ app_begin ] --END-- [ RunTime:0.004331s ]
SQL: SHOW COLUMNS FROM `tp_message` [ RunTime:0.0312s ]
SQL: SHOW COLUMNS FROM `tp_user` [ RunTime:0.0418s ]
SQL: SHOW COLUMNS FROM `tp_returnmessage` [ RunTime:0.0341s ]
SQL: SELECT `uid` FROM `tp_user` WHERE `username` = '1413335' LIMIT 1   [ RunTime:0.0011s ]
SQL: SELECT * FROM `tp_message` WHERE ( uid=3 )  [ RunTime:0.0011s ]
INFO: [ view_parse ] --START--
INFO: [ template_filter ] --START--
INFO: Run Behavior\ContentReplaceBehavior [ RunTime:0.000353s ]
INFO: [ template_filter ] --END-- [ RunTime:0.000810s ]
INFO: Run Behavior\ParseTemplateBehavior [ RunTime:0.049688s ]
INFO: [ view_parse ] --END-- [ RunTime:0.050259s ]
INFO: [ view_filter ] --START--
INFO: Run Behavior\WriteHtmlCacheBehavior [ RunTime:0.003221s ]
INFO: [ view_filter ] --END-- [ RunTime:0.003618s ]
INFO: [ app_end ] --START--
INFO: Run Behavior\ShowPageTraceBehavior [ RunTime:0.005081s ]
INFO: [ app_end ] --END-- [ RunTime:0.005882s ]

[ 2016-11-29T21:49:49+08:00 ] ::1 /blog/index.php/Home/Index/contact.html
INFO: [ app_init ] --START--
INFO: Run Behavior\BuildLiteBehavior [ RunTime:0.000095s ]
INFO: [ app_init ] --END-- [ RunTime:0.003518s ]
INFO: [ app_begin ] --START--
INFO: Run Behavior\ReadHtmlCacheBehavior [ RunTime:0.003967s ]
INFO: [ app_begin ] --END-- [ RunTime:0.004440s ]
SQL: SHOW COLUMNS FROM `tp_message` [ RunTime:0.0349s ]
SQL: SHOW COLUMNS FROM `tp_user` [ RunTime:0.0373s ]
SQL: SHOW COLUMNS FROM `tp_returnmessage` [ RunTime:0.0317s ]
SQL: SELECT `uid` FROM `tp_user` WHERE `username` = '1413335' LIMIT 1   [ RunTime:0.0012s ]
SQL: SELECT * FROM `tp_message` WHERE ( uid=3 )  [ RunTime:0.0013s ]
INFO: [ view_parse ] --START--
INFO: [ template_filter ] --START--
INFO: Run Behavior\ContentReplaceBehavior [ RunTime:0.000354s ]
INFO: [ template_filter ] --END-- [ RunTime:0.000829s ]
INFO: Run Behavior\ParseTemplateBehavior [ RunTime:0.046251s ]
INFO: [ view_parse ] --END-- [ RunTime:0.046731s ]
INFO: [ view_filter ] --START--
INFO: Run Behavior\WriteHtmlCacheBehavior [ RunTime:0.003346s ]
INFO: [ view_filter ] --END-- [ RunTime:0.003811s ]
INFO: [ app_end ] --START--
INFO: Run Behavior\ShowPageTraceBehavior [ RunTime:0.005847s ]
INFO: [ app_end ] --END-- [ RunTime:0.006492s ]

[ 2016-11-29T21:52:07+08:00 ] ::1 /blog/index.php/Home/Index/contact.html
INFO: [ app_init ] --START--
INFO: Run Behavior\BuildLiteBehavior [ RunTime:0.000095s ]
INFO: [ app_init ] --END-- [ RunTime:0.003577s ]
INFO: [ app_begin ] --START--
INFO: Run Behavior\ReadHtmlCacheBehavior [ RunTime:0.004041s ]
INFO: [ app_begin ] --END-- [ RunTime:0.004506s ]
SQL: SHOW COLUMNS FROM `tp_message` [ RunTime:0.0341s ]
SQL: SHOW COLUMNS FROM `tp_user` [ RunTime:0.0399s ]
SQL: SHOW COLUMNS FROM `tp_returnmessage` [ RunTime:0.0413s ]
SQL: SELECT `uid` FROM `tp_user` WHERE `username` = '1413335' LIMIT 1   [ RunTime:0.0011s ]
SQL: SELECT * FROM `tp_message` WHERE `username` = '1413335'  [ RunTime:0.0011s ]
INFO: [ view_parse ] --START--
INFO: [ template_filter ] --START--
INFO: Run Behavior\ContentReplaceBehavior [ RunTime:0.000344s ]
INFO: [ template_filter ] --END-- [ RunTime:0.000758s ]
INFO: Run Behavior\ParseTemplateBehavior [ RunTime:0.046249s ]
INFO: [ view_parse ] --END-- [ RunTime:0.046674s ]
INFO: [ view_filter ] --START--
INFO: Run Behavior\WriteHtmlCacheBehavior [ RunTime:0.003987s ]
INFO: [ view_filter ] --END-- [ RunTime:0.004400s ]
INFO: [ app_end ] --START--
INFO: Run Behavior\ShowPageTraceBehavior [ RunTime:0.005583s ]
INFO: [ app_end ] --END-- [ RunTime:0.006194s ]

[ 2016-11-29T21:52:18+08:00 ] ::1 /blog/index.php/Home/Index/contact.html
INFO: [ app_init ] --START--
INFO: Run Behavior\BuildLiteBehavior [ RunTime:0.000094s ]
INFO: [ app_init ] --END-- [ RunTime:0.003675s ]
INFO: [ app_begin ] --START--
INFO: Run Behavior\ReadHtmlCacheBehavior [ RunTime:0.004784s ]
INFO: [ app_begin ] --END-- [ RunTime:0.005452s ]
SQL: SHOW COLUMNS FROM `tp_message` [ RunTime:0.0356s ]
SQL: SHOW COLUMNS FROM `tp_user` [ RunTime:0.0450s ]
SQL: SHOW COLUMNS FROM `tp_returnmessage` [ RunTime:0.0321s ]
SQL: SELECT `uid` FROM `tp_user` WHERE `username` = '1413335' LIMIT 1   [ RunTime:0.0010s ]
SQL: SELECT * FROM `tp_message` WHERE `username` = '1413335'  [ RunTime:0.0011s ]
INFO: [ view_parse ] --START--
INFO: [ template_filter ] --START--
INFO: Run Behavior\ContentReplaceBehavior [ RunTime:0.000340s ]
INFO: [ template_filter ] --END-- [ RunTime:0.000759s ]
INFO: Run Behavior\ParseTemplateBehavior [ RunTime:0.046779s ]
INFO: [ view_parse ] --END-- [ RunTime:0.047217s ]
INFO: [ view_filter ] --START--
INFO: Run Behavior\WriteHtmlCacheBehavior [ RunTime:0.003577s ]
INFO: [ view_filter ] --END-- [ RunTime:0.004007s ]
INFO: [ app_end ] --START--
INFO: Run Behavior\ShowPageTraceBehavior [ RunTime:0.005098s ]
INFO: [ app_end ] --END-- [ RunTime:0.005686s ]

[ 2016-11-29T21:53:06+08:00 ] ::1 /blog/index.php/Home/Index/contact.html
INFO: [ app_init ] --START--
INFO: Run Behavior\BuildLiteBehavior [ RunTime:0.000105s ]
INFO: [ app_init ] --END-- [ RunTime:0.003329s ]
INFO: [ app_begin ] --START--
INFO: Run Behavior\ReadHtmlCacheBehavior [ RunTime:0.004208s ]
INFO: [ app_begin ] --END-- [ RunTime:0.004672s ]
SQL: SHOW COLUMNS FROM `tp_message` [ RunTime:0.0359s ]
SQL: SHOW COLUMNS FROM `tp_user` [ RunTime:0.0396s ]
SQL: SHOW COLUMNS FROM `tp_returnmessage` [ RunTime:0.0367s ]
SQL: SELECT `uid` FROM `tp_user` WHERE `username` = '1413335' LIMIT 1   [ RunTime:0.0010s ]
SQL: SELECT * FROM `tp_message` WHERE `username` = '1413335'  [ RunTime:0.0011s ]
INFO: [ view_parse ] --START--
INFO: [ template_filter ] --START--
INFO: Run Behavior\ContentReplaceBehavior [ RunTime:0.000363s ]
INFO: [ template_filter ] --END-- [ RunTime:0.000780s ]
NOTIC: [8] Undefined variable: vo F:\wamp\wamp\www\blog\Application\Runtime\Cache\Home\a873315f4d7930e02d8853d9439fbb36.php 第 120 行.
NOTIC: [8] Undefined variable: vo F:\wamp\wamp\www\blog\Application\Runtime\Cache\Home\a873315f4d7930e02d8853d9439fbb36.php 第 121 行.
INFO: Run Behavior\ParseTemplateBehavior [ RunTime:0.042977s ]
INFO: [ view_parse ] --END-- [ RunTime:0.043453s ]
INFO: [ view_filter ] --START--
INFO: Run Behavior\WriteHtmlCacheBehavior [ RunTime:0.003925s ]
INFO: [ view_filter ] --END-- [ RunTime:0.004359s ]
INFO: [ app_end ] --START--
INFO: Run Behavior\ShowPageTraceBehavior [ RunTime:0.005928s ]
INFO: [ app_end ] --END-- [ RunTime:0.006818s ]

[ 2016-11-29T21:54:14+08:00 ] ::1 /blog/index.php/Home/Index/contact.html
INFO: [ app_init ] --START--
INFO: Run Behavior\BuildLiteBehavior [ RunTime:0.000093s ]
INFO: [ app_init ] --END-- [ RunTime:0.003419s ]
INFO: [ app_begin ] --START--
INFO: Run Behavior\ReadHtmlCacheBehavior [ RunTime:0.004974s ]
INFO: [ app_begin ] --END-- [ RunTime:0.005516s ]
SQL: SHOW COLUMNS FROM `tp_message` [ RunTime:0.0364s ]
SQL: SHOW COLUMNS FROM `tp_user` [ RunTime:0.0381s ]
SQL: SHOW COLUMNS FROM `tp_returnmessage` [ RunTime:0.0352s ]
SQL: SELECT `uid` FROM `tp_user` WHERE `username` = '1413335' LIMIT 1   [ RunTime:0.0011s ]
SQL: SELECT * FROM `tp_message` WHERE `username` = '1413335'  [ RunTime:0.0013s ]
INFO: [ view_parse ] --START--
INFO: [ template_filter ] --START--
INFO: Run Behavior\ContentReplaceBehavior [ RunTime:0.000378s ]
INFO: [ template_filter ] --END-- [ RunTime:0.000810s ]
INFO: Run Behavior\ParseTemplateBehavior [ RunTime:0.045227s ]
INFO: [ view_parse ] --END-- [ RunTime:0.045682s ]
INFO: [ view_filter ] --START--
INFO: Run Behavior\WriteHtmlCacheBehavior [ RunTime:0.004004s ]
INFO: [ view_filter ] --END-- [ RunTime:0.004467s ]
INFO: [ app_end ] --START--
INFO: Run Behavior\ShowPageTraceBehavior [ RunTime:0.004902s ]
INFO: [ app_end ] --END-- [ RunTime:0.005477s ]

[ 2016-11-29T21:54:21+08:00 ] ::1 /blog/index.php/Home/Index/index.html
INFO: [ app_init ] --START--
INFO: Run Behavior\BuildLiteBehavior [ RunTime:0.000096s ]
INFO: [ app_init ] --END-- [ RunTime:0.003349s ]
INFO: [ app_begin ] --START--
INFO: Run Behavior\ReadHtmlCacheBehavior [ RunTime:0.006174s ]
INFO: [ app_begin ] --END-- [ RunTime:0.006979s ]
SQL: SHOW COLUMNS FROM `tp_knowledge` [ RunTime:0.0415s ]
SQL: SELECT * FROM `tp_knowledge` WHERE `typeid` = 1 ORDER BY publishtime desc LIMIT 1   [ RunTime:0.0016s ]
SQL: SELECT * FROM `tp_knowledge` WHERE `typeid` = 3 ORDER BY publishtime desc LIMIT 1   [ RunTime:0.0014s ]
SQL: SHOW COLUMNS FROM `tp_img` [ RunTime:0.0385s ]
SQL: SELECT * FROM `tp_img` ORDER BY publishtime desc LIMIT 3   [ RunTime:0.0012s ]
INFO: [ view_parse ] --START--
INFO: [ template_filter ] --START--
INFO: Run Behavior\ContentReplaceBehavior [ RunTime:0.000449s ]
INFO: [ template_filter ] --END-- [ RunTime:0.000897s ]
INFO: Run Behavior\ParseTemplateBehavior [ RunTime:0.061395s ]
INFO: [ view_parse ] --END-- [ RunTime:0.061825s ]
INFO: [ view_filter ] --START--
INFO: Run Behavior\WriteHtmlCacheBehavior [ RunTime:0.003070s ]
INFO: [ view_filter ] --END-- [ RunTime:0.003519s ]
INFO: [ app_end ] --START--
INFO: Run Behavior\ShowPageTraceBehavior [ RunTime:0.004620s ]
INFO: [ app_end ] --END-- [ RunTime:0.005204s ]

[ 2016-11-29T21:54:32+08:00 ] ::1 /blog/index.php/Home/User/user.html
INFO: [ app_init ] --START--
INFO: Run Behavior\BuildLiteBehavior [ RunTime:0.000144s ]
INFO: [ app_init ] --END-- [ RunTime:0.003567s ]
INFO: [ app_begin ] --START--
INFO: Run Behavior\ReadHtmlCacheBehavior [ RunTime:0.003778s ]
INFO: [ app_begin ] --END-- [ RunTime:0.004250s ]
SQL: SHOW COLUMNS FROM `tp_user` [ RunTime:0.0396s ]
SQL: SELECT * FROM `tp_user` WHERE `username` = '1413335'  [ RunTime:0.0014s ]
INFO: [ view_parse ] --START--
INFO: [ template_filter ] --START--
INFO: Run Behavior\ContentReplaceBehavior [ RunTime:0.000467s ]
INFO: [ template_filter ] --END-- [ RunTime:0.001046s ]
INFO: Run Behavior\ParseTemplateBehavior [ RunTime:0.049914s ]
INFO: [ view_parse ] --END-- [ RunTime:0.050339s ]
INFO: [ view_filter ] --START--
INFO: Run Behavior\WriteHtmlCacheBehavior [ RunTime:0.003440s ]
INFO: [ view_filter ] --END-- [ RunTime:0.003869s ]
INFO: [ app_end ] --START--
INFO: Run Behavior\ShowPageTraceBehavior [ RunTime:0.006129s ]
INFO: [ app_end ] --END-- [ RunTime:0.006810s ]

[ 2016-11-29T21:54:34+08:00 ] ::1 /blog/index.php/Home/Index/contact.html
INFO: [ app_init ] --START--
INFO: Run Behavior\BuildLiteBehavior [ RunTime:0.000140s ]
INFO: [ app_init ] --END-- [ RunTime:0.003336s ]
INFO: [ app_begin ] --START--
INFO: Run Behavior\ReadHtmlCacheBehavior [ RunTime:0.003472s ]
INFO: [ app_begin ] --END-- [ RunTime:0.004133s ]
SQL: SHOW COLUMNS FROM `tp_message` [ RunTime:0.0380s ]
SQL: SHOW COLUMNS FROM `tp_user` [ RunTime:0.0394s ]
SQL: SHOW COLUMNS FROM `tp_returnmessage` [ RunTime:0.0412s ]
SQL: SELECT `uid` FROM `tp_user` WHERE `username` = '1413335' LIMIT 1   [ RunTime:0.0011s ]
SQL: SELECT * FROM `tp_message` WHERE `username` = '1413335'  [ RunTime:0.0011s ]
INFO: [ view_parse ] --START--
INFO: [ template_filter ] --START--
INFO: Run Behavior\ContentReplaceBehavior [ RunTime:0.000356s ]
INFO: [ template_filter ] --END-- [ RunTime:0.000791s ]
INFO: Run Behavior\ParseTemplateBehavior [ RunTime:0.044650s ]
INFO: [ view_parse ] --END-- [ RunTime:0.045077s ]
INFO: [ view_filter ] --START--
INFO: Run Behavior\WriteHtmlCacheBehavior [ RunTime:0.003384s ]
INFO: [ view_filter ] --END-- [ RunTime:0.003782s ]
INFO: [ app_end ] --START--
INFO: Run Behavior\ShowPageTraceBehavior [ RunTime:0.004167s ]
INFO: [ app_end ] --END-- [ RunTime:0.004711s ]

[ 2016-11-29T21:57:54+08:00 ] ::1 /blog/index.php/Home/Index/contact.html
INFO: [ app_init ] --START--
INFO: Run Behavior\BuildLiteBehavior [ RunTime:0.000097s ]
INFO: [ app_init ] --END-- [ RunTime:0.003982s ]
INFO: [ app_begin ] --START--
INFO: Run Behavior\ReadHtmlCacheBehavior [ RunTime:0.003962s ]
INFO: [ app_begin ] --END-- [ RunTime:0.004502s ]
SQL: SHOW COLUMNS FROM `tp_message` [ RunTime:0.0397s ]
SQL: SHOW COLUMNS FROM `tp_user` [ RunTime:0.0365s ]
SQL: SHOW COLUMNS FROM `tp_returnmessage` [ RunTime:0.0371s ]
SQL: SELECT `uid` FROM `tp_user` WHERE `username` = '1413335' LIMIT 1   [ RunTime:0.0011s ]
SQL: SELECT * FROM `tp_message` WHERE `username` = '1413335'  [ RunTime:0.0011s ]
INFO: [ view_parse ] --START--
INFO: [ template_filter ] --START--
INFO: Run Behavior\ContentReplaceBehavior [ RunTime:0.000407s ]
INFO: [ template_filter ] --END-- [ RunTime:0.000903s ]
NOTIC: [8] Undefined variable: filtype F:\wamp\wamp\www\blog\Application\Runtime\Cache\Home\a873315f4d7930e02d8853d9439fbb36.php 第 118 行.
NOTIC: [8] Array to string conversion F:\wamp\wamp\www\blog\Application\Runtime\Cache\Home\a873315f4d7930e02d8853d9439fbb36.php 第 148 行.
INFO: Run Behavior\ParseTemplateBehavior [ RunTime:0.054217s ]
INFO: [ view_parse ] --END-- [ RunTime:0.054795s ]
INFO: [ view_filter ] --START--
INFO: Run Behavior\WriteHtmlCacheBehavior [ RunTime:0.002855s ]
INFO: [ view_filter ] --END-- [ RunTime:0.003453s ]
INFO: [ app_end ] --START--
INFO: Run Behavior\ShowPageTraceBehavior [ RunTime:0.006016s ]
INFO: [ app_end ] --END-- [ RunTime:0.006458s ]

[ 2016-11-29T21:58:54+08:00 ] ::1 /blog/index.php/Home/Index/contact.html
INFO: [ app_init ] --START--
INFO: Run Behavior\BuildLiteBehavior [ RunTime:0.000099s ]
INFO: [ app_init ] --END-- [ RunTime:0.003705s ]
INFO: [ app_begin ] --START--
INFO: Run Behavior\ReadHtmlCacheBehavior [ RunTime:0.004896s ]
INFO: [ app_begin ] --END-- [ RunTime:0.005568s ]
SQL: SHOW COLUMNS FROM `tp_message` [ RunTime:0.0389s ]
SQL: SHOW COLUMNS FROM `tp_user` [ RunTime:0.0383s ]
SQL: SHOW COLUMNS FROM `tp_returnmessage` [ RunTime:0.0535s ]
SQL: SELECT `uid` FROM `tp_user` WHERE `username` = '1413335' LIMIT 1   [ RunTime:0.0015s ]
SQL: SELECT * FROM `tp_message` WHERE `username` = '1413335'  [ RunTime:0.0013s ]
INFO: [ view_parse ] --START--
INFO: [ template_filter ] --START--
INFO: Run Behavior\ContentReplaceBehavior [ RunTime:0.000600s ]
INFO: [ template_filter ] --END-- [ RunTime:0.001332s ]
NOTIC: [8] Undefined variable: filtype F:\wamp\wamp\www\blog\Application\Runtime\Cache\Home\a873315f4d7930e02d8853d9439fbb36.php 第 118 行.
INFO: Run Behavior\ParseTemplateBehavior [ RunTime:0.069771s ]
INFO: [ view_parse ] --END-- [ RunTime:0.070375s ]
INFO: [ view_filter ] --START--
INFO: Run Behavior\WriteHtmlCacheBehavior [ RunTime:0.006932s ]
INFO: [ view_filter ] --END-- [ RunTime:0.007518s ]
INFO: [ app_end ] --START--
INFO: Run Behavior\ShowPageTraceBehavior [ RunTime:0.008421s ]
INFO: [ app_end ] --END-- [ RunTime:0.009768s ]

[ 2016-11-29T21:59:36+08:00 ] ::1 /blog/index.php/Home/Index/contact.html
INFO: [ app_init ] --START--
INFO: Run Behavior\BuildLiteBehavior [ RunTime:0.000094s ]
INFO: [ app_init ] --END-- [ RunTime:0.003416s ]
INFO: [ app_begin ] --START--
INFO: Run Behavior\ReadHtmlCacheBehavior [ RunTime:0.005123s ]
INFO: [ app_begin ] --END-- [ RunTime:0.005615s ]
SQL: SHOW COLUMNS FROM `tp_message` [ RunTime:0.0425s ]
SQL: SHOW COLUMNS FROM `tp_user` [ RunTime:0.0396s ]
SQL: SHOW COLUMNS FROM `tp_returnmessage` [ RunTime:0.0392s ]
SQL: SELECT `uid` FROM `tp_user` WHERE `username` = '1413335' LIMIT 1   [ RunTime:0.0013s ]
SQL: SELECT * FROM `tp_message` WHERE `username` = '1413335'  [ RunTime:0.0012s ]
INFO: [ view_parse ] --START--
INFO: [ template_filter ] --START--
INFO: Run Behavior\ContentReplaceBehavior [ RunTime:0.000364s ]
INFO: [ template_filter ] --END-- [ RunTime:0.000852s ]
NOTIC: [8] Undefined variable: filtype F:\wamp\wamp\www\blog\Application\Runtime\Cache\Home\a873315f4d7930e02d8853d9439fbb36.php 第 118 行.
INFO: Run Behavior\ParseTemplateBehavior [ RunTime:0.047385s ]
INFO: [ view_parse ] --END-- [ RunTime:0.047823s ]
INFO: [ view_filter ] --START--
INFO: Run Behavior\WriteHtmlCacheBehavior [ RunTime:0.004024s ]
INFO: [ view_filter ] --END-- [ RunTime:0.004420s ]
INFO: [ app_end ] --START--
INFO: Run Behavior\ShowPageTraceBehavior [ RunTime:0.009234s ]
INFO: [ app_end ] --END-- [ RunTime:0.010363s ]

[ 2016-11-29T22:00:18+08:00 ] ::1 /blog/index.php/Home/Index/contact.html
INFO: [ app_init ] --START--
INFO: Run Behavior\BuildLiteBehavior [ RunTime:0.000091s ]
INFO: [ app_init ] --END-- [ RunTime:0.003582s ]
INFO: [ app_begin ] --START--
INFO: Run Behavior\ReadHtmlCacheBehavior [ RunTime:0.003953s ]
INFO: [ app_begin ] --END-- [ RunTime:0.004424s ]
SQL: SHOW COLUMNS FROM `tp_message` [ RunTime:0.0392s ]
SQL: SHOW COLUMNS FROM `tp_user` [ RunTime:0.0429s ]
SQL: SHOW COLUMNS FROM `tp_returnmessage` [ RunTime:0.0367s ]
SQL: SELECT `uid` FROM `tp_user` WHERE `username` = '1413335' LIMIT 1   [ RunTime:0.0011s ]
SQL: SELECT * FROM `tp_message` WHERE ( uid=3 )  [ RunTime:0.0012s ]
INFO: [ view_parse ] --START--
INFO: [ template_filter ] --START--
INFO: Run Behavior\ContentReplaceBehavior [ RunTime:0.000346s ]
INFO: [ template_filter ] --END-- [ RunTime:0.000759s ]
NOTIC: [8] Undefined variable: filtype F:\wamp\wamp\www\blog\Application\Runtime\Cache\Home\a873315f4d7930e02d8853d9439fbb36.php 第 118 行.
NOTIC: [8] Array to string conversion F:\wamp\wamp\www\blog\Application\Runtime\Cache\Home\a873315f4d7930e02d8853d9439fbb36.php 第 148 行.
INFO: Run Behavior\ParseTemplateBehavior [ RunTime:0.047368s ]
INFO: [ view_parse ] --END-- [ RunTime:0.047933s ]
INFO: [ view_filter ] --START--
INFO: Run Behavior\WriteHtmlCacheBehavior [ RunTime:0.003613s ]
INFO: [ view_filter ] --END-- [ RunTime:0.004151s ]
INFO: [ app_end ] --START--
INFO: Run Behavior\ShowPageTraceBehavior [ RunTime:0.005028s ]
INFO: [ app_end ] --END-- [ RunTime:0.005630s ]

[ 2016-11-29T22:00:36+08:00 ] ::1 /blog/index.php/Home/Index/index.html
INFO: [ app_init ] --START--
INFO: Run Behavior\BuildLiteBehavior [ RunTime:0.000122s ]
INFO: [ app_init ] --END-- [ RunTime:0.002503s ]
INFO: [ app_begin ] --START--
INFO: Run Behavior\ReadHtmlCacheBehavior [ RunTime:0.003945s ]
INFO: [ app_begin ] --END-- [ RunTime:0.004436s ]
SQL: SHOW COLUMNS FROM `tp_knowledge` [ RunTime:0.0469s ]
SQL: SELECT * FROM `tp_knowledge` WHERE `typeid` = 1 ORDER BY publishtime desc LIMIT 1   [ RunTime:0.0019s ]
SQL: SELECT * FROM `tp_knowledge` WHERE `typeid` = 3 ORDER BY publishtime desc LIMIT 1   [ RunTime:0.0013s ]
SQL: SHOW COLUMNS FROM `tp_img` [ RunTime:0.0315s ]
SQL: SELECT * FROM `tp_img` ORDER BY publishtime desc LIMIT 3   [ RunTime:0.0013s ]
INFO: [ view_parse ] --START--
INFO: [ template_filter ] --START--
INFO: Run Behavior\ContentReplaceBehavior [ RunTime:0.000832s ]
INFO: [ template_filter ] --END-- [ RunTime:0.001667s ]
INFO: Run Behavior\ParseTemplateBehavior [ RunTime:0.105310s ]
INFO: [ view_parse ] --END-- [ RunTime:0.106000s ]
INFO: [ view_filter ] --START--
INFO: Run Behavior\WriteHtmlCacheBehavior [ RunTime:0.008142s ]
INFO: [ view_filter ] --END-- [ RunTime:0.008810s ]
INFO: [ app_end ] --START--
INFO: Run Behavior\ShowPageTraceBehavior [ RunTime:0.010695s ]
INFO: [ app_end ] --END-- [ RunTime:0.011703s ]

[ 2016-11-29T22:00:38+08:00 ] ::1 /blog/index.php/Home/User/user.html
INFO: [ app_init ] --START--
INFO: Run Behavior\BuildLiteBehavior [ RunTime:0.000105s ]
INFO: [ app_init ] --END-- [ RunTime:0.007206s ]
INFO: [ app_begin ] --START--
INFO: Run Behavior\ReadHtmlCacheBehavior [ RunTime:0.004338s ]
INFO: [ app_begin ] --END-- [ RunTime:0.004979s ]
SQL: SHOW COLUMNS FROM `tp_user` [ RunTime:0.0463s ]
SQL: SELECT * FROM `tp_user` WHERE `username` = '1413335'  [ RunTime:0.0014s ]
INFO: [ view_parse ] --START--
INFO: [ template_filter ] --START--
INFO: Run Behavior\ContentReplaceBehavior [ RunTime:0.000425s ]
INFO: [ template_filter ] --END-- [ RunTime:0.000871s ]
INFO: Run Behavior\ParseTemplateBehavior [ RunTime:0.050569s ]
INFO: [ view_parse ] --END-- [ RunTime:0.051029s ]
INFO: [ view_filter ] --START--
INFO: Run Behavior\WriteHtmlCacheBehavior [ RunTime:0.003743s ]
INFO: [ view_filter ] --END-- [ RunTime:0.004140s ]
INFO: [ app_end ] --START--
INFO: Run Behavior\ShowPageTraceBehavior [ RunTime:0.005465s ]
INFO: [ app_end ] --END-- [ RunTime:0.006045s ]

[ 2016-11-29T22:00:42+08:00 ] ::1 /blog/index.php/Home/Index/index.html
INFO: [ app_init ] --START--
INFO: Run Behavior\BuildLiteBehavior [ RunTime:0.000118s ]
INFO: [ app_init ] --END-- [ RunTime:0.004341s ]
INFO: [ app_begin ] --START--
INFO: Run Behavior\ReadHtmlCacheBehavior [ RunTime:0.006205s ]
INFO: [ app_begin ] --END-- [ RunTime:0.006975s ]
SQL: SHOW COLUMNS FROM `tp_knowledge` [ RunTime:0.0303s ]
SQL: SELECT * FROM `tp_knowledge` WHERE `typeid` = 1 ORDER BY publishtime desc LIMIT 1   [ RunTime:0.0015s ]
SQL: SELECT * FROM `tp_knowledge` WHERE `typeid` = 3 ORDER BY publishtime desc LIMIT 1   [ RunTime:0.0012s ]
SQL: SHOW COLUMNS FROM `tp_img` [ RunTime:0.0310s ]
SQL: SELECT * FROM `tp_img` ORDER BY publishtime desc LIMIT 3   [ RunTime:0.0013s ]
INFO: [ view_parse ] --START--
INFO: [ template_filter ] --START--
INFO: Run Behavior\ContentReplaceBehavior [ RunTime:0.000457s ]
INFO: [ template_filter ] --END-- [ RunTime:0.000981s ]
INFO: Run Behavior\ParseTemplateBehavior [ RunTime:0.076734s ]
INFO: [ view_parse ] --END-- [ RunTime:0.077240s ]
INFO: [ view_filter ] --START--
INFO: Run Behavior\WriteHtmlCacheBehavior [ RunTime:0.005006s ]
INFO: [ view_filter ] --END-- [ RunTime:0.005592s ]
INFO: [ app_end ] --START--
INFO: Run Behavior\ShowPageTraceBehavior [ RunTime:0.008891s ]
INFO: [ app_end ] --END-- [ RunTime:0.010074s ]

[ 2016-11-29T22:00:44+08:00 ] ::1 /blog/index.php/Home/Login/dologout.html
INFO: [ app_init ] --START--
INFO: Run Behavior\BuildLiteBehavior [ RunTime:0.000147s ]
INFO: [ app_init ] --END-- [ RunTime:0.005249s ]
INFO: [ app_begin ] --START--
INFO: Run Behavior\ReadHtmlCacheBehavior [ RunTime:0.006451s ]
INFO: [ app_begin ] --END-- [ RunTime:0.007095s ]

[ 2016-11-29T22:00:44+08:00 ] ::1 /blog/index.php/Home/Index/index.html
INFO: [ app_init ] --START--
INFO: Run Behavior\BuildLiteBehavior [ RunTime:0.000096s ]
INFO: [ app_init ] --END-- [ RunTime:0.004126s ]
INFO: [ app_begin ] --START--
INFO: Run Behavior\ReadHtmlCacheBehavior [ RunTime:0.003944s ]
INFO: [ app_begin ] --END-- [ RunTime:0.004409s ]
SQL: SHOW COLUMNS FROM `tp_knowledge` [ RunTime:0.0359s ]
SQL: SELECT * FROM `tp_knowledge` WHERE `typeid` = 1 ORDER BY publishtime desc LIMIT 1   [ RunTime:0.0015s ]
SQL: SELECT * FROM `tp_knowledge` WHERE `typeid` = 3 ORDER BY publishtime desc LIMIT 1   [ RunTime:0.0013s ]
SQL: SHOW COLUMNS FROM `tp_img` [ RunTime:0.0421s ]
SQL: SELECT * FROM `tp_img` ORDER BY publishtime desc LIMIT 3   [ RunTime:0.0011s ]
INFO: [ view_parse ] --START--
INFO: [ template_filter ] --START--
INFO: Run Behavior\ContentReplaceBehavior [ RunTime:0.000462s ]
INFO: [ template_filter ] --END-- [ RunTime:0.000912s ]
INFO: Run Behavior\ParseTemplateBehavior [ RunTime:0.065270s ]
INFO: [ view_parse ] --END-- [ RunTime:0.065839s ]
INFO: [ view_filter ] --START--
INFO: Run Behavior\WriteHtmlCacheBehavior [ RunTime:0.004129s ]
INFO: [ view_filter ] --END-- [ RunTime:0.004538s ]
INFO: [ app_end ] --START--
INFO: Run Behavior\ShowPageTraceBehavior [ RunTime:0.004652s ]
INFO: [ app_end ] --END-- [ RunTime:0.005293s ]

[ 2016-11-29T22:00:46+08:00 ] ::1 /blog/index.php/Home/login/login.html
INFO: [ app_init ] --START--
INFO: Run Behavior\BuildLiteBehavior [ RunTime:0.000105s ]
INFO: [ app_init ] --END-- [ RunTime:0.004381s ]
INFO: [ app_begin ] --START--
INFO: Run Behavior\ReadHtmlCacheBehavior [ RunTime:0.005430s ]
INFO: [ app_begin ] --END-- [ RunTime:0.006120s ]
INFO: [ view_parse ] --START--
INFO: [ template_filter ] --START--
INFO: Run Behavior\ContentReplaceBehavior [ RunTime:0.000262s ]
INFO: [ template_filter ] --END-- [ RunTime:0.000726s ]
INFO: Run Behavior\ParseTemplateBehavior [ RunTime:0.040461s ]
INFO: [ view_parse ] --END-- [ RunTime:0.040906s ]
INFO: [ view_filter ] --START--
INFO: Run Behavior\WriteHtmlCacheBehavior [ RunTime:0.003408s ]
INFO: [ view_filter ] --END-- [ RunTime:0.003830s ]
INFO: [ app_end ] --START--
INFO: Run Behavior\ShowPageTraceBehavior [ RunTime:0.004456s ]
INFO: [ app_end ] --END-- [ RunTime:0.005145s ]

[ 2016-11-29T22:01:06+08:00 ] ::1 /blog/index.php/Home/Login/dologin.html
INFO: [ app_init ] --START--
INFO: Run Behavior\BuildLiteBehavior [ RunTime:0.000151s ]
INFO: [ app_init ] --END-- [ RunTime:0.004865s ]
INFO: [ app_begin ] --START--
INFO: Run Behavior\ReadHtmlCacheBehavior [ RunTime:0.004526s ]
INFO: [ app_begin ] --END-- [ RunTime:0.005113s ]
SQL: SHOW COLUMNS FROM `tp_user` [ RunTime:0.0400s ]
SQL: SELECT * FROM `tp_user` WHERE `username` = '1413333' AND `userpwd` = '1413333' AND `state` = 1 LIMIT 1   [ RunTime:0.0014s ]

[ 2016-11-29T22:01:11+08:00 ] ::1 /blog/index.php/Home/Login/dologin.html
INFO: [ app_init ] --START--
INFO: Run Behavior\BuildLiteBehavior [ RunTime:0.000093s ]
INFO: [ app_init ] --END-- [ RunTime:0.004467s ]
INFO: [ app_begin ] --START--
INFO: Run Behavior\ReadHtmlCacheBehavior [ RunTime:0.004177s ]
INFO: [ app_begin ] --END-- [ RunTime:0.004727s ]
SQL: SHOW COLUMNS FROM `tp_user` [ RunTime:0.0362s ]
SQL: SELECT * FROM `tp_user` WHERE `username` = '1413333' AND `userpwd` = '123456' AND `state` = 1 LIMIT 1   [ RunTime:0.0014s ]
SQL: UPDATE `tp_user` SET `lasttime`='2016-11-29 22:01:11' WHERE `username` = '1413333' [ RunTime:0.1436s ]

[ 2016-11-29T22:01:11+08:00 ] ::1 /blog/index.php/Home/Index/index.html
INFO: [ app_init ] --START--
INFO: Run Behavior\BuildLiteBehavior [ RunTime:0.000091s ]
INFO: [ app_init ] --END-- [ RunTime:0.003655s ]
INFO: [ app_begin ] --START--
INFO: Run Behavior\ReadHtmlCacheBehavior [ RunTime:0.003561s ]
INFO: [ app_begin ] --END-- [ RunTime:0.004065s ]
SQL: SHOW COLUMNS FROM `tp_knowledge` [ RunTime:0.0358s ]
SQL: SELECT * FROM `tp_knowledge` WHERE `typeid` = 1 ORDER BY publishtime desc LIMIT 1   [ RunTime:0.0015s ]
SQL: SELECT * FROM `tp_knowledge` WHERE `typeid` = 3 ORDER BY publishtime desc LIMIT 1   [ RunTime:0.0011s ]
SQL: SHOW COLUMNS FROM `tp_img` [ RunTime:0.0378s ]
SQL: SELECT * FROM `tp_img` ORDER BY publishtime desc LIMIT 3   [ RunTime:0.0011s ]
INFO: [ view_parse ] --START--
INFO: [ template_filter ] --START--
INFO: Run Behavior\ContentReplaceBehavior [ RunTime:0.000454s ]
INFO: [ template_filter ] --END-- [ RunTime:0.000906s ]
INFO: Run Behavior\ParseTemplateBehavior [ RunTime:0.065953s ]
INFO: [ view_parse ] --END-- [ RunTime:0.066414s ]
INFO: [ view_filter ] --START--
INFO: Run Behavior\WriteHtmlCacheBehavior [ RunTime:0.003820s ]
INFO: [ view_filter ] --END-- [ RunTime:0.004224s ]
INFO: [ app_end ] --START--
INFO: Run Behavior\ShowPageTraceBehavior [ RunTime:0.005173s ]
INFO: [ app_end ] --END-- [ RunTime:0.005835s ]

[ 2016-11-29T22:01:14+08:00 ] ::1 /blog/index.php/Home/Index/contact.html
INFO: [ app_init ] --START--
INFO: Run Behavior\BuildLiteBehavior [ RunTime:0.000098s ]
INFO: [ app_init ] --END-- [ RunTime:0.004549s ]
INFO: [ app_begin ] --START--
INFO: Run Behavior\ReadHtmlCacheBehavior [ RunTime:0.004816s ]
INFO: [ app_begin ] --END-- [ RunTime:0.005583s ]
SQL: SHOW COLUMNS FROM `tp_message` [ RunTime:0.0612s ]
SQL: SHOW COLUMNS FROM `tp_user` [ RunTime:0.0425s ]
SQL: SHOW COLUMNS FROM `tp_returnmessage` [ RunTime:0.0431s ]
SQL: SELECT `uid` FROM `tp_user` WHERE `username` = '1413333' LIMIT 1   [ RunTime:0.0013s ]
SQL: SELECT * FROM `tp_message` WHERE ( uid=5 )  [ RunTime:0.0017s ]
INFO: [ view_parse ] --START--
INFO: [ template_filter ] --START--
INFO: Run Behavior\ContentReplaceBehavior [ RunTime:0.000357s ]
INFO: [ template_filter ] --END-- [ RunTime:0.000813s ]
NOTIC: [8] Undefined variable: filtype F:\wamp\wamp\www\blog\Application\Runtime\Cache\Home\a873315f4d7930e02d8853d9439fbb36.php 第 118 行.
NOTIC: [8] Array to string conversion F:\wamp\wamp\www\blog\Application\Runtime\Cache\Home\a873315f4d7930e02d8853d9439fbb36.php 第 148 行.
INFO: Run Behavior\ParseTemplateBehavior [ RunTime:0.061442s ]
INFO: [ view_parse ] --END-- [ RunTime:0.062017s ]
INFO: [ view_filter ] --START--
INFO: Run Behavior\WriteHtmlCacheBehavior [ RunTime:0.003626s ]
INFO: [ view_filter ] --END-- [ RunTime:0.004029s ]
INFO: [ app_end ] --START--
INFO: Run Behavior\ShowPageTraceBehavior [ RunTime:0.007853s ]
INFO: [ app_end ] --END-- [ RunTime:0.008637s ]

[ 2016-11-29T22:02:23+08:00 ] ::1 /blog/index.php/Home/Index/contact.html
INFO: [ app_init ] --START--
INFO: Run Behavior\BuildLiteBehavior [ RunTime:0.000094s ]
INFO: [ app_init ] --END-- [ RunTime:0.003553s ]
INFO: [ app_begin ] --START--
INFO: Run Behavior\ReadHtmlCacheBehavior [ RunTime:0.005609s ]
INFO: [ app_begin ] --END-- [ RunTime:0.006088s ]
SQL: SHOW COLUMNS FROM `tp_message` [ RunTime:0.0359s ]
SQL: SHOW COLUMNS FROM `tp_user` [ RunTime:0.0374s ]
SQL: SHOW COLUMNS FROM `tp_returnmessage` [ RunTime:0.0423s ]
SQL: SELECT `uid` FROM `tp_user` WHERE `username` = '1413333' LIMIT 1   [ RunTime:0.0012s ]
SQL: SELECT * FROM `tp_message` WHERE ( uid=5 )  [ RunTime:0.0012s ]
INFO: [ view_parse ] --START--
INFO: [ template_filter ] --START--
INFO: Run Behavior\ContentReplaceBehavior [ RunTime:0.000651s ]
INFO: [ template_filter ] --END-- [ RunTime:0.001480s ]
NOTIC: [8] Array to string conversion F:\wamp\wamp\www\blog\Application\Runtime\Cache\Home\a873315f4d7930e02d8853d9439fbb36.php 第 148 行.
INFO: Run Behavior\ParseTemplateBehavior [ RunTime:0.051769s ]
INFO: [ view_parse ] --END-- [ RunTime:0.052189s ]
INFO: [ view_filter ] --START--
INFO: Run Behavior\WriteHtmlCacheBehavior [ RunTime:0.004126s ]
INFO: [ view_filter ] --END-- [ RunTime:0.004523s ]
INFO: [ app_end ] --START--
INFO: Run Behavior\ShowPageTraceBehavior [ RunTime:0.005578s ]
INFO: [ app_end ] --END-- [ RunTime:0.006203s ]

[ 2016-11-29T22:02:59+08:00 ] ::1 /blog/index.php/Home/Index/contact.html
INFO: [ app_init ] --START--
INFO: Run Behavior\BuildLiteBehavior [ RunTime:0.000095s ]
INFO: [ app_init ] --END-- [ RunTime:0.003745s ]
INFO: [ app_begin ] --START--
INFO: Run Behavior\ReadHtmlCacheBehavior [ RunTime:0.004876s ]
INFO: [ app_begin ] --END-- [ RunTime:0.005409s ]
SQL: SHOW COLUMNS FROM `tp_message` [ RunTime:0.0398s ]
SQL: SHOW COLUMNS FROM `tp_user` [ RunTime:0.0388s ]
SQL: SHOW COLUMNS FROM `tp_returnmessage` [ RunTime:0.0314s ]
SQL: SELECT `uid` FROM `tp_user` WHERE `username` = '1413333' LIMIT 1   [ RunTime:0.0010s ]
SQL: SELECT * FROM `tp_message` WHERE ( uid=5 )  [ RunTime:0.0012s ]
INFO: [ view_parse ] --START--
INFO: [ template_filter ] --START--
INFO: Run Behavior\ContentReplaceBehavior [ RunTime:0.000353s ]
INFO: [ template_filter ] --END-- [ RunTime:0.000812s ]
INFO: Run Behavior\ParseTemplateBehavior [ RunTime:0.052107s ]
INFO: [ view_parse ] --END-- [ RunTime:0.052548s ]
INFO: [ view_filter ] --START--
INFO: Run Behavior\WriteHtmlCacheBehavior [ RunTime:0.004586s ]
INFO: [ view_filter ] --END-- [ RunTime:0.004990s ]
INFO: [ app_end ] --START--
INFO: Run Behavior\ShowPageTraceBehavior [ RunTime:0.006403s ]
INFO: [ app_end ] --END-- [ RunTime:0.007011s ]

[ 2016-11-29T22:03:14+08:00 ] ::1 /blog/index.php/Home/Index/contact.html
INFO: [ app_init ] --START--
INFO: Run Behavior\BuildLiteBehavior [ RunTime:0.000097s ]
INFO: [ app_init ] --END-- [ RunTime:0.003854s ]
INFO: [ app_begin ] --START--
INFO: Run Behavior\ReadHtmlCacheBehavior [ RunTime:0.006396s ]
INFO: [ app_begin ] --END-- [ RunTime:0.007265s ]
SQL: SHOW COLUMNS FROM `tp_message` [ RunTime:0.0392s ]
SQL: SHOW COLUMNS FROM `tp_user` [ RunTime:0.0381s ]
SQL: SHOW COLUMNS FROM `tp_returnmessage` [ RunTime:0.0496s ]
SQL: SELECT `uid` FROM `tp_user` WHERE `username` = '1413333' LIMIT 1   [ RunTime:0.0010s ]
SQL: SELECT * FROM `tp_message` WHERE ( uid=5 )  [ RunTime:0.0012s ]
INFO: [ view_parse ] --START--
INFO: [ template_filter ] --START--
INFO: Run Behavior\ContentReplaceBehavior [ RunTime:0.000609s ]
INFO: [ template_filter ] --END-- [ RunTime:0.001339s ]
INFO: Run Behavior\ParseTemplateBehavior [ RunTime:0.068709s ]
INFO: [ view_parse ] --END-- [ RunTime:0.069332s ]
INFO: [ view_filter ] --START--
INFO: Run Behavior\WriteHtmlCacheBehavior [ RunTime:0.004621s ]
INFO: [ view_filter ] --END-- [ RunTime:0.005053s ]
INFO: [ app_end ] --START--
INFO: Run Behavior\ShowPageTraceBehavior [ RunTime:0.010389s ]
INFO: [ app_end ] --END-- [ RunTime:0.010963s ]

[ 2016-11-29T22:03:40+08:00 ] ::1 /blog/index.php/Home/Index/contact.html
INFO: [ app_init ] --START--
INFO: Run Behavior\BuildLiteBehavior [ RunTime:0.000094s ]
INFO: [ app_init ] --END-- [ RunTime:0.002414s ]
INFO: [ app_begin ] --START--
INFO: Run Behavior\ReadHtmlCacheBehavior [ RunTime:0.003512s ]
INFO: [ app_begin ] --END-- [ RunTime:0.003997s ]
SQL: SHOW COLUMNS FROM `tp_message` [ RunTime:0.0369s ]
SQL: SHOW COLUMNS FROM `tp_user` [ RunTime:0.0508s ]
SQL: SHOW COLUMNS FROM `tp_returnmessage` [ RunTime:0.0386s ]
SQL: SELECT `uid` FROM `tp_user` WHERE `username` = '1413333' LIMIT 1   [ RunTime:0.0010s ]
SQL: SELECT * FROM `tp_message` WHERE ( uid=5 )  [ RunTime:0.0012s ]
INFO: [ view_parse ] --START--
INFO: [ template_filter ] --START--
INFO: Run Behavior\ContentReplaceBehavior [ RunTime:0.000340s ]
INFO: [ template_filter ] --END-- [ RunTime:0.000763s ]
INFO: Run Behavior\ParseTemplateBehavior [ RunTime:0.047481s ]
INFO: [ view_parse ] --END-- [ RunTime:0.047959s ]
INFO: [ view_filter ] --START--
INFO: Run Behavior\WriteHtmlCacheBehavior [ RunTime:0.003986s ]
INFO: [ view_filter ] --END-- [ RunTime:0.004419s ]
INFO: [ app_end ] --START--
INFO: Run Behavior\ShowPageTraceBehavior [ RunTime:0.009316s ]
INFO: [ app_end ] --END-- [ RunTime:0.009832s ]

[ 2016-11-29T22:04:31+08:00 ] ::1 /blog/index.php/Home/Index/contact.html
INFO: [ app_init ] --START--
INFO: Run Behavior\BuildLiteBehavior [ RunTime:0.000115s ]
INFO: [ app_init ] --END-- [ RunTime:0.003163s ]
INFO: [ app_begin ] --START--
INFO: Run Behavior\ReadHtmlCacheBehavior [ RunTime:0.004366s ]
INFO: [ app_begin ] --END-- [ RunTime:0.004853s ]
SQL: SHOW COLUMNS FROM `tp_message` [ RunTime:0.0364s ]
SQL: SHOW COLUMNS FROM `tp_user` [ RunTime:0.0370s ]
SQL: SHOW COLUMNS FROM `tp_returnmessage` [ RunTime:0.0343s ]
SQL: SELECT `uid` FROM `tp_user` WHERE `username` = '1413333' LIMIT 1   [ RunTime:0.0010s ]
SQL: SELECT * FROM `tp_message` WHERE ( uid=5 )  [ RunTime:0.0013s ]
INFO: [ view_parse ] --START--
INFO: [ template_filter ] --START--
INFO: Run Behavior\ContentReplaceBehavior [ RunTime:0.000345s ]
INFO: [ template_filter ] --END-- [ RunTime:0.000782s ]
INFO: Run Behavior\ParseTemplateBehavior [ RunTime:0.049180s ]
INFO: [ view_parse ] --END-- [ RunTime:0.049644s ]
INFO: [ view_filter ] --START--
INFO: Run Behavior\WriteHtmlCacheBehavior [ RunTime:0.004396s ]
INFO: [ view_filter ] --END-- [ RunTime:0.004828s ]
INFO: [ app_end ] --START--
INFO: Run Behavior\ShowPageTraceBehavior [ RunTime:0.009015s ]
INFO: [ app_end ] --END-- [ RunTime:0.009599s ]

[ 2016-11-29T22:09:52+08:00 ] ::1 /blog/index.php/Home/Index/contact.html
INFO: [ app_init ] --START--
INFO: Run Behavior\BuildLiteBehavior [ RunTime:0.000092s ]
INFO: [ app_init ] --END-- [ RunTime:0.003252s ]
INFO: [ app_begin ] --START--
INFO: Run Behavior\ReadHtmlCacheBehavior [ RunTime:0.003962s ]
INFO: [ app_begin ] --END-- [ RunTime:0.004431s ]
SQL: SHOW COLUMNS FROM `tp_message` [ RunTime:0.0370s ]
SQL: SHOW COLUMNS FROM `tp_user` [ RunTime:0.0398s ]
SQL: SHOW COLUMNS FROM `tp_returnmessage` [ RunTime:0.0405s ]
SQL: SELECT `uid` FROM `tp_user` WHERE `username` = '1413333' LIMIT 1   [ RunTime:0.0012s ]
SQL: SELECT * FROM `tp_message` WHERE ( uid=5 )  [ RunTime:0.0014s ]
NOTIC: [8] Undefined index: id F:\wamp\wamp\www\blog\Application\Home\Controller\IndexController.class.php 第 36 行.
SQL: SELECT `mcontent` FROM `tp_returnmessage` WHERE `mid` = null AND `uid` = 5 LIMIT 1   [ RunTime:0.0012s ]
SQL: SELECT `publishtime` FROM `tp_returnmessage` WHERE `mid` = null AND `uid` = 5 LIMIT 1   [ RunTime:0.0011s ]
SQL: SELECT `rname` FROM `tp_returnmessage` WHERE `mid` = null AND `uid` = 5 LIMIT 1   [ RunTime:0.0010s ]
INFO: [ view_parse ] --START--
INFO: [ template_filter ] --START--
INFO: Run Behavior\ContentReplaceBehavior [ RunTime:0.000346s ]
INFO: [ template_filter ] --END-- [ RunTime:0.000755s ]
NOTIC: [8] Undefined index: republishtime F:\wamp\wamp\www\blog\Application\Runtime\Cache\Home\a873315f4d7930e02d8853d9439fbb36.php 第 130 行.
NOTIC: [8] Undefined index: rname F:\wamp\wamp\www\blog\Application\Runtime\Cache\Home\a873315f4d7930e02d8853d9439fbb36.php 第 131 行.
NOTIC: [8] Undefined index: mcontent F:\wamp\wamp\www\blog\Application\Runtime\Cache\Home\a873315f4d7930e02d8853d9439fbb36.php 第 132 行.
INFO: Run Behavior\ParseTemplateBehavior [ RunTime:0.049567s ]
INFO: [ view_parse ] --END-- [ RunTime:0.050026s ]
INFO: [ view_filter ] --START--
INFO: Run Behavior\WriteHtmlCacheBehavior [ RunTime:0.004051s ]
INFO: [ view_filter ] --END-- [ RunTime:0.004489s ]
INFO: [ app_end ] --START--
INFO: Run Behavior\ShowPageTraceBehavior [ RunTime:0.004128s ]
INFO: [ app_end ] --END-- [ RunTime:0.004765s ]

[ 2016-11-29T22:11:29+08:00 ] ::1 /blog/index.php/Home/Index/contact.html
INFO: [ app_init ] --START--
INFO: Run Behavior\BuildLiteBehavior [ RunTime:0.000093s ]
INFO: [ app_init ] --END-- [ RunTime:0.003598s ]
INFO: [ app_begin ] --START--
INFO: Run Behavior\ReadHtmlCacheBehavior [ RunTime:0.004040s ]
INFO: [ app_begin ] --END-- [ RunTime:0.004502s ]
SQL: SHOW COLUMNS FROM `tp_message` [ RunTime:0.0413s ]
SQL: SHOW COLUMNS FROM `tp_user` [ RunTime:0.0405s ]
SQL: SHOW COLUMNS FROM `tp_returnmessage` [ RunTime:0.0355s ]
SQL: SELECT `uid` FROM `tp_user` WHERE `username` = '1413333' LIMIT 1   [ RunTime:0.0011s ]
SQL: SELECT * FROM `tp_message` WHERE ( uid=5 )  [ RunTime:0.0012s ]
NOTIC: [8] Undefined index: id F:\wamp\wamp\www\blog\Application\Home\Controller\IndexController.class.php 第 36 行.
SQL: SELECT `mcontent` FROM `tp_returnmessage` WHERE `mid` = null AND `uid` = 5 LIMIT 1   [ RunTime:0.0010s ]
SQL: SELECT `publishtime` FROM `tp_returnmessage` WHERE `mid` = null AND `uid` = 5 LIMIT 1   [ RunTime:0.0010s ]
SQL: SELECT `rname` FROM `tp_returnmessage` WHERE `mid` = null AND `uid` = 5 LIMIT 1   [ RunTime:0.0010s ]
INFO: [ view_parse ] --START--
INFO: [ template_filter ] --START--
INFO: Run Behavior\ContentReplaceBehavior [ RunTime:0.000467s ]
INFO: [ template_filter ] --END-- [ RunTime:0.001044s ]
NOTIC: [8] Undefined index: republishtime F:\wamp\wamp\www\blog\Application\Runtime\Cache\Home\a873315f4d7930e02d8853d9439fbb36.php 第 130 行.
NOTIC: [8] Undefined index: rname F:\wamp\wamp\www\blog\Application\Runtime\Cache\Home\a873315f4d7930e02d8853d9439fbb36.php 第 131 行.
NOTIC: [8] Undefined index: mcontent F:\wamp\wamp\www\blog\Application\Runtime\Cache\Home\a873315f4d7930e02d8853d9439fbb36.php 第 132 行.
NOTIC: [8] Array to string conversion F:\wamp\wamp\www\blog\Application\Runtime\Cache\Home\a873315f4d7930e02d8853d9439fbb36.php 第 145 行.
INFO: Run Behavior\ParseTemplateBehavior [ RunTime:0.049067s ]
INFO: [ view_parse ] --END-- [ RunTime:0.049478s ]
INFO: [ view_filter ] --START--
INFO: Run Behavior\WriteHtmlCacheBehavior [ RunTime:0.003568s ]
INFO: [ view_filter ] --END-- [ RunTime:0.004003s ]
INFO: [ app_end ] --START--
INFO: Run Behavior\ShowPageTraceBehavior [ RunTime:0.006799s ]
INFO: [ app_end ] --END-- [ RunTime:0.008448s ]

[ 2016-11-29T22:12:29+08:00 ] ::1 /blog/index.php/Home/Index/contact.html
INFO: [ app_init ] --START--
INFO: Run Behavior\BuildLiteBehavior [ RunTime:0.000092s ]
INFO: [ app_init ] --END-- [ RunTime:0.002738s ]
INFO: [ app_begin ] --START--
INFO: Run Behavior\ReadHtmlCacheBehavior [ RunTime:0.003605s ]
INFO: [ app_begin ] --END-- [ RunTime:0.004072s ]
SQL: SHOW COLUMNS FROM `tp_message` [ RunTime:0.0335s ]
SQL: SHOW COLUMNS FROM `tp_user` [ RunTime:0.0420s ]
SQL: SHOW COLUMNS FROM `tp_returnmessage` [ RunTime:0.0458s ]
SQL: SELECT `uid` FROM `tp_user` WHERE `username` = '1413333' LIMIT 1   [ RunTime:0.0014s ]
SQL: SELECT * FROM `tp_message` WHERE ( uid=5 )  [ RunTime:0.0016s ]
NOTIC: [8] Undefined index: id F:\wamp\wamp\www\blog\Application\Home\Controller\IndexController.class.php 第 36 行.
SQL: SELECT `mcontent` FROM `tp_returnmessage` WHERE `mid` = null AND `uid` = 5 LIMIT 1   [ RunTime:0.0013s ]
SQL: SELECT `publishtime` FROM `tp_returnmessage` WHERE `mid` = null AND `uid` = 5 LIMIT 1   [ RunTime:0.0015s ]
SQL: SELECT `rname` FROM `tp_returnmessage` WHERE `mid` = null AND `uid` = 5 LIMIT 1   [ RunTime:0.0014s ]
INFO: [ view_parse ] --START--
INFO: [ template_filter ] --START--
INFO: Run Behavior\ContentReplaceBehavior [ RunTime:0.001014s ]
INFO: [ template_filter ] --END-- [ RunTime:0.001823s ]
INFO: Run Behavior\ParseTemplateBehavior [ RunTime:0.086799s ]
INFO: [ view_parse ] --END-- [ RunTime:0.087762s ]
INFO: [ view_filter ] --START--
INFO: Run Behavior\WriteHtmlCacheBehavior [ RunTime:0.007644s ]
INFO: [ view_filter ] --END-- [ RunTime:0.008208s ]
INFO: [ app_end ] --START--
INFO: Run Behavior\ShowPageTraceBehavior [ RunTime:0.006311s ]
INFO: [ app_end ] --END-- [ RunTime:0.007847s ]

[ 2016-11-29T22:13:21+08:00 ] ::1 /blog/index.php/Home/Index/contact.html
INFO: [ app_init ] --START--
INFO: Run Behavior\BuildLiteBehavior [ RunTime:0.000093s ]
INFO: [ app_init ] --END-- [ RunTime:0.003397s ]
INFO: [ app_begin ] --START--
INFO: Run Behavior\ReadHtmlCacheBehavior [ RunTime:0.004031s ]
INFO: [ app_begin ] --END-- [ RunTime:0.004516s ]
SQL: SHOW COLUMNS FROM `tp_message` [ RunTime:0.0318s ]
SQL: SHOW COLUMNS FROM `tp_user` [ RunTime:0.0404s ]
SQL: SHOW COLUMNS FROM `tp_returnmessage` [ RunTime:0.0383s ]
SQL: SELECT `uid` FROM `tp_user` WHERE `username` = '1413333' LIMIT 1   [ RunTime:0.0011s ]
SQL: SELECT * FROM `tp_message` WHERE ( uid=5 )  [ RunTime:0.0012s ]
INFO: [ view_parse ] --START--
INFO: [ template_filter ] --START--
INFO: Run Behavior\ContentReplaceBehavior [ RunTime:0.000351s ]
INFO: [ template_filter ] --END-- [ RunTime:0.000769s ]
INFO: Run Behavior\ParseTemplateBehavior [ RunTime:0.049205s ]
INFO: [ view_parse ] --END-- [ RunTime:0.049837s ]
INFO: [ view_filter ] --START--
INFO: Run Behavior\WriteHtmlCacheBehavior [ RunTime:0.006702s ]
INFO: [ view_filter ] --END-- [ RunTime:0.007477s ]
INFO: [ app_end ] --START--
INFO: Run Behavior\ShowPageTraceBehavior [ RunTime:0.008494s ]
INFO: [ app_end ] --END-- [ RunTime:0.009683s ]

