[ 2016-12-17T17:13:52+08:00 ] ::1 /blog/
INFO: [ app_init ] --START--
INFO: Run Behavior\BuildLiteBehavior [ RunTime:0.000094s ]
INFO: [ app_init ] --END-- [ RunTime:0.021917s ]
INFO: [ app_begin ] --START--
INFO: Run Behavior\ReadHtmlCacheBehavior [ RunTime:0.012424s ]
INFO: [ app_begin ] --END-- [ RunTime:0.012924s ]
SQL: SHOW COLUMNS FROM `tp_knowledge` [ RunTime:0.2108s ]
SQL: SELECT * FROM `tp_knowledge` WHERE `typeid` = 1 ORDER BY publishtime desc LIMIT 1   [ RunTime:0.0017s ]
SQL: SELECT * FROM `tp_knowledge` WHERE `typeid` = 3 ORDER BY publishtime desc LIMIT 1   [ RunTime:0.0011s ]
SQL: SHOW COLUMNS FROM `tp_img` [ RunTime:0.2178s ]
SQL: SELECT * FROM `tp_img` ORDER BY publishtime desc LIMIT 3   [ RunTime:0.0011s ]
INFO: [ view_parse ] --START--
INFO: [ template_filter ] --START--
INFO: Run Behavior\ContentReplaceBehavior [ RunTime:0.000448s ]
INFO: [ template_filter ] --END-- [ RunTime:0.000937s ]
NOTIC: [8] Undefined index: username F:\wamp\wamp\www\blog\Application\Runtime\Cache\Home\2a94b8bda04ff446dcedd42276fc99ee.php 第 113 行.
NOTIC: [8] Undefined index: username F:\wamp\wamp\www\blog\Application\Runtime\Cache\Home\2a94b8bda04ff446dcedd42276fc99ee.php 第 116 行.
INFO: Run Behavior\ParseTemplateBehavior [ RunTime:0.142622s ]
INFO: [ view_parse ] --END-- [ RunTime:0.143078s ]
INFO: [ view_filter ] --START--
INFO: Run Behavior\WriteHtmlCacheBehavior [ RunTime:0.022694s ]
INFO: [ view_filter ] --END-- [ RunTime:0.023092s ]
INFO: [ app_end ] --START--
INFO: Run Behavior\ShowPageTraceBehavior [ RunTime:0.076114s ]
INFO: [ app_end ] --END-- [ RunTime:0.076854s ]

[ 2016-12-17T17:13:58+08:00 ] ::1 /blog/index.php/Home/login/login.html
INFO: [ app_init ] --START--
INFO: Run Behavior\BuildLiteBehavior [ RunTime:0.000092s ]
INFO: [ app_init ] --END-- [ RunTime:0.010663s ]
INFO: [ app_begin ] --START--
INFO: Run Behavior\ReadHtmlCacheBehavior [ RunTime:0.013733s ]
INFO: [ app_begin ] --END-- [ RunTime:0.014375s ]
INFO: [ view_parse ] --START--
INFO: [ template_filter ] --START--
INFO: Run Behavior\ContentReplaceBehavior [ RunTime:0.000315s ]
INFO: [ template_filter ] --END-- [ RunTime:0.000754s ]
INFO: Run Behavior\ParseTemplateBehavior [ RunTime:0.092001s ]
INFO: [ view_parse ] --END-- [ RunTime:0.092623s ]
INFO: [ view_filter ] --START--
INFO: Run Behavior\WriteHtmlCacheBehavior [ RunTime:0.006591s ]
INFO: [ view_filter ] --END-- [ RunTime:0.007457s ]
INFO: [ app_end ] --START--
INFO: Run Behavior\ShowPageTraceBehavior [ RunTime:0.007418s ]
INFO: [ app_end ] --END-- [ RunTime:0.007822s ]

[ 2016-12-17T17:14:39+08:00 ] ::1 /blog/index.php/Home/login/login.html
INFO: [ app_init ] --START--
INFO: Run Behavior\BuildLiteBehavior [ RunTime:0.000092s ]
INFO: [ app_init ] --END-- [ RunTime:0.008593s ]
INFO: [ app_begin ] --START--
INFO: Run Behavior\ReadHtmlCacheBehavior [ RunTime:0.010361s ]
INFO: [ app_begin ] --END-- [ RunTime:0.010850s ]
INFO: [ view_parse ] --START--
INFO: [ template_filter ] --START--
INFO: Run Behavior\ContentReplaceBehavior [ RunTime:0.000280s ]
INFO: [ template_filter ] --END-- [ RunTime:0.000721s ]
INFO: Run Behavior\ParseTemplateBehavior [ RunTime:0.095381s ]
INFO: [ view_parse ] --END-- [ RunTime:0.095975s ]
INFO: [ view_filter ] --START--
INFO: Run Behavior\WriteHtmlCacheBehavior [ RunTime:0.013513s ]
INFO: [ view_filter ] --END-- [ RunTime:0.014269s ]
INFO: [ app_end ] --START--
INFO: Run Behavior\ShowPageTraceBehavior [ RunTime:0.014124s ]
INFO: [ app_end ] --END-- [ RunTime:0.014725s ]

[ 2016-12-17T17:14:56+08:00 ] ::1 /blog/index.php/Home/login/login.html
INFO: [ app_init ] --START--
INFO: Run Behavior\BuildLiteBehavior [ RunTime:0.001613s ]
INFO: [ app_init ] --END-- [ RunTime:0.005357s ]
INFO: [ app_begin ] --START--
INFO: Run Behavior\ReadHtmlCacheBehavior [ RunTime:0.011946s ]
INFO: [ app_begin ] --END-- [ RunTime:0.012459s ]
INFO: [ view_parse ] --START--
INFO: [ template_filter ] --START--
INFO: Run Behavior\ContentReplaceBehavior [ RunTime:0.000275s ]
INFO: [ template_filter ] --END-- [ RunTime:0.000785s ]
INFO: Run Behavior\ParseTemplateBehavior [ RunTime:0.052341s ]
INFO: [ view_parse ] --END-- [ RunTime:0.052714s ]
INFO: [ view_filter ] --START--
INFO: Run Behavior\WriteHtmlCacheBehavior [ RunTime:0.005809s ]
INFO: [ view_filter ] --END-- [ RunTime:0.006147s ]
INFO: [ app_end ] --START--
INFO: Run Behavior\ShowPageTraceBehavior [ RunTime:0.005573s ]
INFO: [ app_end ] --END-- [ RunTime:0.005837s ]

[ 2016-12-17T17:19:47+08:00 ] ::1 /blog/index.php/Home/login/login.html
INFO: [ app_init ] --START--
INFO: Run Behavior\BuildLiteBehavior [ RunTime:0.000096s ]
INFO: [ app_init ] --END-- [ RunTime:0.007575s ]
INFO: [ app_begin ] --START--
INFO: Run Behavior\ReadHtmlCacheBehavior [ RunTime:0.011384s ]
INFO: [ app_begin ] --END-- [ RunTime:0.011897s ]
INFO: [ view_parse ] --START--
INFO: [ template_filter ] --START--
INFO: Run Behavior\ContentReplaceBehavior [ RunTime:0.000275s ]
INFO: [ template_filter ] --END-- [ RunTime:0.000738s ]
INFO: Run Behavior\ParseTemplateBehavior [ RunTime:0.066468s ]
INFO: [ view_parse ] --END-- [ RunTime:0.067026s ]
INFO: [ view_filter ] --START--
INFO: Run Behavior\WriteHtmlCacheBehavior [ RunTime:0.007797s ]
INFO: [ view_filter ] --END-- [ RunTime:0.008238s ]
INFO: [ app_end ] --START--
INFO: Run Behavior\ShowPageTraceBehavior [ RunTime:0.008030s ]
INFO: [ app_end ] --END-- [ RunTime:0.008459s ]

[ 2016-12-17T17:20:04+08:00 ] ::1 /blog/index.php/Home/login/login.html
INFO: [ app_init ] --START--
INFO: Run Behavior\BuildLiteBehavior [ RunTime:0.000097s ]
INFO: [ app_init ] --END-- [ RunTime:0.012226s ]
INFO: [ app_begin ] --START--
INFO: Run Behavior\ReadHtmlCacheBehavior [ RunTime:0.013766s ]
INFO: [ app_begin ] --END-- [ RunTime:0.014634s ]
INFO: [ view_parse ] --START--
INFO: [ template_filter ] --START--
INFO: Run Behavior\ContentReplaceBehavior [ RunTime:0.000274s ]
INFO: [ template_filter ] --END-- [ RunTime:0.000737s ]
INFO: Run Behavior\ParseTemplateBehavior [ RunTime:0.087495s ]
INFO: [ view_parse ] --END-- [ RunTime:0.088250s ]
INFO: [ view_filter ] --START--
INFO: Run Behavior\WriteHtmlCacheBehavior [ RunTime:0.010381s ]
INFO: [ view_filter ] --END-- [ RunTime:0.010913s ]
INFO: [ app_end ] --START--
INFO: Run Behavior\ShowPageTraceBehavior [ RunTime:0.011033s ]
INFO: [ app_end ] --END-- [ RunTime:0.011463s ]

[ 2016-12-17T17:20:20+08:00 ] ::1 /blog/index.php/Home/login/login.html
INFO: [ app_init ] --START--
INFO: Run Behavior\BuildLiteBehavior [ RunTime:0.000143s ]
INFO: [ app_init ] --END-- [ RunTime:0.006400s ]
INFO: [ app_begin ] --START--
INFO: Run Behavior\ReadHtmlCacheBehavior [ RunTime:0.007037s ]
INFO: [ app_begin ] --END-- [ RunTime:0.007774s ]
INFO: [ view_parse ] --START--
INFO: [ template_filter ] --START--
INFO: Run Behavior\ContentReplaceBehavior [ RunTime:0.000468s ]
INFO: [ template_filter ] --END-- [ RunTime:0.005330s ]
INFO: Run Behavior\ParseTemplateBehavior [ RunTime:0.085703s ]
INFO: [ view_parse ] --END-- [ RunTime:0.086268s ]
INFO: [ view_filter ] --START--
INFO: Run Behavior\WriteHtmlCacheBehavior [ RunTime:0.013185s ]
INFO: [ view_filter ] --END-- [ RunTime:0.013611s ]
INFO: [ app_end ] --START--
INFO: Run Behavior\ShowPageTraceBehavior [ RunTime:0.010357s ]
INFO: [ app_end ] --END-- [ RunTime:0.011014s ]

[ 2016-12-17T17:20:33+08:00 ] ::1 /blog/index.php/Home/login/login.html
INFO: [ app_init ] --START--
INFO: Run Behavior\BuildLiteBehavior [ RunTime:0.000094s ]
INFO: [ app_init ] --END-- [ RunTime:0.010088s ]
INFO: [ app_begin ] --START--
INFO: Run Behavior\ReadHtmlCacheBehavior [ RunTime:0.009521s ]
INFO: [ app_begin ] --END-- [ RunTime:0.010062s ]
INFO: [ view_parse ] --START--
INFO: [ template_filter ] --START--
INFO: Run Behavior\ContentReplaceBehavior [ RunTime:0.000263s ]
INFO: [ template_filter ] --END-- [ RunTime:0.000738s ]
INFO: Run Behavior\ParseTemplateBehavior [ RunTime:0.069366s ]
INFO: [ view_parse ] --END-- [ RunTime:0.069801s ]
INFO: [ view_filter ] --START--
INFO: Run Behavior\WriteHtmlCacheBehavior [ RunTime:0.008648s ]
INFO: [ view_filter ] --END-- [ RunTime:0.009050s ]
INFO: [ app_end ] --START--
INFO: Run Behavior\ShowPageTraceBehavior [ RunTime:0.008965s ]
INFO: [ app_end ] --END-- [ RunTime:0.009456s ]

[ 2016-12-17T17:22:01+08:00 ] ::1 /blog/index.php/Home/login/login.html
INFO: [ app_init ] --START--
INFO: Run Behavior\BuildLiteBehavior [ RunTime:0.000093s ]
INFO: [ app_init ] --END-- [ RunTime:0.007558s ]
INFO: [ app_begin ] --START--
INFO: Run Behavior\ReadHtmlCacheBehavior [ RunTime:0.009040s ]
INFO: [ app_begin ] --END-- [ RunTime:0.009538s ]
INFO: [ view_parse ] --START--
INFO: [ template_filter ] --START--
INFO: Run Behavior\ContentReplaceBehavior [ RunTime:0.000275s ]
INFO: [ template_filter ] --END-- [ RunTime:0.000758s ]
INFO: Run Behavior\ParseTemplateBehavior [ RunTime:0.066324s ]
INFO: [ view_parse ] --END-- [ RunTime:0.066780s ]
INFO: [ view_filter ] --START--
INFO: Run Behavior\WriteHtmlCacheBehavior [ RunTime:0.013139s ]
INFO: [ view_filter ] --END-- [ RunTime:0.013579s ]
INFO: [ app_end ] --START--
INFO: Run Behavior\ShowPageTraceBehavior [ RunTime:0.013587s ]
INFO: [ app_end ] --END-- [ RunTime:0.014006s ]

[ 2016-12-17T17:22:28+08:00 ] ::1 /blog/index.php/Home/login/login.html
INFO: [ app_init ] --START--
INFO: Run Behavior\BuildLiteBehavior [ RunTime:0.000392s ]
INFO: [ app_init ] --END-- [ RunTime:0.012369s ]
INFO: [ app_begin ] --START--
INFO: Run Behavior\ReadHtmlCacheBehavior [ RunTime:0.014726s ]
INFO: [ app_begin ] --END-- [ RunTime:0.015226s ]
INFO: [ view_parse ] --START--
INFO: [ template_filter ] --START--
INFO: Run Behavior\ContentReplaceBehavior [ RunTime:0.000499s ]
INFO: [ template_filter ] --END-- [ RunTime:0.001214s ]
INFO: Run Behavior\ParseTemplateBehavior [ RunTime:0.084620s ]
INFO: [ view_parse ] --END-- [ RunTime:0.085064s ]
INFO: [ view_filter ] --START--
INFO: Run Behavior\WriteHtmlCacheBehavior [ RunTime:0.010338s ]
INFO: [ view_filter ] --END-- [ RunTime:0.010767s ]
INFO: [ app_end ] --START--
INFO: Run Behavior\ShowPageTraceBehavior [ RunTime:0.011049s ]
INFO: [ app_end ] --END-- [ RunTime:0.011511s ]

[ 2016-12-17T17:22:53+08:00 ] ::1 /blog/index.php/Home/login/login.html
INFO: [ app_init ] --START--
INFO: Run Behavior\BuildLiteBehavior [ RunTime:0.000097s ]
INFO: [ app_init ] --END-- [ RunTime:0.012174s ]
INFO: [ app_begin ] --START--
INFO: Run Behavior\ReadHtmlCacheBehavior [ RunTime:0.012658s ]
INFO: [ app_begin ] --END-- [ RunTime:0.013140s ]
INFO: [ view_parse ] --START--
INFO: [ template_filter ] --START--
INFO: Run Behavior\ContentReplaceBehavior [ RunTime:0.000253s ]
INFO: [ template_filter ] --END-- [ RunTime:0.000668s ]
INFO: Run Behavior\ParseTemplateBehavior [ RunTime:0.061475s ]
INFO: [ view_parse ] --END-- [ RunTime:0.061992s ]
INFO: [ view_filter ] --START--
INFO: Run Behavior\WriteHtmlCacheBehavior [ RunTime:0.009995s ]
INFO: [ view_filter ] --END-- [ RunTime:0.010451s ]
INFO: [ app_end ] --START--
INFO: Run Behavior\ShowPageTraceBehavior [ RunTime:0.009146s ]
INFO: [ app_end ] --END-- [ RunTime:0.009590s ]

[ 2016-12-17T17:23:11+08:00 ] ::1 /blog/index.php/Home/Login/register.html
INFO: [ app_init ] --START--
INFO: Run Behavior\BuildLiteBehavior [ RunTime:0.000099s ]
INFO: [ app_init ] --END-- [ RunTime:0.012346s ]
INFO: [ app_begin ] --START--
INFO: Run Behavior\ReadHtmlCacheBehavior [ RunTime:0.012963s ]
INFO: [ app_begin ] --END-- [ RunTime:0.013462s ]
INFO: [ view_parse ] --START--
INFO: [ template_filter ] --START--
INFO: Run Behavior\ContentReplaceBehavior [ RunTime:0.000355s ]
INFO: [ template_filter ] --END-- [ RunTime:0.000859s ]
INFO: Run Behavior\ParseTemplateBehavior [ RunTime:0.110926s ]
INFO: [ view_parse ] --END-- [ RunTime:0.111443s ]
INFO: [ view_filter ] --START--
INFO: Run Behavior\WriteHtmlCacheBehavior [ RunTime:0.011346s ]
INFO: [ view_filter ] --END-- [ RunTime:0.011782s ]
INFO: [ app_end ] --START--
INFO: Run Behavior\ShowPageTraceBehavior [ RunTime:0.009876s ]
INFO: [ app_end ] --END-- [ RunTime:0.010371s ]

[ 2016-12-17T17:23:41+08:00 ] ::1 /blog/index.php/Home/Login/register.html
INFO: [ app_init ] --START--
INFO: Run Behavior\BuildLiteBehavior [ RunTime:0.000099s ]
INFO: [ app_init ] --END-- [ RunTime:0.013525s ]
INFO: [ app_begin ] --START--
INFO: Run Behavior\ReadHtmlCacheBehavior [ RunTime:0.009602s ]
INFO: [ app_begin ] --END-- [ RunTime:0.010435s ]
INFO: [ view_parse ] --START--
INFO: [ template_filter ] --START--
INFO: Run Behavior\ContentReplaceBehavior [ RunTime:0.000286s ]
INFO: [ template_filter ] --END-- [ RunTime:0.000712s ]
INFO: Run Behavior\ParseTemplateBehavior [ RunTime:0.070590s ]
INFO: [ view_parse ] --END-- [ RunTime:0.071226s ]
INFO: [ view_filter ] --START--
INFO: Run Behavior\WriteHtmlCacheBehavior [ RunTime:0.008349s ]
INFO: [ view_filter ] --END-- [ RunTime:0.009050s ]
INFO: [ app_end ] --START--
INFO: Run Behavior\ShowPageTraceBehavior [ RunTime:0.004697s ]
INFO: [ app_end ] --END-- [ RunTime:0.005113s ]

[ 2016-12-17T17:24:32+08:00 ] ::1 /blog/index.php/Home/Login/register.html
INFO: [ app_init ] --START--
INFO: Run Behavior\BuildLiteBehavior [ RunTime:0.000094s ]
INFO: [ app_init ] --END-- [ RunTime:0.012064s ]
INFO: [ app_begin ] --START--
INFO: Run Behavior\ReadHtmlCacheBehavior [ RunTime:0.011291s ]
INFO: [ app_begin ] --END-- [ RunTime:0.011772s ]
INFO: [ view_parse ] --START--
INFO: [ template_filter ] --START--
INFO: Run Behavior\ContentReplaceBehavior [ RunTime:0.000279s ]
INFO: [ template_filter ] --END-- [ RunTime:0.000702s ]
INFO: Run Behavior\ParseTemplateBehavior [ RunTime:0.064815s ]
INFO: [ view_parse ] --END-- [ RunTime:0.065272s ]
INFO: [ view_filter ] --START--
INFO: Run Behavior\WriteHtmlCacheBehavior [ RunTime:0.006956s ]
INFO: [ view_filter ] --END-- [ RunTime:0.007466s ]
INFO: [ app_end ] --START--
INFO: Run Behavior\ShowPageTraceBehavior [ RunTime:0.008170s ]
INFO: [ app_end ] --END-- [ RunTime:0.008698s ]

[ 2016-12-17T17:26:14+08:00 ] ::1 /blog/index.php/Home/Login/dologin.html
INFO: [ app_init ] --START--
INFO: Run Behavior\BuildLiteBehavior [ RunTime:0.000103s ]
INFO: [ app_init ] --END-- [ RunTime:0.012220s ]
INFO: [ app_begin ] --START--
INFO: Run Behavior\ReadHtmlCacheBehavior [ RunTime:0.007837s ]
INFO: [ app_begin ] --END-- [ RunTime:0.008431s ]
SQL: SHOW COLUMNS FROM `tp_user` [ RunTime:0.1994s ]
SQL: SELECT * FROM `tp_user` WHERE `username` = '1413332' AND `userpwd` = '123456' AND `state` = 1 LIMIT 1   [ RunTime:0.0017s ]
SQL: UPDATE `tp_user` SET `lasttime`='2016-12-17 17:26:14' WHERE `username` = '1413332' [ RunTime:0.0442s ]

[ 2016-12-17T17:26:15+08:00 ] ::1 /blog/index.php/Home/Index/index.html
INFO: [ app_init ] --START--
INFO: Run Behavior\BuildLiteBehavior [ RunTime:0.000094s ]
INFO: [ app_init ] --END-- [ RunTime:0.010152s ]
INFO: [ app_begin ] --START--
INFO: Run Behavior\ReadHtmlCacheBehavior [ RunTime:0.010970s ]
INFO: [ app_begin ] --END-- [ RunTime:0.011438s ]
SQL: SHOW COLUMNS FROM `tp_knowledge` [ RunTime:0.1857s ]
SQL: SELECT * FROM `tp_knowledge` WHERE `typeid` = 1 ORDER BY publishtime desc LIMIT 1   [ RunTime:0.0016s ]
SQL: SELECT * FROM `tp_knowledge` WHERE `typeid` = 3 ORDER BY publishtime desc LIMIT 1   [ RunTime:0.0012s ]
SQL: SHOW COLUMNS FROM `tp_img` [ RunTime:0.2021s ]
SQL: SELECT * FROM `tp_img` ORDER BY publishtime desc LIMIT 3   [ RunTime:0.0012s ]
INFO: [ view_parse ] --START--
INFO: [ template_filter ] --START--
INFO: Run Behavior\ContentReplaceBehavior [ RunTime:0.000450s ]
INFO: [ template_filter ] --END-- [ RunTime:0.001000s ]
INFO: Run Behavior\ParseTemplateBehavior [ RunTime:0.106908s ]
INFO: [ view_parse ] --END-- [ RunTime:0.107375s ]
INFO: [ view_filter ] --START--
INFO: Run Behavior\WriteHtmlCacheBehavior [ RunTime:0.008057s ]
INFO: [ view_filter ] --END-- [ RunTime:0.008456s ]
INFO: [ app_end ] --START--
INFO: Run Behavior\ShowPageTraceBehavior [ RunTime:0.011089s ]
INFO: [ app_end ] --END-- [ RunTime:0.011697s ]

[ 2016-12-17T17:26:22+08:00 ] ::1 /blog/index.php/Home/Blog/index.html
INFO: [ app_init ] --START--
INFO: Run Behavior\BuildLiteBehavior [ RunTime:0.000093s ]
INFO: [ app_init ] --END-- [ RunTime:0.008562s ]
INFO: [ app_begin ] --START--
INFO: Run Behavior\ReadHtmlCacheBehavior [ RunTime:0.017711s ]
INFO: [ app_begin ] --END-- [ RunTime:0.018370s ]
NOTIC: [8] Undefined index: id F:\wamp\wamp\www\blog\Application\Home\Controller\BlogController.class.php 第 8 行.
SQL: SHOW COLUMNS FROM `tp_filetype` [ RunTime:0.2171s ]
SQL: SELECT * FROM `tp_filetype`  [ RunTime:0.0011s ]
SQL: SHOW COLUMNS FROM `tp_knowledge` [ RunTime:0.1792s ]
NOTIC: [8] Undefined index: id F:\wamp\wamp\www\blog\Application\Home\Controller\BlogController.class.php 第 16 行.
SQL: SELECT COUNT(*) AS tp_count FROM `tp_knowledge` LIMIT 1   [ RunTime:0.0010s ]
SQL: SELECT * FROM `tp_knowledge` LIMIT 0,6   [ RunTime:0.0018s ]
INFO: [ view_parse ] --START--
INFO: [ template_filter ] --START--
INFO: Run Behavior\ContentReplaceBehavior [ RunTime:0.000428s ]
INFO: [ template_filter ] --END-- [ RunTime:0.000877s ]
INFO: Run Behavior\ParseTemplateBehavior [ RunTime:0.090762s ]
INFO: [ view_parse ] --END-- [ RunTime:0.091194s ]
INFO: [ view_filter ] --START--
INFO: Run Behavior\WriteHtmlCacheBehavior [ RunTime:0.011348s ]
INFO: [ view_filter ] --END-- [ RunTime:0.011908s ]
INFO: [ app_end ] --START--
INFO: Run Behavior\ShowPageTraceBehavior [ RunTime:0.022943s ]
INFO: [ app_end ] --END-- [ RunTime:0.023527s ]

[ 2016-12-17T17:27:31+08:00 ] ::1 /blog/index.php/Home/Blog/files.html?id=1
INFO: [ app_init ] --START--
INFO: Run Behavior\BuildLiteBehavior [ RunTime:0.000141s ]
INFO: [ app_init ] --END-- [ RunTime:0.012192s ]
INFO: [ app_begin ] --START--
INFO: Run Behavior\ReadHtmlCacheBehavior [ RunTime:0.011025s ]
INFO: [ app_begin ] --END-- [ RunTime:0.011591s ]
SQL: SHOW COLUMNS FROM `tp_knowledge` [ RunTime:0.2020s ]
SQL: SELECT * FROM `tp_knowledge` WHERE ( id=1 )  [ RunTime:0.0017s ]
SQL: SHOW COLUMNS FROM `tp_knowledgecount` [ RunTime:0.2819s ]
SQL: SELECT `read` FROM `tp_knowledgecount` WHERE ( fid=1 ) LIMIT 1   [ RunTime:0.0009s ]
SQL: UPDATE `tp_knowledgecount` SET `read`='32' WHERE ( fid=1 ) [ RunTime:0.0417s ]
SQL: SHOW COLUMNS FROM `tp_pinglun` [ RunTime:0.2325s ]
SQL: SELECT COUNT(*) AS tp_count FROM `tp_pinglun` `pinglun`,`tp_user` `user` WHERE ( pinglun.uid=user.uid and pinglun.filed=1 ) LIMIT 1   [ RunTime:0.0013s ]
SQL: SHOW COLUMNS FROM `tp_pinglun` [ RunTime:0.1898s ]
SQL: SELECT pinglun.*,user.user_img FROM `tp_pinglun` `pinglun`,`tp_user` `user` WHERE ( pinglun.uid=user.uid and pinglun.filed=1 ) LIMIT 0,2   [ RunTime:0.0016s ]
SQL: SELECT `comment` FROM `tp_knowledgecount` WHERE `read` = 32 AND `fid` = 1 LIMIT 1   [ RunTime:0.0009s ]
INFO: [ view_parse ] --START--
INFO: [ template_filter ] --START--
INFO: Run Behavior\ContentReplaceBehavior [ RunTime:0.000523s ]
INFO: [ template_filter ] --END-- [ RunTime:0.000989s ]
INFO: Run Behavior\ParseTemplateBehavior [ RunTime:0.137357s ]
INFO: [ view_parse ] --END-- [ RunTime:0.137843s ]
INFO: [ view_filter ] --START--
INFO: Run Behavior\WriteHtmlCacheBehavior [ RunTime:0.016136s ]
INFO: [ view_filter ] --END-- [ RunTime:0.016590s ]
INFO: [ app_end ] --START--
INFO: Run Behavior\ShowPageTraceBehavior [ RunTime:0.018045s ]
INFO: [ app_end ] --END-- [ RunTime:0.018847s ]

[ 2016-12-17T17:27:35+08:00 ] ::1 /blog/index.php/Home/Blog/zan.html
INFO: [ app_init ] --START--
INFO: Run Behavior\BuildLiteBehavior [ RunTime:0.000148s ]
INFO: [ app_init ] --END-- [ RunTime:0.015065s ]
INFO: [ app_begin ] --START--
INFO: Run Behavior\ReadHtmlCacheBehavior [ RunTime:0.014790s ]
INFO: [ app_begin ] --END-- [ RunTime:0.015368s ]
SQL: SHOW COLUMNS FROM `tp_knowledgecount` [ RunTime:0.0866s ]
SQL: SELECT `thumb` FROM `tp_knowledgecount` WHERE ( fid=1 ) LIMIT 1   [ RunTime:0.0011s ]
SQL: UPDATE `tp_knowledgecount` SET `thumb`='6' WHERE ( fid=1 ) [ RunTime:0.0622s ]

[ 2016-12-17T17:28:32+08:00 ] ::1 /blog/index.php/Home/Blog/files.html?id=1
INFO: [ app_init ] --START--
INFO: Run Behavior\BuildLiteBehavior [ RunTime:0.000096s ]
INFO: [ app_init ] --END-- [ RunTime:0.010200s ]
INFO: [ app_begin ] --START--
INFO: Run Behavior\ReadHtmlCacheBehavior [ RunTime:0.013911s ]
INFO: [ app_begin ] --END-- [ RunTime:0.014467s ]
SQL: SHOW COLUMNS FROM `tp_knowledge` [ RunTime:0.1092s ]
SQL: SELECT * FROM `tp_knowledge` WHERE ( id=1 )  [ RunTime:0.0018s ]
SQL: SHOW COLUMNS FROM `tp_knowledgecount` [ RunTime:0.1244s ]
SQL: SELECT `read` FROM `tp_knowledgecount` WHERE ( fid=1 ) LIMIT 1   [ RunTime:0.0013s ]
SQL: UPDATE `tp_knowledgecount` SET `read`='33' WHERE ( fid=1 ) [ RunTime:0.0544s ]
SQL: SHOW COLUMNS FROM `tp_pinglun` [ RunTime:0.2115s ]
SQL: SELECT COUNT(*) AS tp_count FROM `tp_pinglun` `pinglun`,`tp_user` `user` WHERE ( pinglun.uid=user.uid and pinglun.filed=1 ) LIMIT 1   [ RunTime:0.0013s ]
SQL: SHOW COLUMNS FROM `tp_pinglun` [ RunTime:0.1345s ]
SQL: SELECT pinglun.*,user.user_img FROM `tp_pinglun` `pinglun`,`tp_user` `user` WHERE ( pinglun.uid=user.uid and pinglun.filed=1 ) LIMIT 0,2   [ RunTime:0.0014s ]
SQL: SELECT `comment` FROM `tp_knowledgecount` WHERE `read` = 33 AND `fid` = 1 LIMIT 1   [ RunTime:0.0011s ]
INFO: [ view_parse ] --START--
INFO: [ template_filter ] --START--
INFO: Run Behavior\ContentReplaceBehavior [ RunTime:0.000408s ]
INFO: [ template_filter ] --END-- [ RunTime:0.000827s ]
INFO: Run Behavior\ParseTemplateBehavior [ RunTime:0.110398s ]
INFO: [ view_parse ] --END-- [ RunTime:0.110861s ]
INFO: [ view_filter ] --START--
INFO: Run Behavior\WriteHtmlCacheBehavior [ RunTime:0.013950s ]
INFO: [ view_filter ] --END-- [ RunTime:0.014684s ]
INFO: [ app_end ] --START--
INFO: Run Behavior\ShowPageTraceBehavior [ RunTime:0.017429s ]
INFO: [ app_end ] --END-- [ RunTime:0.018041s ]

[ 2016-12-17T17:28:47+08:00 ] ::1 /blog/index.php/Home/Blog/files.html?id=1
INFO: [ app_init ] --START--
INFO: Run Behavior\BuildLiteBehavior [ RunTime:0.000099s ]
INFO: [ app_init ] --END-- [ RunTime:0.012211s ]
INFO: [ app_begin ] --START--
INFO: Run Behavior\ReadHtmlCacheBehavior [ RunTime:0.014838s ]
INFO: [ app_begin ] --END-- [ RunTime:0.015447s ]
SQL: SHOW COLUMNS FROM `tp_knowledge` [ RunTime:0.1693s ]
SQL: SELECT * FROM `tp_knowledge` WHERE ( id=1 )  [ RunTime:0.0015s ]
SQL: SHOW COLUMNS FROM `tp_knowledgecount` [ RunTime:0.1621s ]
SQL: SELECT `read` FROM `tp_knowledgecount` WHERE ( fid=1 ) LIMIT 1   [ RunTime:0.0010s ]
SQL: UPDATE `tp_knowledgecount` SET `read`='34' WHERE ( fid=1 ) [ RunTime:0.0906s ]
SQL: SHOW COLUMNS FROM `tp_pinglun` [ RunTime:0.1802s ]
SQL: SELECT COUNT(*) AS tp_count FROM `tp_pinglun` `pinglun`,`tp_user` `user` WHERE ( pinglun.uid=user.uid and pinglun.filed=1 ) LIMIT 1   [ RunTime:0.0012s ]
SQL: SHOW COLUMNS FROM `tp_pinglun` [ RunTime:0.1852s ]
SQL: SELECT pinglun.*,user.user_img FROM `tp_pinglun` `pinglun`,`tp_user` `user` WHERE ( pinglun.uid=user.uid and pinglun.filed=1 ) LIMIT 0,2   [ RunTime:0.0013s ]
SQL: SELECT `comment` FROM `tp_knowledgecount` WHERE `read` = 34 AND `fid` = 1 LIMIT 1   [ RunTime:0.0010s ]
INFO: [ view_parse ] --START--
INFO: [ template_filter ] --START--
INFO: Run Behavior\ContentReplaceBehavior [ RunTime:0.000393s ]
INFO: [ template_filter ] --END-- [ RunTime:0.000816s ]
INFO: Run Behavior\ParseTemplateBehavior [ RunTime:0.117339s ]
INFO: [ view_parse ] --END-- [ RunTime:0.117956s ]
INFO: [ view_filter ] --START--
INFO: Run Behavior\WriteHtmlCacheBehavior [ RunTime:0.012445s ]
INFO: [ view_filter ] --END-- [ RunTime:0.013127s ]
INFO: [ app_end ] --START--
INFO: Run Behavior\ShowPageTraceBehavior [ RunTime:0.012876s ]
INFO: [ app_end ] --END-- [ RunTime:0.013724s ]

[ 2016-12-17T17:30:35+08:00 ] ::1 /blog/index.php/Home/Blog/files.html?id=1
INFO: [ app_init ] --START--
INFO: Run Behavior\BuildLiteBehavior [ RunTime:0.000093s ]
INFO: [ app_init ] --END-- [ RunTime:0.012071s ]
INFO: [ app_begin ] --START--
INFO: Run Behavior\ReadHtmlCacheBehavior [ RunTime:0.013844s ]
INFO: [ app_begin ] --END-- [ RunTime:0.014481s ]
SQL: SHOW COLUMNS FROM `tp_knowledge` [ RunTime:0.1466s ]
SQL: SELECT * FROM `tp_knowledge` WHERE ( id=1 )  [ RunTime:0.0019s ]
SQL: SHOW COLUMNS FROM `tp_knowledgecount` [ RunTime:0.0924s ]
SQL: SELECT `read` FROM `tp_knowledgecount` WHERE ( fid=1 ) LIMIT 1   [ RunTime:0.0010s ]
SQL: UPDATE `tp_knowledgecount` SET `read`='35' WHERE ( fid=1 ) [ RunTime:0.0624s ]
SQL: SHOW COLUMNS FROM `tp_pinglun` [ RunTime:0.0676s ]
SQL: SELECT COUNT(*) AS tp_count FROM `tp_pinglun` `pinglun`,`tp_user` `user` WHERE ( pinglun.uid=user.uid and pinglun.filed=1 ) LIMIT 1   [ RunTime:0.0017s ]
SQL: SHOW COLUMNS FROM `tp_pinglun` [ RunTime:0.1800s ]
SQL: SELECT pinglun.*,user.user_img FROM `tp_pinglun` `pinglun`,`tp_user` `user` WHERE ( pinglun.uid=user.uid and pinglun.filed=1 ) LIMIT 0,2   [ RunTime:0.0016s ]
SQL: SELECT `comment` FROM `tp_knowledgecount` WHERE `read` = 35 AND `fid` = 1 LIMIT 1   [ RunTime:0.0011s ]
INFO: [ view_parse ] --START--
INFO: [ template_filter ] --START--
INFO: Run Behavior\ContentReplaceBehavior [ RunTime:0.000484s ]
INFO: [ template_filter ] --END-- [ RunTime:0.000991s ]
INFO: Run Behavior\ParseTemplateBehavior [ RunTime:0.111074s ]
INFO: [ view_parse ] --END-- [ RunTime:0.111542s ]
INFO: [ view_filter ] --START--
INFO: Run Behavior\WriteHtmlCacheBehavior [ RunTime:0.011920s ]
INFO: [ view_filter ] --END-- [ RunTime:0.012788s ]
INFO: [ app_end ] --START--
INFO: Run Behavior\ShowPageTraceBehavior [ RunTime:0.019428s ]
INFO: [ app_end ] --END-- [ RunTime:0.020680s ]

[ 2016-12-17T17:30:55+08:00 ] ::1 /blog/index.php/Home/Blog/files/id/1/p/2.html
INFO: [ app_init ] --START--
INFO: Run Behavior\BuildLiteBehavior [ RunTime:0.000157s ]
INFO: [ app_init ] --END-- [ RunTime:0.013978s ]
INFO: [ app_begin ] --START--
INFO: Run Behavior\ReadHtmlCacheBehavior [ RunTime:0.012836s ]
INFO: [ app_begin ] --END-- [ RunTime:0.013326s ]
SQL: SHOW COLUMNS FROM `tp_knowledge` [ RunTime:0.1906s ]
SQL: SELECT * FROM `tp_knowledge` WHERE ( id=1 )  [ RunTime:0.0017s ]
SQL: SHOW COLUMNS FROM `tp_knowledgecount` [ RunTime:0.1780s ]
SQL: SELECT `read` FROM `tp_knowledgecount` WHERE ( fid=1 ) LIMIT 1   [ RunTime:0.0010s ]
SQL: UPDATE `tp_knowledgecount` SET `read`='36' WHERE ( fid=1 ) [ RunTime:0.0813s ]
SQL: SHOW COLUMNS FROM `tp_pinglun` [ RunTime:0.0912s ]
SQL: SELECT COUNT(*) AS tp_count FROM `tp_pinglun` `pinglun`,`tp_user` `user` WHERE ( pinglun.uid=user.uid and pinglun.filed=1 ) LIMIT 1   [ RunTime:0.0011s ]
SQL: SHOW COLUMNS FROM `tp_pinglun` [ RunTime:0.1204s ]
SQL: SELECT pinglun.*,user.user_img FROM `tp_pinglun` `pinglun`,`tp_user` `user` WHERE ( pinglun.uid=user.uid and pinglun.filed=1 ) LIMIT 2,2   [ RunTime:0.0013s ]
SQL: SELECT `comment` FROM `tp_knowledgecount` WHERE `read` = 36 AND `fid` = 1 LIMIT 1   [ RunTime:0.0010s ]
INFO: [ view_parse ] --START--
INFO: [ template_filter ] --START--
INFO: Run Behavior\ContentReplaceBehavior [ RunTime:0.000389s ]
INFO: [ template_filter ] --END-- [ RunTime:0.000843s ]
INFO: Run Behavior\ParseTemplateBehavior [ RunTime:0.116846s ]
INFO: [ view_parse ] --END-- [ RunTime:0.117376s ]
INFO: [ view_filter ] --START--
INFO: Run Behavior\WriteHtmlCacheBehavior [ RunTime:0.010976s ]
INFO: [ view_filter ] --END-- [ RunTime:0.011377s ]
INFO: [ app_end ] --START--
INFO: Run Behavior\ShowPageTraceBehavior [ RunTime:0.019737s ]
INFO: [ app_end ] --END-- [ RunTime:0.020195s ]

[ 2016-12-17T17:31:05+08:00 ] ::1 /blog/index.php/Home/Blog/index.html
INFO: [ app_init ] --START--
INFO: Run Behavior\BuildLiteBehavior [ RunTime:0.000101s ]
INFO: [ app_init ] --END-- [ RunTime:0.012072s ]
INFO: [ app_begin ] --START--
INFO: Run Behavior\ReadHtmlCacheBehavior [ RunTime:0.013237s ]
INFO: [ app_begin ] --END-- [ RunTime:0.013936s ]
NOTIC: [8] Undefined index: id F:\wamp\wamp\www\blog\Application\Home\Controller\BlogController.class.php 第 8 行.
SQL: SHOW COLUMNS FROM `tp_filetype` [ RunTime:0.1767s ]
SQL: SELECT * FROM `tp_filetype`  [ RunTime:0.0010s ]
SQL: SHOW COLUMNS FROM `tp_knowledge` [ RunTime:0.1474s ]
NOTIC: [8] Undefined index: id F:\wamp\wamp\www\blog\Application\Home\Controller\BlogController.class.php 第 16 行.
SQL: SELECT COUNT(*) AS tp_count FROM `tp_knowledge` LIMIT 1   [ RunTime:0.0010s ]
SQL: SELECT * FROM `tp_knowledge` LIMIT 0,6   [ RunTime:0.0016s ]
INFO: [ view_parse ] --START--
INFO: [ template_filter ] --START--
INFO: Run Behavior\ContentReplaceBehavior [ RunTime:0.000341s ]
INFO: [ template_filter ] --END-- [ RunTime:0.000782s ]
INFO: Run Behavior\ParseTemplateBehavior [ RunTime:0.102401s ]
INFO: [ view_parse ] --END-- [ RunTime:0.102995s ]
INFO: [ view_filter ] --START--
INFO: Run Behavior\WriteHtmlCacheBehavior [ RunTime:0.009066s ]
INFO: [ view_filter ] --END-- [ RunTime:0.009463s ]
INFO: [ app_end ] --START--
INFO: Run Behavior\ShowPageTraceBehavior [ RunTime:0.016114s ]
INFO: [ app_end ] --END-- [ RunTime:0.016720s ]

[ 2016-12-17T17:33:22+08:00 ] ::1 /blog/index.php/Home/Index/index.html
INFO: [ app_init ] --START--
INFO: Run Behavior\BuildLiteBehavior [ RunTime:0.000144s ]
INFO: [ app_init ] --END-- [ RunTime:0.013320s ]
INFO: [ app_begin ] --START--
INFO: Run Behavior\ReadHtmlCacheBehavior [ RunTime:0.017325s ]
INFO: [ app_begin ] --END-- [ RunTime:0.018140s ]
SQL: SHOW COLUMNS FROM `tp_knowledge` [ RunTime:0.2240s ]
SQL: SELECT * FROM `tp_knowledge` WHERE `typeid` = 1 ORDER BY publishtime desc LIMIT 1   [ RunTime:0.0018s ]
SQL: SELECT * FROM `tp_knowledge` WHERE `typeid` = 3 ORDER BY publishtime desc LIMIT 1   [ RunTime:0.0013s ]
SQL: SHOW COLUMNS FROM `tp_img` [ RunTime:0.2050s ]
SQL: SELECT * FROM `tp_img` ORDER BY publishtime desc LIMIT 3   [ RunTime:0.0015s ]
INFO: [ view_parse ] --START--
INFO: [ template_filter ] --START--
INFO: Run Behavior\ContentReplaceBehavior [ RunTime:0.000526s ]
INFO: [ template_filter ] --END-- [ RunTime:0.001086s ]
INFO: Run Behavior\ParseTemplateBehavior [ RunTime:0.150212s ]
INFO: [ view_parse ] --END-- [ RunTime:0.150972s ]
INFO: [ view_filter ] --START--
INFO: Run Behavior\WriteHtmlCacheBehavior [ RunTime:0.013982s ]
INFO: [ view_filter ] --END-- [ RunTime:0.014478s ]
INFO: [ app_end ] --START--
INFO: Run Behavior\ShowPageTraceBehavior [ RunTime:0.015834s ]
INFO: [ app_end ] --END-- [ RunTime:0.016749s ]

[ 2016-12-17T17:34:53+08:00 ] ::1 /blog/
INFO: [ app_init ] --START--
INFO: Run Behavior\BuildLiteBehavior [ RunTime:0.000092s ]
INFO: [ app_init ] --END-- [ RunTime:0.010853s ]
INFO: [ app_begin ] --START--
INFO: Run Behavior\ReadHtmlCacheBehavior [ RunTime:0.014031s ]
INFO: [ app_begin ] --END-- [ RunTime:0.014698s ]
SQL: SHOW COLUMNS FROM `tp_knowledge` [ RunTime:0.1083s ]
SQL: SELECT * FROM `tp_knowledge` WHERE `typeid` = 1 ORDER BY publishtime desc LIMIT 1   [ RunTime:0.0016s ]
SQL: SELECT * FROM `tp_knowledge` WHERE `typeid` = 3 ORDER BY publishtime desc LIMIT 1   [ RunTime:0.0012s ]
SQL: SHOW COLUMNS FROM `tp_img` [ RunTime:0.1283s ]
SQL: SELECT * FROM `tp_img` ORDER BY publishtime desc LIMIT 3   [ RunTime:0.0012s ]
INFO: [ view_parse ] --START--
INFO: [ template_filter ] --START--
INFO: Run Behavior\ContentReplaceBehavior [ RunTime:0.000442s ]
INFO: [ template_filter ] --END-- [ RunTime:0.000893s ]
INFO: Run Behavior\ParseTemplateBehavior [ RunTime:0.104867s ]
INFO: [ view_parse ] --END-- [ RunTime:0.105457s ]
INFO: [ view_filter ] --START--
INFO: Run Behavior\WriteHtmlCacheBehavior [ RunTime:0.013278s ]
INFO: [ view_filter ] --END-- [ RunTime:0.013682s ]
INFO: [ app_end ] --START--
INFO: Run Behavior\ShowPageTraceBehavior [ RunTime:0.016422s ]
INFO: [ app_end ] --END-- [ RunTime:0.017015s ]

[ 2016-12-17T17:37:11+08:00 ] ::1 /blog/
INFO: [ app_init ] --START--
INFO: Run Behavior\BuildLiteBehavior [ RunTime:0.000093s ]
INFO: [ app_init ] --END-- [ RunTime:0.011185s ]
INFO: [ app_begin ] --START--
INFO: Run Behavior\ReadHtmlCacheBehavior [ RunTime:0.015624s ]
INFO: [ app_begin ] --END-- [ RunTime:0.016187s ]
SQL: SHOW COLUMNS FROM `tp_knowledge` [ RunTime:0.1650s ]
SQL: SELECT * FROM `tp_knowledge` WHERE `typeid` = 1 ORDER BY publishtime desc LIMIT 1   [ RunTime:0.0017s ]
SQL: SELECT * FROM `tp_knowledge` WHERE `typeid` = 3 ORDER BY publishtime desc LIMIT 1   [ RunTime:0.0015s ]
SQL: SHOW COLUMNS FROM `tp_img` [ RunTime:0.1428s ]
SQL: SELECT * FROM `tp_img` ORDER BY publishtime desc LIMIT 3   [ RunTime:0.0012s ]
INFO: [ view_parse ] --START--
INFO: [ template_filter ] --START--
INFO: Run Behavior\ContentReplaceBehavior [ RunTime:0.000415s ]
INFO: [ template_filter ] --END-- [ RunTime:0.000834s ]
INFO: Run Behavior\ParseTemplateBehavior [ RunTime:0.137519s ]
INFO: [ view_parse ] --END-- [ RunTime:0.137953s ]
INFO: [ view_filter ] --START--
INFO: Run Behavior\WriteHtmlCacheBehavior [ RunTime:0.010727s ]
INFO: [ view_filter ] --END-- [ RunTime:0.011303s ]
INFO: [ app_end ] --START--
INFO: Run Behavior\ShowPageTraceBehavior [ RunTime:0.013115s ]
INFO: [ app_end ] --END-- [ RunTime:0.013543s ]

[ 2016-12-17T17:37:54+08:00 ] ::1 /blog/
INFO: [ app_init ] --START--
INFO: Run Behavior\BuildLiteBehavior [ RunTime:0.000092s ]
INFO: [ app_init ] --END-- [ RunTime:0.008426s ]
INFO: [ app_begin ] --START--
INFO: Run Behavior\ReadHtmlCacheBehavior [ RunTime:0.010972s ]
INFO: [ app_begin ] --END-- [ RunTime:0.011474s ]
SQL: SHOW COLUMNS FROM `tp_knowledge` [ RunTime:0.2020s ]
SQL: SELECT * FROM `tp_knowledge` WHERE `typeid` = 1 ORDER BY publishtime desc LIMIT 1   [ RunTime:0.0028s ]
SQL: SELECT * FROM `tp_knowledge` WHERE `typeid` = 3 ORDER BY publishtime desc LIMIT 1   [ RunTime:0.0013s ]
SQL: SHOW COLUMNS FROM `tp_img` [ RunTime:0.1228s ]
SQL: SELECT * FROM `tp_img` ORDER BY publishtime desc LIMIT 3   [ RunTime:0.0010s ]
INFO: [ view_parse ] --START--
INFO: [ template_filter ] --START--
INFO: Run Behavior\ContentReplaceBehavior [ RunTime:0.000463s ]
INFO: [ template_filter ] --END-- [ RunTime:0.000972s ]
INFO: Run Behavior\ParseTemplateBehavior [ RunTime:0.153851s ]
INFO: [ view_parse ] --END-- [ RunTime:0.154614s ]
INFO: [ view_filter ] --START--
INFO: Run Behavior\WriteHtmlCacheBehavior [ RunTime:0.014653s ]
INFO: [ view_filter ] --END-- [ RunTime:0.015270s ]
INFO: [ app_end ] --START--
INFO: Run Behavior\ShowPageTraceBehavior [ RunTime:0.023793s ]
INFO: [ app_end ] --END-- [ RunTime:0.024764s ]

[ 2016-12-17T17:39:51+08:00 ] ::1 /blog/
INFO: [ app_init ] --START--
INFO: Run Behavior\BuildLiteBehavior [ RunTime:0.000155s ]
INFO: [ app_init ] --END-- [ RunTime:0.014500s ]
INFO: [ app_begin ] --START--
INFO: Run Behavior\ReadHtmlCacheBehavior [ RunTime:0.008940s ]
INFO: [ app_begin ] --END-- [ RunTime:0.009498s ]
SQL: SHOW COLUMNS FROM `tp_knowledge` [ RunTime:0.1767s ]
SQL: SELECT * FROM `tp_knowledge` WHERE `typeid` = 1 ORDER BY publishtime desc LIMIT 1   [ RunTime:0.0015s ]
SQL: SELECT * FROM `tp_knowledge` WHERE `typeid` = 3 ORDER BY publishtime desc LIMIT 1   [ RunTime:0.0015s ]
SQL: SHOW COLUMNS FROM `tp_img` [ RunTime:0.1515s ]
SQL: SELECT * FROM `tp_img` ORDER BY publishtime desc LIMIT 3   [ RunTime:0.0013s ]
INFO: [ view_parse ] --START--
INFO: [ template_filter ] --START--
INFO: Run Behavior\ContentReplaceBehavior [ RunTime:0.000437s ]
INFO: [ template_filter ] --END-- [ RunTime:0.000926s ]
INFO: Run Behavior\ParseTemplateBehavior [ RunTime:0.130463s ]
INFO: [ view_parse ] --END-- [ RunTime:0.130897s ]
INFO: [ view_filter ] --START--
INFO: Run Behavior\WriteHtmlCacheBehavior [ RunTime:0.008238s ]
INFO: [ view_filter ] --END-- [ RunTime:0.008804s ]
INFO: [ app_end ] --START--
INFO: Run Behavior\ShowPageTraceBehavior [ RunTime:0.017393s ]
INFO: [ app_end ] --END-- [ RunTime:0.017992s ]

[ 2016-12-17T17:39:55+08:00 ] ::1 /blog/index.php/Home/Blog/index.html
INFO: [ app_init ] --START--
INFO: Run Behavior\BuildLiteBehavior [ RunTime:0.000100s ]
INFO: [ app_init ] --END-- [ RunTime:0.015477s ]
INFO: [ app_begin ] --START--
INFO: Run Behavior\ReadHtmlCacheBehavior [ RunTime:0.018131s ]
INFO: [ app_begin ] --END-- [ RunTime:0.018709s ]
NOTIC: [8] Undefined index: id F:\wamp\wamp\www\blog\Application\Home\Controller\BlogController.class.php 第 8 行.
SQL: SHOW COLUMNS FROM `tp_filetype` [ RunTime:0.1734s ]
SQL: SELECT * FROM `tp_filetype`  [ RunTime:0.0010s ]
SQL: SHOW COLUMNS FROM `tp_knowledge` [ RunTime:0.1637s ]
NOTIC: [8] Undefined index: id F:\wamp\wamp\www\blog\Application\Home\Controller\BlogController.class.php 第 16 行.
SQL: SELECT COUNT(*) AS tp_count FROM `tp_knowledge` LIMIT 1   [ RunTime:0.0011s ]
SQL: SELECT * FROM `tp_knowledge` LIMIT 0,6   [ RunTime:0.0020s ]
INFO: [ view_parse ] --START--
INFO: [ template_filter ] --START--
INFO: Run Behavior\ContentReplaceBehavior [ RunTime:0.000347s ]
INFO: [ template_filter ] --END-- [ RunTime:0.000771s ]
INFO: Run Behavior\ParseTemplateBehavior [ RunTime:0.120012s ]
INFO: [ view_parse ] --END-- [ RunTime:0.120511s ]
INFO: [ view_filter ] --START--
INFO: Run Behavior\WriteHtmlCacheBehavior [ RunTime:0.010768s ]
INFO: [ view_filter ] --END-- [ RunTime:0.011282s ]
INFO: [ app_end ] --START--
INFO: Run Behavior\ShowPageTraceBehavior [ RunTime:0.020616s ]
INFO: [ app_end ] --END-- [ RunTime:0.021494s ]

[ 2016-12-17T17:39:59+08:00 ] ::1 /blog/
INFO: [ app_init ] --START--
INFO: Run Behavior\BuildLiteBehavior [ RunTime:0.000161s ]
INFO: [ app_init ] --END-- [ RunTime:0.012405s ]
INFO: [ app_begin ] --START--
INFO: Run Behavior\ReadHtmlCacheBehavior [ RunTime:0.011204s ]
INFO: [ app_begin ] --END-- [ RunTime:0.011883s ]
SQL: SHOW COLUMNS FROM `tp_knowledge` [ RunTime:0.1823s ]
SQL: SELECT * FROM `tp_knowledge` WHERE `typeid` = 1 ORDER BY publishtime desc LIMIT 1   [ RunTime:0.0015s ]
SQL: SELECT * FROM `tp_knowledge` WHERE `typeid` = 3 ORDER BY publishtime desc LIMIT 1   [ RunTime:0.0010s ]
SQL: SHOW COLUMNS FROM `tp_img` [ RunTime:0.1611s ]
SQL: SELECT * FROM `tp_img` ORDER BY publishtime desc LIMIT 3   [ RunTime:0.0010s ]
INFO: [ view_parse ] --START--
INFO: [ template_filter ] --START--
INFO: Run Behavior\ContentReplaceBehavior [ RunTime:0.000434s ]
INFO: [ template_filter ] --END-- [ RunTime:0.000852s ]
INFO: Run Behavior\ParseTemplateBehavior [ RunTime:0.117453s ]
INFO: [ view_parse ] --END-- [ RunTime:0.118159s ]
INFO: [ view_filter ] --START--
INFO: Run Behavior\WriteHtmlCacheBehavior [ RunTime:0.012133s ]
INFO: [ view_filter ] --END-- [ RunTime:0.012660s ]
INFO: [ app_end ] --START--
INFO: Run Behavior\ShowPageTraceBehavior [ RunTime:0.015440s ]
INFO: [ app_end ] --END-- [ RunTime:0.015883s ]

[ 2016-12-17T17:40:01+08:00 ] ::1 /blog/
INFO: [ app_init ] --START--
INFO: Run Behavior\BuildLiteBehavior [ RunTime:0.000093s ]
INFO: [ app_init ] --END-- [ RunTime:0.015709s ]
INFO: [ app_begin ] --START--
INFO: Run Behavior\ReadHtmlCacheBehavior [ RunTime:0.013110s ]
INFO: [ app_begin ] --END-- [ RunTime:0.013768s ]
SQL: SHOW COLUMNS FROM `tp_knowledge` [ RunTime:0.1797s ]
SQL: SELECT * FROM `tp_knowledge` WHERE `typeid` = 1 ORDER BY publishtime desc LIMIT 1   [ RunTime:0.0016s ]
SQL: SELECT * FROM `tp_knowledge` WHERE `typeid` = 3 ORDER BY publishtime desc LIMIT 1   [ RunTime:0.0010s ]
SQL: SHOW COLUMNS FROM `tp_img` [ RunTime:0.2471s ]
SQL: SELECT * FROM `tp_img` ORDER BY publishtime desc LIMIT 3   [ RunTime:0.0011s ]
INFO: [ view_parse ] --START--
INFO: [ template_filter ] --START--
INFO: Run Behavior\ContentReplaceBehavior [ RunTime:0.000482s ]
INFO: [ template_filter ] --END-- [ RunTime:0.000919s ]
INFO: Run Behavior\ParseTemplateBehavior [ RunTime:0.119982s ]
INFO: [ view_parse ] --END-- [ RunTime:0.120581s ]
INFO: [ view_filter ] --START--
INFO: Run Behavior\WriteHtmlCacheBehavior [ RunTime:0.020273s ]
INFO: [ view_filter ] --END-- [ RunTime:0.020692s ]
INFO: [ app_end ] --START--
INFO: Run Behavior\ShowPageTraceBehavior [ RunTime:0.021588s ]
INFO: [ app_end ] --END-- [ RunTime:0.022472s ]

[ 2016-12-17T17:43:43+08:00 ] ::1 /blog/
INFO: [ app_init ] --START--
INFO: Run Behavior\BuildLiteBehavior [ RunTime:0.000092s ]
INFO: [ app_init ] --END-- [ RunTime:0.009712s ]
INFO: [ app_begin ] --START--
INFO: Run Behavior\ReadHtmlCacheBehavior [ RunTime:0.015109s ]
INFO: [ app_begin ] --END-- [ RunTime:0.015615s ]
SQL: SHOW COLUMNS FROM `tp_knowledge` [ RunTime:0.1673s ]
SQL: SELECT * FROM `tp_knowledge` WHERE `typeid` = 1 ORDER BY publishtime desc LIMIT 1   [ RunTime:0.0022s ]
SQL: SELECT * FROM `tp_knowledge` WHERE `typeid` = 3 ORDER BY publishtime desc LIMIT 1   [ RunTime:0.0011s ]
SQL: SHOW COLUMNS FROM `tp_img` [ RunTime:0.1032s ]
SQL: SELECT * FROM `tp_img` ORDER BY publishtime desc LIMIT 3   [ RunTime:0.0010s ]
INFO: [ view_parse ] --START--
INFO: [ template_filter ] --START--
INFO: Run Behavior\ContentReplaceBehavior [ RunTime:0.000453s ]
INFO: [ template_filter ] --END-- [ RunTime:0.000882s ]
INFO: Run Behavior\ParseTemplateBehavior [ RunTime:0.117264s ]
INFO: [ view_parse ] --END-- [ RunTime:0.117707s ]
INFO: [ view_filter ] --START--
INFO: Run Behavior\WriteHtmlCacheBehavior [ RunTime:0.008646s ]
INFO: [ view_filter ] --END-- [ RunTime:0.009047s ]
INFO: [ app_end ] --START--
INFO: Run Behavior\ShowPageTraceBehavior [ RunTime:0.013640s ]
INFO: [ app_end ] --END-- [ RunTime:0.014074s ]

[ 2016-12-17T17:43:47+08:00 ] ::1 /blog/index.php/Home/Index/index.html
INFO: [ app_init ] --START--
INFO: Run Behavior\BuildLiteBehavior [ RunTime:0.000111s ]
INFO: [ app_init ] --END-- [ RunTime:0.010470s ]
INFO: [ app_begin ] --START--
INFO: Run Behavior\ReadHtmlCacheBehavior [ RunTime:0.020902s ]
INFO: [ app_begin ] --END-- [ RunTime:0.021488s ]
SQL: SHOW COLUMNS FROM `tp_knowledge` [ RunTime:0.0978s ]
SQL: SELECT * FROM `tp_knowledge` WHERE `typeid` = 1 ORDER BY publishtime desc LIMIT 1   [ RunTime:0.0015s ]
SQL: SELECT * FROM `tp_knowledge` WHERE `typeid` = 3 ORDER BY publishtime desc LIMIT 1   [ RunTime:0.0010s ]
SQL: SHOW COLUMNS FROM `tp_img` [ RunTime:0.1562s ]
SQL: SELECT * FROM `tp_img` ORDER BY publishtime desc LIMIT 3   [ RunTime:0.0011s ]
INFO: [ view_parse ] --START--
INFO: [ template_filter ] --START--
INFO: Run Behavior\ContentReplaceBehavior [ RunTime:0.000427s ]
INFO: [ template_filter ] --END-- [ RunTime:0.000855s ]
INFO: Run Behavior\ParseTemplateBehavior [ RunTime:0.114645s ]
INFO: [ view_parse ] --END-- [ RunTime:0.115246s ]
INFO: [ view_filter ] --START--
INFO: Run Behavior\WriteHtmlCacheBehavior [ RunTime:0.011919s ]
INFO: [ view_filter ] --END-- [ RunTime:0.012412s ]
INFO: [ app_end ] --START--
INFO: Run Behavior\ShowPageTraceBehavior [ RunTime:0.020179s ]
INFO: [ app_end ] --END-- [ RunTime:0.020798s ]

[ 2016-12-17T17:44:32+08:00 ] ::1 /blog/
INFO: [ app_init ] --START--
INFO: Run Behavior\BuildLiteBehavior [ RunTime:0.000096s ]
INFO: [ app_init ] --END-- [ RunTime:0.007369s ]
INFO: [ app_begin ] --START--
INFO: Run Behavior\ReadHtmlCacheBehavior [ RunTime:0.012948s ]
INFO: [ app_begin ] --END-- [ RunTime:0.013430s ]
SQL: SHOW COLUMNS FROM `tp_knowledge` [ RunTime:0.1242s ]
SQL: SELECT * FROM `tp_knowledge` WHERE `typeid` = 1 ORDER BY publishtime desc LIMIT 1   [ RunTime:0.0015s ]
SQL: SELECT * FROM `tp_knowledge` WHERE `typeid` = 3 ORDER BY publishtime desc LIMIT 1   [ RunTime:0.0011s ]
SQL: SHOW COLUMNS FROM `tp_img` [ RunTime:0.1310s ]
SQL: SELECT * FROM `tp_img` ORDER BY publishtime desc LIMIT 3   [ RunTime:0.0012s ]
INFO: [ view_parse ] --START--
INFO: [ template_filter ] --START--
INFO: Run Behavior\ContentReplaceBehavior [ RunTime:0.000433s ]
INFO: [ template_filter ] --END-- [ RunTime:0.000890s ]
INFO: Run Behavior\ParseTemplateBehavior [ RunTime:0.128599s ]
INFO: [ view_parse ] --END-- [ RunTime:0.129031s ]
INFO: [ view_filter ] --START--
INFO: Run Behavior\WriteHtmlCacheBehavior [ RunTime:0.012750s ]
INFO: [ view_filter ] --END-- [ RunTime:0.013342s ]
INFO: [ app_end ] --START--
INFO: Run Behavior\ShowPageTraceBehavior [ RunTime:0.019123s ]
INFO: [ app_end ] --END-- [ RunTime:0.019691s ]

[ 2016-12-17T17:44:37+08:00 ] ::1 /blog/index.php/Home/Index/contact.html
INFO: [ app_init ] --START--
INFO: Run Behavior\BuildLiteBehavior [ RunTime:0.000096s ]
INFO: [ app_init ] --END-- [ RunTime:0.013013s ]
INFO: [ app_begin ] --START--
INFO: Run Behavior\ReadHtmlCacheBehavior [ RunTime:0.014065s ]
INFO: [ app_begin ] --END-- [ RunTime:0.014556s ]
SQL: SHOW COLUMNS FROM `tp_message` [ RunTime:0.1265s ]
SQL: SHOW COLUMNS FROM `tp_user` [ RunTime:0.1814s ]
SQL: SHOW COLUMNS FROM `tp_returnmessage` [ RunTime:0.1632s ]
SQL: SELECT `uid` FROM `tp_user` WHERE `username` = '1413332' LIMIT 1   [ RunTime:0.0011s ]
SQL: SELECT `user_img` FROM `tp_user` WHERE ( uid=6 ) LIMIT 1   [ RunTime:0.0013s ]
SQL: SHOW COLUMNS FROM `tp_message` [ RunTime:0.1685s ]
SQL: SELECT COUNT(*) AS tp_count FROM `tp_message` `message`,`tp_returnmessage` `returnmessage` WHERE ( message.id=returnmessage.mid and message.uid=6 ) LIMIT 1   [ RunTime:0.0012s ]
SQL: SHOW COLUMNS FROM `tp_message` [ RunTime:0.1233s ]
SQL: SELECT message.*,returnmessage.* FROM `tp_message` `message`,`tp_returnmessage` `returnmessage` WHERE ( message.id=returnmessage.mid and message.uid=6 ) LIMIT 0,4   [ RunTime:0.0017s ]
INFO: [ view_parse ] --START--
INFO: [ template_filter ] --START--
INFO: Run Behavior\ContentReplaceBehavior [ RunTime:0.000363s ]
INFO: [ template_filter ] --END-- [ RunTime:0.000776s ]
INFO: Run Behavior\ParseTemplateBehavior [ RunTime:0.125954s ]
INFO: [ view_parse ] --END-- [ RunTime:0.126422s ]
INFO: [ view_filter ] --START--
INFO: Run Behavior\WriteHtmlCacheBehavior [ RunTime:0.009365s ]
INFO: [ view_filter ] --END-- [ RunTime:0.009801s ]
INFO: [ app_end ] --START--
INFO: Run Behavior\ShowPageTraceBehavior [ RunTime:0.019254s ]
INFO: [ app_end ] --END-- [ RunTime:0.019688s ]

[ 2016-12-17T17:44:54+08:00 ] ::1 /blog/index.php/Home/Blog/index.html
INFO: [ app_init ] --START--
INFO: Run Behavior\BuildLiteBehavior [ RunTime:0.000183s ]
INFO: [ app_init ] --END-- [ RunTime:0.033757s ]
INFO: [ app_begin ] --START--
INFO: Run Behavior\ReadHtmlCacheBehavior [ RunTime:0.024850s ]
INFO: [ app_begin ] --END-- [ RunTime:0.028713s ]
NOTIC: [8] Undefined index: id F:\wamp\wamp\www\blog\Application\Home\Controller\BlogController.class.php 第 8 行.
SQL: SHOW COLUMNS FROM `tp_filetype` [ RunTime:0.1807s ]
SQL: SELECT * FROM `tp_filetype`  [ RunTime:0.0011s ]
SQL: SHOW COLUMNS FROM `tp_knowledge` [ RunTime:0.1812s ]
NOTIC: [8] Undefined index: id F:\wamp\wamp\www\blog\Application\Home\Controller\BlogController.class.php 第 16 行.
SQL: SELECT COUNT(*) AS tp_count FROM `tp_knowledge` LIMIT 1   [ RunTime:0.0012s ]
SQL: SELECT * FROM `tp_knowledge` LIMIT 0,6   [ RunTime:0.0022s ]
INFO: [ view_parse ] --START--
INFO: [ template_filter ] --START--
INFO: Run Behavior\ContentReplaceBehavior [ RunTime:0.000574s ]
INFO: [ template_filter ] --END-- [ RunTime:0.001800s ]
INFO: Run Behavior\ParseTemplateBehavior [ RunTime:0.151342s ]
INFO: [ view_parse ] --END-- [ RunTime:0.151807s ]
INFO: [ view_filter ] --START--
INFO: Run Behavior\WriteHtmlCacheBehavior [ RunTime:0.014916s ]
INFO: [ view_filter ] --END-- [ RunTime:0.015334s ]
INFO: [ app_end ] --START--
INFO: Run Behavior\ShowPageTraceBehavior [ RunTime:0.019569s ]
INFO: [ app_end ] --END-- [ RunTime:0.020134s ]

[ 2016-12-17T17:44:59+08:00 ] ::1 /blog/index.php/Home/Blog/files.html?id=3
INFO: [ app_init ] --START--
INFO: Run Behavior\BuildLiteBehavior [ RunTime:0.000092s ]
INFO: [ app_init ] --END-- [ RunTime:0.012955s ]
INFO: [ app_begin ] --START--
INFO: Run Behavior\ReadHtmlCacheBehavior [ RunTime:0.016509s ]
INFO: [ app_begin ] --END-- [ RunTime:0.017058s ]
SQL: SHOW COLUMNS FROM `tp_knowledge` [ RunTime:0.1999s ]
SQL: SELECT * FROM `tp_knowledge` WHERE ( id=3 )  [ RunTime:0.0016s ]
SQL: SHOW COLUMNS FROM `tp_knowledgecount` [ RunTime:0.1557s ]
SQL: SELECT `read` FROM `tp_knowledgecount` WHERE ( fid=3 ) LIMIT 1   [ RunTime:0.0010s ]
SQL: UPDATE `tp_knowledgecount` SET `read`='6' WHERE ( fid=3 ) [ RunTime:0.1218s ]
SQL: SHOW COLUMNS FROM `tp_pinglun` [ RunTime:0.1933s ]
SQL: SELECT COUNT(*) AS tp_count FROM `tp_pinglun` `pinglun`,`tp_user` `user` WHERE ( pinglun.uid=user.uid and pinglun.filed=3 ) LIMIT 1   [ RunTime:0.0011s ]
SQL: SHOW COLUMNS FROM `tp_pinglun` [ RunTime:0.1515s ]
SQL: SELECT pinglun.*,user.user_img FROM `tp_pinglun` `pinglun`,`tp_user` `user` WHERE ( pinglun.uid=user.uid and pinglun.filed=3 ) LIMIT 0,2   [ RunTime:0.0012s ]
SQL: SELECT `comment` FROM `tp_knowledgecount` WHERE `read` = 6 AND `fid` = 3 LIMIT 1   [ RunTime:0.0009s ]
INFO: [ view_parse ] --START--
INFO: [ template_filter ] --START--
INFO: Run Behavior\ContentReplaceBehavior [ RunTime:0.000381s ]
INFO: [ template_filter ] --END-- [ RunTime:0.000806s ]
INFO: Run Behavior\ParseTemplateBehavior [ RunTime:0.122364s ]
INFO: [ view_parse ] --END-- [ RunTime:0.122847s ]
INFO: [ view_filter ] --START--
INFO: Run Behavior\WriteHtmlCacheBehavior [ RunTime:0.010788s ]
INFO: [ view_filter ] --END-- [ RunTime:0.011185s ]
INFO: [ app_end ] --START--
INFO: Run Behavior\ShowPageTraceBehavior [ RunTime:0.018891s ]
INFO: [ app_end ] --END-- [ RunTime:0.019475s ]

[ 2016-12-17T17:45:05+08:00 ] ::1 /blog/index.php/Home/Blog/index.html
INFO: [ app_init ] --START--
INFO: Run Behavior\BuildLiteBehavior [ RunTime:0.000153s ]
INFO: [ app_init ] --END-- [ RunTime:0.014599s ]
INFO: [ app_begin ] --START--
INFO: Run Behavior\ReadHtmlCacheBehavior [ RunTime:0.018481s ]
INFO: [ app_begin ] --END-- [ RunTime:0.019303s ]
NOTIC: [8] Undefined index: id F:\wamp\wamp\www\blog\Application\Home\Controller\BlogController.class.php 第 8 行.
SQL: SHOW COLUMNS FROM `tp_filetype` [ RunTime:0.1934s ]
SQL: SELECT * FROM `tp_filetype`  [ RunTime:0.0020s ]
SQL: SHOW COLUMNS FROM `tp_knowledge` [ RunTime:0.1415s ]
NOTIC: [8] Undefined index: id F:\wamp\wamp\www\blog\Application\Home\Controller\BlogController.class.php 第 16 行.
SQL: SELECT COUNT(*) AS tp_count FROM `tp_knowledge` LIMIT 1   [ RunTime:0.0009s ]
SQL: SELECT * FROM `tp_knowledge` LIMIT 0,6   [ RunTime:0.0018s ]
INFO: [ view_parse ] --START--
INFO: [ template_filter ] --START--
INFO: Run Behavior\ContentReplaceBehavior [ RunTime:0.000369s ]
INFO: [ template_filter ] --END-- [ RunTime:0.000797s ]
INFO: Run Behavior\ParseTemplateBehavior [ RunTime:0.158169s ]
INFO: [ view_parse ] --END-- [ RunTime:0.159107s ]
INFO: [ view_filter ] --START--
INFO: Run Behavior\WriteHtmlCacheBehavior [ RunTime:0.017896s ]
INFO: [ view_filter ] --END-- [ RunTime:0.018603s ]
INFO: [ app_end ] --START--
INFO: Run Behavior\ShowPageTraceBehavior [ RunTime:0.018576s ]
INFO: [ app_end ] --END-- [ RunTime:0.019009s ]

[ 2016-12-17T17:45:06+08:00 ] ::1 /blog/index.php/Home/Reader/reader.html
INFO: [ app_init ] --START--
INFO: Run Behavior\BuildLiteBehavior [ RunTime:0.000158s ]
INFO: [ app_init ] --END-- [ RunTime:0.014057s ]
INFO: [ app_begin ] --START--
INFO: Run Behavior\ReadHtmlCacheBehavior [ RunTime:0.018039s ]
INFO: [ app_begin ] --END-- [ RunTime:0.018542s ]
SQL: SHOW COLUMNS FROM `tp_usermessage` [ RunTime:0.3531s ]
SQL: SELECT COUNT(*) AS tp_count FROM tp_usermessage a INNER JOIN tp_user b ON b.uid= a.uid  ORDER BY id desc LIMIT 1   [ RunTime:0.0014s ]
SQL: SELECT * FROM tp_usermessage a INNER JOIN tp_user b ON b.uid= a.uid  ORDER BY id desc LIMIT 0,2   [ RunTime:0.0027s ]
INFO: [ view_parse ] --START--
INFO: [ template_filter ] --START--
INFO: Run Behavior\ContentReplaceBehavior [ RunTime:0.000950s ]
INFO: [ template_filter ] --END-- [ RunTime:0.001968s ]
INFO: Run Behavior\ParseTemplateBehavior [ RunTime:0.211542s ]
INFO: [ view_parse ] --END-- [ RunTime:0.212359s ]
INFO: [ view_filter ] --START--
INFO: Run Behavior\WriteHtmlCacheBehavior [ RunTime:0.038393s ]
INFO: [ view_filter ] --END-- [ RunTime:0.039145s ]
INFO: [ app_end ] --START--
INFO: Run Behavior\ShowPageTraceBehavior [ RunTime:0.030891s ]
INFO: [ app_end ] --END-- [ RunTime:0.031818s ]

[ 2016-12-17T17:45:07+08:00 ] ::1 /blog/index.php/Home/Index/index.html
INFO: [ app_init ] --START--
INFO: Run Behavior\BuildLiteBehavior [ RunTime:0.000116s ]
INFO: [ app_init ] --END-- [ RunTime:0.011045s ]
INFO: [ app_begin ] --START--
INFO: Run Behavior\ReadHtmlCacheBehavior [ RunTime:0.021390s ]
INFO: [ app_begin ] --END-- [ RunTime:0.022022s ]
SQL: SHOW COLUMNS FROM `tp_knowledge` [ RunTime:0.1820s ]
SQL: SELECT * FROM `tp_knowledge` WHERE `typeid` = 1 ORDER BY publishtime desc LIMIT 1   [ RunTime:0.0016s ]
SQL: SELECT * FROM `tp_knowledge` WHERE `typeid` = 3 ORDER BY publishtime desc LIMIT 1   [ RunTime:0.0010s ]
SQL: SHOW COLUMNS FROM `tp_img` [ RunTime:0.1534s ]
SQL: SELECT * FROM `tp_img` ORDER BY publishtime desc LIMIT 3   [ RunTime:0.0008s ]
INFO: [ view_parse ] --START--
INFO: [ template_filter ] --START--
INFO: Run Behavior\ContentReplaceBehavior [ RunTime:0.000326s ]
INFO: [ template_filter ] --END-- [ RunTime:0.000817s ]
INFO: Run Behavior\ParseTemplateBehavior [ RunTime:0.124501s ]
INFO: [ view_parse ] --END-- [ RunTime:0.124854s ]
INFO: [ view_filter ] --START--
INFO: Run Behavior\WriteHtmlCacheBehavior [ RunTime:0.015964s ]
INFO: [ view_filter ] --END-- [ RunTime:0.016419s ]
INFO: [ app_end ] --START--
INFO: Run Behavior\ShowPageTraceBehavior [ RunTime:0.013505s ]
INFO: [ app_end ] --END-- [ RunTime:0.013975s ]

[ 2016-12-17T17:47:16+08:00 ] ::1 /blog/index.php/Home/Index/index.html
INFO: [ app_init ] --START--
INFO: Run Behavior\BuildLiteBehavior [ RunTime:0.000152s ]
INFO: [ app_init ] --END-- [ RunTime:0.010232s ]
INFO: [ app_begin ] --START--
INFO: Run Behavior\ReadHtmlCacheBehavior [ RunTime:0.021721s ]
INFO: [ app_begin ] --END-- [ RunTime:0.022370s ]
SQL: SHOW COLUMNS FROM `tp_knowledge` [ RunTime:0.1616s ]
SQL: SELECT * FROM `tp_knowledge` WHERE `typeid` = 1 ORDER BY publishtime desc LIMIT 1   [ RunTime:0.0020s ]
SQL: SELECT * FROM `tp_knowledge` WHERE `typeid` = 3 ORDER BY publishtime desc LIMIT 1   [ RunTime:0.0012s ]
SQL: SHOW COLUMNS FROM `tp_img` [ RunTime:0.1491s ]
SQL: SELECT * FROM `tp_img` ORDER BY publishtime desc LIMIT 3   [ RunTime:0.0012s ]
INFO: [ view_parse ] --START--
INFO: [ template_filter ] --START--
INFO: Run Behavior\ContentReplaceBehavior [ RunTime:0.000727s ]
INFO: [ template_filter ] --END-- [ RunTime:0.001491s ]
INFO: Run Behavior\ParseTemplateBehavior [ RunTime:0.152328s ]
INFO: [ view_parse ] --END-- [ RunTime:0.153014s ]
INFO: [ view_filter ] --START--
INFO: Run Behavior\WriteHtmlCacheBehavior [ RunTime:0.018426s ]
INFO: [ view_filter ] --END-- [ RunTime:0.018861s ]
INFO: [ app_end ] --START--
INFO: Run Behavior\ShowPageTraceBehavior [ RunTime:0.029666s ]
INFO: [ app_end ] --END-- [ RunTime:0.030313s ]

[ 2016-12-17T17:50:47+08:00 ] ::1 /blog/index.php/Home/Index/index.html
INFO: [ app_init ] --START--
INFO: Run Behavior\BuildLiteBehavior [ RunTime:0.000096s ]
INFO: [ app_init ] --END-- [ RunTime:0.009008s ]
INFO: [ app_begin ] --START--
INFO: Run Behavior\ReadHtmlCacheBehavior [ RunTime:0.010597s ]
INFO: [ app_begin ] --END-- [ RunTime:0.011191s ]
SQL: SHOW COLUMNS FROM `tp_knowledge` [ RunTime:0.1459s ]
SQL: SELECT * FROM `tp_knowledge` WHERE `typeid` = 1 ORDER BY publishtime desc LIMIT 1   [ RunTime:0.0020s ]
SQL: SELECT * FROM `tp_knowledge` WHERE `typeid` = 3 ORDER BY publishtime desc LIMIT 1   [ RunTime:0.0019s ]
SQL: SHOW COLUMNS FROM `tp_img` [ RunTime:0.1704s ]
SQL: SELECT * FROM `tp_img` ORDER BY publishtime desc LIMIT 3   [ RunTime:0.0012s ]
INFO: [ view_parse ] --START--
INFO: [ template_filter ] --START--
INFO: Run Behavior\ContentReplaceBehavior [ RunTime:0.000767s ]
INFO: [ template_filter ] --END-- [ RunTime:0.001502s ]
INFO: Run Behavior\ParseTemplateBehavior [ RunTime:0.168023s ]
INFO: [ view_parse ] --END-- [ RunTime:0.168467s ]
INFO: [ view_filter ] --START--
INFO: Run Behavior\WriteHtmlCacheBehavior [ RunTime:0.015970s ]
INFO: [ view_filter ] --END-- [ RunTime:0.016467s ]
INFO: [ app_end ] --START--
INFO: Run Behavior\ShowPageTraceBehavior [ RunTime:0.019861s ]
INFO: [ app_end ] --END-- [ RunTime:0.020308s ]

[ 2016-12-17T17:51:46+08:00 ] ::1 /blog/index.php/Home/Index/index.html
INFO: [ app_init ] --START--
INFO: Run Behavior\BuildLiteBehavior [ RunTime:0.000094s ]
INFO: [ app_init ] --END-- [ RunTime:0.010889s ]
INFO: [ app_begin ] --START--
INFO: Run Behavior\ReadHtmlCacheBehavior [ RunTime:0.012987s ]
INFO: [ app_begin ] --END-- [ RunTime:0.013477s ]
SQL: SHOW COLUMNS FROM `tp_knowledge` [ RunTime:0.1668s ]
SQL: SELECT * FROM `tp_knowledge` WHERE `typeid` = 1 ORDER BY publishtime desc LIMIT 1   [ RunTime:0.0016s ]
SQL: SELECT * FROM `tp_knowledge` WHERE `typeid` = 3 ORDER BY publishtime desc LIMIT 1   [ RunTime:0.0013s ]
SQL: SHOW COLUMNS FROM `tp_img` [ RunTime:0.1353s ]
SQL: SELECT * FROM `tp_img` ORDER BY publishtime desc LIMIT 3   [ RunTime:0.0013s ]
INFO: [ view_parse ] --START--
INFO: [ template_filter ] --START--
INFO: Run Behavior\ContentReplaceBehavior [ RunTime:0.000424s ]
INFO: [ template_filter ] --END-- [ RunTime:0.000869s ]
INFO: Run Behavior\ParseTemplateBehavior [ RunTime:0.162778s ]
INFO: [ view_parse ] --END-- [ RunTime:0.163217s ]
INFO: [ view_filter ] --START--
INFO: Run Behavior\WriteHtmlCacheBehavior [ RunTime:0.018517s ]
INFO: [ view_filter ] --END-- [ RunTime:0.018946s ]
INFO: [ app_end ] --START--
INFO: Run Behavior\ShowPageTraceBehavior [ RunTime:0.025746s ]
INFO: [ app_end ] --END-- [ RunTime:0.026259s ]

[ 2016-12-17T17:52:03+08:00 ] ::1 /blog/index.php/Home/Index/index.html
INFO: [ app_init ] --START--
INFO: Run Behavior\BuildLiteBehavior [ RunTime:0.000095s ]
INFO: [ app_init ] --END-- [ RunTime:0.011510s ]
INFO: [ app_begin ] --START--
INFO: Run Behavior\ReadHtmlCacheBehavior [ RunTime:0.017739s ]
INFO: [ app_begin ] --END-- [ RunTime:0.018218s ]
SQL: SHOW COLUMNS FROM `tp_knowledge` [ RunTime:0.2547s ]
SQL: SELECT * FROM `tp_knowledge` WHERE `typeid` = 1 ORDER BY publishtime desc LIMIT 1   [ RunTime:0.0022s ]
SQL: SELECT * FROM `tp_knowledge` WHERE `typeid` = 3 ORDER BY publishtime desc LIMIT 1   [ RunTime:0.0015s ]
SQL: SHOW COLUMNS FROM `tp_img` [ RunTime:0.1727s ]
SQL: SELECT * FROM `tp_img` ORDER BY publishtime desc LIMIT 3   [ RunTime:0.0011s ]
INFO: [ view_parse ] --START--
INFO: [ template_filter ] --START--
INFO: Run Behavior\ContentReplaceBehavior [ RunTime:0.000448s ]
INFO: [ template_filter ] --END-- [ RunTime:0.000881s ]
INFO: Run Behavior\ParseTemplateBehavior [ RunTime:0.129356s ]
INFO: [ view_parse ] --END-- [ RunTime:0.129790s ]
INFO: [ view_filter ] --START--
INFO: Run Behavior\WriteHtmlCacheBehavior [ RunTime:0.015237s ]
INFO: [ view_filter ] --END-- [ RunTime:0.015712s ]
INFO: [ app_end ] --START--
INFO: Run Behavior\ShowPageTraceBehavior [ RunTime:0.014025s ]
INFO: [ app_end ] --END-- [ RunTime:0.014504s ]

[ 2016-12-17T17:52:20+08:00 ] ::1 /blog/index.php/Home/Index/index.html
INFO: [ app_init ] --START--
INFO: Run Behavior\BuildLiteBehavior [ RunTime:0.000090s ]
INFO: [ app_init ] --END-- [ RunTime:0.007219s ]
INFO: [ app_begin ] --START--
INFO: Run Behavior\ReadHtmlCacheBehavior [ RunTime:0.015871s ]
INFO: [ app_begin ] --END-- [ RunTime:0.016348s ]
SQL: SHOW COLUMNS FROM `tp_knowledge` [ RunTime:0.2157s ]
SQL: SELECT * FROM `tp_knowledge` WHERE `typeid` = 1 ORDER BY publishtime desc LIMIT 1   [ RunTime:0.0021s ]
SQL: SELECT * FROM `tp_knowledge` WHERE `typeid` = 3 ORDER BY publishtime desc LIMIT 1   [ RunTime:0.0017s ]
SQL: SHOW COLUMNS FROM `tp_img` [ RunTime:0.1851s ]
SQL: SELECT * FROM `tp_img` ORDER BY publishtime desc LIMIT 3   [ RunTime:0.0011s ]
INFO: [ view_parse ] --START--
INFO: [ template_filter ] --START--
INFO: Run Behavior\ContentReplaceBehavior [ RunTime:0.000419s ]
INFO: [ template_filter ] --END-- [ RunTime:0.000839s ]
INFO: Run Behavior\ParseTemplateBehavior [ RunTime:0.134655s ]
INFO: [ view_parse ] --END-- [ RunTime:0.135089s ]
INFO: [ view_filter ] --START--
INFO: Run Behavior\WriteHtmlCacheBehavior [ RunTime:0.018402s ]
INFO: [ view_filter ] --END-- [ RunTime:0.018810s ]
INFO: [ app_end ] --START--
INFO: Run Behavior\ShowPageTraceBehavior [ RunTime:0.026799s ]
INFO: [ app_end ] --END-- [ RunTime:0.027246s ]

[ 2016-12-17T17:52:32+08:00 ] ::1 /blog/index.php/Home/Index/index.html
INFO: [ app_init ] --START--
INFO: Run Behavior\BuildLiteBehavior [ RunTime:0.000090s ]
INFO: [ app_init ] --END-- [ RunTime:0.007105s ]
INFO: [ app_begin ] --START--
INFO: Run Behavior\ReadHtmlCacheBehavior [ RunTime:0.012112s ]
INFO: [ app_begin ] --END-- [ RunTime:0.012579s ]
SQL: SHOW COLUMNS FROM `tp_knowledge` [ RunTime:0.1644s ]
SQL: SELECT * FROM `tp_knowledge` WHERE `typeid` = 1 ORDER BY publishtime desc LIMIT 1   [ RunTime:0.0015s ]
SQL: SELECT * FROM `tp_knowledge` WHERE `typeid` = 3 ORDER BY publishtime desc LIMIT 1   [ RunTime:0.0012s ]
SQL: SHOW COLUMNS FROM `tp_img` [ RunTime:0.1833s ]
SQL: SELECT * FROM `tp_img` ORDER BY publishtime desc LIMIT 3   [ RunTime:0.0011s ]
INFO: [ view_parse ] --START--
INFO: [ template_filter ] --START--
INFO: Run Behavior\ContentReplaceBehavior [ RunTime:0.000420s ]
INFO: [ template_filter ] --END-- [ RunTime:0.000833s ]
INFO: Run Behavior\ParseTemplateBehavior [ RunTime:0.131456s ]
INFO: [ view_parse ] --END-- [ RunTime:0.131886s ]
INFO: [ view_filter ] --START--
INFO: Run Behavior\WriteHtmlCacheBehavior [ RunTime:0.017168s ]
INFO: [ view_filter ] --END-- [ RunTime:0.017569s ]
INFO: [ app_end ] --START--
INFO: Run Behavior\ShowPageTraceBehavior [ RunTime:0.022317s ]
INFO: [ app_end ] --END-- [ RunTime:0.022893s ]

[ 2016-12-17T17:52:43+08:00 ] ::1 /blog/index.php/Home/Index/index.html
INFO: [ app_init ] --START--
INFO: Run Behavior\BuildLiteBehavior [ RunTime:0.000090s ]
INFO: [ app_init ] --END-- [ RunTime:0.007556s ]
INFO: [ app_begin ] --START--
INFO: Run Behavior\ReadHtmlCacheBehavior [ RunTime:0.011214s ]
INFO: [ app_begin ] --END-- [ RunTime:0.011704s ]
SQL: SHOW COLUMNS FROM `tp_knowledge` [ RunTime:0.2262s ]
SQL: SELECT * FROM `tp_knowledge` WHERE `typeid` = 1 ORDER BY publishtime desc LIMIT 1   [ RunTime:0.0015s ]
SQL: SELECT * FROM `tp_knowledge` WHERE `typeid` = 3 ORDER BY publishtime desc LIMIT 1   [ RunTime:0.0013s ]
SQL: SHOW COLUMNS FROM `tp_img` [ RunTime:0.1775s ]
SQL: SELECT * FROM `tp_img` ORDER BY publishtime desc LIMIT 3   [ RunTime:0.0012s ]
INFO: [ view_parse ] --START--
INFO: [ template_filter ] --START--
INFO: Run Behavior\ContentReplaceBehavior [ RunTime:0.000729s ]
INFO: [ template_filter ] --END-- [ RunTime:0.002314s ]
INFO: Run Behavior\ParseTemplateBehavior [ RunTime:0.133577s ]
INFO: [ view_parse ] --END-- [ RunTime:0.134172s ]
INFO: [ view_filter ] --START--
INFO: Run Behavior\WriteHtmlCacheBehavior [ RunTime:0.014265s ]
INFO: [ view_filter ] --END-- [ RunTime:0.014967s ]
INFO: [ app_end ] --START--
INFO: Run Behavior\ShowPageTraceBehavior [ RunTime:0.019399s ]
INFO: [ app_end ] --END-- [ RunTime:0.020001s ]

[ 2016-12-17T17:53:07+08:00 ] ::1 /blog/index.php/Home/Index/index.html
INFO: [ app_init ] --START--
INFO: Run Behavior\BuildLiteBehavior [ RunTime:0.000095s ]
INFO: [ app_init ] --END-- [ RunTime:0.012550s ]
INFO: [ app_begin ] --START--
INFO: Run Behavior\ReadHtmlCacheBehavior [ RunTime:0.015295s ]
INFO: [ app_begin ] --END-- [ RunTime:0.015798s ]
SQL: SHOW COLUMNS FROM `tp_knowledge` [ RunTime:0.2065s ]
SQL: SELECT * FROM `tp_knowledge` WHERE `typeid` = 1 ORDER BY publishtime desc LIMIT 1   [ RunTime:0.0015s ]
SQL: SELECT * FROM `tp_knowledge` WHERE `typeid` = 3 ORDER BY publishtime desc LIMIT 1   [ RunTime:0.0012s ]
SQL: SHOW COLUMNS FROM `tp_img` [ RunTime:0.1831s ]
SQL: SELECT * FROM `tp_img` ORDER BY publishtime desc LIMIT 3   [ RunTime:0.0011s ]
INFO: [ view_parse ] --START--
INFO: [ template_filter ] --START--
INFO: Run Behavior\ContentReplaceBehavior [ RunTime:0.000467s ]
INFO: [ template_filter ] --END-- [ RunTime:0.000950s ]
INFO: Run Behavior\ParseTemplateBehavior [ RunTime:0.128790s ]
INFO: [ view_parse ] --END-- [ RunTime:0.129559s ]
INFO: [ view_filter ] --START--
INFO: Run Behavior\WriteHtmlCacheBehavior [ RunTime:0.017006s ]
INFO: [ view_filter ] --END-- [ RunTime:0.017481s ]
INFO: [ app_end ] --START--
INFO: Run Behavior\ShowPageTraceBehavior [ RunTime:0.013542s ]
INFO: [ app_end ] --END-- [ RunTime:0.014127s ]

[ 2016-12-17T18:06:07+08:00 ] ::1 /blog/index.php/Home/User/user.html
INFO: [ app_init ] --START--
INFO: Run Behavior\BuildLiteBehavior [ RunTime:0.000160s ]
INFO: [ app_init ] --END-- [ RunTime:0.015392s ]
INFO: [ app_begin ] --START--
INFO: Run Behavior\ReadHtmlCacheBehavior [ RunTime:0.019662s ]
INFO: [ app_begin ] --END-- [ RunTime:0.020637s ]
SQL: SHOW COLUMNS FROM `tp_user` [ RunTime:0.1482s ]
SQL: SELECT * FROM `tp_user` WHERE `username` = '1413332'  [ RunTime:0.0015s ]
INFO: [ view_parse ] --START--
INFO: [ template_filter ] --START--
INFO: Run Behavior\ContentReplaceBehavior [ RunTime:0.000467s ]
INFO: [ template_filter ] --END-- [ RunTime:0.000882s ]
INFO: Run Behavior\ParseTemplateBehavior [ RunTime:0.135730s ]
INFO: [ view_parse ] --END-- [ RunTime:0.136330s ]
INFO: [ view_filter ] --START--
INFO: Run Behavior\WriteHtmlCacheBehavior [ RunTime:0.009436s ]
INFO: [ view_filter ] --END-- [ RunTime:0.009998s ]
INFO: [ app_end ] --START--
INFO: Run Behavior\ShowPageTraceBehavior [ RunTime:0.011269s ]
INFO: [ app_end ] --END-- [ RunTime:0.011766s ]

[ 2016-12-17T21:08:27+08:00 ] ::1 /blog/
INFO: [ app_init ] --START--
INFO: Run Behavior\BuildLiteBehavior [ RunTime:0.000238s ]
INFO: [ app_init ] --END-- [ RunTime:0.071672s ]
INFO: [ app_begin ] --START--
INFO: Run Behavior\ReadHtmlCacheBehavior [ RunTime:0.023688s ]
INFO: [ app_begin ] --END-- [ RunTime:0.024500s ]
SQL: SHOW COLUMNS FROM `tp_knowledge` [ RunTime:0.1929s ]
SQL: SELECT * FROM `tp_knowledge` WHERE `typeid` = 1 ORDER BY publishtime desc LIMIT 1   [ RunTime:0.0047s ]
SQL: SELECT * FROM `tp_knowledge` WHERE `typeid` = 3 ORDER BY publishtime desc LIMIT 1   [ RunTime:0.0011s ]
SQL: SHOW COLUMNS FROM `tp_img` [ RunTime:0.1291s ]
SQL: SELECT * FROM `tp_img` ORDER BY publishtime desc LIMIT 3   [ RunTime:0.0011s ]
INFO: [ view_parse ] --START--
INFO: [ template_filter ] --START--
INFO: Run Behavior\ContentReplaceBehavior [ RunTime:0.001111s ]
INFO: [ template_filter ] --END-- [ RunTime:0.001572s ]
NOTIC: [8] Undefined index: username F:\wamp\wamp\www\blog\Application\Runtime\Cache\Home\2a94b8bda04ff446dcedd42276fc99ee.php 第 113 行.
NOTIC: [8] Undefined index: username F:\wamp\wamp\www\blog\Application\Runtime\Cache\Home\2a94b8bda04ff446dcedd42276fc99ee.php 第 116 行.
INFO: Run Behavior\ParseTemplateBehavior [ RunTime:0.263404s ]
INFO: [ view_parse ] --END-- [ RunTime:0.263978s ]
INFO: [ view_filter ] --START--
INFO: Run Behavior\WriteHtmlCacheBehavior [ RunTime:0.031062s ]
INFO: [ view_filter ] --END-- [ RunTime:0.031592s ]
INFO: [ app_end ] --START--
INFO: Run Behavior\ShowPageTraceBehavior [ RunTime:0.020040s ]
INFO: [ app_end ] --END-- [ RunTime:0.020486s ]

[ 2016-12-17T21:08:32+08:00 ] ::1 /blog/index.php/Home/Index/index.html
INFO: [ app_init ] --START--
INFO: Run Behavior\BuildLiteBehavior [ RunTime:0.000163s ]
INFO: [ app_init ] --END-- [ RunTime:0.007529s ]
INFO: [ app_begin ] --START--
INFO: Run Behavior\ReadHtmlCacheBehavior [ RunTime:0.011960s ]
INFO: [ app_begin ] --END-- [ RunTime:0.012614s ]
SQL: SHOW COLUMNS FROM `tp_knowledge` [ RunTime:0.1942s ]
SQL: SELECT * FROM `tp_knowledge` WHERE `typeid` = 1 ORDER BY publishtime desc LIMIT 1   [ RunTime:0.0015s ]
SQL: SELECT * FROM `tp_knowledge` WHERE `typeid` = 3 ORDER BY publishtime desc LIMIT 1   [ RunTime:0.0013s ]
SQL: SHOW COLUMNS FROM `tp_img` [ RunTime:0.1350s ]
SQL: SELECT * FROM `tp_img` ORDER BY publishtime desc LIMIT 3   [ RunTime:0.0015s ]
INFO: [ view_parse ] --START--
INFO: [ template_filter ] --START--
INFO: Run Behavior\ContentReplaceBehavior [ RunTime:0.000801s ]
INFO: [ template_filter ] --END-- [ RunTime:0.001616s ]
NOTIC: [8] Undefined index: username F:\wamp\wamp\www\blog\Application\Runtime\Cache\Home\2a94b8bda04ff446dcedd42276fc99ee.php 第 113 行.
NOTIC: [8] Undefined index: username F:\wamp\wamp\www\blog\Application\Runtime\Cache\Home\2a94b8bda04ff446dcedd42276fc99ee.php 第 116 行.
INFO: Run Behavior\ParseTemplateBehavior [ RunTime:0.144497s ]
INFO: [ view_parse ] --END-- [ RunTime:0.145218s ]
INFO: [ view_filter ] --START--
INFO: Run Behavior\WriteHtmlCacheBehavior [ RunTime:0.010491s ]
INFO: [ view_filter ] --END-- [ RunTime:0.011391s ]
INFO: [ app_end ] --START--
INFO: Run Behavior\ShowPageTraceBehavior [ RunTime:0.013724s ]
INFO: [ app_end ] --END-- [ RunTime:0.014473s ]

[ 2016-12-17T22:27:15+08:00 ] ::1 /blog/index.php/Home/Index/index.html
INFO: [ app_init ] --START--
INFO: Run Behavior\BuildLiteBehavior [ RunTime:0.000148s ]
INFO: [ app_init ] --END-- [ RunTime:0.014164s ]
INFO: [ app_begin ] --START--
INFO: Run Behavior\ReadHtmlCacheBehavior [ RunTime:0.016808s ]
INFO: [ app_begin ] --END-- [ RunTime:0.017451s ]
SQL: SHOW COLUMNS FROM `tp_knowledge` [ RunTime:0.1594s ]
SQL: SELECT * FROM `tp_knowledge` WHERE `typeid` = 1 ORDER BY publishtime desc LIMIT 1   [ RunTime:0.0017s ]
SQL: SELECT * FROM `tp_knowledge` WHERE `typeid` = 3 ORDER BY publishtime desc LIMIT 1   [ RunTime:0.0016s ]
SQL: SHOW COLUMNS FROM `tp_img` [ RunTime:0.1714s ]
SQL: SELECT * FROM `tp_img` ORDER BY publishtime desc LIMIT 3   [ RunTime:0.0011s ]
INFO: [ view_parse ] --START--
INFO: [ template_filter ] --START--
INFO: Run Behavior\ContentReplaceBehavior [ RunTime:0.000430s ]
INFO: [ template_filter ] --END-- [ RunTime:0.000839s ]
NOTIC: [8] Undefined index: username F:\wamp\wamp\www\blog\Application\Runtime\Cache\Home\2a94b8bda04ff446dcedd42276fc99ee.php 第 113 行.
NOTIC: [8] Undefined index: username F:\wamp\wamp\www\blog\Application\Runtime\Cache\Home\2a94b8bda04ff446dcedd42276fc99ee.php 第 116 行.
INFO: Run Behavior\ParseTemplateBehavior [ RunTime:0.123850s ]
INFO: [ view_parse ] --END-- [ RunTime:0.124265s ]
INFO: [ view_filter ] --START--
INFO: Run Behavior\WriteHtmlCacheBehavior [ RunTime:0.012640s ]
INFO: [ view_filter ] --END-- [ RunTime:0.013044s ]
INFO: [ app_end ] --START--
INFO: Run Behavior\ShowPageTraceBehavior [ RunTime:0.013565s ]
INFO: [ app_end ] --END-- [ RunTime:0.014077s ]

[ 2016-12-17T22:27:20+08:00 ] ::1 /blog/index.php/Home/Blog/index.html
INFO: [ app_init ] --START--
INFO: Run Behavior\BuildLiteBehavior [ RunTime:0.000094s ]
INFO: [ app_init ] --END-- [ RunTime:0.011112s ]
INFO: [ app_begin ] --START--
INFO: Run Behavior\ReadHtmlCacheBehavior [ RunTime:0.016278s ]
INFO: [ app_begin ] --END-- [ RunTime:0.016765s ]
NOTIC: [8] Undefined index: id F:\wamp\wamp\www\blog\Application\Home\Controller\BlogController.class.php 第 8 行.
SQL: SHOW COLUMNS FROM `tp_filetype` [ RunTime:0.1962s ]
SQL: SELECT * FROM `tp_filetype`  [ RunTime:0.0012s ]
SQL: SHOW COLUMNS FROM `tp_knowledge` [ RunTime:0.2010s ]
NOTIC: [8] Undefined index: id F:\wamp\wamp\www\blog\Application\Home\Controller\BlogController.class.php 第 16 行.
SQL: SELECT COUNT(*) AS tp_count FROM `tp_knowledge` LIMIT 1   [ RunTime:0.0010s ]
SQL: SELECT * FROM `tp_knowledge` LIMIT 0,6   [ RunTime:0.0016s ]
INFO: [ view_parse ] --START--
INFO: [ template_filter ] --START--
INFO: Run Behavior\ContentReplaceBehavior [ RunTime:0.000336s ]
INFO: [ template_filter ] --END-- [ RunTime:0.000742s ]
INFO: Run Behavior\ParseTemplateBehavior [ RunTime:0.119655s ]
INFO: [ view_parse ] --END-- [ RunTime:0.120117s ]
INFO: [ view_filter ] --START--
INFO: Run Behavior\WriteHtmlCacheBehavior [ RunTime:0.012526s ]
INFO: [ view_filter ] --END-- [ RunTime:0.012944s ]
INFO: [ app_end ] --START--
INFO: Run Behavior\ShowPageTraceBehavior [ RunTime:0.017170s ]
INFO: [ app_end ] --END-- [ RunTime:0.017841s ]

[ 2016-12-17T22:27:25+08:00 ] ::1 /blog/index.php/Home/Blog/index.html?id=
INFO: [ app_init ] --START--
INFO: Run Behavior\BuildLiteBehavior [ RunTime:0.000090s ]
INFO: [ app_init ] --END-- [ RunTime:0.008697s ]
INFO: [ app_begin ] --START--
INFO: Run Behavior\ReadHtmlCacheBehavior [ RunTime:0.010911s ]
INFO: [ app_begin ] --END-- [ RunTime:0.011391s ]
SQL: SHOW COLUMNS FROM `tp_filetype` [ RunTime:0.1072s ]
SQL: SELECT * FROM `tp_filetype`  [ RunTime:0.0010s ]
SQL: SHOW COLUMNS FROM `tp_knowledge` [ RunTime:0.1234s ]
SQL: SELECT COUNT(*) AS tp_count FROM `tp_knowledge` LIMIT 1   [ RunTime:0.0010s ]
SQL: SELECT * FROM `tp_knowledge` LIMIT 0,6   [ RunTime:0.0018s ]
INFO: [ view_parse ] --START--
INFO: [ template_filter ] --START--
INFO: Run Behavior\ContentReplaceBehavior [ RunTime:0.000345s ]
INFO: [ template_filter ] --END-- [ RunTime:0.000768s ]
INFO: Run Behavior\ParseTemplateBehavior [ RunTime:0.112854s ]
INFO: [ view_parse ] --END-- [ RunTime:0.113298s ]
INFO: [ view_filter ] --START--
INFO: Run Behavior\WriteHtmlCacheBehavior [ RunTime:0.012528s ]
INFO: [ view_filter ] --END-- [ RunTime:0.012928s ]
INFO: [ app_end ] --START--
INFO: Run Behavior\ShowPageTraceBehavior [ RunTime:0.017450s ]
INFO: [ app_end ] --END-- [ RunTime:0.018284s ]

[ 2016-12-17T22:27:28+08:00 ] ::1 /blog/index.php/Home/Blog/index.html?id=1
INFO: [ app_init ] --START--
INFO: Run Behavior\BuildLiteBehavior [ RunTime:0.000117s ]
INFO: [ app_init ] --END-- [ RunTime:0.009348s ]
INFO: [ app_begin ] --START--
INFO: Run Behavior\ReadHtmlCacheBehavior [ RunTime:0.014476s ]
INFO: [ app_begin ] --END-- [ RunTime:0.014976s ]
SQL: SHOW COLUMNS FROM `tp_filetype` [ RunTime:0.1494s ]
SQL: SELECT * FROM `tp_filetype`  [ RunTime:0.0010s ]
SQL: SHOW COLUMNS FROM `tp_knowledge` [ RunTime:0.1032s ]
SQL: SELECT COUNT(*) AS tp_count FROM `tp_knowledge` WHERE ( typeid=1 ) LIMIT 1   [ RunTime:0.0012s ]
SQL: SELECT * FROM `tp_knowledge` WHERE ( typeid=1 ) LIMIT 0,6   [ RunTime:0.0022s ]
INFO: [ view_parse ] --START--
INFO: [ template_filter ] --START--
INFO: Run Behavior\ContentReplaceBehavior [ RunTime:0.000713s ]
INFO: [ template_filter ] --END-- [ RunTime:0.001618s ]
INFO: Run Behavior\ParseTemplateBehavior [ RunTime:0.130662s ]
INFO: [ view_parse ] --END-- [ RunTime:0.131142s ]
INFO: [ view_filter ] --START--
INFO: Run Behavior\WriteHtmlCacheBehavior [ RunTime:0.011765s ]
INFO: [ view_filter ] --END-- [ RunTime:0.012180s ]
INFO: [ app_end ] --START--
INFO: Run Behavior\ShowPageTraceBehavior [ RunTime:0.017961s ]
INFO: [ app_end ] --END-- [ RunTime:0.018771s ]

[ 2016-12-17T22:27:39+08:00 ] ::1 /blog/index.php/Home/Blog/files.html?id=1
INFO: [ app_init ] --START--
INFO: Run Behavior\BuildLiteBehavior [ RunTime:0.000101s ]
INFO: [ app_init ] --END-- [ RunTime:0.009459s ]
INFO: [ app_begin ] --START--
INFO: Run Behavior\ReadHtmlCacheBehavior [ RunTime:0.014003s ]
INFO: [ app_begin ] --END-- [ RunTime:0.014971s ]
SQL: SHOW COLUMNS FROM `tp_knowledge` [ RunTime:0.1166s ]
SQL: SELECT * FROM `tp_knowledge` WHERE ( id=1 )  [ RunTime:0.0016s ]
SQL: SHOW COLUMNS FROM `tp_knowledgecount` [ RunTime:0.1810s ]
SQL: SELECT `read` FROM `tp_knowledgecount` WHERE ( fid=1 ) LIMIT 1   [ RunTime:0.0012s ]
SQL: UPDATE `tp_knowledgecount` SET `read`='37' WHERE ( fid=1 ) [ RunTime:0.0586s ]
SQL: SHOW COLUMNS FROM `tp_pinglun` [ RunTime:0.1692s ]
SQL: SELECT COUNT(*) AS tp_count FROM `tp_pinglun` `pinglun`,`tp_user` `user` WHERE ( pinglun.uid=user.uid and pinglun.filed=1 ) LIMIT 1   [ RunTime:0.0012s ]
SQL: SHOW COLUMNS FROM `tp_pinglun` [ RunTime:0.1172s ]
SQL: SELECT pinglun.*,user.user_img FROM `tp_pinglun` `pinglun`,`tp_user` `user` WHERE ( pinglun.uid=user.uid and pinglun.filed=1 ) LIMIT 0,2   [ RunTime:0.0012s ]
SQL: SELECT `comment` FROM `tp_knowledgecount` WHERE `read` = 37 AND `fid` = 1 LIMIT 1   [ RunTime:0.0009s ]
INFO: [ view_parse ] --START--
INFO: [ template_filter ] --START--
INFO: Run Behavior\ContentReplaceBehavior [ RunTime:0.000388s ]
INFO: [ template_filter ] --END-- [ RunTime:0.000830s ]
NOTIC: [8] Undefined index: username F:\wamp\wamp\www\blog\Application\Runtime\Cache\Home\7a5733138f52fda130adaf1477d8b0e1.php 第 175 行.
INFO: Run Behavior\ParseTemplateBehavior [ RunTime:0.130813s ]
INFO: [ view_parse ] --END-- [ RunTime:0.131267s ]
INFO: [ view_filter ] --START--
INFO: Run Behavior\WriteHtmlCacheBehavior [ RunTime:0.009173s ]
INFO: [ view_filter ] --END-- [ RunTime:0.009582s ]
INFO: [ app_end ] --START--
INFO: Run Behavior\ShowPageTraceBehavior [ RunTime:0.012774s ]
INFO: [ app_end ] --END-- [ RunTime:0.013210s ]

[ 2016-12-17T22:27:52+08:00 ] ::1 /blog/index.php/Home/Blog/zan.html
INFO: [ app_init ] --START--
INFO: Run Behavior\BuildLiteBehavior [ RunTime:0.000093s ]
INFO: [ app_init ] --END-- [ RunTime:0.008338s ]
INFO: [ app_begin ] --START--
INFO: Run Behavior\ReadHtmlCacheBehavior [ RunTime:0.009754s ]
INFO: [ app_begin ] --END-- [ RunTime:0.010183s ]
SQL: SHOW COLUMNS FROM `tp_knowledgecount` [ RunTime:0.2605s ]
SQL: SELECT `thumb` FROM `tp_knowledgecount` WHERE ( fid=1 ) LIMIT 1   [ RunTime:0.0012s ]
SQL: UPDATE `tp_knowledgecount` SET `thumb`='7' WHERE ( fid=1 ) [ RunTime:0.0830s ]

[ 2016-12-17T22:27:57+08:00 ] ::1 /blog/index.php/Home/Blog/files/id/1/p/2.html
INFO: [ app_init ] --START--
INFO: Run Behavior\BuildLiteBehavior [ RunTime:0.000098s ]
INFO: [ app_init ] --END-- [ RunTime:0.017316s ]
INFO: [ app_begin ] --START--
INFO: Run Behavior\ReadHtmlCacheBehavior [ RunTime:0.016451s ]
INFO: [ app_begin ] --END-- [ RunTime:0.016942s ]
SQL: SHOW COLUMNS FROM `tp_knowledge` [ RunTime:0.1541s ]
SQL: SELECT * FROM `tp_knowledge` WHERE ( id=1 )  [ RunTime:0.0015s ]
SQL: SHOW COLUMNS FROM `tp_knowledgecount` [ RunTime:0.1850s ]
SQL: SELECT `read` FROM `tp_knowledgecount` WHERE ( fid=1 ) LIMIT 1   [ RunTime:0.0010s ]
SQL: UPDATE `tp_knowledgecount` SET `read`='38' WHERE ( fid=1 ) [ RunTime:0.1142s ]
SQL: SHOW COLUMNS FROM `tp_pinglun` [ RunTime:0.1847s ]
SQL: SELECT COUNT(*) AS tp_count FROM `tp_pinglun` `pinglun`,`tp_user` `user` WHERE ( pinglun.uid=user.uid and pinglun.filed=1 ) LIMIT 1   [ RunTime:0.0011s ]
SQL: SHOW COLUMNS FROM `tp_pinglun` [ RunTime:0.1887s ]
SQL: SELECT pinglun.*,user.user_img FROM `tp_pinglun` `pinglun`,`tp_user` `user` WHERE ( pinglun.uid=user.uid and pinglun.filed=1 ) LIMIT 2,2   [ RunTime:0.0012s ]
SQL: SELECT `comment` FROM `tp_knowledgecount` WHERE `read` = 38 AND `fid` = 1 LIMIT 1   [ RunTime:0.0009s ]
INFO: [ view_parse ] --START--
INFO: [ template_filter ] --START--
INFO: Run Behavior\ContentReplaceBehavior [ RunTime:0.000429s ]
INFO: [ template_filter ] --END-- [ RunTime:0.000860s ]
NOTIC: [8] Undefined index: username F:\wamp\wamp\www\blog\Application\Runtime\Cache\Home\7a5733138f52fda130adaf1477d8b0e1.php 第 175 行.
INFO: Run Behavior\ParseTemplateBehavior [ RunTime:0.113351s ]
INFO: [ view_parse ] --END-- [ RunTime:0.113839s ]
INFO: [ view_filter ] --START--
INFO: Run Behavior\WriteHtmlCacheBehavior [ RunTime:0.013835s ]
INFO: [ view_filter ] --END-- [ RunTime:0.014258s ]
INFO: [ app_end ] --START--
INFO: Run Behavior\ShowPageTraceBehavior [ RunTime:0.016480s ]
INFO: [ app_end ] --END-- [ RunTime:0.016933s ]

[ 2016-12-17T23:25:25+08:00 ] ::1 /blog/
INFO: [ app_init ] --START--
INFO: Run Behavior\BuildLiteBehavior [ RunTime:0.000093s ]
INFO: [ app_init ] --END-- [ RunTime:0.035453s ]
INFO: [ app_begin ] --START--
INFO: Run Behavior\ReadHtmlCacheBehavior [ RunTime:0.015935s ]
INFO: [ app_begin ] --END-- [ RunTime:0.016513s ]
SQL: SHOW COLUMNS FROM `tp_knowledge` [ RunTime:0.1415s ]
SQL: SELECT * FROM `tp_knowledge` WHERE `typeid` = 1 ORDER BY publishtime desc LIMIT 1   [ RunTime:0.0017s ]
SQL: SELECT * FROM `tp_knowledge` WHERE `typeid` = 3 ORDER BY publishtime desc LIMIT 1   [ RunTime:0.0012s ]
SQL: SHOW COLUMNS FROM `tp_img` [ RunTime:0.1097s ]
SQL: SELECT * FROM `tp_img` ORDER BY publishtime desc LIMIT 3   [ RunTime:0.0011s ]
INFO: [ view_parse ] --START--
INFO: [ template_filter ] --START--
INFO: Run Behavior\ContentReplaceBehavior [ RunTime:0.000433s ]
INFO: [ template_filter ] --END-- [ RunTime:0.000843s ]
NOTIC: [8] Undefined index: username F:\wamp\wamp\www\blog\Application\Runtime\Cache\Home\2a94b8bda04ff446dcedd42276fc99ee.php 第 113 行.
NOTIC: [8] Undefined index: username F:\wamp\wamp\www\blog\Application\Runtime\Cache\Home\2a94b8bda04ff446dcedd42276fc99ee.php 第 116 行.
INFO: Run Behavior\ParseTemplateBehavior [ RunTime:0.147118s ]
INFO: [ view_parse ] --END-- [ RunTime:0.147599s ]
INFO: [ view_filter ] --START--
INFO: Run Behavior\WriteHtmlCacheBehavior [ RunTime:0.032845s ]
INFO: [ view_filter ] --END-- [ RunTime:0.033257s ]
INFO: [ app_end ] --START--
INFO: Run Behavior\ShowPageTraceBehavior [ RunTime:0.019026s ]
INFO: [ app_end ] --END-- [ RunTime:0.019574s ]

[ 2016-12-17T23:25:28+08:00 ] ::1 /blog/index.php/Home/login/login.html
INFO: [ app_init ] --START--
INFO: Run Behavior\BuildLiteBehavior [ RunTime:0.000098s ]
INFO: [ app_init ] --END-- [ RunTime:0.013677s ]
INFO: [ app_begin ] --START--
INFO: Run Behavior\ReadHtmlCacheBehavior [ RunTime:0.013037s ]
INFO: [ app_begin ] --END-- [ RunTime:0.013542s ]
INFO: [ view_parse ] --START--
INFO: [ template_filter ] --START--
INFO: Run Behavior\ContentReplaceBehavior [ RunTime:0.000255s ]
INFO: [ template_filter ] --END-- [ RunTime:0.000682s ]
INFO: Run Behavior\ParseTemplateBehavior [ RunTime:0.063312s ]
INFO: [ view_parse ] --END-- [ RunTime:0.063749s ]
INFO: [ view_filter ] --START--
INFO: Run Behavior\WriteHtmlCacheBehavior [ RunTime:0.010302s ]
INFO: [ view_filter ] --END-- [ RunTime:0.010703s ]
INFO: [ app_end ] --START--
INFO: Run Behavior\ShowPageTraceBehavior [ RunTime:0.010613s ]
INFO: [ app_end ] --END-- [ RunTime:0.011018s ]

[ 2016-12-17T23:28:47+08:00 ] ::1 /blog/index.php/Home/login/login.html
INFO: [ app_init ] --START--
INFO: Run Behavior\BuildLiteBehavior [ RunTime:0.000096s ]
INFO: [ app_init ] --END-- [ RunTime:0.009800s ]
INFO: [ app_begin ] --START--
INFO: Run Behavior\ReadHtmlCacheBehavior [ RunTime:0.011124s ]
INFO: [ app_begin ] --END-- [ RunTime:0.011648s ]
INFO: [ view_parse ] --START--
INFO: [ template_filter ] --START--
INFO: Run Behavior\ContentReplaceBehavior [ RunTime:0.000253s ]
INFO: [ template_filter ] --END-- [ RunTime:0.000694s ]
INFO: Run Behavior\ParseTemplateBehavior [ RunTime:0.061921s ]
INFO: [ view_parse ] --END-- [ RunTime:0.062357s ]
INFO: [ view_filter ] --START--
INFO: Run Behavior\WriteHtmlCacheBehavior [ RunTime:0.011153s ]
INFO: [ view_filter ] --END-- [ RunTime:0.011563s ]
INFO: [ app_end ] --START--
INFO: Run Behavior\ShowPageTraceBehavior [ RunTime:0.010375s ]
INFO: [ app_end ] --END-- [ RunTime:0.010794s ]

[ 2016-12-17T23:29:01+08:00 ] ::1 /blog/index.php/Home/Login/register.html
INFO: [ app_init ] --START--
INFO: Run Behavior\BuildLiteBehavior [ RunTime:0.000092s ]
INFO: [ app_init ] --END-- [ RunTime:0.010404s ]
INFO: [ app_begin ] --START--
INFO: Run Behavior\ReadHtmlCacheBehavior [ RunTime:0.011327s ]
INFO: [ app_begin ] --END-- [ RunTime:0.011860s ]
INFO: [ view_parse ] --START--
INFO: [ template_filter ] --START--
INFO: Run Behavior\ContentReplaceBehavior [ RunTime:0.000289s ]
INFO: [ template_filter ] --END-- [ RunTime:0.000717s ]
INFO: Run Behavior\ParseTemplateBehavior [ RunTime:0.059316s ]
INFO: [ view_parse ] --END-- [ RunTime:0.059807s ]
INFO: [ view_filter ] --START--
INFO: Run Behavior\WriteHtmlCacheBehavior [ RunTime:0.006524s ]
INFO: [ view_filter ] --END-- [ RunTime:0.006926s ]
INFO: [ app_end ] --START--
INFO: Run Behavior\ShowPageTraceBehavior [ RunTime:0.006764s ]
INFO: [ app_end ] --END-- [ RunTime:0.007166s ]

[ 2016-12-17T23:29:16+08:00 ] ::1 /blog/index.php/Home/login/login.html
INFO: [ app_init ] --START--
INFO: Run Behavior\BuildLiteBehavior [ RunTime:0.000091s ]
INFO: [ app_init ] --END-- [ RunTime:0.010543s ]
INFO: [ app_begin ] --START--
INFO: Run Behavior\ReadHtmlCacheBehavior [ RunTime:0.011786s ]
INFO: [ app_begin ] --END-- [ RunTime:0.012263s ]
INFO: [ view_parse ] --START--
INFO: [ template_filter ] --START--
INFO: Run Behavior\ContentReplaceBehavior [ RunTime:0.000238s ]
INFO: [ template_filter ] --END-- [ RunTime:0.000651s ]
INFO: Run Behavior\ParseTemplateBehavior [ RunTime:0.058820s ]
INFO: [ view_parse ] --END-- [ RunTime:0.059401s ]
INFO: [ view_filter ] --START--
INFO: Run Behavior\WriteHtmlCacheBehavior [ RunTime:0.009391s ]
INFO: [ view_filter ] --END-- [ RunTime:0.009880s ]
INFO: [ app_end ] --START--
INFO: Run Behavior\ShowPageTraceBehavior [ RunTime:0.008608s ]
INFO: [ app_end ] --END-- [ RunTime:0.009015s ]

[ 2016-12-17T23:29:38+08:00 ] ::1 /blog/index.php/Home/login/login.html
INFO: [ app_init ] --START--
INFO: Run Behavior\BuildLiteBehavior [ RunTime:0.000098s ]
INFO: [ app_init ] --END-- [ RunTime:0.007761s ]
INFO: [ app_begin ] --START--
INFO: Run Behavior\ReadHtmlCacheBehavior [ RunTime:0.011247s ]
INFO: [ app_begin ] --END-- [ RunTime:0.011722s ]
INFO: [ view_parse ] --START--
INFO: [ template_filter ] --START--
INFO: Run Behavior\ContentReplaceBehavior [ RunTime:0.000246s ]
INFO: [ template_filter ] --END-- [ RunTime:0.000673s ]
INFO: Run Behavior\ParseTemplateBehavior [ RunTime:0.055032s ]
INFO: [ view_parse ] --END-- [ RunTime:0.055467s ]
INFO: [ view_filter ] --START--
INFO: Run Behavior\WriteHtmlCacheBehavior [ RunTime:0.007705s ]
INFO: [ view_filter ] --END-- [ RunTime:0.008115s ]
INFO: [ app_end ] --START--
INFO: Run Behavior\ShowPageTraceBehavior [ RunTime:0.008064s ]
INFO: [ app_end ] --END-- [ RunTime:0.008485s ]

[ 2016-12-17T23:29:49+08:00 ] ::1 /blog/index.php/Home/login/login.html
INFO: [ app_init ] --START--
INFO: Run Behavior\BuildLiteBehavior [ RunTime:0.000089s ]
INFO: [ app_init ] --END-- [ RunTime:0.010049s ]
INFO: [ app_begin ] --START--
INFO: Run Behavior\ReadHtmlCacheBehavior [ RunTime:0.007568s ]
INFO: [ app_begin ] --END-- [ RunTime:0.008058s ]
INFO: [ view_parse ] --START--
INFO: [ template_filter ] --START--
INFO: Run Behavior\ContentReplaceBehavior [ RunTime:0.000242s ]
INFO: [ template_filter ] --END-- [ RunTime:0.000657s ]
INFO: Run Behavior\ParseTemplateBehavior [ RunTime:0.057026s ]
INFO: [ view_parse ] --END-- [ RunTime:0.057488s ]
INFO: [ view_filter ] --START--
INFO: Run Behavior\WriteHtmlCacheBehavior [ RunTime:0.006757s ]
INFO: [ view_filter ] --END-- [ RunTime:0.007184s ]
INFO: [ app_end ] --START--
INFO: Run Behavior\ShowPageTraceBehavior [ RunTime:0.007362s ]
INFO: [ app_end ] --END-- [ RunTime:0.007767s ]

[ 2016-12-17T23:30:58+08:00 ] ::1 /blog/index.php/Home/Login/register.html
INFO: [ app_init ] --START--
INFO: Run Behavior\BuildLiteBehavior [ RunTime:0.000093s ]
INFO: [ app_init ] --END-- [ RunTime:0.006179s ]
INFO: [ app_begin ] --START--
INFO: Run Behavior\ReadHtmlCacheBehavior [ RunTime:0.006620s ]
INFO: [ app_begin ] --END-- [ RunTime:0.007097s ]
INFO: [ view_parse ] --START--
INFO: [ template_filter ] --START--
INFO: Run Behavior\ContentReplaceBehavior [ RunTime:0.000283s ]
INFO: [ template_filter ] --END-- [ RunTime:0.000699s ]
INFO: Run Behavior\ParseTemplateBehavior [ RunTime:0.068035s ]
INFO: [ view_parse ] --END-- [ RunTime:0.068460s ]
INFO: [ view_filter ] --START--
INFO: Run Behavior\WriteHtmlCacheBehavior [ RunTime:0.011670s ]
INFO: [ view_filter ] --END-- [ RunTime:0.012072s ]
INFO: [ app_end ] --START--
INFO: Run Behavior\ShowPageTraceBehavior [ RunTime:0.011773s ]
INFO: [ app_end ] --END-- [ RunTime:0.012281s ]

[ 2016-12-17T23:31:59+08:00 ] ::1 /blog/index.php/Home/Login/register.html
INFO: [ app_init ] --START--
INFO: Run Behavior\BuildLiteBehavior [ RunTime:0.000165s ]
INFO: [ app_init ] --END-- [ RunTime:0.011168s ]
INFO: [ app_begin ] --START--
INFO: Run Behavior\ReadHtmlCacheBehavior [ RunTime:0.011468s ]
INFO: [ app_begin ] --END-- [ RunTime:0.011948s ]
INFO: [ view_parse ] --START--
INFO: [ template_filter ] --START--
INFO: Run Behavior\ContentReplaceBehavior [ RunTime:0.000366s ]
INFO: [ template_filter ] --END-- [ RunTime:0.000808s ]
INFO: Run Behavior\ParseTemplateBehavior [ RunTime:0.081120s ]
INFO: [ view_parse ] --END-- [ RunTime:0.081703s ]
INFO: [ view_filter ] --START--
INFO: Run Behavior\WriteHtmlCacheBehavior [ RunTime:0.012969s ]
INFO: [ view_filter ] --END-- [ RunTime:0.013503s ]
INFO: [ app_end ] --START--
INFO: Run Behavior\ShowPageTraceBehavior [ RunTime:0.014091s ]
INFO: [ app_end ] --END-- [ RunTime:0.014528s ]

[ 2016-12-17T23:32:01+08:00 ] ::1 /blog/index.php/Home/login/login.html
INFO: [ app_init ] --START--
INFO: Run Behavior\BuildLiteBehavior [ RunTime:0.000139s ]
INFO: [ app_init ] --END-- [ RunTime:0.009112s ]
INFO: [ app_begin ] --START--
INFO: Run Behavior\ReadHtmlCacheBehavior [ RunTime:0.010749s ]
INFO: [ app_begin ] --END-- [ RunTime:0.011287s ]
INFO: [ view_parse ] --START--
INFO: [ template_filter ] --START--
INFO: Run Behavior\ContentReplaceBehavior [ RunTime:0.000242s ]
INFO: [ template_filter ] --END-- [ RunTime:0.000653s ]
INFO: Run Behavior\ParseTemplateBehavior [ RunTime:0.077742s ]
INFO: [ view_parse ] --END-- [ RunTime:0.078183s ]
INFO: [ view_filter ] --START--
INFO: Run Behavior\WriteHtmlCacheBehavior [ RunTime:0.012963s ]
INFO: [ view_filter ] --END-- [ RunTime:0.013379s ]
INFO: [ app_end ] --START--
INFO: Run Behavior\ShowPageTraceBehavior [ RunTime:0.012612s ]
INFO: [ app_end ] --END-- [ RunTime:0.013022s ]

[ 2016-12-17T23:32:02+08:00 ] ::1 /blog/index.php/Home/login/login.html
INFO: [ app_init ] --START--
INFO: Run Behavior\BuildLiteBehavior [ RunTime:0.000094s ]
INFO: [ app_init ] --END-- [ RunTime:0.009855s ]
INFO: [ app_begin ] --START--
INFO: Run Behavior\ReadHtmlCacheBehavior [ RunTime:0.009553s ]
INFO: [ app_begin ] --END-- [ RunTime:0.010099s ]
INFO: [ view_parse ] --START--
INFO: [ template_filter ] --START--
INFO: Run Behavior\ContentReplaceBehavior [ RunTime:0.000318s ]
INFO: [ template_filter ] --END-- [ RunTime:0.000789s ]
INFO: Run Behavior\ParseTemplateBehavior [ RunTime:0.081290s ]
INFO: [ view_parse ] --END-- [ RunTime:0.081729s ]
INFO: [ view_filter ] --START--
INFO: Run Behavior\WriteHtmlCacheBehavior [ RunTime:0.011435s ]
INFO: [ view_filter ] --END-- [ RunTime:0.011832s ]
INFO: [ app_end ] --START--
INFO: Run Behavior\ShowPageTraceBehavior [ RunTime:0.012101s ]
INFO: [ app_end ] --END-- [ RunTime:0.012509s ]

[ 2016-12-17T23:32:03+08:00 ] ::1 /blog/index.php/Home/login/login.html
INFO: [ app_init ] --START--
INFO: Run Behavior\BuildLiteBehavior [ RunTime:0.000090s ]
INFO: [ app_init ] --END-- [ RunTime:0.010495s ]
INFO: [ app_begin ] --START--
INFO: Run Behavior\ReadHtmlCacheBehavior [ RunTime:0.010704s ]
INFO: [ app_begin ] --END-- [ RunTime:0.011170s ]
INFO: [ view_parse ] --START--
INFO: [ template_filter ] --START--
INFO: Run Behavior\ContentReplaceBehavior [ RunTime:0.000248s ]
INFO: [ template_filter ] --END-- [ RunTime:0.000699s ]
INFO: Run Behavior\ParseTemplateBehavior [ RunTime:0.050759s ]
INFO: [ view_parse ] --END-- [ RunTime:0.051199s ]
INFO: [ view_filter ] --START--
INFO: Run Behavior\WriteHtmlCacheBehavior [ RunTime:0.010138s ]
INFO: [ view_filter ] --END-- [ RunTime:0.010569s ]
INFO: [ app_end ] --START--
INFO: Run Behavior\ShowPageTraceBehavior [ RunTime:0.009990s ]
INFO: [ app_end ] --END-- [ RunTime:0.010403s ]

[ 2016-12-17T23:32:29+08:00 ] ::1 /blog/index.php/Home/login/login.html
INFO: [ app_init ] --START--
INFO: Run Behavior\BuildLiteBehavior [ RunTime:0.000094s ]
INFO: [ app_init ] --END-- [ RunTime:0.012493s ]
INFO: [ app_begin ] --START--
INFO: Run Behavior\ReadHtmlCacheBehavior [ RunTime:0.015828s ]
INFO: [ app_begin ] --END-- [ RunTime:0.016311s ]
INFO: [ view_parse ] --START--
INFO: [ template_filter ] --START--
INFO: Run Behavior\ContentReplaceBehavior [ RunTime:0.000250s ]
INFO: [ template_filter ] --END-- [ RunTime:0.000667s ]
INFO: Run Behavior\ParseTemplateBehavior [ RunTime:0.079731s ]
INFO: [ view_parse ] --END-- [ RunTime:0.080250s ]
INFO: [ view_filter ] --START--
INFO: Run Behavior\WriteHtmlCacheBehavior [ RunTime:0.007688s ]
INFO: [ view_filter ] --END-- [ RunTime:0.008087s ]
INFO: [ app_end ] --START--
INFO: Run Behavior\ShowPageTraceBehavior [ RunTime:0.013387s ]
INFO: [ app_end ] --END-- [ RunTime:0.013838s ]

[ 2016-12-17T23:32:32+08:00 ] ::1 /blog/index.php/Home/Login/dologin.html
INFO: [ app_init ] --START--
INFO: Run Behavior\BuildLiteBehavior [ RunTime:0.000105s ]
INFO: [ app_init ] --END-- [ RunTime:0.006912s ]
INFO: [ app_begin ] --START--
INFO: Run Behavior\ReadHtmlCacheBehavior [ RunTime:0.014200s ]
INFO: [ app_begin ] --END-- [ RunTime:0.015017s ]
SQL: SHOW COLUMNS FROM `tp_user` [ RunTime:0.1795s ]
SQL: SELECT * FROM `tp_user` WHERE `username` = 'hzx' AND `userpwd` = '123456' AND `state` = 1 LIMIT 1   [ RunTime:0.0014s ]

