[ 2016-12-14T22:17:28+08:00 ] ::1 /blog/
INFO: [ app_init ] --START--
INFO: Run Behavior\BuildLiteBehavior [ RunTime:0.000097s ]
INFO: [ app_init ] --END-- [ RunTime:0.017259s ]
INFO: [ app_begin ] --START--
INFO: Run Behavior\ReadHtmlCacheBehavior [ RunTime:0.014302s ]
INFO: [ app_begin ] --END-- [ RunTime:0.014788s ]
SQL: SHOW COLUMNS FROM `tp_knowledge` [ RunTime:0.1694s ]
SQL: SELECT * FROM `tp_knowledge` WHERE `typeid` = 1 ORDER BY publishtime desc LIMIT 1   [ RunTime:0.0021s ]
SQL: SELECT * FROM `tp_knowledge` WHERE `typeid` = 3 ORDER BY publishtime desc LIMIT 1   [ RunTime:0.0019s ]
SQL: SHOW COLUMNS FROM `tp_img` [ RunTime:0.1591s ]
SQL: SELECT * FROM `tp_img` ORDER BY publishtime desc LIMIT 3   [ RunTime:0.0011s ]
INFO: [ view_parse ] --START--
INFO: [ template_filter ] --START--
INFO: Run Behavior\ContentReplaceBehavior [ RunTime:0.000529s ]
INFO: [ template_filter ] --END-- [ RunTime:0.000963s ]
NOTIC: [8] Undefined index: username F:\wamp\wamp\www\blog\Application\Runtime\Cache\Home\2a94b8bda04ff446dcedd42276fc99ee.php 第 113 行.
NOTIC: [8] Undefined index: username F:\wamp\wamp\www\blog\Application\Runtime\Cache\Home\2a94b8bda04ff446dcedd42276fc99ee.php 第 116 行.
INFO: Run Behavior\ParseTemplateBehavior [ RunTime:0.135905s ]
INFO: [ view_parse ] --END-- [ RunTime:0.136317s ]
INFO: [ view_filter ] --START--
INFO: Run Behavior\WriteHtmlCacheBehavior [ RunTime:0.023080s ]
INFO: [ view_filter ] --END-- [ RunTime:0.023533s ]
INFO: [ app_end ] --START--
INFO: Run Behavior\ShowPageTraceBehavior [ RunTime:0.017907s ]
INFO: [ app_end ] --END-- [ RunTime:0.018425s ]

[ 2016-12-14T22:17:31+08:00 ] ::1 /blog/index.php/Home/Index/index.html
INFO: [ app_init ] --START--
INFO: Run Behavior\BuildLiteBehavior [ RunTime:0.000090s ]
INFO: [ app_init ] --END-- [ RunTime:0.006384s ]
INFO: [ app_begin ] --START--
INFO: Run Behavior\ReadHtmlCacheBehavior [ RunTime:0.006608s ]
INFO: [ app_begin ] --END-- [ RunTime:0.007125s ]
SQL: SHOW COLUMNS FROM `tp_knowledge` [ RunTime:0.1220s ]
SQL: SELECT * FROM `tp_knowledge` WHERE `typeid` = 1 ORDER BY publishtime desc LIMIT 1   [ RunTime:0.0015s ]
SQL: SELECT * FROM `tp_knowledge` WHERE `typeid` = 3 ORDER BY publishtime desc LIMIT 1   [ RunTime:0.0012s ]
SQL: SHOW COLUMNS FROM `tp_img` [ RunTime:0.0834s ]
SQL: SELECT * FROM `tp_img` ORDER BY publishtime desc LIMIT 3   [ RunTime:0.0011s ]
INFO: [ view_parse ] --START--
INFO: [ template_filter ] --START--
INFO: Run Behavior\ContentReplaceBehavior [ RunTime:0.000467s ]
INFO: [ template_filter ] --END-- [ RunTime:0.000926s ]
NOTIC: [8] Undefined index: username F:\wamp\wamp\www\blog\Application\Runtime\Cache\Home\2a94b8bda04ff446dcedd42276fc99ee.php 第 113 行.
NOTIC: [8] Undefined index: username F:\wamp\wamp\www\blog\Application\Runtime\Cache\Home\2a94b8bda04ff446dcedd42276fc99ee.php 第 116 行.
INFO: Run Behavior\ParseTemplateBehavior [ RunTime:0.109574s ]
INFO: [ view_parse ] --END-- [ RunTime:0.110118s ]
INFO: [ view_filter ] --START--
INFO: Run Behavior\WriteHtmlCacheBehavior [ RunTime:0.012009s ]
INFO: [ view_filter ] --END-- [ RunTime:0.012563s ]
INFO: [ app_end ] --START--
INFO: Run Behavior\ShowPageTraceBehavior [ RunTime:0.012130s ]
INFO: [ app_end ] --END-- [ RunTime:0.012672s ]

[ 2016-12-14T22:28:56+08:00 ] ::1 /blog/
INFO: [ app_init ] --START--
INFO: Run Behavior\BuildLiteBehavior [ RunTime:0.000107s ]
INFO: [ app_init ] --END-- [ RunTime:0.032415s ]
INFO: [ app_begin ] --START--
INFO: Run Behavior\ReadHtmlCacheBehavior [ RunTime:0.011580s ]
INFO: [ app_begin ] --END-- [ RunTime:0.012156s ]
SQL: SHOW COLUMNS FROM `tp_knowledge` [ RunTime:0.1809s ]
SQL: SELECT * FROM `tp_knowledge` WHERE `typeid` = 1 ORDER BY publishtime desc LIMIT 1   [ RunTime:0.0067s ]
SQL: SELECT * FROM `tp_knowledge` WHERE `typeid` = 3 ORDER BY publishtime desc LIMIT 1   [ RunTime:0.0013s ]
SQL: SHOW COLUMNS FROM `tp_img` [ RunTime:0.1710s ]
SQL: SELECT * FROM `tp_img` ORDER BY publishtime desc LIMIT 3   [ RunTime:0.0010s ]
INFO: [ view_parse ] --START--
INFO: [ template_filter ] --START--
INFO: Run Behavior\ContentReplaceBehavior [ RunTime:0.000353s ]
INFO: [ template_filter ] --END-- [ RunTime:0.007602s ]
NOTIC: [8] Undefined index: username F:\wamp\wamp\www\blog\Application\Runtime\Cache\Home\2a94b8bda04ff446dcedd42276fc99ee.php 第 113 行.
NOTIC: [8] Undefined index: username F:\wamp\wamp\www\blog\Application\Runtime\Cache\Home\2a94b8bda04ff446dcedd42276fc99ee.php 第 116 行.
INFO: Run Behavior\ParseTemplateBehavior [ RunTime:0.138184s ]
INFO: [ view_parse ] --END-- [ RunTime:0.139357s ]
INFO: [ view_filter ] --START--
INFO: Run Behavior\WriteHtmlCacheBehavior [ RunTime:0.014371s ]
INFO: [ view_filter ] --END-- [ RunTime:0.014910s ]
INFO: [ app_end ] --START--
INFO: Run Behavior\ShowPageTraceBehavior [ RunTime:0.021926s ]
INFO: [ app_end ] --END-- [ RunTime:0.022459s ]

[ 2016-12-14T22:32:58+08:00 ] ::1 /blog/
INFO: [ app_init ] --START--
INFO: Run Behavior\BuildLiteBehavior [ RunTime:0.000094s ]
INFO: [ app_init ] --END-- [ RunTime:0.008833s ]
INFO: [ app_begin ] --START--
INFO: Run Behavior\ReadHtmlCacheBehavior [ RunTime:0.012430s ]
INFO: [ app_begin ] --END-- [ RunTime:0.013210s ]
SQL: SHOW COLUMNS FROM `tp_knowledge` [ RunTime:0.1985s ]
SQL: SELECT * FROM `tp_knowledge` WHERE `typeid` = 1 ORDER BY publishtime desc LIMIT 1   [ RunTime:0.0020s ]
SQL: SELECT * FROM `tp_knowledge` WHERE `typeid` = 3 ORDER BY publishtime desc LIMIT 1   [ RunTime:0.0050s ]
SQL: SHOW COLUMNS FROM `tp_img` [ RunTime:0.1311s ]
SQL: SELECT * FROM `tp_img` ORDER BY publishtime desc LIMIT 3   [ RunTime:0.0026s ]
INFO: [ view_parse ] --START--
INFO: [ template_filter ] --START--
INFO: Run Behavior\ContentReplaceBehavior [ RunTime:0.000719s ]
INFO: [ template_filter ] --END-- [ RunTime:0.001378s ]
NOTIC: [8] Undefined index: username F:\wamp\wamp\www\blog\Application\Runtime\Cache\Home\2a94b8bda04ff446dcedd42276fc99ee.php 第 113 行.
NOTIC: [8] Undefined index: username F:\wamp\wamp\www\blog\Application\Runtime\Cache\Home\2a94b8bda04ff446dcedd42276fc99ee.php 第 116 行.
INFO: Run Behavior\ParseTemplateBehavior [ RunTime:0.175594s ]
INFO: [ view_parse ] --END-- [ RunTime:0.176185s ]
INFO: [ view_filter ] --START--
INFO: Run Behavior\WriteHtmlCacheBehavior [ RunTime:0.013465s ]
INFO: [ view_filter ] --END-- [ RunTime:0.014204s ]
INFO: [ app_end ] --START--
INFO: Run Behavior\ShowPageTraceBehavior [ RunTime:0.032171s ]
INFO: [ app_end ] --END-- [ RunTime:0.032918s ]

[ 2016-12-14T22:33:11+08:00 ] ::1 /blog/index.php/Home/login/login.html
INFO: [ app_init ] --START--
INFO: Run Behavior\BuildLiteBehavior [ RunTime:0.000134s ]
INFO: [ app_init ] --END-- [ RunTime:0.012044s ]
INFO: [ app_begin ] --START--
INFO: Run Behavior\ReadHtmlCacheBehavior [ RunTime:0.010873s ]
INFO: [ app_begin ] --END-- [ RunTime:0.011658s ]
INFO: [ view_parse ] --START--
INFO: [ template_filter ] --START--
INFO: Run Behavior\ContentReplaceBehavior [ RunTime:0.000249s ]
INFO: [ template_filter ] --END-- [ RunTime:0.000679s ]
INFO: Run Behavior\ParseTemplateBehavior [ RunTime:0.117153s ]
INFO: [ view_parse ] --END-- [ RunTime:0.118242s ]
INFO: [ view_filter ] --START--
INFO: Run Behavior\WriteHtmlCacheBehavior [ RunTime:0.009653s ]
INFO: [ view_filter ] --END-- [ RunTime:0.010113s ]
INFO: [ app_end ] --START--
INFO: Run Behavior\ShowPageTraceBehavior [ RunTime:0.014050s ]
INFO: [ app_end ] --END-- [ RunTime:0.014629s ]

[ 2016-12-14T22:33:19+08:00 ] ::1 /blog/index.php/Home/Login/dologin.html
INFO: [ app_init ] --START--
INFO: Run Behavior\BuildLiteBehavior [ RunTime:0.000094s ]
INFO: [ app_init ] --END-- [ RunTime:0.004566s ]
INFO: [ app_begin ] --START--
INFO: Run Behavior\ReadHtmlCacheBehavior [ RunTime:0.014784s ]
INFO: [ app_begin ] --END-- [ RunTime:0.015574s ]
SQL: SHOW COLUMNS FROM `tp_user` [ RunTime:0.1593s ]
SQL: SELECT * FROM `tp_user` WHERE `username` = '1413333' AND `userpwd` = '123456' AND `state` = 1 LIMIT 1   [ RunTime:0.0031s ]
SQL: UPDATE `tp_user` SET `lasttime`='2016-12-14 22:33:19' WHERE `username` = '1413333' [ RunTime:0.0476s ]

[ 2016-12-14T22:33:20+08:00 ] ::1 /blog/index.php/Home/Index/index.html
INFO: [ app_init ] --START--
INFO: Run Behavior\BuildLiteBehavior [ RunTime:0.000097s ]
INFO: [ app_init ] --END-- [ RunTime:0.012437s ]
INFO: [ app_begin ] --START--
INFO: Run Behavior\ReadHtmlCacheBehavior [ RunTime:0.012534s ]
INFO: [ app_begin ] --END-- [ RunTime:0.013432s ]
SQL: SHOW COLUMNS FROM `tp_knowledge` [ RunTime:0.1021s ]
SQL: SELECT * FROM `tp_knowledge` WHERE `typeid` = 1 ORDER BY publishtime desc LIMIT 1   [ RunTime:0.0015s ]
SQL: SELECT * FROM `tp_knowledge` WHERE `typeid` = 3 ORDER BY publishtime desc LIMIT 1   [ RunTime:0.0011s ]
SQL: SHOW COLUMNS FROM `tp_img` [ RunTime:0.1297s ]
SQL: SELECT * FROM `tp_img` ORDER BY publishtime desc LIMIT 3   [ RunTime:0.0013s ]
INFO: [ view_parse ] --START--
INFO: [ template_filter ] --START--
INFO: Run Behavior\ContentReplaceBehavior [ RunTime:0.000717s ]
INFO: [ template_filter ] --END-- [ RunTime:0.001413s ]
INFO: Run Behavior\ParseTemplateBehavior [ RunTime:0.140574s ]
INFO: [ view_parse ] --END-- [ RunTime:0.141102s ]
INFO: [ view_filter ] --START--
INFO: Run Behavior\WriteHtmlCacheBehavior [ RunTime:0.006246s ]
INFO: [ view_filter ] --END-- [ RunTime:0.006642s ]
INFO: [ app_end ] --START--
INFO: Run Behavior\ShowPageTraceBehavior [ RunTime:0.017051s ]
INFO: [ app_end ] --END-- [ RunTime:0.019217s ]

[ 2016-12-14T22:33:31+08:00 ] ::1 /blog/index.php/Home/Reader/reader.html
INFO: [ app_init ] --START--
INFO: Run Behavior\BuildLiteBehavior [ RunTime:0.000173s ]
INFO: [ app_init ] --END-- [ RunTime:0.008767s ]
INFO: [ app_begin ] --START--
INFO: Run Behavior\ReadHtmlCacheBehavior [ RunTime:0.009936s ]
INFO: [ app_begin ] --END-- [ RunTime:0.010672s ]
SQL: SHOW COLUMNS FROM `tp_usermessage` [ RunTime:0.2520s ]
SQL: SELECT COUNT(*) AS tp_count FROM tp_usermessage a INNER JOIN tp_user b ON b.uid= a.uid  ORDER BY id desc LIMIT 1   [ RunTime:0.0017s ]
SQL: SELECT * FROM tp_usermessage a INNER JOIN tp_user b ON b.uid= a.uid  ORDER BY id desc LIMIT 0,2   [ RunTime:0.0078s ]
INFO: [ view_parse ] --START--
INFO: [ template_filter ] --START--
INFO: Run Behavior\ContentReplaceBehavior [ RunTime:0.000970s ]
INFO: [ template_filter ] --END-- [ RunTime:0.001577s ]
INFO: Run Behavior\ParseTemplateBehavior [ RunTime:0.151741s ]
INFO: [ view_parse ] --END-- [ RunTime:0.152575s ]
INFO: [ view_filter ] --START--
INFO: Run Behavior\WriteHtmlCacheBehavior [ RunTime:0.010496s ]
INFO: [ view_filter ] --END-- [ RunTime:0.010905s ]
INFO: [ app_end ] --START--
INFO: Run Behavior\ShowPageTraceBehavior [ RunTime:0.015035s ]
INFO: [ app_end ] --END-- [ RunTime:0.015608s ]

[ 2016-12-14T22:33:57+08:00 ] ::1 /blog/index.php/Home/Reader/index.html?id=4
INFO: [ app_init ] --START--
INFO: Run Behavior\BuildLiteBehavior [ RunTime:0.000150s ]
INFO: [ app_init ] --END-- [ RunTime:0.017665s ]
INFO: [ app_begin ] --START--
INFO: Run Behavior\ReadHtmlCacheBehavior [ RunTime:0.020871s ]
INFO: [ app_begin ] --END-- [ RunTime:0.021689s ]
SQL: SHOW COLUMNS FROM `tp_usermessage` [ RunTime:0.1015s ]
SQL: SELECT * FROM tp_usermessage a INNER JOIN tp_user b ON b.uid= a.uid  WHERE ( a.id=4 )  [ RunTime:0.0024s ]
SQL: SHOW COLUMNS FROM `tp_userremessage` [ RunTime:0.1711s ]
SQL: SELECT COUNT(*) AS tp_count FROM tp_userremessage c INNER JOIN tp_user d ON d.uid= c.reuid  WHERE ( c.mid=4 ) LIMIT 1   [ RunTime:0.0013s ]
SQL: SELECT * FROM tp_userremessage c INNER JOIN tp_user d ON d.uid= c.reuid  WHERE ( c.mid=4 ) LIMIT 0,5   [ RunTime:0.0017s ]
INFO: [ view_parse ] --START--
INFO: [ template_filter ] --START--
INFO: Run Behavior\ContentReplaceBehavior [ RunTime:0.000833s ]
INFO: [ template_filter ] --END-- [ RunTime:0.001602s ]
NOTIC: [8] Undefined index: author F:\wamp\wamp\www\blog\Application\Runtime\Cache\Home\2c9885fcdc54f4ca116833d3e4b7a4c2.php 第 118 行.
NOTIC: [8] Undefined variable: fiid F:\wamp\wamp\www\blog\Application\Runtime\Cache\Home\2c9885fcdc54f4ca116833d3e4b7a4c2.php 第 146 行.
INFO: Run Behavior\ParseTemplateBehavior [ RunTime:0.168360s ]
INFO: [ view_parse ] --END-- [ RunTime:0.169472s ]
INFO: [ view_filter ] --START--
INFO: Run Behavior\WriteHtmlCacheBehavior [ RunTime:0.018016s ]
INFO: [ view_filter ] --END-- [ RunTime:0.019456s ]
INFO: [ app_end ] --START--
INFO: Run Behavior\ShowPageTraceBehavior [ RunTime:0.019077s ]
INFO: [ app_end ] --END-- [ RunTime:0.020465s ]

[ 2016-12-14T22:34:17+08:00 ] ::1 /blog/index.php/Home/Reader/postreturn.html
INFO: [ app_init ] --START--
INFO: Run Behavior\BuildLiteBehavior [ RunTime:0.000150s ]
INFO: [ app_init ] --END-- [ RunTime:0.013969s ]
INFO: [ app_begin ] --START--
INFO: Run Behavior\ReadHtmlCacheBehavior [ RunTime:0.012657s ]
INFO: [ app_begin ] --END-- [ RunTime:0.013739s ]
SQL: SHOW COLUMNS FROM `tp_userremessage` [ RunTime:0.0705s ]
SQL: SHOW COLUMNS FROM `tp_usermessage` [ RunTime:0.1824s ]
SQL: SHOW COLUMNS FROM `tp_user` [ RunTime:0.1791s ]
SQL: SELECT `uid` FROM `tp_user` WHERE ( username=1413333 ) LIMIT 1   [ RunTime:0.0022s ]
SQL: INSERT INTO `tp_userremessage` (`mid`,`reuid`,`recontent`,`retime`) VALUES ('4','5','dddd','2016-12-14 22:34:17') [ RunTime:0.0599s ]
SQL: SELECT `states` FROM `tp_usermessage` WHERE ( id=4 ) LIMIT 1   [ RunTime:0.0015s ]
SQL: UPDATE `tp_usermessage` SET `states`='1' WHERE ( id=4 ) [ RunTime:0.0388s ]

[ 2016-12-14T22:34:18+08:00 ] ::1 /blog/index.php/Home/Reader/index.html?id=4
INFO: [ app_init ] --START--
INFO: Run Behavior\BuildLiteBehavior [ RunTime:0.000107s ]
INFO: [ app_init ] --END-- [ RunTime:0.018317s ]
INFO: [ app_begin ] --START--
INFO: Run Behavior\ReadHtmlCacheBehavior [ RunTime:0.008985s ]
INFO: [ app_begin ] --END-- [ RunTime:0.009558s ]
SQL: SHOW COLUMNS FROM `tp_usermessage` [ RunTime:0.1623s ]
SQL: SELECT * FROM tp_usermessage a INNER JOIN tp_user b ON b.uid= a.uid  WHERE ( a.id=4 )  [ RunTime:0.0013s ]
SQL: SHOW COLUMNS FROM `tp_userremessage` [ RunTime:0.1409s ]
SQL: SELECT COUNT(*) AS tp_count FROM tp_userremessage c INNER JOIN tp_user d ON d.uid= c.reuid  WHERE ( c.mid=4 ) LIMIT 1   [ RunTime:0.0010s ]
SQL: SELECT * FROM tp_userremessage c INNER JOIN tp_user d ON d.uid= c.reuid  WHERE ( c.mid=4 ) LIMIT 0,5   [ RunTime:0.0015s ]
INFO: [ view_parse ] --START--
INFO: [ template_filter ] --START--
INFO: Run Behavior\ContentReplaceBehavior [ RunTime:0.000447s ]
INFO: [ template_filter ] --END-- [ RunTime:0.001004s ]
NOTIC: [8] Undefined index: author F:\wamp\wamp\www\blog\Application\Runtime\Cache\Home\2c9885fcdc54f4ca116833d3e4b7a4c2.php 第 118 行.
NOTIC: [8] Undefined index: author F:\wamp\wamp\www\blog\Application\Runtime\Cache\Home\2c9885fcdc54f4ca116833d3e4b7a4c2.php 第 137 行.
NOTIC: [8] Undefined variable: fiid F:\wamp\wamp\www\blog\Application\Runtime\Cache\Home\2c9885fcdc54f4ca116833d3e4b7a4c2.php 第 146 行.
INFO: Run Behavior\ParseTemplateBehavior [ RunTime:0.113683s ]
INFO: [ view_parse ] --END-- [ RunTime:0.114261s ]
INFO: [ view_filter ] --START--
INFO: Run Behavior\WriteHtmlCacheBehavior [ RunTime:0.015891s ]
INFO: [ view_filter ] --END-- [ RunTime:0.016354s ]
INFO: [ app_end ] --START--
INFO: Run Behavior\ShowPageTraceBehavior [ RunTime:0.009927s ]
INFO: [ app_end ] --END-- [ RunTime:0.010302s ]

[ 2016-12-14T22:34:28+08:00 ] ::1 /blog/index.php/Home/Index/contact.html
INFO: [ app_init ] --START--
INFO: Run Behavior\BuildLiteBehavior [ RunTime:0.000137s ]
INFO: [ app_init ] --END-- [ RunTime:0.009007s ]
INFO: [ app_begin ] --START--
INFO: Run Behavior\ReadHtmlCacheBehavior [ RunTime:0.014432s ]
INFO: [ app_begin ] --END-- [ RunTime:0.015601s ]
SQL: SHOW COLUMNS FROM `tp_message` [ RunTime:0.1407s ]
SQL: SHOW COLUMNS FROM `tp_user` [ RunTime:0.1939s ]
SQL: SHOW COLUMNS FROM `tp_returnmessage` [ RunTime:0.1895s ]
SQL: SELECT `uid` FROM `tp_user` WHERE `username` = '1413333' LIMIT 1   [ RunTime:0.0037s ]
SQL: SELECT `user_img` FROM `tp_user` WHERE ( uid=5 ) LIMIT 1   [ RunTime:0.0030s ]
SQL: SHOW COLUMNS FROM `tp_message` [ RunTime:0.3100s ]
SQL: SELECT COUNT(*) AS tp_count FROM `tp_message` `message`,`tp_returnmessage` `returnmessage` WHERE ( message.id=returnmessage.mid and message.uid=5 ) LIMIT 1   [ RunTime:0.0013s ]
SQL: SHOW COLUMNS FROM `tp_message` [ RunTime:0.1866s ]
SQL: SELECT message.*,returnmessage.* FROM `tp_message` `message`,`tp_returnmessage` `returnmessage` WHERE ( message.id=returnmessage.mid and message.uid=5 ) LIMIT 0,4   [ RunTime:0.0019s ]
INFO: [ view_parse ] --START--
INFO: [ template_filter ] --START--
INFO: Run Behavior\ContentReplaceBehavior [ RunTime:0.000509s ]
INFO: [ template_filter ] --END-- [ RunTime:0.001129s ]
INFO: Run Behavior\ParseTemplateBehavior [ RunTime:0.190616s ]
INFO: [ view_parse ] --END-- [ RunTime:0.191134s ]
INFO: [ view_filter ] --START--
INFO: Run Behavior\WriteHtmlCacheBehavior [ RunTime:0.009624s ]
INFO: [ view_filter ] --END-- [ RunTime:0.010153s ]
INFO: [ app_end ] --START--
INFO: Run Behavior\ShowPageTraceBehavior [ RunTime:0.079317s ]
INFO: [ app_end ] --END-- [ RunTime:0.085335s ]

[ 2016-12-14T22:34:46+08:00 ] ::1 /blog/index.php/Home/Index/postmessage.html
INFO: [ app_init ] --START--
INFO: Run Behavior\BuildLiteBehavior [ RunTime:0.000090s ]
INFO: [ app_init ] --END-- [ RunTime:0.007480s ]
INFO: [ app_begin ] --START--
INFO: Run Behavior\ReadHtmlCacheBehavior [ RunTime:0.014567s ]
INFO: [ app_begin ] --END-- [ RunTime:0.015204s ]
SQL: SHOW COLUMNS FROM `tp_user` [ RunTime:0.1667s ]
SQL: SELECT `uid` FROM `tp_user` WHERE ( username=1413333 ) LIMIT 1   [ RunTime:0.0010s ]
SQL: SHOW COLUMNS FROM `tp_message` [ RunTime:0.1503s ]
SQL: SHOW COLUMNS FROM `tp_returnmessage` [ RunTime:0.1240s ]
SQL: INSERT INTO `tp_message` (`publishtime`,`messagecontent`,`username`,`uid`) VALUES ('2016-12-14 22:34:46','<p>lailo</p>','1413333','5') [ RunTime:0.0643s ]
SQL: INSERT INTO `tp_returnmessage` (`mid`,`uid`,`mcontent`,`republishtime`,`rname`) VALUES ('19','5','','','') [ RunTime:0.0284s ]

[ 2016-12-14T22:34:52+08:00 ] ::1 /blog/index.php/Home/Blog/index.html
INFO: [ app_init ] --START--
INFO: Run Behavior\BuildLiteBehavior [ RunTime:0.000140s ]
INFO: [ app_init ] --END-- [ RunTime:0.009780s ]
INFO: [ app_begin ] --START--
INFO: Run Behavior\ReadHtmlCacheBehavior [ RunTime:0.013757s ]
INFO: [ app_begin ] --END-- [ RunTime:0.014470s ]
NOTIC: [8] Undefined index: id F:\wamp\wamp\www\blog\Application\Home\Controller\BlogController.class.php 第 8 行.
SQL: SHOW COLUMNS FROM `tp_filetype` [ RunTime:0.2020s ]
SQL: SELECT * FROM `tp_filetype`  [ RunTime:0.0013s ]
SQL: SHOW COLUMNS FROM `tp_knowledge` [ RunTime:0.2386s ]
NOTIC: [8] Undefined index: id F:\wamp\wamp\www\blog\Application\Home\Controller\BlogController.class.php 第 16 行.
SQL: SELECT COUNT(*) AS tp_count FROM `tp_knowledge` LIMIT 1   [ RunTime:0.0013s ]
SQL: SELECT * FROM `tp_knowledge` LIMIT 0,6   [ RunTime:0.0020s ]
INFO: [ view_parse ] --START--
INFO: [ template_filter ] --START--
INFO: Run Behavior\ContentReplaceBehavior [ RunTime:0.000373s ]
INFO: [ template_filter ] --END-- [ RunTime:0.001030s ]
INFO: Run Behavior\ParseTemplateBehavior [ RunTime:0.137303s ]
INFO: [ view_parse ] --END-- [ RunTime:0.137910s ]
INFO: [ view_filter ] --START--
INFO: Run Behavior\WriteHtmlCacheBehavior [ RunTime:0.011359s ]
INFO: [ view_filter ] --END-- [ RunTime:0.011927s ]
INFO: [ app_end ] --START--
INFO: Run Behavior\ShowPageTraceBehavior [ RunTime:0.036162s ]
INFO: [ app_end ] --END-- [ RunTime:0.036978s ]

[ 2016-12-14T22:34:58+08:00 ] ::1 /blog/index.php/Home/Blog/index.html?id=1
INFO: [ app_init ] --START--
INFO: Run Behavior\BuildLiteBehavior [ RunTime:0.000092s ]
INFO: [ app_init ] --END-- [ RunTime:0.011749s ]
INFO: [ app_begin ] --START--
INFO: Run Behavior\ReadHtmlCacheBehavior [ RunTime:0.007178s ]
INFO: [ app_begin ] --END-- [ RunTime:0.007681s ]
SQL: SHOW COLUMNS FROM `tp_filetype` [ RunTime:0.0955s ]
SQL: SELECT * FROM `tp_filetype`  [ RunTime:0.0013s ]
SQL: SHOW COLUMNS FROM `tp_knowledge` [ RunTime:0.1713s ]
SQL: SELECT COUNT(*) AS tp_count FROM `tp_knowledge` WHERE ( typeid=1 ) LIMIT 1   [ RunTime:0.0013s ]
SQL: SELECT * FROM `tp_knowledge` WHERE ( typeid=1 ) LIMIT 0,6   [ RunTime:0.0020s ]
INFO: [ view_parse ] --START--
INFO: [ template_filter ] --START--
INFO: Run Behavior\ContentReplaceBehavior [ RunTime:0.000349s ]
INFO: [ template_filter ] --END-- [ RunTime:0.000781s ]
INFO: Run Behavior\ParseTemplateBehavior [ RunTime:0.141983s ]
INFO: [ view_parse ] --END-- [ RunTime:0.142593s ]
INFO: [ view_filter ] --START--
INFO: Run Behavior\WriteHtmlCacheBehavior [ RunTime:0.007222s ]
INFO: [ view_filter ] --END-- [ RunTime:0.007898s ]
INFO: [ app_end ] --START--
INFO: Run Behavior\ShowPageTraceBehavior [ RunTime:0.015876s ]
INFO: [ app_end ] --END-- [ RunTime:0.016551s ]

[ 2016-12-14T22:35:11+08:00 ] ::1 /blog/index.php/Home/Blog/index.html?id=2
INFO: [ app_init ] --START--
INFO: Run Behavior\BuildLiteBehavior [ RunTime:0.000148s ]
INFO: [ app_init ] --END-- [ RunTime:0.011050s ]
INFO: [ app_begin ] --START--
INFO: Run Behavior\ReadHtmlCacheBehavior [ RunTime:0.011640s ]
INFO: [ app_begin ] --END-- [ RunTime:0.012282s ]
SQL: SHOW COLUMNS FROM `tp_filetype` [ RunTime:0.2036s ]
SQL: SELECT * FROM `tp_filetype`  [ RunTime:0.0014s ]
SQL: SHOW COLUMNS FROM `tp_knowledge` [ RunTime:0.2094s ]
SQL: SELECT COUNT(*) AS tp_count FROM `tp_knowledge` WHERE ( typeid=2 ) LIMIT 1   [ RunTime:0.0014s ]
SQL: SELECT * FROM `tp_knowledge` WHERE ( typeid=2 ) LIMIT 0,6   [ RunTime:0.0022s ]
INFO: [ view_parse ] --START--
INFO: [ template_filter ] --START--
INFO: Run Behavior\ContentReplaceBehavior [ RunTime:0.000357s ]
INFO: [ template_filter ] --END-- [ RunTime:0.000784s ]
INFO: Run Behavior\ParseTemplateBehavior [ RunTime:0.104439s ]
INFO: [ view_parse ] --END-- [ RunTime:0.105579s ]
INFO: [ view_filter ] --START--
INFO: Run Behavior\WriteHtmlCacheBehavior [ RunTime:0.016679s ]
INFO: [ view_filter ] --END-- [ RunTime:0.017598s ]
INFO: [ app_end ] --START--
INFO: Run Behavior\ShowPageTraceBehavior [ RunTime:0.017740s ]
INFO: [ app_end ] --END-- [ RunTime:0.018906s ]

[ 2016-12-14T22:35:14+08:00 ] ::1 /blog/index.php/Home/Blog/index.html?id=3
INFO: [ app_init ] --START--
INFO: Run Behavior\BuildLiteBehavior [ RunTime:0.000302s ]
INFO: [ app_init ] --END-- [ RunTime:0.004614s ]
INFO: [ app_begin ] --START--
INFO: Run Behavior\ReadHtmlCacheBehavior [ RunTime:0.007523s ]
INFO: [ app_begin ] --END-- [ RunTime:0.008269s ]
SQL: SHOW COLUMNS FROM `tp_filetype` [ RunTime:0.0823s ]
SQL: SELECT * FROM `tp_filetype`  [ RunTime:0.0010s ]
SQL: SHOW COLUMNS FROM `tp_knowledge` [ RunTime:0.0968s ]
SQL: SELECT COUNT(*) AS tp_count FROM `tp_knowledge` WHERE ( typeid=3 ) LIMIT 1   [ RunTime:0.0016s ]
SQL: SELECT * FROM `tp_knowledge` WHERE ( typeid=3 ) LIMIT 0,6   [ RunTime:0.0017s ]
INFO: [ view_parse ] --START--
INFO: [ template_filter ] --START--
INFO: Run Behavior\ContentReplaceBehavior [ RunTime:0.000369s ]
INFO: [ template_filter ] --END-- [ RunTime:0.000786s ]
INFO: Run Behavior\ParseTemplateBehavior [ RunTime:0.104058s ]
INFO: [ view_parse ] --END-- [ RunTime:0.105055s ]
INFO: [ view_filter ] --START--
INFO: Run Behavior\WriteHtmlCacheBehavior [ RunTime:0.013075s ]
INFO: [ view_filter ] --END-- [ RunTime:0.013862s ]
INFO: [ app_end ] --START--
INFO: Run Behavior\ShowPageTraceBehavior [ RunTime:0.022839s ]
INFO: [ app_end ] --END-- [ RunTime:0.023615s ]

[ 2016-12-14T22:35:18+08:00 ] ::1 /blog/index.php/Home/Blog/files.html?id=3
INFO: [ app_init ] --START--
INFO: Run Behavior\BuildLiteBehavior [ RunTime:0.000091s ]
INFO: [ app_init ] --END-- [ RunTime:0.006520s ]
INFO: [ app_begin ] --START--
INFO: Run Behavior\ReadHtmlCacheBehavior [ RunTime:0.013384s ]
INFO: [ app_begin ] --END-- [ RunTime:0.014195s ]
SQL: SHOW COLUMNS FROM `tp_knowledge` [ RunTime:0.2068s ]
SQL: SELECT * FROM `tp_knowledge` WHERE ( id=3 )  [ RunTime:0.0019s ]
SQL: SHOW COLUMNS FROM `tp_knowledgecount` [ RunTime:0.0894s ]
SQL: SELECT `read` FROM `tp_knowledgecount` WHERE ( fid=3 ) LIMIT 1   [ RunTime:0.0010s ]
SQL: UPDATE `tp_knowledgecount` SET `read`='3' WHERE ( fid=3 ) [ RunTime:0.0564s ]
SQL: SHOW COLUMNS FROM `tp_pinglun` [ RunTime:0.1047s ]
SQL: SELECT COUNT(*) AS tp_count FROM `tp_pinglun` `pinglun`,`tp_user` `user` WHERE ( pinglun.uid=user.uid and pinglun.filed=3 ) LIMIT 1   [ RunTime:0.0015s ]
SQL: SHOW COLUMNS FROM `tp_pinglun` [ RunTime:0.1726s ]
SQL: SELECT pinglun.*,user.user_img FROM `tp_pinglun` `pinglun`,`tp_user` `user` WHERE ( pinglun.uid=user.uid and pinglun.filed=3 ) LIMIT 0,2   [ RunTime:0.0015s ]
SQL: SELECT `comment` FROM `tp_knowledgecount` WHERE `read` = 3 AND `fid` = 3 LIMIT 1   [ RunTime:0.0013s ]
INFO: [ view_parse ] --START--
INFO: [ template_filter ] --START--
INFO: Run Behavior\ContentReplaceBehavior [ RunTime:0.000394s ]
INFO: [ template_filter ] --END-- [ RunTime:0.000812s ]
INFO: Run Behavior\ParseTemplateBehavior [ RunTime:0.108467s ]
INFO: [ view_parse ] --END-- [ RunTime:0.109378s ]
INFO: [ view_filter ] --START--
INFO: Run Behavior\WriteHtmlCacheBehavior [ RunTime:0.021548s ]
INFO: [ view_filter ] --END-- [ RunTime:0.022442s ]
INFO: [ app_end ] --START--
INFO: Run Behavior\ShowPageTraceBehavior [ RunTime:0.014644s ]
INFO: [ app_end ] --END-- [ RunTime:0.015425s ]

[ 2016-12-14T22:35:28+08:00 ] ::1 /blog/index.php/Home/Blog/postpinglun.html
INFO: [ app_init ] --START--
INFO: Run Behavior\BuildLiteBehavior [ RunTime:0.000183s ]
INFO: [ app_init ] --END-- [ RunTime:0.006592s ]
INFO: [ app_begin ] --START--
INFO: Run Behavior\ReadHtmlCacheBehavior [ RunTime:0.014379s ]
INFO: [ app_begin ] --END-- [ RunTime:0.014988s ]
SQL: SHOW COLUMNS FROM `tp_knowledgecount` [ RunTime:0.0652s ]
SQL: SELECT `comment` FROM `tp_knowledgecount` WHERE ( fid=3 ) LIMIT 1   [ RunTime:0.0011s ]
SQL: UPDATE `tp_knowledgecount` SET `comment`='8' WHERE ( fid=3 ) [ RunTime:0.0684s ]
SQL: SHOW COLUMNS FROM `tp_user` [ RunTime:0.1795s ]
SQL: SELECT `uid` FROM `tp_user` WHERE ( username=1413333 ) LIMIT 1   [ RunTime:0.0011s ]
SQL: SHOW COLUMNS FROM `tp_pinglun` [ RunTime:0.1685s ]
SQL: INSERT INTO `tp_pinglun` (`content`,`uname`,`publishtime`,`uid`,`filed`) VALUES ('lailo','1413333','2016-12-14 22:35:28','5','3') [ RunTime:0.0731s ]

[ 2016-12-14T22:35:30+08:00 ] ::1 /blog/index.php/Home/Blog/files.html?id=3
INFO: [ app_init ] --START--
INFO: Run Behavior\BuildLiteBehavior [ RunTime:0.000148s ]
INFO: [ app_init ] --END-- [ RunTime:0.011882s ]
INFO: [ app_begin ] --START--
INFO: Run Behavior\ReadHtmlCacheBehavior [ RunTime:0.019731s ]
INFO: [ app_begin ] --END-- [ RunTime:0.020544s ]
SQL: SHOW COLUMNS FROM `tp_knowledge` [ RunTime:0.2069s ]
SQL: SELECT * FROM `tp_knowledge` WHERE ( id=3 )  [ RunTime:0.0029s ]
SQL: SHOW COLUMNS FROM `tp_knowledgecount` [ RunTime:0.1646s ]
SQL: SELECT `read` FROM `tp_knowledgecount` WHERE ( fid=3 ) LIMIT 1   [ RunTime:0.0011s ]
SQL: UPDATE `tp_knowledgecount` SET `read`='4' WHERE ( fid=3 ) [ RunTime:0.0514s ]
SQL: SHOW COLUMNS FROM `tp_pinglun` [ RunTime:0.1347s ]
SQL: SELECT COUNT(*) AS tp_count FROM `tp_pinglun` `pinglun`,`tp_user` `user` WHERE ( pinglun.uid=user.uid and pinglun.filed=3 ) LIMIT 1   [ RunTime:0.0015s ]
SQL: SHOW COLUMNS FROM `tp_pinglun` [ RunTime:0.1992s ]
SQL: SELECT pinglun.*,user.user_img FROM `tp_pinglun` `pinglun`,`tp_user` `user` WHERE ( pinglun.uid=user.uid and pinglun.filed=3 ) LIMIT 0,2   [ RunTime:0.0052s ]
SQL: SELECT `comment` FROM `tp_knowledgecount` WHERE `read` = 4 AND `fid` = 3 LIMIT 1   [ RunTime:0.0073s ]
INFO: [ view_parse ] --START--
INFO: [ template_filter ] --START--
INFO: Run Behavior\ContentReplaceBehavior [ RunTime:0.000640s ]
INFO: [ template_filter ] --END-- [ RunTime:0.001267s ]
INFO: Run Behavior\ParseTemplateBehavior [ RunTime:0.207920s ]
INFO: [ view_parse ] --END-- [ RunTime:0.208495s ]
INFO: [ view_filter ] --START--
INFO: Run Behavior\WriteHtmlCacheBehavior [ RunTime:0.013073s ]
INFO: [ view_filter ] --END-- [ RunTime:0.013871s ]
INFO: [ app_end ] --START--
INFO: Run Behavior\ShowPageTraceBehavior [ RunTime:0.014948s ]
INFO: [ app_end ] --END-- [ RunTime:0.015425s ]

[ 2016-12-14T22:35:35+08:00 ] ::1 /blog/index.php/Home/Blog/files/id/3/p/2.html
INFO: [ app_init ] --START--
INFO: Run Behavior\BuildLiteBehavior [ RunTime:0.000103s ]
INFO: [ app_init ] --END-- [ RunTime:0.024823s ]
INFO: [ app_begin ] --START--
INFO: Run Behavior\ReadHtmlCacheBehavior [ RunTime:0.025672s ]
INFO: [ app_begin ] --END-- [ RunTime:0.027494s ]
SQL: SHOW COLUMNS FROM `tp_knowledge` [ RunTime:0.2723s ]
SQL: SELECT * FROM `tp_knowledge` WHERE ( id=3 )  [ RunTime:0.0022s ]
SQL: SHOW COLUMNS FROM `tp_knowledgecount` [ RunTime:0.1708s ]
SQL: SELECT `read` FROM `tp_knowledgecount` WHERE ( fid=3 ) LIMIT 1   [ RunTime:0.0020s ]
SQL: UPDATE `tp_knowledgecount` SET `read`='5' WHERE ( fid=3 ) [ RunTime:0.0712s ]
SQL: SHOW COLUMNS FROM `tp_pinglun` [ RunTime:0.1792s ]
SQL: SELECT COUNT(*) AS tp_count FROM `tp_pinglun` `pinglun`,`tp_user` `user` WHERE ( pinglun.uid=user.uid and pinglun.filed=3 ) LIMIT 1   [ RunTime:0.0020s ]
SQL: SHOW COLUMNS FROM `tp_pinglun` [ RunTime:0.2404s ]
SQL: SELECT pinglun.*,user.user_img FROM `tp_pinglun` `pinglun`,`tp_user` `user` WHERE ( pinglun.uid=user.uid and pinglun.filed=3 ) LIMIT 2,2   [ RunTime:0.0020s ]
SQL: SELECT `comment` FROM `tp_knowledgecount` WHERE `read` = 5 AND `fid` = 3 LIMIT 1   [ RunTime:0.0013s ]
INFO: [ view_parse ] --START--
INFO: [ template_filter ] --START--
INFO: Run Behavior\ContentReplaceBehavior [ RunTime:0.000274s ]
INFO: [ template_filter ] --END-- [ RunTime:0.000578s ]
INFO: Run Behavior\ParseTemplateBehavior [ RunTime:0.185423s ]
INFO: [ view_parse ] --END-- [ RunTime:0.186017s ]
INFO: [ view_filter ] --START--
INFO: Run Behavior\WriteHtmlCacheBehavior [ RunTime:0.009981s ]
INFO: [ view_filter ] --END-- [ RunTime:0.010548s ]
INFO: [ app_end ] --START--
INFO: Run Behavior\ShowPageTraceBehavior [ RunTime:0.053692s ]
INFO: [ app_end ] --END-- [ RunTime:0.054583s ]

[ 2016-12-14T22:35:45+08:00 ] ::1 /blog/index.php/Home/Image/image.html
INFO: [ app_init ] --START--
INFO: Run Behavior\BuildLiteBehavior [ RunTime:0.000172s ]
INFO: [ app_init ] --END-- [ RunTime:0.013704s ]
INFO: [ app_begin ] --START--
INFO: Run Behavior\ReadHtmlCacheBehavior [ RunTime:0.021571s ]
INFO: [ app_begin ] --END-- [ RunTime:0.022373s ]
SQL: SHOW COLUMNS FROM `tp_imgtype` [ RunTime:0.1604s ]
SQL: SELECT * FROM `tp_imgtype`  [ RunTime:0.0013s ]
SQL: SHOW COLUMNS FROM `tp_img` [ RunTime:0.1718s ]
NOTIC: [8] Undefined index: id F:\wamp\wamp\www\blog\Application\Home\Controller\ImageController.class.php 第 15 行.
SQL: SELECT COUNT(*) AS tp_count FROM `tp_img` LIMIT 1   [ RunTime:0.0015s ]
SQL: SELECT * FROM `tp_img` LIMIT 0,5   [ RunTime:0.0018s ]
INFO: [ view_parse ] --START--
INFO: [ template_filter ] --START--
INFO: Run Behavior\ContentReplaceBehavior [ RunTime:0.001863s ]
INFO: [ template_filter ] --END-- [ RunTime:0.002767s ]
NOTIC: [8] Undefined variable: vo F:\wamp\wamp\www\blog\Application\Runtime\Cache\Home\bf17a3f6041e957d72f977e1cc1def67.php 第 118 行.
NOTIC: [8] Undefined index: himgs F:\wamp\wamp\www\blog\Application\Runtime\Cache\Home\bf17a3f6041e957d72f977e1cc1def67.php 第 118 行.
NOTIC: [8] Undefined index: himgs F:\wamp\wamp\www\blog\Application\Runtime\Cache\Home\bf17a3f6041e957d72f977e1cc1def67.php 第 123 行.
NOTIC: [8] Undefined index: himgs F:\wamp\wamp\www\blog\Application\Runtime\Cache\Home\bf17a3f6041e957d72f977e1cc1def67.php 第 123 行.
NOTIC: [8] Undefined index: himgs F:\wamp\wamp\www\blog\Application\Runtime\Cache\Home\bf17a3f6041e957d72f977e1cc1def67.php 第 123 行.
NOTIC: [8] Undefined index: himgs F:\wamp\wamp\www\blog\Application\Runtime\Cache\Home\bf17a3f6041e957d72f977e1cc1def67.php 第 123 行.
INFO: Run Behavior\ParseTemplateBehavior [ RunTime:0.251213s ]
INFO: [ view_parse ] --END-- [ RunTime:0.252061s ]
INFO: [ view_filter ] --START--
INFO: Run Behavior\WriteHtmlCacheBehavior [ RunTime:0.027846s ]
INFO: [ view_filter ] --END-- [ RunTime:0.028705s ]
INFO: [ app_end ] --START--
INFO: Run Behavior\ShowPageTraceBehavior [ RunTime:0.034121s ]
INFO: [ app_end ] --END-- [ RunTime:0.037348s ]

[ 2016-12-14T22:35:49+08:00 ] ::1 /blog/index.php/Home/Image/image/p/2.html
INFO: [ app_init ] --START--
INFO: Run Behavior\BuildLiteBehavior [ RunTime:0.000151s ]
INFO: [ app_init ] --END-- [ RunTime:0.008884s ]
INFO: [ app_begin ] --START--
INFO: Run Behavior\ReadHtmlCacheBehavior [ RunTime:0.011652s ]
INFO: [ app_begin ] --END-- [ RunTime:0.012276s ]
SQL: SHOW COLUMNS FROM `tp_imgtype` [ RunTime:0.1718s ]
SQL: SELECT * FROM `tp_imgtype`  [ RunTime:0.0010s ]
SQL: SHOW COLUMNS FROM `tp_img` [ RunTime:0.1714s ]
NOTIC: [8] Undefined index: id F:\wamp\wamp\www\blog\Application\Home\Controller\ImageController.class.php 第 15 行.
SQL: SELECT COUNT(*) AS tp_count FROM `tp_img` LIMIT 1   [ RunTime:0.0009s ]
SQL: SELECT * FROM `tp_img` LIMIT 5,5   [ RunTime:0.0014s ]
INFO: [ view_parse ] --START--
INFO: [ template_filter ] --START--
INFO: Run Behavior\ContentReplaceBehavior [ RunTime:0.000473s ]
INFO: [ template_filter ] --END-- [ RunTime:0.001874s ]
NOTIC: [8] Undefined variable: vo F:\wamp\wamp\www\blog\Application\Runtime\Cache\Home\bf17a3f6041e957d72f977e1cc1def67.php 第 118 行.
NOTIC: [8] Undefined index: himgs F:\wamp\wamp\www\blog\Application\Runtime\Cache\Home\bf17a3f6041e957d72f977e1cc1def67.php 第 118 行.
NOTIC: [8] Undefined index: himgs F:\wamp\wamp\www\blog\Application\Runtime\Cache\Home\bf17a3f6041e957d72f977e1cc1def67.php 第 123 行.
NOTIC: [8] Undefined index: himgs F:\wamp\wamp\www\blog\Application\Runtime\Cache\Home\bf17a3f6041e957d72f977e1cc1def67.php 第 123 行.
NOTIC: [8] Undefined index: himgs F:\wamp\wamp\www\blog\Application\Runtime\Cache\Home\bf17a3f6041e957d72f977e1cc1def67.php 第 123 行.
NOTIC: [8] Undefined index: himgs F:\wamp\wamp\www\blog\Application\Runtime\Cache\Home\bf17a3f6041e957d72f977e1cc1def67.php 第 123 行.
INFO: Run Behavior\ParseTemplateBehavior [ RunTime:0.154099s ]
INFO: [ view_parse ] --END-- [ RunTime:0.154545s ]
INFO: [ view_filter ] --START--
INFO: Run Behavior\WriteHtmlCacheBehavior [ RunTime:0.009054s ]
INFO: [ view_filter ] --END-- [ RunTime:0.009675s ]
INFO: [ app_end ] --START--
INFO: Run Behavior\ShowPageTraceBehavior [ RunTime:0.033548s ]
INFO: [ app_end ] --END-- [ RunTime:0.034436s ]

[ 2016-12-14T22:35:52+08:00 ] ::1 /blog/index.php/Home/Image/image.html?id=3
INFO: [ app_init ] --START--
INFO: Run Behavior\BuildLiteBehavior [ RunTime:0.000096s ]
INFO: [ app_init ] --END-- [ RunTime:0.018716s ]
INFO: [ app_begin ] --START--
INFO: Run Behavior\ReadHtmlCacheBehavior [ RunTime:0.011320s ]
INFO: [ app_begin ] --END-- [ RunTime:0.011790s ]
SQL: SHOW COLUMNS FROM `tp_imgtype` [ RunTime:0.1644s ]
SQL: SELECT * FROM `tp_imgtype`  [ RunTime:0.0021s ]
SQL: SHOW COLUMNS FROM `tp_img` [ RunTime:0.2765s ]
SQL: SELECT COUNT(*) AS tp_count FROM `tp_img` WHERE ( typeid=3 ) LIMIT 1   [ RunTime:0.0013s ]
SQL: SELECT * FROM `tp_img` WHERE ( typeid=3 ) LIMIT 0,5   [ RunTime:0.0017s ]
INFO: [ view_parse ] --START--
INFO: [ template_filter ] --START--
INFO: Run Behavior\ContentReplaceBehavior [ RunTime:0.000583s ]
INFO: [ template_filter ] --END-- [ RunTime:0.001315s ]
NOTIC: [8] Undefined variable: vo F:\wamp\wamp\www\blog\Application\Runtime\Cache\Home\bf17a3f6041e957d72f977e1cc1def67.php 第 118 行.
INFO: Run Behavior\ParseTemplateBehavior [ RunTime:0.174994s ]
INFO: [ view_parse ] --END-- [ RunTime:0.175681s ]
INFO: [ view_filter ] --START--
INFO: Run Behavior\WriteHtmlCacheBehavior [ RunTime:0.013712s ]
INFO: [ view_filter ] --END-- [ RunTime:0.014273s ]
INFO: [ app_end ] --START--
INFO: Run Behavior\ShowPageTraceBehavior [ RunTime:0.073307s ]
INFO: [ app_end ] --END-- [ RunTime:0.074059s ]

[ 2016-12-14T22:35:55+08:00 ] ::1 /blog/index.php/Home/Image/image.html?id=1
INFO: [ app_init ] --START--
INFO: Run Behavior\BuildLiteBehavior [ RunTime:0.000091s ]
INFO: [ app_init ] --END-- [ RunTime:0.009153s ]
INFO: [ app_begin ] --START--
INFO: Run Behavior\ReadHtmlCacheBehavior [ RunTime:0.011511s ]
INFO: [ app_begin ] --END-- [ RunTime:0.012464s ]
SQL: SHOW COLUMNS FROM `tp_imgtype` [ RunTime:0.1525s ]
SQL: SELECT * FROM `tp_imgtype`  [ RunTime:0.0013s ]
SQL: SHOW COLUMNS FROM `tp_img` [ RunTime:0.1368s ]
SQL: SELECT COUNT(*) AS tp_count FROM `tp_img` WHERE ( typeid=1 ) LIMIT 1   [ RunTime:0.0013s ]
SQL: SELECT * FROM `tp_img` WHERE ( typeid=1 ) LIMIT 0,5   [ RunTime:0.0026s ]
INFO: [ view_parse ] --START--
INFO: [ template_filter ] --START--
INFO: Run Behavior\ContentReplaceBehavior [ RunTime:0.001712s ]
INFO: [ template_filter ] --END-- [ RunTime:0.002657s ]
NOTIC: [8] Undefined variable: vo F:\wamp\wamp\www\blog\Application\Runtime\Cache\Home\bf17a3f6041e957d72f977e1cc1def67.php 第 118 行.
INFO: Run Behavior\ParseTemplateBehavior [ RunTime:0.141487s ]
INFO: [ view_parse ] --END-- [ RunTime:0.142038s ]
INFO: [ view_filter ] --START--
INFO: Run Behavior\WriteHtmlCacheBehavior [ RunTime:0.010750s ]
INFO: [ view_filter ] --END-- [ RunTime:0.011162s ]
INFO: [ app_end ] --START--
INFO: Run Behavior\ShowPageTraceBehavior [ RunTime:0.022297s ]
INFO: [ app_end ] --END-- [ RunTime:0.022925s ]

[ 2016-12-14T22:36:00+08:00 ] ::1 /blog/index.php/Home/Index/index.html
INFO: [ app_init ] --START--
INFO: Run Behavior\BuildLiteBehavior [ RunTime:0.000129s ]
INFO: [ app_init ] --END-- [ RunTime:0.017169s ]
INFO: [ app_begin ] --START--
INFO: Run Behavior\ReadHtmlCacheBehavior [ RunTime:0.019796s ]
INFO: [ app_begin ] --END-- [ RunTime:0.020680s ]
SQL: SHOW COLUMNS FROM `tp_knowledge` [ RunTime:0.2692s ]
SQL: SELECT * FROM `tp_knowledge` WHERE `typeid` = 1 ORDER BY publishtime desc LIMIT 1   [ RunTime:0.0020s ]
SQL: SELECT * FROM `tp_knowledge` WHERE `typeid` = 3 ORDER BY publishtime desc LIMIT 1   [ RunTime:0.0013s ]
SQL: SHOW COLUMNS FROM `tp_img` [ RunTime:0.3519s ]
SQL: SELECT * FROM `tp_img` ORDER BY publishtime desc LIMIT 3   [ RunTime:0.0015s ]
INFO: [ view_parse ] --START--
INFO: [ template_filter ] --START--
INFO: Run Behavior\ContentReplaceBehavior [ RunTime:0.002500s ]
INFO: [ template_filter ] --END-- [ RunTime:0.003693s ]
INFO: Run Behavior\ParseTemplateBehavior [ RunTime:0.185848s ]
INFO: [ view_parse ] --END-- [ RunTime:0.186579s ]
INFO: [ view_filter ] --START--
INFO: Run Behavior\WriteHtmlCacheBehavior [ RunTime:0.018804s ]
INFO: [ view_filter ] --END-- [ RunTime:0.019759s ]
INFO: [ app_end ] --START--
INFO: Run Behavior\ShowPageTraceBehavior [ RunTime:0.063829s ]
INFO: [ app_end ] --END-- [ RunTime:0.064976s ]

[ 2016-12-14T22:36:07+08:00 ] ::1 /blog/index.php/Home/User/user.html
INFO: [ app_init ] --START--
INFO: Run Behavior\BuildLiteBehavior [ RunTime:0.000129s ]
INFO: [ app_init ] --END-- [ RunTime:0.018413s ]
INFO: [ app_begin ] --START--
INFO: Run Behavior\ReadHtmlCacheBehavior [ RunTime:0.018916s ]
INFO: [ app_begin ] --END-- [ RunTime:0.019686s ]
SQL: SHOW COLUMNS FROM `tp_user` [ RunTime:0.2807s ]
SQL: SELECT * FROM `tp_user` WHERE `username` = '1413333'  [ RunTime:0.0021s ]
INFO: [ view_parse ] --START--
INFO: [ template_filter ] --START--
INFO: Run Behavior\ContentReplaceBehavior [ RunTime:0.000462s ]
INFO: [ template_filter ] --END-- [ RunTime:0.000900s ]
INFO: Run Behavior\ParseTemplateBehavior [ RunTime:0.230484s ]
INFO: [ view_parse ] --END-- [ RunTime:0.231208s ]
INFO: [ view_filter ] --START--
INFO: Run Behavior\WriteHtmlCacheBehavior [ RunTime:0.037877s ]
INFO: [ view_filter ] --END-- [ RunTime:0.038559s ]
INFO: [ app_end ] --START--
INFO: Run Behavior\ShowPageTraceBehavior [ RunTime:0.017963s ]
INFO: [ app_end ] --END-- [ RunTime:0.031681s ]

[ 2016-12-14T22:37:11+08:00 ] ::1 /blog/index.php/Home/User/postimg/id/1413333.html
INFO: [ app_init ] --START--
INFO: Run Behavior\BuildLiteBehavior [ RunTime:0.000147s ]
INFO: [ app_init ] --END-- [ RunTime:0.011738s ]
INFO: [ app_begin ] --START--
INFO: Run Behavior\ReadHtmlCacheBehavior [ RunTime:0.012978s ]
INFO: [ app_begin ] --END-- [ RunTime:0.013571s ]
SQL: SHOW COLUMNS FROM `tp_user` [ RunTime:0.1871s ]
SQL: SELECT `uid` FROM `tp_user` WHERE ( username=1413333 ) LIMIT 1   [ RunTime:0.0013s ]
NOTIC: [2] call_user_func() expects parameter 1 to be a valid callback, no array or string given F:\wamp\wamp\www\blog\ThinkPHP\Library\Think\Upload.class.php 第 170 行.
SQL: UPDATE `tp_user` SET `user_img`='5.jpg' WHERE ( username=1413333 ) [ RunTime:0.0456s ]

[ 2016-12-14T22:37:46+08:00 ] ::1 /blog/index.php/Home/User/postimg/id/1413333.html
INFO: [ app_init ] --START--
INFO: Run Behavior\BuildLiteBehavior [ RunTime:0.000147s ]
INFO: [ app_init ] --END-- [ RunTime:0.015453s ]
INFO: [ app_begin ] --START--
INFO: Run Behavior\ReadHtmlCacheBehavior [ RunTime:0.026272s ]
INFO: [ app_begin ] --END-- [ RunTime:0.026940s ]
SQL: SHOW COLUMNS FROM `tp_user` [ RunTime:0.1664s ]
SQL: SELECT `uid` FROM `tp_user` WHERE ( username=1413333 ) LIMIT 1   [ RunTime:0.0015s ]
NOTIC: [2] call_user_func() expects parameter 1 to be a valid callback, no array or string given F:\wamp\wamp\www\blog\ThinkPHP\Library\Think\Upload.class.php 第 170 行.
SQL: UPDATE `tp_user` SET `user_img`='5.jpg' WHERE ( username=1413333 ) [ RunTime:0.0618s ]

[ 2016-12-14T22:37:52+08:00 ] ::1 /blog/index.php/Home/User/user.html
INFO: [ app_init ] --START--
INFO: Run Behavior\BuildLiteBehavior [ RunTime:0.000149s ]
INFO: [ app_init ] --END-- [ RunTime:0.011981s ]
INFO: [ app_begin ] --START--
INFO: Run Behavior\ReadHtmlCacheBehavior [ RunTime:0.013717s ]
INFO: [ app_begin ] --END-- [ RunTime:0.014540s ]
SQL: SHOW COLUMNS FROM `tp_user` [ RunTime:0.2415s ]
SQL: SELECT * FROM `tp_user` WHERE `username` = '1413333'  [ RunTime:0.0020s ]
INFO: [ view_parse ] --START--
INFO: [ template_filter ] --START--
INFO: Run Behavior\ContentReplaceBehavior [ RunTime:0.000897s ]
INFO: [ template_filter ] --END-- [ RunTime:0.002037s ]
INFO: Run Behavior\ParseTemplateBehavior [ RunTime:0.163696s ]
INFO: [ view_parse ] --END-- [ RunTime:0.164465s ]
INFO: [ view_filter ] --START--
INFO: Run Behavior\WriteHtmlCacheBehavior [ RunTime:0.019109s ]
INFO: [ view_filter ] --END-- [ RunTime:0.019833s ]
INFO: [ app_end ] --START--
INFO: Run Behavior\ShowPageTraceBehavior [ RunTime:0.029451s ]
INFO: [ app_end ] --END-- [ RunTime:0.030273s ]

[ 2016-12-14T22:38:08+08:00 ] ::1 /blog/index.php/Home/Index/index.html
INFO: [ app_init ] --START--
INFO: Run Behavior\BuildLiteBehavior [ RunTime:0.000132s ]
INFO: [ app_init ] --END-- [ RunTime:0.018307s ]
INFO: [ app_begin ] --START--
INFO: Run Behavior\ReadHtmlCacheBehavior [ RunTime:0.022145s ]
INFO: [ app_begin ] --END-- [ RunTime:0.023812s ]
SQL: SHOW COLUMNS FROM `tp_knowledge` [ RunTime:0.1552s ]
SQL: SELECT * FROM `tp_knowledge` WHERE `typeid` = 1 ORDER BY publishtime desc LIMIT 1   [ RunTime:0.0020s ]
SQL: SELECT * FROM `tp_knowledge` WHERE `typeid` = 3 ORDER BY publishtime desc LIMIT 1   [ RunTime:0.0013s ]
SQL: SHOW COLUMNS FROM `tp_img` [ RunTime:0.1518s ]
SQL: SELECT * FROM `tp_img` ORDER BY publishtime desc LIMIT 3   [ RunTime:0.0016s ]
INFO: [ view_parse ] --START--
INFO: [ template_filter ] --START--
INFO: Run Behavior\ContentReplaceBehavior [ RunTime:0.000751s ]
INFO: [ template_filter ] --END-- [ RunTime:0.001627s ]
INFO: Run Behavior\ParseTemplateBehavior [ RunTime:0.131614s ]
INFO: [ view_parse ] --END-- [ RunTime:0.132403s ]
INFO: [ view_filter ] --START--
INFO: Run Behavior\WriteHtmlCacheBehavior [ RunTime:0.011581s ]
INFO: [ view_filter ] --END-- [ RunTime:0.012339s ]
INFO: [ app_end ] --START--
INFO: Run Behavior\ShowPageTraceBehavior [ RunTime:0.010682s ]
INFO: [ app_end ] --END-- [ RunTime:0.011354s ]

[ 2016-12-14T22:38:10+08:00 ] ::1 /blog/index.php/Home/Login/dologout.html
INFO: [ app_init ] --START--
INFO: Run Behavior\BuildLiteBehavior [ RunTime:0.000107s ]
INFO: [ app_init ] --END-- [ RunTime:0.008327s ]
INFO: [ app_begin ] --START--
INFO: Run Behavior\ReadHtmlCacheBehavior [ RunTime:0.009127s ]
INFO: [ app_begin ] --END-- [ RunTime:0.009615s ]

[ 2016-12-14T22:38:11+08:00 ] ::1 /blog/index.php/Home/Index/index.html
INFO: [ app_init ] --START--
INFO: Run Behavior\BuildLiteBehavior [ RunTime:0.000141s ]
INFO: [ app_init ] --END-- [ RunTime:0.011343s ]
INFO: [ app_begin ] --START--
INFO: Run Behavior\ReadHtmlCacheBehavior [ RunTime:0.011534s ]
INFO: [ app_begin ] --END-- [ RunTime:0.012555s ]
SQL: SHOW COLUMNS FROM `tp_knowledge` [ RunTime:0.2084s ]
SQL: SELECT * FROM `tp_knowledge` WHERE `typeid` = 1 ORDER BY publishtime desc LIMIT 1   [ RunTime:0.0019s ]
SQL: SELECT * FROM `tp_knowledge` WHERE `typeid` = 3 ORDER BY publishtime desc LIMIT 1   [ RunTime:0.0015s ]
SQL: SHOW COLUMNS FROM `tp_img` [ RunTime:0.1896s ]
SQL: SELECT * FROM `tp_img` ORDER BY publishtime desc LIMIT 3   [ RunTime:0.0011s ]
INFO: [ view_parse ] --START--
INFO: [ template_filter ] --START--
INFO: Run Behavior\ContentReplaceBehavior [ RunTime:0.000693s ]
INFO: [ template_filter ] --END-- [ RunTime:0.001401s ]
INFO: Run Behavior\ParseTemplateBehavior [ RunTime:0.132513s ]
INFO: [ view_parse ] --END-- [ RunTime:0.133175s ]
INFO: [ view_filter ] --START--
INFO: Run Behavior\WriteHtmlCacheBehavior [ RunTime:0.015493s ]
INFO: [ view_filter ] --END-- [ RunTime:0.016042s ]
INFO: [ app_end ] --START--
INFO: Run Behavior\ShowPageTraceBehavior [ RunTime:0.013520s ]
INFO: [ app_end ] --END-- [ RunTime:0.014783s ]

[ 2016-12-14T22:38:14+08:00 ] ::1 /blog/index.php/Home/login/login.html
INFO: [ app_init ] --START--
INFO: Run Behavior\BuildLiteBehavior [ RunTime:0.000097s ]
INFO: [ app_init ] --END-- [ RunTime:0.013016s ]
INFO: [ app_begin ] --START--
INFO: Run Behavior\ReadHtmlCacheBehavior [ RunTime:0.011943s ]
INFO: [ app_begin ] --END-- [ RunTime:0.012796s ]
INFO: [ view_parse ] --START--
INFO: [ template_filter ] --START--
INFO: Run Behavior\ContentReplaceBehavior [ RunTime:0.000254s ]
INFO: [ template_filter ] --END-- [ RunTime:0.000700s ]
INFO: Run Behavior\ParseTemplateBehavior [ RunTime:0.082021s ]
INFO: [ view_parse ] --END-- [ RunTime:0.082734s ]
INFO: [ view_filter ] --START--
INFO: Run Behavior\WriteHtmlCacheBehavior [ RunTime:0.018298s ]
INFO: [ view_filter ] --END-- [ RunTime:0.019027s ]
INFO: [ app_end ] --START--
INFO: Run Behavior\ShowPageTraceBehavior [ RunTime:0.015696s ]
INFO: [ app_end ] --END-- [ RunTime:0.016625s ]

[ 2016-12-14T22:38:16+08:00 ] ::1 /blog/index.php/Home/Login/register.html
INFO: [ app_init ] --START--
INFO: Run Behavior\BuildLiteBehavior [ RunTime:0.000157s ]
INFO: [ app_init ] --END-- [ RunTime:0.014732s ]
INFO: [ app_begin ] --START--
INFO: Run Behavior\ReadHtmlCacheBehavior [ RunTime:0.010971s ]
INFO: [ app_begin ] --END-- [ RunTime:0.011854s ]
INFO: [ view_parse ] --START--
INFO: [ template_filter ] --START--
INFO: Run Behavior\ContentReplaceBehavior [ RunTime:0.000282s ]
INFO: [ template_filter ] --END-- [ RunTime:0.000734s ]
INFO: Run Behavior\ParseTemplateBehavior [ RunTime:0.171377s ]
INFO: [ view_parse ] --END-- [ RunTime:0.171877s ]
INFO: [ view_filter ] --START--
INFO: Run Behavior\WriteHtmlCacheBehavior [ RunTime:0.013620s ]
INFO: [ view_filter ] --END-- [ RunTime:0.014080s ]
INFO: [ app_end ] --START--
INFO: Run Behavior\ShowPageTraceBehavior [ RunTime:0.012804s ]
INFO: [ app_end ] --END-- [ RunTime:0.013413s ]

[ 2016-12-14T22:38:30+08:00 ] ::1 /blog/index.php/Home/Code/sendcode.html
INFO: [ app_init ] --START--
INFO: Run Behavior\BuildLiteBehavior [ RunTime:0.000154s ]
INFO: [ app_init ] --END-- [ RunTime:0.017333s ]
INFO: [ app_begin ] --START--
INFO: Run Behavior\ReadHtmlCacheBehavior [ RunTime:0.012888s ]
INFO: [ app_begin ] --END-- [ RunTime:0.013536s ]
SQL: SHOW COLUMNS FROM `tp_user` [ RunTime:0.0795s ]
SQL: SELECT * FROM `tp_user` WHERE `phone` = '15812671184' LIMIT 1   [ RunTime:0.0014s ]

