[ 2016-12-19T21:01:50+08:00 ] ::1 /blog/
INFO: [ app_init ] --START--
INFO: Run Behavior\BuildLiteBehavior [ RunTime:0.000093s ]
INFO: [ app_init ] --END-- [ RunTime:0.040419s ]
INFO: [ app_begin ] --START--
INFO: Run Behavior\ReadHtmlCacheBehavior [ RunTime:0.038206s ]
INFO: [ app_begin ] --END-- [ RunTime:0.038694s ]
SQL: SHOW COLUMNS FROM `tp_knowledge` [ RunTime:0.1071s ]
SQL: SELECT * FROM `tp_knowledge` WHERE `typeid` = 1 ORDER BY publishtime desc LIMIT 1   [ RunTime:0.0348s ]
SQL: SELECT * FROM `tp_knowledge` WHERE `typeid` = 3 ORDER BY publishtime desc LIMIT 1   [ RunTime:0.0018s ]
SQL: SHOW COLUMNS FROM `tp_img` [ RunTime:0.0733s ]
SQL: SELECT * FROM `tp_img` ORDER BY publishtime desc LIMIT 3   [ RunTime:0.0014s ]
INFO: [ view_parse ] --START--
INFO: [ template_filter ] --START--
INFO: Run Behavior\ContentReplaceBehavior [ RunTime:0.000430s ]
INFO: [ template_filter ] --END-- [ RunTime:0.000902s ]
NOTIC: [8] Undefined index: username F:\wamp\wamp\www\blog\Application\Runtime\Cache\Home\2a94b8bda04ff446dcedd42276fc99ee.php 第 113 行.
NOTIC: [8] Undefined index: username F:\wamp\wamp\www\blog\Application\Runtime\Cache\Home\2a94b8bda04ff446dcedd42276fc99ee.php 第 116 行.
INFO: Run Behavior\ParseTemplateBehavior [ RunTime:0.229813s ]
INFO: [ view_parse ] --END-- [ RunTime:0.230495s ]
INFO: [ view_filter ] --START--
INFO: Run Behavior\WriteHtmlCacheBehavior [ RunTime:0.052629s ]
INFO: [ view_filter ] --END-- [ RunTime:0.053670s ]
INFO: [ app_end ] --START--
INFO: Run Behavior\ShowPageTraceBehavior [ RunTime:0.056568s ]
INFO: [ app_end ] --END-- [ RunTime:0.057862s ]

[ 2016-12-19T21:02:02+08:00 ] ::1 /blog/index.php/Home/Index/index.html
INFO: [ app_init ] --START--
INFO: Run Behavior\BuildLiteBehavior [ RunTime:0.000094s ]
INFO: [ app_init ] --END-- [ RunTime:0.010736s ]
INFO: [ app_begin ] --START--
INFO: Run Behavior\ReadHtmlCacheBehavior [ RunTime:0.040366s ]
INFO: [ app_begin ] --END-- [ RunTime:0.042946s ]
SQL: SHOW COLUMNS FROM `tp_knowledge` [ RunTime:0.0387s ]
SQL: SELECT * FROM `tp_knowledge` WHERE `typeid` = 1 ORDER BY publishtime desc LIMIT 1   [ RunTime:0.0012s ]
SQL: SELECT * FROM `tp_knowledge` WHERE `typeid` = 3 ORDER BY publishtime desc LIMIT 1   [ RunTime:0.0010s ]
SQL: SHOW COLUMNS FROM `tp_img` [ RunTime:0.0496s ]
SQL: SELECT * FROM `tp_img` ORDER BY publishtime desc LIMIT 3   [ RunTime:0.0009s ]
INFO: [ view_parse ] --START--
INFO: [ template_filter ] --START--
INFO: Run Behavior\ContentReplaceBehavior [ RunTime:0.000432s ]
INFO: [ template_filter ] --END-- [ RunTime:0.001365s ]
NOTIC: [8] Undefined index: username F:\wamp\wamp\www\blog\Application\Runtime\Cache\Home\2a94b8bda04ff446dcedd42276fc99ee.php 第 113 行.
NOTIC: [8] Undefined index: username F:\wamp\wamp\www\blog\Application\Runtime\Cache\Home\2a94b8bda04ff446dcedd42276fc99ee.php 第 116 行.
INFO: Run Behavior\ParseTemplateBehavior [ RunTime:0.100376s ]
INFO: [ view_parse ] --END-- [ RunTime:0.100810s ]
INFO: [ view_filter ] --START--
INFO: Run Behavior\WriteHtmlCacheBehavior [ RunTime:0.012595s ]
INFO: [ view_filter ] --END-- [ RunTime:0.013037s ]
INFO: [ app_end ] --START--
INFO: Run Behavior\ShowPageTraceBehavior [ RunTime:0.066950s ]
INFO: [ app_end ] --END-- [ RunTime:0.067386s ]

[ 2016-12-19T21:22:22+08:00 ] ::1 /blog/index.php/Home/Index/index.html
INFO: [ app_init ] --START--
INFO: Run Behavior\BuildLiteBehavior [ RunTime:0.000108s ]
INFO: [ app_init ] --END-- [ RunTime:0.005138s ]
INFO: [ app_begin ] --START--
INFO: Run Behavior\ReadHtmlCacheBehavior [ RunTime:0.006510s ]
INFO: [ app_begin ] --END-- [ RunTime:0.007011s ]
SQL: SHOW COLUMNS FROM `tp_knowledge` [ RunTime:0.0501s ]
SQL: SELECT * FROM `tp_knowledge` WHERE `typeid` = 1 ORDER BY publishtime desc LIMIT 1   [ RunTime:0.0015s ]
SQL: SELECT * FROM `tp_knowledge` WHERE `typeid` = 3 ORDER BY publishtime desc LIMIT 1   [ RunTime:0.0013s ]
SQL: SHOW COLUMNS FROM `tp_img` [ RunTime:0.0522s ]
SQL: SELECT * FROM `tp_img` ORDER BY publishtime desc LIMIT 3   [ RunTime:0.0011s ]
INFO: [ view_parse ] --START--
INFO: [ template_filter ] --START--
INFO: Run Behavior\ContentReplaceBehavior [ RunTime:0.000416s ]
INFO: [ template_filter ] --END-- [ RunTime:0.000837s ]
NOTIC: [8] Undefined index: username F:\wamp\wamp\www\blog\Application\Runtime\Cache\Home\2a94b8bda04ff446dcedd42276fc99ee.php 第 113 行.
NOTIC: [8] Undefined index: username F:\wamp\wamp\www\blog\Application\Runtime\Cache\Home\2a94b8bda04ff446dcedd42276fc99ee.php 第 116 行.
INFO: Run Behavior\ParseTemplateBehavior [ RunTime:0.080952s ]
INFO: [ view_parse ] --END-- [ RunTime:0.081389s ]
INFO: [ view_filter ] --START--
INFO: Run Behavior\WriteHtmlCacheBehavior [ RunTime:0.006610s ]
INFO: [ view_filter ] --END-- [ RunTime:0.007012s ]
INFO: [ app_end ] --START--
INFO: Run Behavior\ShowPageTraceBehavior [ RunTime:0.007744s ]
INFO: [ app_end ] --END-- [ RunTime:0.008375s ]

[ 2016-12-19T21:22:35+08:00 ] ::1 /blog/index.php/Home/Index/contact.html
INFO: [ app_init ] --START--
INFO: Run Behavior\BuildLiteBehavior [ RunTime:0.000146s ]
INFO: [ app_init ] --END-- [ RunTime:0.007130s ]
INFO: [ app_begin ] --START--
INFO: Run Behavior\ReadHtmlCacheBehavior [ RunTime:0.011460s ]
INFO: [ app_begin ] --END-- [ RunTime:0.012324s ]
NOTIC: [8] Undefined index: username F:\wamp\wamp\www\blog\Application\Home\Controller\IndexController.class.php 第 30 行.

[ 2016-12-19T21:22:36+08:00 ] ::1 /blog/index.php/Home/Blog/index.html
INFO: [ app_init ] --START--
INFO: Run Behavior\BuildLiteBehavior [ RunTime:0.000099s ]
INFO: [ app_init ] --END-- [ RunTime:0.005932s ]
INFO: [ app_begin ] --START--
INFO: Run Behavior\ReadHtmlCacheBehavior [ RunTime:0.007550s ]
INFO: [ app_begin ] --END-- [ RunTime:0.008053s ]
NOTIC: [8] Undefined index: id F:\wamp\wamp\www\blog\Application\Home\Controller\BlogController.class.php 第 8 行.
SQL: SHOW COLUMNS FROM `tp_filetype` [ RunTime:0.0532s ]
SQL: SELECT * FROM `tp_filetype`  [ RunTime:0.0010s ]
SQL: SHOW COLUMNS FROM `tp_knowledge` [ RunTime:0.0552s ]
NOTIC: [8] Undefined index: id F:\wamp\wamp\www\blog\Application\Home\Controller\BlogController.class.php 第 16 行.
SQL: SELECT COUNT(*) AS tp_count FROM `tp_knowledge` LIMIT 1   [ RunTime:0.0010s ]
SQL: SELECT * FROM `tp_knowledge` LIMIT 0,6   [ RunTime:0.0015s ]
INFO: [ view_parse ] --START--
INFO: [ template_filter ] --START--
INFO: Run Behavior\ContentReplaceBehavior [ RunTime:0.001111s ]
INFO: [ template_filter ] --END-- [ RunTime:0.001907s ]
INFO: Run Behavior\ParseTemplateBehavior [ RunTime:0.110392s ]
INFO: [ view_parse ] --END-- [ RunTime:0.110911s ]
INFO: [ view_filter ] --START--
INFO: Run Behavior\WriteHtmlCacheBehavior [ RunTime:0.008334s ]
INFO: [ view_filter ] --END-- [ RunTime:0.008934s ]
INFO: [ app_end ] --START--
INFO: Run Behavior\ShowPageTraceBehavior [ RunTime:0.012771s ]
INFO: [ app_end ] --END-- [ RunTime:0.014688s ]

[ 2016-12-19T21:22:39+08:00 ] ::1 /blog/index.php/Home/Blog/index.html
INFO: [ app_init ] --START--
INFO: Run Behavior\BuildLiteBehavior [ RunTime:0.000096s ]
INFO: [ app_init ] --END-- [ RunTime:0.005451s ]
INFO: [ app_begin ] --START--
INFO: Run Behavior\ReadHtmlCacheBehavior [ RunTime:0.005957s ]
INFO: [ app_begin ] --END-- [ RunTime:0.006544s ]
NOTIC: [8] Undefined index: id F:\wamp\wamp\www\blog\Application\Home\Controller\BlogController.class.php 第 8 行.
SQL: SHOW COLUMNS FROM `tp_filetype` [ RunTime:0.0607s ]
SQL: SELECT * FROM `tp_filetype`  [ RunTime:0.0013s ]
SQL: SHOW COLUMNS FROM `tp_knowledge` [ RunTime:0.0750s ]
NOTIC: [8] Undefined index: id F:\wamp\wamp\www\blog\Application\Home\Controller\BlogController.class.php 第 16 行.
SQL: SELECT COUNT(*) AS tp_count FROM `tp_knowledge` LIMIT 1   [ RunTime:0.0012s ]
SQL: SELECT * FROM `tp_knowledge` LIMIT 0,6   [ RunTime:0.0017s ]
INFO: [ view_parse ] --START--
INFO: [ template_filter ] --START--
INFO: Run Behavior\ContentReplaceBehavior [ RunTime:0.000357s ]
INFO: [ template_filter ] --END-- [ RunTime:0.000797s ]
INFO: Run Behavior\ParseTemplateBehavior [ RunTime:0.078046s ]
INFO: [ view_parse ] --END-- [ RunTime:0.078538s ]
INFO: [ view_filter ] --START--
INFO: Run Behavior\WriteHtmlCacheBehavior [ RunTime:0.006008s ]
INFO: [ view_filter ] --END-- [ RunTime:0.006404s ]
INFO: [ app_end ] --START--
INFO: Run Behavior\ShowPageTraceBehavior [ RunTime:0.009277s ]
INFO: [ app_end ] --END-- [ RunTime:0.010049s ]

[ 2016-12-19T21:22:46+08:00 ] ::1 /blog/index.php/Home/Blog/files.html?id=5
INFO: [ app_init ] --START--
INFO: Run Behavior\BuildLiteBehavior [ RunTime:0.000095s ]
INFO: [ app_init ] --END-- [ RunTime:0.004751s ]
INFO: [ app_begin ] --START--
INFO: Run Behavior\ReadHtmlCacheBehavior [ RunTime:0.004624s ]
INFO: [ app_begin ] --END-- [ RunTime:0.005165s ]
SQL: SHOW COLUMNS FROM `tp_knowledge` [ RunTime:0.0627s ]
SQL: SELECT * FROM `tp_knowledge` WHERE ( id=5 )  [ RunTime:0.0017s ]
SQL: SHOW COLUMNS FROM `tp_knowledgecount` [ RunTime:0.0702s ]
SQL: SELECT `read` FROM `tp_knowledgecount` WHERE ( fid=5 ) LIMIT 1   [ RunTime:0.0010s ]
SQL: UPDATE `tp_knowledgecount` SET `read`='1' WHERE ( fid=5 ) [ RunTime:0.1297s ]
SQL: SHOW COLUMNS FROM `tp_pinglun` [ RunTime:0.0632s ]
SQL: SELECT COUNT(*) AS tp_count FROM `tp_pinglun` `pinglun`,`tp_user` `user` WHERE ( pinglun.uid=user.uid and pinglun.filed=5 ) LIMIT 1   [ RunTime:0.0011s ]
SQL: SHOW COLUMNS FROM `tp_pinglun` [ RunTime:0.0547s ]
SQL: SELECT pinglun.*,user.user_img FROM `tp_pinglun` `pinglun`,`tp_user` `user` WHERE ( pinglun.uid=user.uid and pinglun.filed=5 ) LIMIT 0,2   [ RunTime:0.0013s ]
SQL: SELECT `comment` FROM `tp_knowledgecount` WHERE `read` = 1 AND `fid` = 5 LIMIT 1   [ RunTime:0.0009s ]
INFO: [ view_parse ] --START--
INFO: [ template_filter ] --START--
INFO: Run Behavior\ContentReplaceBehavior [ RunTime:0.000420s ]
INFO: [ template_filter ] --END-- [ RunTime:0.000895s ]
NOTIC: [8] Undefined index: username F:\wamp\wamp\www\blog\Application\Runtime\Cache\Home\7a5733138f52fda130adaf1477d8b0e1.php 第 175 行.
INFO: Run Behavior\ParseTemplateBehavior [ RunTime:0.100942s ]
INFO: [ view_parse ] --END-- [ RunTime:0.101404s ]
INFO: [ view_filter ] --START--
INFO: Run Behavior\WriteHtmlCacheBehavior [ RunTime:0.005931s ]
INFO: [ view_filter ] --END-- [ RunTime:0.006337s ]
INFO: [ app_end ] --START--
INFO: Run Behavior\ShowPageTraceBehavior [ RunTime:0.010040s ]
INFO: [ app_end ] --END-- [ RunTime:0.010675s ]

[ 2016-12-19T21:22:54+08:00 ] ::1 /blog/index.php/Home/Blog/zan.html
INFO: [ app_init ] --START--
INFO: Run Behavior\BuildLiteBehavior [ RunTime:0.000143s ]
INFO: [ app_init ] --END-- [ RunTime:0.007085s ]
INFO: [ app_begin ] --START--
INFO: Run Behavior\ReadHtmlCacheBehavior [ RunTime:0.004747s ]
INFO: [ app_begin ] --END-- [ RunTime:0.005352s ]
SQL: SHOW COLUMNS FROM `tp_knowledgecount` [ RunTime:0.0615s ]
SQL: SELECT `thumb` FROM `tp_knowledgecount` WHERE ( fid=5 ) LIMIT 1   [ RunTime:0.0013s ]
SQL: UPDATE `tp_knowledgecount` SET `thumb`='1' WHERE ( fid=5 ) [ RunTime:0.0633s ]

