[ 2017-01-13T21:11:46+08:00 ] ::1 /blog/
INFO: [ app_init ] --START--
INFO: Run Behavior\BuildLiteBehavior [ RunTime:0.000092s ]
INFO: [ app_init ] --END-- [ RunTime:0.054376s ]
INFO: [ app_begin ] --START--
INFO: Run Behavior\ReadHtmlCacheBehavior [ RunTime:0.011686s ]
INFO: [ app_begin ] --END-- [ RunTime:0.012215s ]
SQL: SHOW COLUMNS FROM `tp_knowledge` [ RunTime:0.1932s ]
SQL: SELECT * FROM `tp_knowledge` WHERE `typeid` = 1 ORDER BY publishtime desc LIMIT 1   [ RunTime:0.0362s ]
SQL: SELECT * FROM `tp_knowledge` WHERE `typeid` = 3 ORDER BY publishtime desc LIMIT 1   [ RunTime:0.0012s ]
SQL: SHOW COLUMNS FROM `tp_img` [ RunTime:0.2057s ]
SQL: SELECT * FROM `tp_img` ORDER BY publishtime desc LIMIT 3   [ RunTime:0.0012s ]
INFO: [ view_parse ] --START--
INFO: [ template_filter ] --START--
INFO: Run Behavior\ContentReplaceBehavior [ RunTime:0.001089s ]
INFO: [ template_filter ] --END-- [ RunTime:0.001518s ]
NOTIC: [8] Undefined index: username F:\wamp\wamp\www\blog\Application\Runtime\Cache\Home\2a94b8bda04ff446dcedd42276fc99ee.php 第 113 行.
NOTIC: [8] Undefined index: username F:\wamp\wamp\www\blog\Application\Runtime\Cache\Home\2a94b8bda04ff446dcedd42276fc99ee.php 第 116 行.
INFO: Run Behavior\ParseTemplateBehavior [ RunTime:0.220977s ]
INFO: [ view_parse ] --END-- [ RunTime:0.221558s ]
INFO: [ view_filter ] --START--
INFO: Run Behavior\WriteHtmlCacheBehavior [ RunTime:0.037796s ]
INFO: [ view_filter ] --END-- [ RunTime:0.038199s ]
INFO: [ app_end ] --START--
INFO: Run Behavior\ShowPageTraceBehavior [ RunTime:0.051530s ]
INFO: [ app_end ] --END-- [ RunTime:0.052139s ]

[ 2017-01-13T21:12:11+08:00 ] ::1 /blog/index.php/Home/Index/index.html
INFO: [ app_init ] --START--
INFO: Run Behavior\BuildLiteBehavior [ RunTime:0.000226s ]
INFO: [ app_init ] --END-- [ RunTime:0.009340s ]
INFO: [ app_begin ] --START--
INFO: Run Behavior\ReadHtmlCacheBehavior [ RunTime:0.009589s ]
INFO: [ app_begin ] --END-- [ RunTime:0.010396s ]
SQL: SHOW COLUMNS FROM `tp_knowledge` [ RunTime:0.1449s ]
SQL: SELECT * FROM `tp_knowledge` WHERE `typeid` = 1 ORDER BY publishtime desc LIMIT 1   [ RunTime:0.0015s ]
SQL: SELECT * FROM `tp_knowledge` WHERE `typeid` = 3 ORDER BY publishtime desc LIMIT 1   [ RunTime:0.0012s ]
SQL: SHOW COLUMNS FROM `tp_img` [ RunTime:0.0858s ]
SQL: SELECT * FROM `tp_img` ORDER BY publishtime desc LIMIT 3   [ RunTime:0.0011s ]
INFO: [ view_parse ] --START--
INFO: [ template_filter ] --START--
INFO: Run Behavior\ContentReplaceBehavior [ RunTime:0.000444s ]
INFO: [ template_filter ] --END-- [ RunTime:0.000952s ]
NOTIC: [8] Undefined index: username F:\wamp\wamp\www\blog\Application\Runtime\Cache\Home\2a94b8bda04ff446dcedd42276fc99ee.php 第 113 行.
NOTIC: [8] Undefined index: username F:\wamp\wamp\www\blog\Application\Runtime\Cache\Home\2a94b8bda04ff446dcedd42276fc99ee.php 第 116 行.
INFO: Run Behavior\ParseTemplateBehavior [ RunTime:0.104052s ]
INFO: [ view_parse ] --END-- [ RunTime:0.104461s ]
INFO: [ view_filter ] --START--
INFO: Run Behavior\WriteHtmlCacheBehavior [ RunTime:0.005031s ]
INFO: [ view_filter ] --END-- [ RunTime:0.005429s ]
INFO: [ app_end ] --START--
INFO: Run Behavior\ShowPageTraceBehavior [ RunTime:0.011822s ]
INFO: [ app_end ] --END-- [ RunTime:0.012349s ]

[ 2017-01-13T21:50:48+08:00 ] ::1 /blog/
INFO: [ app_init ] --START--
INFO: Run Behavior\BuildLiteBehavior [ RunTime:0.000090s ]
INFO: [ app_init ] --END-- [ RunTime:0.003846s ]
INFO: [ app_begin ] --START--
INFO: Run Behavior\ReadHtmlCacheBehavior [ RunTime:0.004681s ]
INFO: [ app_begin ] --END-- [ RunTime:0.005407s ]
SQL: SHOW COLUMNS FROM `tp_knowledge` [ RunTime:0.1121s ]
SQL: SELECT * FROM `tp_knowledge` WHERE `typeid` = 1 ORDER BY publishtime desc LIMIT 1   [ RunTime:0.0017s ]
SQL: SELECT * FROM `tp_knowledge` WHERE `typeid` = 3 ORDER BY publishtime desc LIMIT 1   [ RunTime:0.0011s ]
SQL: SHOW COLUMNS FROM `tp_img` [ RunTime:0.0513s ]
SQL: SELECT * FROM `tp_img` ORDER BY publishtime desc LIMIT 3   [ RunTime:0.0011s ]
INFO: [ view_parse ] --START--
INFO: [ template_filter ] --START--
INFO: Run Behavior\ContentReplaceBehavior [ RunTime:0.000420s ]
INFO: [ template_filter ] --END-- [ RunTime:0.000821s ]
NOTIC: [8] Undefined index: username F:\wamp\wamp\www\blog\Application\Runtime\Cache\Home\2a94b8bda04ff446dcedd42276fc99ee.php 第 113 行.
NOTIC: [8] Undefined index: username F:\wamp\wamp\www\blog\Application\Runtime\Cache\Home\2a94b8bda04ff446dcedd42276fc99ee.php 第 116 行.
INFO: Run Behavior\ParseTemplateBehavior [ RunTime:0.086136s ]
INFO: [ view_parse ] --END-- [ RunTime:0.086547s ]
INFO: [ view_filter ] --START--
INFO: Run Behavior\WriteHtmlCacheBehavior [ RunTime:0.004492s ]
INFO: [ view_filter ] --END-- [ RunTime:0.004885s ]
INFO: [ app_end ] --START--
INFO: Run Behavior\ShowPageTraceBehavior [ RunTime:0.006671s ]
INFO: [ app_end ] --END-- [ RunTime:0.007126s ]

[ 2017-01-13T21:50:57+08:00 ] ::1 /blog/index.php/Home/Index/index.html
INFO: [ app_init ] --START--
INFO: Run Behavior\BuildLiteBehavior [ RunTime:0.000090s ]
INFO: [ app_init ] --END-- [ RunTime:0.003567s ]
INFO: [ app_begin ] --START--
INFO: Run Behavior\ReadHtmlCacheBehavior [ RunTime:0.005186s ]
INFO: [ app_begin ] --END-- [ RunTime:0.006019s ]
SQL: SHOW COLUMNS FROM `tp_knowledge` [ RunTime:0.0416s ]
SQL: SELECT * FROM `tp_knowledge` WHERE `typeid` = 1 ORDER BY publishtime desc LIMIT 1   [ RunTime:0.0014s ]
SQL: SELECT * FROM `tp_knowledge` WHERE `typeid` = 3 ORDER BY publishtime desc LIMIT 1   [ RunTime:0.0011s ]
SQL: SHOW COLUMNS FROM `tp_img` [ RunTime:0.0439s ]
SQL: SELECT * FROM `tp_img` ORDER BY publishtime desc LIMIT 3   [ RunTime:0.0011s ]
INFO: [ view_parse ] --START--
INFO: [ template_filter ] --START--
INFO: Run Behavior\ContentReplaceBehavior [ RunTime:0.000424s ]
INFO: [ template_filter ] --END-- [ RunTime:0.000841s ]
NOTIC: [8] Undefined index: username F:\wamp\wamp\www\blog\Application\Runtime\Cache\Home\2a94b8bda04ff446dcedd42276fc99ee.php 第 113 行.
NOTIC: [8] Undefined index: username F:\wamp\wamp\www\blog\Application\Runtime\Cache\Home\2a94b8bda04ff446dcedd42276fc99ee.php 第 116 行.
INFO: Run Behavior\ParseTemplateBehavior [ RunTime:0.060679s ]
INFO: [ view_parse ] --END-- [ RunTime:0.061086s ]
INFO: [ view_filter ] --START--
INFO: Run Behavior\WriteHtmlCacheBehavior [ RunTime:0.002685s ]
INFO: [ view_filter ] --END-- [ RunTime:0.003072s ]
INFO: [ app_end ] --START--
INFO: Run Behavior\ShowPageTraceBehavior [ RunTime:0.005300s ]
INFO: [ app_end ] --END-- [ RunTime:0.005988s ]

