[ 2017-01-18T21:19:25+08:00 ] ::1 /blog/
INFO: [ app_init ] --START--
INFO: Run Behavior\BuildLiteBehavior [ RunTime:0.000119s ]
INFO: [ app_init ] --END-- [ RunTime:0.011301s ]
INFO: [ app_begin ] --START--
INFO: Run Behavior\ReadHtmlCacheBehavior [ RunTime:0.006416s ]
INFO: [ app_begin ] --END-- [ RunTime:0.006888s ]
SQL: SHOW COLUMNS FROM `tp_knowledge` [ RunTime:0.1075s ]
SQL: SELECT * FROM `tp_knowledge` WHERE `typeid` = 1 ORDER BY publishtime desc LIMIT 1   [ RunTime:0.0017s ]
SQL: SELECT * FROM `tp_knowledge` WHERE `typeid` = 3 ORDER BY publishtime desc LIMIT 1   [ RunTime:0.0011s ]
SQL: SHOW COLUMNS FROM `tp_img` [ RunTime:0.0933s ]
SQL: SELECT * FROM `tp_img` ORDER BY publishtime desc LIMIT 3   [ RunTime:0.0011s ]
INFO: [ view_parse ] --START--
INFO: [ template_filter ] --START--
INFO: Run Behavior\ContentReplaceBehavior [ RunTime:0.000546s ]
INFO: [ template_filter ] --END-- [ RunTime:0.000963s ]
NOTIC: [8] Undefined index: username F:\wamp\wamp\www\blog\Application\Runtime\Cache\Home\2a94b8bda04ff446dcedd42276fc99ee.php 第 113 行.
NOTIC: [8] Undefined index: username F:\wamp\wamp\www\blog\Application\Runtime\Cache\Home\2a94b8bda04ff446dcedd42276fc99ee.php 第 116 行.
INFO: Run Behavior\ParseTemplateBehavior [ RunTime:0.113738s ]
INFO: [ view_parse ] --END-- [ RunTime:0.114322s ]
INFO: [ view_filter ] --START--
INFO: Run Behavior\WriteHtmlCacheBehavior [ RunTime:0.015586s ]
INFO: [ view_filter ] --END-- [ RunTime:0.015987s ]
INFO: [ app_end ] --START--
INFO: Run Behavior\ShowPageTraceBehavior [ RunTime:0.038608s ]
INFO: [ app_end ] --END-- [ RunTime:0.039328s ]

[ 2017-01-18T21:19:35+08:00 ] ::1 /blog/index.php/Home/Blog/index.html
INFO: [ app_init ] --START--
INFO: Run Behavior\BuildLiteBehavior [ RunTime:0.000092s ]
INFO: [ app_init ] --END-- [ RunTime:0.006367s ]
INFO: [ app_begin ] --START--
INFO: Run Behavior\ReadHtmlCacheBehavior [ RunTime:0.007230s ]
INFO: [ app_begin ] --END-- [ RunTime:0.007736s ]
NOTIC: [8] Undefined index: id F:\wamp\wamp\www\blog\Application\Home\Controller\BlogController.class.php 第 8 行.
SQL: SHOW COLUMNS FROM `tp_filetype` [ RunTime:0.1103s ]
SQL: SELECT * FROM `tp_filetype`  [ RunTime:0.0011s ]
SQL: SHOW COLUMNS FROM `tp_knowledge` [ RunTime:0.0790s ]
NOTIC: [8] Undefined index: id F:\wamp\wamp\www\blog\Application\Home\Controller\BlogController.class.php 第 16 行.
SQL: SELECT COUNT(*) AS tp_count FROM `tp_knowledge` LIMIT 1   [ RunTime:0.0014s ]
SQL: SELECT * FROM `tp_knowledge` LIMIT 0,6   [ RunTime:0.0016s ]
INFO: [ view_parse ] --START--
INFO: [ template_filter ] --START--
INFO: Run Behavior\ContentReplaceBehavior [ RunTime:0.000363s ]
INFO: [ template_filter ] --END-- [ RunTime:0.000770s ]
INFO: Run Behavior\ParseTemplateBehavior [ RunTime:0.092850s ]
INFO: [ view_parse ] --END-- [ RunTime:0.093305s ]
INFO: [ view_filter ] --START--
INFO: Run Behavior\WriteHtmlCacheBehavior [ RunTime:0.006216s ]
INFO: [ view_filter ] --END-- [ RunTime:0.006623s ]
INFO: [ app_end ] --START--
INFO: Run Behavior\ShowPageTraceBehavior [ RunTime:0.007914s ]
INFO: [ app_end ] --END-- [ RunTime:0.008851s ]

[ 2017-01-18T21:19:46+08:00 ] ::1 /blog/index.php/Home/Blog/files.html?id=1
INFO: [ app_init ] --START--
INFO: Run Behavior\BuildLiteBehavior [ RunTime:0.000092s ]
INFO: [ app_init ] --END-- [ RunTime:0.005374s ]
INFO: [ app_begin ] --START--
INFO: Run Behavior\ReadHtmlCacheBehavior [ RunTime:0.005768s ]
INFO: [ app_begin ] --END-- [ RunTime:0.006239s ]
SQL: SHOW COLUMNS FROM `tp_knowledge` [ RunTime:0.0688s ]
SQL: SELECT * FROM `tp_knowledge` WHERE ( id=1 )  [ RunTime:0.0015s ]
SQL: SHOW COLUMNS FROM `tp_knowledgecount` [ RunTime:0.0841s ]
SQL: SELECT `read` FROM `tp_knowledgecount` WHERE ( fid=1 ) LIMIT 1   [ RunTime:0.0009s ]
SQL: UPDATE `tp_knowledgecount` SET `read`='41' WHERE ( fid=1 ) [ RunTime:0.1281s ]
SQL: SHOW COLUMNS FROM `tp_pinglun` [ RunTime:0.0720s ]
SQL: SELECT COUNT(*) AS tp_count FROM `tp_pinglun` `pinglun`,`tp_user` `user` WHERE ( pinglun.uid=user.uid and pinglun.filed=1 ) LIMIT 1   [ RunTime:0.0566s ]
SQL: SHOW COLUMNS FROM `tp_pinglun` [ RunTime:0.0786s ]
SQL: SELECT pinglun.*,user.user_img FROM `tp_pinglun` `pinglun`,`tp_user` `user` WHERE ( pinglun.uid=user.uid and pinglun.filed=1 ) LIMIT 0,2   [ RunTime:0.0192s ]
SQL: SELECT `comment` FROM `tp_knowledgecount` WHERE `read` = 41 AND `fid` = 1 LIMIT 1   [ RunTime:0.0010s ]
INFO: [ view_parse ] --START--
INFO: [ template_filter ] --START--
INFO: Run Behavior\ContentReplaceBehavior [ RunTime:0.000391s ]
INFO: [ template_filter ] --END-- [ RunTime:0.000854s ]
NOTIC: [8] Undefined index: username F:\wamp\wamp\www\blog\Application\Runtime\Cache\Home\7a5733138f52fda130adaf1477d8b0e1.php 第 200 行.
INFO: Run Behavior\ParseTemplateBehavior [ RunTime:0.082203s ]
INFO: [ view_parse ] --END-- [ RunTime:0.082698s ]
INFO: [ view_filter ] --START--
INFO: Run Behavior\WriteHtmlCacheBehavior [ RunTime:0.004858s ]
INFO: [ view_filter ] --END-- [ RunTime:0.005309s ]
INFO: [ app_end ] --START--
INFO: Run Behavior\ShowPageTraceBehavior [ RunTime:0.005900s ]
INFO: [ app_end ] --END-- [ RunTime:0.006483s ]

[ 2017-01-18T21:19:56+08:00 ] ::1 /blog/index.php/Home/Index/index.html
INFO: [ app_init ] --START--
INFO: Run Behavior\BuildLiteBehavior [ RunTime:0.000095s ]
INFO: [ app_init ] --END-- [ RunTime:0.005456s ]
INFO: [ app_begin ] --START--
INFO: Run Behavior\ReadHtmlCacheBehavior [ RunTime:0.005869s ]
INFO: [ app_begin ] --END-- [ RunTime:0.006445s ]
SQL: SHOW COLUMNS FROM `tp_knowledge` [ RunTime:0.0728s ]
SQL: SELECT * FROM `tp_knowledge` WHERE `typeid` = 1 ORDER BY publishtime desc LIMIT 1   [ RunTime:0.0016s ]
SQL: SELECT * FROM `tp_knowledge` WHERE `typeid` = 3 ORDER BY publishtime desc LIMIT 1   [ RunTime:0.0012s ]
SQL: SHOW COLUMNS FROM `tp_img` [ RunTime:0.0696s ]
SQL: SELECT * FROM `tp_img` ORDER BY publishtime desc LIMIT 3   [ RunTime:0.0011s ]
INFO: [ view_parse ] --START--
INFO: [ template_filter ] --START--
INFO: Run Behavior\ContentReplaceBehavior [ RunTime:0.000419s ]
INFO: [ template_filter ] --END-- [ RunTime:0.000824s ]
NOTIC: [8] Undefined index: username F:\wamp\wamp\www\blog\Application\Runtime\Cache\Home\2a94b8bda04ff446dcedd42276fc99ee.php 第 113 行.
NOTIC: [8] Undefined index: username F:\wamp\wamp\www\blog\Application\Runtime\Cache\Home\2a94b8bda04ff446dcedd42276fc99ee.php 第 116 行.
INFO: Run Behavior\ParseTemplateBehavior [ RunTime:0.069523s ]
INFO: [ view_parse ] --END-- [ RunTime:0.069952s ]
INFO: [ view_filter ] --START--
INFO: Run Behavior\WriteHtmlCacheBehavior [ RunTime:0.005242s ]
INFO: [ view_filter ] --END-- [ RunTime:0.005679s ]
INFO: [ app_end ] --START--
INFO: Run Behavior\ShowPageTraceBehavior [ RunTime:0.006861s ]
INFO: [ app_end ] --END-- [ RunTime:0.007568s ]

[ 2017-01-18T21:20:54+08:00 ] ::1 /blog/
INFO: [ app_init ] --START--
INFO: Run Behavior\BuildLiteBehavior [ RunTime:0.000095s ]
INFO: [ app_init ] --END-- [ RunTime:0.006187s ]
INFO: [ app_begin ] --START--
INFO: Run Behavior\ReadHtmlCacheBehavior [ RunTime:0.004558s ]
INFO: [ app_begin ] --END-- [ RunTime:0.005026s ]
SQL: SHOW COLUMNS FROM `tp_knowledge` [ RunTime:0.0575s ]
SQL: SELECT * FROM `tp_knowledge` WHERE `typeid` = 1 ORDER BY publishtime desc LIMIT 1   [ RunTime:0.0018s ]
SQL: SELECT * FROM `tp_knowledge` WHERE `typeid` = 3 ORDER BY publishtime desc LIMIT 1   [ RunTime:0.0012s ]
SQL: SHOW COLUMNS FROM `tp_img` [ RunTime:0.0787s ]
SQL: SELECT * FROM `tp_img` ORDER BY publishtime desc LIMIT 3   [ RunTime:0.0012s ]
INFO: [ view_parse ] --START--
INFO: [ template_filter ] --START--
INFO: Run Behavior\ContentReplaceBehavior [ RunTime:0.000460s ]
INFO: [ template_filter ] --END-- [ RunTime:0.000918s ]
NOTIC: [8] Undefined index: username F:\wamp\wamp\www\blog\Application\Runtime\Cache\Home\2a94b8bda04ff446dcedd42276fc99ee.php 第 113 行.
NOTIC: [8] Undefined index: username F:\wamp\wamp\www\blog\Application\Runtime\Cache\Home\2a94b8bda04ff446dcedd42276fc99ee.php 第 116 行.
INFO: Run Behavior\ParseTemplateBehavior [ RunTime:0.078356s ]
INFO: [ view_parse ] --END-- [ RunTime:0.078759s ]
INFO: [ view_filter ] --START--
INFO: Run Behavior\WriteHtmlCacheBehavior [ RunTime:0.004990s ]
INFO: [ view_filter ] --END-- [ RunTime:0.005411s ]
INFO: [ app_end ] --START--
INFO: Run Behavior\ShowPageTraceBehavior [ RunTime:0.006954s ]
INFO: [ app_end ] --END-- [ RunTime:0.007510s ]

[ 2017-01-18T21:20:58+08:00 ] ::1 /blog/index.php/Home/Blog/index.html
INFO: [ app_init ] --START--
INFO: Run Behavior\BuildLiteBehavior [ RunTime:0.000212s ]
INFO: [ app_init ] --END-- [ RunTime:0.004261s ]
INFO: [ app_begin ] --START--
INFO: Run Behavior\ReadHtmlCacheBehavior [ RunTime:0.006677s ]
INFO: [ app_begin ] --END-- [ RunTime:0.007183s ]
NOTIC: [8] Undefined index: id F:\wamp\wamp\www\blog\Application\Home\Controller\BlogController.class.php 第 8 行.
SQL: SHOW COLUMNS FROM `tp_filetype` [ RunTime:0.0652s ]
SQL: SELECT * FROM `tp_filetype`  [ RunTime:0.0010s ]
SQL: SHOW COLUMNS FROM `tp_knowledge` [ RunTime:0.0451s ]
NOTIC: [8] Undefined index: id F:\wamp\wamp\www\blog\Application\Home\Controller\BlogController.class.php 第 16 行.
SQL: SELECT COUNT(*) AS tp_count FROM `tp_knowledge` LIMIT 1   [ RunTime:0.0010s ]
SQL: SELECT * FROM `tp_knowledge` LIMIT 0,6   [ RunTime:0.0016s ]
INFO: [ view_parse ] --START--
INFO: [ template_filter ] --START--
INFO: Run Behavior\ContentReplaceBehavior [ RunTime:0.000360s ]
INFO: [ template_filter ] --END-- [ RunTime:0.000764s ]
INFO: Run Behavior\ParseTemplateBehavior [ RunTime:0.064046s ]
INFO: [ view_parse ] --END-- [ RunTime:0.064458s ]
INFO: [ view_filter ] --START--
INFO: Run Behavior\WriteHtmlCacheBehavior [ RunTime:0.004228s ]
INFO: [ view_filter ] --END-- [ RunTime:0.004625s ]
INFO: [ app_end ] --START--
INFO: Run Behavior\ShowPageTraceBehavior [ RunTime:0.005945s ]
INFO: [ app_end ] --END-- [ RunTime:0.006737s ]

[ 2017-01-18T21:21:02+08:00 ] ::1 /blog/index.php/Home/Blog/files.html?id=1
INFO: [ app_init ] --START--
INFO: Run Behavior\BuildLiteBehavior [ RunTime:0.000161s ]
INFO: [ app_init ] --END-- [ RunTime:0.004163s ]
INFO: [ app_begin ] --START--
INFO: Run Behavior\ReadHtmlCacheBehavior [ RunTime:0.003761s ]
INFO: [ app_begin ] --END-- [ RunTime:0.004225s ]
SQL: SHOW COLUMNS FROM `tp_knowledge` [ RunTime:0.0592s ]
SQL: SELECT * FROM `tp_knowledge` WHERE ( id=1 )  [ RunTime:0.0015s ]
SQL: SHOW COLUMNS FROM `tp_knowledgecount` [ RunTime:0.0534s ]
SQL: SELECT `read` FROM `tp_knowledgecount` WHERE ( fid=1 ) LIMIT 1   [ RunTime:0.0010s ]
SQL: UPDATE `tp_knowledgecount` SET `read`='42' WHERE ( fid=1 ) [ RunTime:0.0491s ]
SQL: SHOW COLUMNS FROM `tp_pinglun` [ RunTime:0.0514s ]
SQL: SELECT COUNT(*) AS tp_count FROM `tp_pinglun` `pinglun`,`tp_user` `user` WHERE ( pinglun.uid=user.uid and pinglun.filed=1 ) LIMIT 1   [ RunTime:0.0011s ]
SQL: SHOW COLUMNS FROM `tp_pinglun` [ RunTime:0.0582s ]
SQL: SELECT pinglun.*,user.user_img FROM `tp_pinglun` `pinglun`,`tp_user` `user` WHERE ( pinglun.uid=user.uid and pinglun.filed=1 ) LIMIT 0,2   [ RunTime:0.0013s ]
SQL: SELECT `comment` FROM `tp_knowledgecount` WHERE `read` = 42 AND `fid` = 1 LIMIT 1   [ RunTime:0.0011s ]
INFO: [ view_parse ] --START--
INFO: [ template_filter ] --START--
INFO: Run Behavior\ContentReplaceBehavior [ RunTime:0.000388s ]
INFO: [ template_filter ] --END-- [ RunTime:0.000805s ]
NOTIC: [8] Undefined index: username F:\wamp\wamp\www\blog\Application\Runtime\Cache\Home\7a5733138f52fda130adaf1477d8b0e1.php 第 200 行.
INFO: Run Behavior\ParseTemplateBehavior [ RunTime:0.066844s ]
INFO: [ view_parse ] --END-- [ RunTime:0.067430s ]
INFO: [ view_filter ] --START--
INFO: Run Behavior\WriteHtmlCacheBehavior [ RunTime:0.004817s ]
INFO: [ view_filter ] --END-- [ RunTime:0.005241s ]
INFO: [ app_end ] --START--
INFO: Run Behavior\ShowPageTraceBehavior [ RunTime:0.010823s ]
INFO: [ app_end ] --END-- [ RunTime:0.011297s ]

[ 2017-01-18T21:23:15+08:00 ] ::1 /blog/index.php/Home/Blog/files.html?id=1
INFO: [ app_init ] --START--
INFO: Run Behavior\BuildLiteBehavior [ RunTime:0.000091s ]
INFO: [ app_init ] --END-- [ RunTime:0.004902s ]
INFO: [ app_begin ] --START--
INFO: Run Behavior\ReadHtmlCacheBehavior [ RunTime:0.006097s ]
INFO: [ app_begin ] --END-- [ RunTime:0.006580s ]
SQL: SHOW COLUMNS FROM `tp_knowledge` [ RunTime:0.0963s ]
SQL: SELECT * FROM `tp_knowledge` WHERE ( id=1 )  [ RunTime:0.0015s ]
SQL: SHOW COLUMNS FROM `tp_knowledgecount` [ RunTime:0.0664s ]
SQL: SELECT `read` FROM `tp_knowledgecount` WHERE ( fid=1 ) LIMIT 1   [ RunTime:0.0010s ]
SQL: UPDATE `tp_knowledgecount` SET `read`='43' WHERE ( fid=1 ) [ RunTime:0.0327s ]
SQL: SHOW COLUMNS FROM `tp_pinglun` [ RunTime:0.0681s ]
SQL: SELECT COUNT(*) AS tp_count FROM `tp_pinglun` `pinglun`,`tp_user` `user` WHERE ( pinglun.uid=user.uid and pinglun.filed=1 ) LIMIT 1   [ RunTime:0.0012s ]
SQL: SHOW COLUMNS FROM `tp_pinglun` [ RunTime:0.0648s ]
SQL: SELECT pinglun.*,user.user_img FROM `tp_pinglun` `pinglun`,`tp_user` `user` WHERE ( pinglun.uid=user.uid and pinglun.filed=1 ) LIMIT 0,2   [ RunTime:0.0011s ]
SQL: SELECT `comment` FROM `tp_knowledgecount` WHERE `read` = 43 AND `fid` = 1 LIMIT 1   [ RunTime:0.0009s ]
INFO: [ view_parse ] --START--
INFO: [ template_filter ] --START--
INFO: Run Behavior\ContentReplaceBehavior [ RunTime:0.000406s ]
INFO: [ template_filter ] --END-- [ RunTime:0.000816s ]
NOTIC: [8] Undefined index: username F:\wamp\wamp\www\blog\Application\Runtime\Cache\Home\7a5733138f52fda130adaf1477d8b0e1.php 第 205 行.
INFO: Run Behavior\ParseTemplateBehavior [ RunTime:0.080341s ]
INFO: [ view_parse ] --END-- [ RunTime:0.080838s ]
INFO: [ view_filter ] --START--
INFO: Run Behavior\WriteHtmlCacheBehavior [ RunTime:0.006129s ]
INFO: [ view_filter ] --END-- [ RunTime:0.006537s ]
INFO: [ app_end ] --START--
INFO: Run Behavior\ShowPageTraceBehavior [ RunTime:0.010316s ]
INFO: [ app_end ] --END-- [ RunTime:0.010981s ]

[ 2017-01-18T21:24:45+08:00 ] ::1 /blog/index.php/Home/Blog/files.html?id=1
INFO: [ app_init ] --START--
INFO: Run Behavior\BuildLiteBehavior [ RunTime:0.000092s ]
INFO: [ app_init ] --END-- [ RunTime:0.006799s ]
INFO: [ app_begin ] --START--
INFO: Run Behavior\ReadHtmlCacheBehavior [ RunTime:0.007102s ]
INFO: [ app_begin ] --END-- [ RunTime:0.007576s ]
SQL: SHOW COLUMNS FROM `tp_knowledge` [ RunTime:0.0655s ]
SQL: SELECT * FROM `tp_knowledge` WHERE ( id=1 )  [ RunTime:0.0015s ]
SQL: SHOW COLUMNS FROM `tp_knowledgecount` [ RunTime:0.0666s ]
SQL: SELECT `read` FROM `tp_knowledgecount` WHERE ( fid=1 ) LIMIT 1   [ RunTime:0.0010s ]
SQL: UPDATE `tp_knowledgecount` SET `read`='44' WHERE ( fid=1 ) [ RunTime:0.0944s ]
SQL: SHOW COLUMNS FROM `tp_pinglun` [ RunTime:0.0850s ]
SQL: SELECT COUNT(*) AS tp_count FROM `tp_pinglun` `pinglun`,`tp_user` `user` WHERE ( pinglun.uid=user.uid and pinglun.filed=1 ) LIMIT 1   [ RunTime:0.0015s ]
SQL: SHOW COLUMNS FROM `tp_pinglun` [ RunTime:0.0788s ]
SQL: SELECT pinglun.*,user.user_img FROM `tp_pinglun` `pinglun`,`tp_user` `user` WHERE ( pinglun.uid=user.uid and pinglun.filed=1 ) LIMIT 0,2   [ RunTime:0.0015s ]
SQL: SELECT `comment` FROM `tp_knowledgecount` WHERE `read` = 44 AND `fid` = 1 LIMIT 1   [ RunTime:0.0012s ]
INFO: [ view_parse ] --START--
INFO: [ template_filter ] --START--
INFO: Run Behavior\ContentReplaceBehavior [ RunTime:0.000717s ]
INFO: [ template_filter ] --END-- [ RunTime:0.001551s ]
NOTIC: [8] Undefined index: username F:\wamp\wamp\www\blog\Application\Runtime\Cache\Home\7a5733138f52fda130adaf1477d8b0e1.php 第 204 行.
INFO: Run Behavior\ParseTemplateBehavior [ RunTime:0.132277s ]
INFO: [ view_parse ] --END-- [ RunTime:0.133017s ]
INFO: [ view_filter ] --START--
INFO: Run Behavior\WriteHtmlCacheBehavior [ RunTime:0.007859s ]
INFO: [ view_filter ] --END-- [ RunTime:0.008628s ]
INFO: [ app_end ] --START--
INFO: Run Behavior\ShowPageTraceBehavior [ RunTime:0.010928s ]
INFO: [ app_end ] --END-- [ RunTime:0.011734s ]

[ 2017-01-18T21:24:46+08:00 ] ::1 /blog/index.php/Home/Blog/index.html
INFO: [ app_init ] --START--
INFO: Run Behavior\BuildLiteBehavior [ RunTime:0.000134s ]
INFO: [ app_init ] --END-- [ RunTime:0.005363s ]
INFO: [ app_begin ] --START--
INFO: Run Behavior\ReadHtmlCacheBehavior [ RunTime:0.007553s ]
INFO: [ app_begin ] --END-- [ RunTime:0.008041s ]
NOTIC: [8] Undefined index: id F:\wamp\wamp\www\blog\Application\Home\Controller\BlogController.class.php 第 8 行.
SQL: SHOW COLUMNS FROM `tp_filetype` [ RunTime:0.0629s ]
SQL: SELECT * FROM `tp_filetype`  [ RunTime:0.0013s ]
SQL: SHOW COLUMNS FROM `tp_knowledge` [ RunTime:0.0818s ]
NOTIC: [8] Undefined index: id F:\wamp\wamp\www\blog\Application\Home\Controller\BlogController.class.php 第 16 行.
SQL: SELECT COUNT(*) AS tp_count FROM `tp_knowledge` LIMIT 1   [ RunTime:0.0010s ]
SQL: SELECT * FROM `tp_knowledge` LIMIT 0,6   [ RunTime:0.0017s ]
INFO: [ view_parse ] --START--
INFO: [ template_filter ] --START--
INFO: Run Behavior\ContentReplaceBehavior [ RunTime:0.000356s ]
INFO: [ template_filter ] --END-- [ RunTime:0.000799s ]
INFO: Run Behavior\ParseTemplateBehavior [ RunTime:0.074932s ]
INFO: [ view_parse ] --END-- [ RunTime:0.075641s ]
INFO: [ view_filter ] --START--
INFO: Run Behavior\WriteHtmlCacheBehavior [ RunTime:0.006599s ]
INFO: [ view_filter ] --END-- [ RunTime:0.007007s ]
INFO: [ app_end ] --START--
INFO: Run Behavior\ShowPageTraceBehavior [ RunTime:0.010117s ]
INFO: [ app_end ] --END-- [ RunTime:0.010753s ]

[ 2017-01-18T21:25:15+08:00 ] ::1 /blog/index.php/Home/Blog/files.html?id=1
INFO: [ app_init ] --START--
INFO: Run Behavior\BuildLiteBehavior [ RunTime:0.000094s ]
INFO: [ app_init ] --END-- [ RunTime:0.004463s ]
INFO: [ app_begin ] --START--
INFO: Run Behavior\ReadHtmlCacheBehavior [ RunTime:0.004409s ]
INFO: [ app_begin ] --END-- [ RunTime:0.004874s ]
SQL: SHOW COLUMNS FROM `tp_knowledge` [ RunTime:0.0615s ]
SQL: SELECT * FROM `tp_knowledge` WHERE ( id=1 )  [ RunTime:0.0014s ]
SQL: SHOW COLUMNS FROM `tp_knowledgecount` [ RunTime:0.0603s ]
SQL: SELECT `read` FROM `tp_knowledgecount` WHERE ( fid=1 ) LIMIT 1   [ RunTime:0.0010s ]
SQL: UPDATE `tp_knowledgecount` SET `read`='45' WHERE ( fid=1 ) [ RunTime:0.1139s ]
SQL: SHOW COLUMNS FROM `tp_pinglun` [ RunTime:0.0664s ]
SQL: SELECT COUNT(*) AS tp_count FROM `tp_pinglun` `pinglun`,`tp_user` `user` WHERE ( pinglun.uid=user.uid and pinglun.filed=1 ) LIMIT 1   [ RunTime:0.0013s ]
SQL: SHOW COLUMNS FROM `tp_pinglun` [ RunTime:0.0671s ]
SQL: SELECT pinglun.*,user.user_img FROM `tp_pinglun` `pinglun`,`tp_user` `user` WHERE ( pinglun.uid=user.uid and pinglun.filed=1 ) LIMIT 0,2   [ RunTime:0.0015s ]
SQL: SELECT `comment` FROM `tp_knowledgecount` WHERE `read` = 45 AND `fid` = 1 LIMIT 1   [ RunTime:0.0012s ]
INFO: [ view_parse ] --START--
INFO: [ template_filter ] --START--
INFO: Run Behavior\ContentReplaceBehavior [ RunTime:0.000650s ]
INFO: [ template_filter ] --END-- [ RunTime:0.001358s ]
NOTIC: [8] Undefined index: username F:\wamp\wamp\www\blog\Application\Runtime\Cache\Home\7a5733138f52fda130adaf1477d8b0e1.php 第 199 行.
INFO: Run Behavior\ParseTemplateBehavior [ RunTime:0.082788s ]
INFO: [ view_parse ] --END-- [ RunTime:0.083394s ]
INFO: [ view_filter ] --START--
INFO: Run Behavior\WriteHtmlCacheBehavior [ RunTime:0.005297s ]
INFO: [ view_filter ] --END-- [ RunTime:0.005694s ]
INFO: [ app_end ] --START--
INFO: Run Behavior\ShowPageTraceBehavior [ RunTime:0.010112s ]
INFO: [ app_end ] --END-- [ RunTime:0.010768s ]

[ 2017-01-18T21:25:28+08:00 ] ::1 /blog/index.php/Home/Index/index.html
INFO: [ app_init ] --START--
INFO: Run Behavior\BuildLiteBehavior [ RunTime:0.000089s ]
INFO: [ app_init ] --END-- [ RunTime:0.005030s ]
INFO: [ app_begin ] --START--
INFO: Run Behavior\ReadHtmlCacheBehavior [ RunTime:0.005949s ]
INFO: [ app_begin ] --END-- [ RunTime:0.006423s ]
SQL: SHOW COLUMNS FROM `tp_knowledge` [ RunTime:0.0506s ]
SQL: SELECT * FROM `tp_knowledge` WHERE `typeid` = 1 ORDER BY publishtime desc LIMIT 1   [ RunTime:0.0018s ]
SQL: SELECT * FROM `tp_knowledge` WHERE `typeid` = 3 ORDER BY publishtime desc LIMIT 1   [ RunTime:0.0011s ]
SQL: SHOW COLUMNS FROM `tp_img` [ RunTime:0.0664s ]
SQL: SELECT * FROM `tp_img` ORDER BY publishtime desc LIMIT 3   [ RunTime:0.0012s ]
INFO: [ view_parse ] --START--
INFO: [ template_filter ] --START--
INFO: Run Behavior\ContentReplaceBehavior [ RunTime:0.000427s ]
INFO: [ template_filter ] --END-- [ RunTime:0.000847s ]
NOTIC: [8] Undefined index: username F:\wamp\wamp\www\blog\Application\Runtime\Cache\Home\2a94b8bda04ff446dcedd42276fc99ee.php 第 113 行.
NOTIC: [8] Undefined index: username F:\wamp\wamp\www\blog\Application\Runtime\Cache\Home\2a94b8bda04ff446dcedd42276fc99ee.php 第 116 行.
INFO: Run Behavior\ParseTemplateBehavior [ RunTime:0.096175s ]
INFO: [ view_parse ] --END-- [ RunTime:0.096609s ]
INFO: [ view_filter ] --START--
INFO: Run Behavior\WriteHtmlCacheBehavior [ RunTime:0.005338s ]
INFO: [ view_filter ] --END-- [ RunTime:0.005883s ]
INFO: [ app_end ] --START--
INFO: Run Behavior\ShowPageTraceBehavior [ RunTime:0.008677s ]
INFO: [ app_end ] --END-- [ RunTime:0.009138s ]

[ 2017-01-18T21:25:29+08:00 ] ::1 /blog/index.php/Home/Blog/files.html?id=1
INFO: [ app_init ] --START--
INFO: Run Behavior\BuildLiteBehavior [ RunTime:0.000147s ]
INFO: [ app_init ] --END-- [ RunTime:0.005559s ]
INFO: [ app_begin ] --START--
INFO: Run Behavior\ReadHtmlCacheBehavior [ RunTime:0.006636s ]
INFO: [ app_begin ] --END-- [ RunTime:0.007273s ]
SQL: SHOW COLUMNS FROM `tp_knowledge` [ RunTime:0.0747s ]
SQL: SELECT * FROM `tp_knowledge` WHERE ( id=1 )  [ RunTime:0.0020s ]
SQL: SHOW COLUMNS FROM `tp_knowledgecount` [ RunTime:0.0824s ]
SQL: SELECT `read` FROM `tp_knowledgecount` WHERE ( fid=1 ) LIMIT 1   [ RunTime:0.0012s ]
SQL: UPDATE `tp_knowledgecount` SET `read`='46' WHERE ( fid=1 ) [ RunTime:0.0659s ]
SQL: SHOW COLUMNS FROM `tp_pinglun` [ RunTime:0.0919s ]
SQL: SELECT COUNT(*) AS tp_count FROM `tp_pinglun` `pinglun`,`tp_user` `user` WHERE ( pinglun.uid=user.uid and pinglun.filed=1 ) LIMIT 1   [ RunTime:0.0012s ]
SQL: SHOW COLUMNS FROM `tp_pinglun` [ RunTime:0.0804s ]
SQL: SELECT pinglun.*,user.user_img FROM `tp_pinglun` `pinglun`,`tp_user` `user` WHERE ( pinglun.uid=user.uid and pinglun.filed=1 ) LIMIT 0,2   [ RunTime:0.0014s ]
SQL: SELECT `comment` FROM `tp_knowledgecount` WHERE `read` = 46 AND `fid` = 1 LIMIT 1   [ RunTime:0.0010s ]
INFO: [ view_parse ] --START--
INFO: [ template_filter ] --START--
INFO: Run Behavior\ContentReplaceBehavior [ RunTime:0.000395s ]
INFO: [ template_filter ] --END-- [ RunTime:0.000864s ]
NOTIC: [8] Undefined index: username F:\wamp\wamp\www\blog\Application\Runtime\Cache\Home\7a5733138f52fda130adaf1477d8b0e1.php 第 199 行.
INFO: Run Behavior\ParseTemplateBehavior [ RunTime:0.071539s ]
INFO: [ view_parse ] --END-- [ RunTime:0.072011s ]
INFO: [ view_filter ] --START--
INFO: Run Behavior\WriteHtmlCacheBehavior [ RunTime:0.005554s ]
INFO: [ view_filter ] --END-- [ RunTime:0.005954s ]
INFO: [ app_end ] --START--
INFO: Run Behavior\ShowPageTraceBehavior [ RunTime:0.007753s ]
INFO: [ app_end ] --END-- [ RunTime:0.008375s ]

[ 2017-01-18T21:26:09+08:00 ] ::1 /blog/index.php/Home/Blog/files.html?id=1
INFO: [ app_init ] --START--
INFO: Run Behavior\BuildLiteBehavior [ RunTime:0.000158s ]
INFO: [ app_init ] --END-- [ RunTime:0.003673s ]
INFO: [ app_begin ] --START--
INFO: Run Behavior\ReadHtmlCacheBehavior [ RunTime:0.005004s ]
INFO: [ app_begin ] --END-- [ RunTime:0.005486s ]
SQL: SHOW COLUMNS FROM `tp_knowledge` [ RunTime:0.0646s ]
SQL: SELECT * FROM `tp_knowledge` WHERE ( id=1 )  [ RunTime:0.0017s ]
SQL: SHOW COLUMNS FROM `tp_knowledgecount` [ RunTime:0.0555s ]
SQL: SELECT `read` FROM `tp_knowledgecount` WHERE ( fid=1 ) LIMIT 1   [ RunTime:0.0010s ]
SQL: UPDATE `tp_knowledgecount` SET `read`='47' WHERE ( fid=1 ) [ RunTime:0.0442s ]
SQL: SHOW COLUMNS FROM `tp_pinglun` [ RunTime:0.0656s ]
SQL: SELECT COUNT(*) AS tp_count FROM `tp_pinglun` `pinglun`,`tp_user` `user` WHERE ( pinglun.uid=user.uid and pinglun.filed=1 ) LIMIT 1   [ RunTime:0.0014s ]
SQL: SHOW COLUMNS FROM `tp_pinglun` [ RunTime:0.0570s ]
SQL: SELECT pinglun.*,user.user_img FROM `tp_pinglun` `pinglun`,`tp_user` `user` WHERE ( pinglun.uid=user.uid and pinglun.filed=1 ) LIMIT 0,2   [ RunTime:0.0017s ]
SQL: SELECT `comment` FROM `tp_knowledgecount` WHERE `read` = 47 AND `fid` = 1 LIMIT 1   [ RunTime:0.0011s ]
INFO: [ view_parse ] --START--
INFO: [ template_filter ] --START--
INFO: Run Behavior\ContentReplaceBehavior [ RunTime:0.000424s ]
INFO: [ template_filter ] --END-- [ RunTime:0.000879s ]
NOTIC: [8] Undefined index: username F:\wamp\wamp\www\blog\Application\Runtime\Cache\Home\7a5733138f52fda130adaf1477d8b0e1.php 第 204 行.
INFO: Run Behavior\ParseTemplateBehavior [ RunTime:0.077752s ]
INFO: [ view_parse ] --END-- [ RunTime:0.078211s ]
INFO: [ view_filter ] --START--
INFO: Run Behavior\WriteHtmlCacheBehavior [ RunTime:0.007621s ]
INFO: [ view_filter ] --END-- [ RunTime:0.008035s ]
INFO: [ app_end ] --START--
INFO: Run Behavior\ShowPageTraceBehavior [ RunTime:0.012089s ]
INFO: [ app_end ] --END-- [ RunTime:0.012706s ]

[ 2017-01-18T21:26:41+08:00 ] ::1 /blog/index.php/Home/Blog/files.html?id=1
INFO: [ app_init ] --START--
INFO: Run Behavior\BuildLiteBehavior [ RunTime:0.000097s ]
INFO: [ app_init ] --END-- [ RunTime:0.005936s ]
INFO: [ app_begin ] --START--
INFO: Run Behavior\ReadHtmlCacheBehavior [ RunTime:0.005717s ]
INFO: [ app_begin ] --END-- [ RunTime:0.006180s ]
SQL: SHOW COLUMNS FROM `tp_knowledge` [ RunTime:0.0760s ]
SQL: SELECT * FROM `tp_knowledge` WHERE ( id=1 )  [ RunTime:0.0015s ]
SQL: SHOW COLUMNS FROM `tp_knowledgecount` [ RunTime:0.0669s ]
SQL: SELECT `read` FROM `tp_knowledgecount` WHERE ( fid=1 ) LIMIT 1   [ RunTime:0.0010s ]
SQL: UPDATE `tp_knowledgecount` SET `read`='48' WHERE ( fid=1 ) [ RunTime:0.0462s ]
SQL: SHOW COLUMNS FROM `tp_pinglun` [ RunTime:0.0659s ]
SQL: SELECT COUNT(*) AS tp_count FROM `tp_pinglun` `pinglun`,`tp_user` `user` WHERE ( pinglun.uid=user.uid and pinglun.filed=1 ) LIMIT 1   [ RunTime:0.0011s ]
SQL: SHOW COLUMNS FROM `tp_pinglun` [ RunTime:0.0646s ]
SQL: SELECT pinglun.*,user.user_img FROM `tp_pinglun` `pinglun`,`tp_user` `user` WHERE ( pinglun.uid=user.uid and pinglun.filed=1 ) LIMIT 0,2   [ RunTime:0.0012s ]
SQL: SELECT `comment` FROM `tp_knowledgecount` WHERE `read` = 48 AND `fid` = 1 LIMIT 1   [ RunTime:0.0009s ]
INFO: [ view_parse ] --START--
INFO: [ template_filter ] --START--
INFO: Run Behavior\ContentReplaceBehavior [ RunTime:0.000672s ]
INFO: [ template_filter ] --END-- [ RunTime:0.001493s ]
NOTIC: [8] Undefined index: username F:\wamp\wamp\www\blog\Application\Runtime\Cache\Home\7a5733138f52fda130adaf1477d8b0e1.php 第 204 行.
INFO: Run Behavior\ParseTemplateBehavior [ RunTime:0.072308s ]
INFO: [ view_parse ] --END-- [ RunTime:0.072767s ]
INFO: [ view_filter ] --START--
INFO: Run Behavior\WriteHtmlCacheBehavior [ RunTime:0.004825s ]
INFO: [ view_filter ] --END-- [ RunTime:0.005215s ]
INFO: [ app_end ] --START--
INFO: Run Behavior\ShowPageTraceBehavior [ RunTime:0.006137s ]
INFO: [ app_end ] --END-- [ RunTime:0.006816s ]

[ 2017-01-18T21:26:55+08:00 ] ::1 /blog/index.php/Home/Blog/files.html?id=1
INFO: [ app_init ] --START--
INFO: Run Behavior\BuildLiteBehavior [ RunTime:0.000094s ]
INFO: [ app_init ] --END-- [ RunTime:0.005744s ]
INFO: [ app_begin ] --START--
INFO: Run Behavior\ReadHtmlCacheBehavior [ RunTime:0.006987s ]
INFO: [ app_begin ] --END-- [ RunTime:0.007470s ]
SQL: SHOW COLUMNS FROM `tp_knowledge` [ RunTime:0.0698s ]
SQL: SELECT * FROM `tp_knowledge` WHERE ( id=1 )  [ RunTime:0.0015s ]
SQL: SHOW COLUMNS FROM `tp_knowledgecount` [ RunTime:0.0567s ]
SQL: SELECT `read` FROM `tp_knowledgecount` WHERE ( fid=1 ) LIMIT 1   [ RunTime:0.0010s ]
SQL: UPDATE `tp_knowledgecount` SET `read`='49' WHERE ( fid=1 ) [ RunTime:0.0511s ]
SQL: SHOW COLUMNS FROM `tp_pinglun` [ RunTime:0.0620s ]
SQL: SELECT COUNT(*) AS tp_count FROM `tp_pinglun` `pinglun`,`tp_user` `user` WHERE ( pinglun.uid=user.uid and pinglun.filed=1 ) LIMIT 1   [ RunTime:0.0012s ]
SQL: SHOW COLUMNS FROM `tp_pinglun` [ RunTime:0.0761s ]
SQL: SELECT pinglun.*,user.user_img FROM `tp_pinglun` `pinglun`,`tp_user` `user` WHERE ( pinglun.uid=user.uid and pinglun.filed=1 ) LIMIT 0,2   [ RunTime:0.0012s ]
SQL: SELECT `comment` FROM `tp_knowledgecount` WHERE `read` = 49 AND `fid` = 1 LIMIT 1   [ RunTime:0.0009s ]
INFO: [ view_parse ] --START--
INFO: [ template_filter ] --START--
INFO: Run Behavior\ContentReplaceBehavior [ RunTime:0.000411s ]
INFO: [ template_filter ] --END-- [ RunTime:0.000894s ]
NOTIC: [8] Undefined index: username F:\wamp\wamp\www\blog\Application\Runtime\Cache\Home\7a5733138f52fda130adaf1477d8b0e1.php 第 204 行.
INFO: Run Behavior\ParseTemplateBehavior [ RunTime:0.087189s ]
INFO: [ view_parse ] --END-- [ RunTime:0.087799s ]
INFO: [ view_filter ] --START--
INFO: Run Behavior\WriteHtmlCacheBehavior [ RunTime:0.005585s ]
INFO: [ view_filter ] --END-- [ RunTime:0.005990s ]
INFO: [ app_end ] --START--
INFO: Run Behavior\ShowPageTraceBehavior [ RunTime:0.009067s ]
INFO: [ app_end ] --END-- [ RunTime:0.009795s ]

[ 2017-01-18T21:26:59+08:00 ] ::1 /blog/index.php/Home/Blog/files.html?id=1
INFO: [ app_init ] --START--
INFO: Run Behavior\BuildLiteBehavior [ RunTime:0.000082s ]
INFO: [ app_init ] --END-- [ RunTime:0.003790s ]
INFO: [ app_begin ] --START--
INFO: Run Behavior\ReadHtmlCacheBehavior [ RunTime:0.003724s ]
INFO: [ app_begin ] --END-- [ RunTime:0.004192s ]
SQL: SHOW COLUMNS FROM `tp_knowledge` [ RunTime:0.0517s ]
SQL: SELECT * FROM `tp_knowledge` WHERE ( id=1 )  [ RunTime:0.0012s ]
SQL: SHOW COLUMNS FROM `tp_knowledgecount` [ RunTime:0.0533s ]
SQL: SELECT `read` FROM `tp_knowledgecount` WHERE ( fid=1 ) LIMIT 1   [ RunTime:0.0007s ]
SQL: UPDATE `tp_knowledgecount` SET `read`='50' WHERE ( fid=1 ) [ RunTime:0.0474s ]
SQL: SHOW COLUMNS FROM `tp_pinglun` [ RunTime:0.0456s ]
SQL: SELECT COUNT(*) AS tp_count FROM `tp_pinglun` `pinglun`,`tp_user` `user` WHERE ( pinglun.uid=user.uid and pinglun.filed=1 ) LIMIT 1   [ RunTime:0.0008s ]
SQL: SHOW COLUMNS FROM `tp_pinglun` [ RunTime:0.0611s ]
SQL: SELECT pinglun.*,user.user_img FROM `tp_pinglun` `pinglun`,`tp_user` `user` WHERE ( pinglun.uid=user.uid and pinglun.filed=1 ) LIMIT 0,2   [ RunTime:0.0009s ]
SQL: SELECT `comment` FROM `tp_knowledgecount` WHERE `read` = 50 AND `fid` = 1 LIMIT 1   [ RunTime:0.0007s ]
INFO: [ view_parse ] --START--
INFO: [ template_filter ] --START--
INFO: Run Behavior\ContentReplaceBehavior [ RunTime:0.000244s ]
INFO: [ template_filter ] --END-- [ RunTime:0.000512s ]
NOTIC: [8] Undefined index: username F:\wamp\wamp\www\blog\Application\Runtime\Cache\Home\7a5733138f52fda130adaf1477d8b0e1.php 第 204 行.
INFO: Run Behavior\ParseTemplateBehavior [ RunTime:0.050455s ]
INFO: [ view_parse ] --END-- [ RunTime:0.050799s ]
INFO: [ view_filter ] --START--
INFO: Run Behavior\WriteHtmlCacheBehavior [ RunTime:0.003186s ]
INFO: [ view_filter ] --END-- [ RunTime:0.003434s ]
INFO: [ app_end ] --START--
INFO: Run Behavior\ShowPageTraceBehavior [ RunTime:0.003307s ]
INFO: [ app_end ] --END-- [ RunTime:0.003567s ]

[ 2017-01-18T21:27:17+08:00 ] ::1 /blog/index.php/Home/Blog/files.html?id=1
INFO: [ app_init ] --START--
INFO: Run Behavior\BuildLiteBehavior [ RunTime:0.000091s ]
INFO: [ app_init ] --END-- [ RunTime:0.004049s ]
INFO: [ app_begin ] --START--
INFO: Run Behavior\ReadHtmlCacheBehavior [ RunTime:0.005506s ]
INFO: [ app_begin ] --END-- [ RunTime:0.006006s ]
SQL: SHOW COLUMNS FROM `tp_knowledge` [ RunTime:0.0565s ]
SQL: SELECT * FROM `tp_knowledge` WHERE ( id=1 )  [ RunTime:0.0018s ]
SQL: SHOW COLUMNS FROM `tp_knowledgecount` [ RunTime:0.0561s ]
SQL: SELECT `read` FROM `tp_knowledgecount` WHERE ( fid=1 ) LIMIT 1   [ RunTime:0.0010s ]
SQL: UPDATE `tp_knowledgecount` SET `read`='51' WHERE ( fid=1 ) [ RunTime:0.9506s ]
SQL: SHOW COLUMNS FROM `tp_pinglun` [ RunTime:0.1199s ]
SQL: SELECT COUNT(*) AS tp_count FROM `tp_pinglun` `pinglun`,`tp_user` `user` WHERE ( pinglun.uid=user.uid and pinglun.filed=1 ) LIMIT 1   [ RunTime:0.0038s ]
SQL: SHOW COLUMNS FROM `tp_pinglun` [ RunTime:0.0979s ]
SQL: SELECT pinglun.*,user.user_img FROM `tp_pinglun` `pinglun`,`tp_user` `user` WHERE ( pinglun.uid=user.uid and pinglun.filed=1 ) LIMIT 0,2   [ RunTime:0.0017s ]
SQL: SELECT `comment` FROM `tp_knowledgecount` WHERE `read` = 51 AND `fid` = 1 LIMIT 1   [ RunTime:0.0010s ]
INFO: [ view_parse ] --START--
INFO: [ template_filter ] --START--
INFO: Run Behavior\ContentReplaceBehavior [ RunTime:0.000742s ]
INFO: [ template_filter ] --END-- [ RunTime:0.001493s ]
NOTIC: [8] Undefined index: username F:\wamp\wamp\www\blog\Application\Runtime\Cache\Home\7a5733138f52fda130adaf1477d8b0e1.php 第 204 行.
INFO: Run Behavior\ParseTemplateBehavior [ RunTime:0.102993s ]
INFO: [ view_parse ] --END-- [ RunTime:0.103724s ]
INFO: [ view_filter ] --START--
INFO: Run Behavior\WriteHtmlCacheBehavior [ RunTime:0.005240s ]
INFO: [ view_filter ] --END-- [ RunTime:0.005961s ]
INFO: [ app_end ] --START--
INFO: Run Behavior\ShowPageTraceBehavior [ RunTime:0.011752s ]
INFO: [ app_end ] --END-- [ RunTime:0.012504s ]

[ 2017-01-18T21:27:55+08:00 ] ::1 /blog/index.php/Home/Blog/files.html?id=1
INFO: [ app_init ] --START--
INFO: Run Behavior\BuildLiteBehavior [ RunTime:0.000095s ]
INFO: [ app_init ] --END-- [ RunTime:0.004678s ]
INFO: [ app_begin ] --START--
INFO: Run Behavior\ReadHtmlCacheBehavior [ RunTime:0.006335s ]
INFO: [ app_begin ] --END-- [ RunTime:0.006931s ]
SQL: SHOW COLUMNS FROM `tp_knowledge` [ RunTime:0.0707s ]
SQL: SELECT * FROM `tp_knowledge` WHERE ( id=1 )  [ RunTime:0.0017s ]
SQL: SHOW COLUMNS FROM `tp_knowledgecount` [ RunTime:0.0718s ]
SQL: SELECT `read` FROM `tp_knowledgecount` WHERE ( fid=1 ) LIMIT 1   [ RunTime:0.0010s ]
SQL: UPDATE `tp_knowledgecount` SET `read`='52' WHERE ( fid=1 ) [ RunTime:0.0739s ]
SQL: SHOW COLUMNS FROM `tp_pinglun` [ RunTime:0.0948s ]
SQL: SELECT COUNT(*) AS tp_count FROM `tp_pinglun` `pinglun`,`tp_user` `user` WHERE ( pinglun.uid=user.uid and pinglun.filed=1 ) LIMIT 1   [ RunTime:0.0018s ]
SQL: SHOW COLUMNS FROM `tp_pinglun` [ RunTime:0.0723s ]
SQL: SELECT pinglun.*,user.user_img FROM `tp_pinglun` `pinglun`,`tp_user` `user` WHERE ( pinglun.uid=user.uid and pinglun.filed=1 ) LIMIT 0,2   [ RunTime:0.0025s ]
SQL: SELECT `comment` FROM `tp_knowledgecount` WHERE `read` = 52 AND `fid` = 1 LIMIT 1   [ RunTime:0.0013s ]
INFO: [ view_parse ] --START--
INFO: [ template_filter ] --START--
INFO: Run Behavior\ContentReplaceBehavior [ RunTime:0.000520s ]
INFO: [ template_filter ] --END-- [ RunTime:0.000995s ]
NOTIC: [8] Undefined index: username F:\wamp\wamp\www\blog\Application\Runtime\Cache\Home\7a5733138f52fda130adaf1477d8b0e1.php 第 204 行.
INFO: Run Behavior\ParseTemplateBehavior [ RunTime:0.085249s ]
INFO: [ view_parse ] --END-- [ RunTime:0.085956s ]
INFO: [ view_filter ] --START--
INFO: Run Behavior\WriteHtmlCacheBehavior [ RunTime:0.006329s ]
INFO: [ view_filter ] --END-- [ RunTime:0.006745s ]
INFO: [ app_end ] --START--
INFO: Run Behavior\ShowPageTraceBehavior [ RunTime:0.012461s ]
INFO: [ app_end ] --END-- [ RunTime:0.013459s ]

[ 2017-01-18T21:29:59+08:00 ] ::1 /blog/index.php/Home/Blog/files.html?id=1
INFO: [ app_init ] --START--
INFO: Run Behavior\BuildLiteBehavior [ RunTime:0.000092s ]
INFO: [ app_init ] --END-- [ RunTime:0.004307s ]
INFO: [ app_begin ] --START--
INFO: Run Behavior\ReadHtmlCacheBehavior [ RunTime:0.005129s ]
INFO: [ app_begin ] --END-- [ RunTime:0.005616s ]
SQL: SHOW COLUMNS FROM `tp_knowledge` [ RunTime:0.0737s ]
SQL: SELECT * FROM `tp_knowledge` WHERE ( id=1 )  [ RunTime:0.0015s ]
SQL: SHOW COLUMNS FROM `tp_knowledgecount` [ RunTime:0.0549s ]
SQL: SELECT `read` FROM `tp_knowledgecount` WHERE ( fid=1 ) LIMIT 1   [ RunTime:0.0010s ]
SQL: UPDATE `tp_knowledgecount` SET `read`='53' WHERE ( fid=1 ) [ RunTime:0.0532s ]
SQL: SHOW COLUMNS FROM `tp_pinglun` [ RunTime:0.0714s ]
SQL: SELECT COUNT(*) AS tp_count FROM `tp_pinglun` `pinglun`,`tp_user` `user` WHERE ( pinglun.uid=user.uid and pinglun.filed=1 ) LIMIT 1   [ RunTime:0.0014s ]
SQL: SHOW COLUMNS FROM `tp_pinglun` [ RunTime:0.0813s ]
SQL: SELECT pinglun.*,user.user_img FROM `tp_pinglun` `pinglun`,`tp_user` `user` WHERE ( pinglun.uid=user.uid and pinglun.filed=1 ) LIMIT 0,2   [ RunTime:0.0013s ]
SQL: SELECT `comment` FROM `tp_knowledgecount` WHERE `read` = 53 AND `fid` = 1 LIMIT 1   [ RunTime:0.0010s ]
INFO: [ view_parse ] --START--
INFO: [ template_filter ] --START--
INFO: Run Behavior\ContentReplaceBehavior [ RunTime:0.000469s ]
INFO: [ template_filter ] --END-- [ RunTime:0.000995s ]
NOTIC: [8] Undefined index: username F:\wamp\wamp\www\blog\Application\Runtime\Cache\Home\7a5733138f52fda130adaf1477d8b0e1.php 第 211 行.
INFO: Run Behavior\ParseTemplateBehavior [ RunTime:0.121722s ]
INFO: [ view_parse ] --END-- [ RunTime:0.122193s ]
INFO: [ view_filter ] --START--
INFO: Run Behavior\WriteHtmlCacheBehavior [ RunTime:0.009883s ]
INFO: [ view_filter ] --END-- [ RunTime:0.011816s ]
INFO: [ app_end ] --START--
INFO: Run Behavior\ShowPageTraceBehavior [ RunTime:0.017594s ]
INFO: [ app_end ] --END-- [ RunTime:0.018904s ]

[ 2017-01-18T21:31:35+08:00 ] ::1 /blog/index.php/Home/Blog/files.html?id=1
INFO: [ app_init ] --START--
INFO: Run Behavior\BuildLiteBehavior [ RunTime:0.000092s ]
INFO: [ app_init ] --END-- [ RunTime:0.006209s ]
INFO: [ app_begin ] --START--
INFO: Run Behavior\ReadHtmlCacheBehavior [ RunTime:0.006287s ]
INFO: [ app_begin ] --END-- [ RunTime:0.006919s ]
SQL: SHOW COLUMNS FROM `tp_knowledge` [ RunTime:0.0803s ]
SQL: SELECT * FROM `tp_knowledge` WHERE ( id=1 )  [ RunTime:0.0015s ]
SQL: SHOW COLUMNS FROM `tp_knowledgecount` [ RunTime:0.0743s ]
SQL: SELECT `read` FROM `tp_knowledgecount` WHERE ( fid=1 ) LIMIT 1   [ RunTime:0.0009s ]
SQL: UPDATE `tp_knowledgecount` SET `read`='54' WHERE ( fid=1 ) [ RunTime:0.0598s ]
SQL: SHOW COLUMNS FROM `tp_pinglun` [ RunTime:0.0831s ]
SQL: SELECT COUNT(*) AS tp_count FROM `tp_pinglun` `pinglun`,`tp_user` `user` WHERE ( pinglun.uid=user.uid and pinglun.filed=1 ) LIMIT 1   [ RunTime:0.0011s ]
SQL: SHOW COLUMNS FROM `tp_pinglun` [ RunTime:0.0706s ]
SQL: SELECT pinglun.*,user.user_img FROM `tp_pinglun` `pinglun`,`tp_user` `user` WHERE ( pinglun.uid=user.uid and pinglun.filed=1 ) LIMIT 0,2   [ RunTime:0.0013s ]
SQL: SELECT `comment` FROM `tp_knowledgecount` WHERE `read` = 54 AND `fid` = 1 LIMIT 1   [ RunTime:0.0009s ]
INFO: [ view_parse ] --START--
INFO: [ template_filter ] --START--
INFO: Run Behavior\ContentReplaceBehavior [ RunTime:0.000443s ]
INFO: [ template_filter ] --END-- [ RunTime:0.000917s ]
NOTIC: [8] Undefined index: username F:\wamp\wamp\www\blog\Application\Runtime\Cache\Home\7a5733138f52fda130adaf1477d8b0e1.php 第 211 行.
INFO: Run Behavior\ParseTemplateBehavior [ RunTime:0.106865s ]
INFO: [ view_parse ] --END-- [ RunTime:0.107333s ]
INFO: [ view_filter ] --START--
INFO: Run Behavior\WriteHtmlCacheBehavior [ RunTime:0.007463s ]
INFO: [ view_filter ] --END-- [ RunTime:0.008037s ]
INFO: [ app_end ] --START--
INFO: Run Behavior\ShowPageTraceBehavior [ RunTime:0.022920s ]
INFO: [ app_end ] --END-- [ RunTime:0.023734s ]

[ 2017-01-18T21:32:27+08:00 ] ::1 /blog/index.php/Home/Blog/files.html?id=1
INFO: [ app_init ] --START--
INFO: Run Behavior\BuildLiteBehavior [ RunTime:0.000093s ]
INFO: [ app_init ] --END-- [ RunTime:0.006364s ]
INFO: [ app_begin ] --START--
INFO: Run Behavior\ReadHtmlCacheBehavior [ RunTime:0.006666s ]
INFO: [ app_begin ] --END-- [ RunTime:0.007147s ]
SQL: SHOW COLUMNS FROM `tp_knowledge` [ RunTime:0.0780s ]
SQL: SELECT * FROM `tp_knowledge` WHERE ( id=1 )  [ RunTime:0.0015s ]
SQL: SHOW COLUMNS FROM `tp_knowledgecount` [ RunTime:0.0611s ]
SQL: SELECT `read` FROM `tp_knowledgecount` WHERE ( fid=1 ) LIMIT 1   [ RunTime:0.0010s ]
SQL: UPDATE `tp_knowledgecount` SET `read`='55' WHERE ( fid=1 ) [ RunTime:0.0414s ]
SQL: SHOW COLUMNS FROM `tp_pinglun` [ RunTime:0.0671s ]
SQL: SELECT COUNT(*) AS tp_count FROM `tp_pinglun` `pinglun`,`tp_user` `user` WHERE ( pinglun.uid=user.uid and pinglun.filed=1 ) LIMIT 1   [ RunTime:0.0012s ]
SQL: SHOW COLUMNS FROM `tp_pinglun` [ RunTime:0.0805s ]
SQL: SELECT pinglun.*,user.user_img FROM `tp_pinglun` `pinglun`,`tp_user` `user` WHERE ( pinglun.uid=user.uid and pinglun.filed=1 ) LIMIT 0,2   [ RunTime:0.0012s ]
SQL: SELECT `comment` FROM `tp_knowledgecount` WHERE `read` = 55 AND `fid` = 1 LIMIT 1   [ RunTime:0.0009s ]
INFO: [ view_parse ] --START--
INFO: [ template_filter ] --START--
INFO: Run Behavior\ContentReplaceBehavior [ RunTime:0.000425s ]
INFO: [ template_filter ] --END-- [ RunTime:0.000855s ]
NOTIC: [8] Undefined index: username F:\wamp\wamp\www\blog\Application\Runtime\Cache\Home\7a5733138f52fda130adaf1477d8b0e1.php 第 210 行.
INFO: Run Behavior\ParseTemplateBehavior [ RunTime:0.080798s ]
INFO: [ view_parse ] --END-- [ RunTime:0.081266s ]
INFO: [ view_filter ] --START--
INFO: Run Behavior\WriteHtmlCacheBehavior [ RunTime:0.006179s ]
INFO: [ view_filter ] --END-- [ RunTime:0.006578s ]
INFO: [ app_end ] --START--
INFO: Run Behavior\ShowPageTraceBehavior [ RunTime:0.008869s ]
INFO: [ app_end ] --END-- [ RunTime:0.009470s ]

[ 2017-01-18T21:33:02+08:00 ] ::1 /blog/index.php/Home/Blog/files.html?id=1
INFO: [ app_init ] --START--
INFO: Run Behavior\BuildLiteBehavior [ RunTime:0.000092s ]
INFO: [ app_init ] --END-- [ RunTime:0.004440s ]
INFO: [ app_begin ] --START--
INFO: Run Behavior\ReadHtmlCacheBehavior [ RunTime:0.007363s ]
INFO: [ app_begin ] --END-- [ RunTime:0.007831s ]
SQL: SHOW COLUMNS FROM `tp_knowledge` [ RunTime:0.0765s ]
SQL: SELECT * FROM `tp_knowledge` WHERE ( id=1 )  [ RunTime:0.0014s ]
SQL: SHOW COLUMNS FROM `tp_knowledgecount` [ RunTime:0.0526s ]
SQL: SELECT `read` FROM `tp_knowledgecount` WHERE ( fid=1 ) LIMIT 1   [ RunTime:0.0010s ]
SQL: UPDATE `tp_knowledgecount` SET `read`='56' WHERE ( fid=1 ) [ RunTime:0.0618s ]
SQL: SHOW COLUMNS FROM `tp_pinglun` [ RunTime:0.1206s ]
SQL: SELECT COUNT(*) AS tp_count FROM `tp_pinglun` `pinglun`,`tp_user` `user` WHERE ( pinglun.uid=user.uid and pinglun.filed=1 ) LIMIT 1   [ RunTime:0.0015s ]
SQL: SHOW COLUMNS FROM `tp_pinglun` [ RunTime:0.0696s ]
SQL: SELECT pinglun.*,user.user_img FROM `tp_pinglun` `pinglun`,`tp_user` `user` WHERE ( pinglun.uid=user.uid and pinglun.filed=1 ) LIMIT 0,2   [ RunTime:0.0012s ]
SQL: SELECT `comment` FROM `tp_knowledgecount` WHERE `read` = 56 AND `fid` = 1 LIMIT 1   [ RunTime:0.0011s ]
INFO: [ view_parse ] --START--
INFO: [ template_filter ] --START--
INFO: Run Behavior\ContentReplaceBehavior [ RunTime:0.000421s ]
INFO: [ template_filter ] --END-- [ RunTime:0.000842s ]
NOTIC: [8] Undefined index: username F:\wamp\wamp\www\blog\Application\Runtime\Cache\Home\7a5733138f52fda130adaf1477d8b0e1.php 第 210 行.
INFO: Run Behavior\ParseTemplateBehavior [ RunTime:0.081885s ]
INFO: [ view_parse ] --END-- [ RunTime:0.082402s ]
INFO: [ view_filter ] --START--
INFO: Run Behavior\WriteHtmlCacheBehavior [ RunTime:0.006783s ]
INFO: [ view_filter ] --END-- [ RunTime:0.007196s ]
INFO: [ app_end ] --START--
INFO: Run Behavior\ShowPageTraceBehavior [ RunTime:0.010779s ]
INFO: [ app_end ] --END-- [ RunTime:0.011250s ]

[ 2017-01-18T21:36:12+08:00 ] ::1 /blog/index.php/Home/Index/contact.html
INFO: [ app_init ] --START--
INFO: Run Behavior\BuildLiteBehavior [ RunTime:0.000092s ]
INFO: [ app_init ] --END-- [ RunTime:0.004618s ]
INFO: [ app_begin ] --START--
INFO: Run Behavior\ReadHtmlCacheBehavior [ RunTime:0.007030s ]
INFO: [ app_begin ] --END-- [ RunTime:0.007516s ]
NOTIC: [8] Undefined index: username F:\wamp\wamp\www\blog\Application\Home\Controller\IndexController.class.php 第 30 行.

[ 2017-01-18T21:36:12+08:00 ] ::1 /blog/index.php/Home/Login/login.html
INFO: [ app_init ] --START--
INFO: Run Behavior\BuildLiteBehavior [ RunTime:0.000114s ]
INFO: [ app_init ] --END-- [ RunTime:0.007478s ]
INFO: [ app_begin ] --START--
INFO: Run Behavior\ReadHtmlCacheBehavior [ RunTime:0.007573s ]
INFO: [ app_begin ] --END-- [ RunTime:0.008349s ]
INFO: [ view_parse ] --START--
INFO: [ template_filter ] --START--
INFO: Run Behavior\ContentReplaceBehavior [ RunTime:0.000558s ]
INFO: [ template_filter ] --END-- [ RunTime:0.004690s ]
INFO: Run Behavior\ParseTemplateBehavior [ RunTime:0.127707s ]
INFO: [ view_parse ] --END-- [ RunTime:0.128500s ]
INFO: [ view_filter ] --START--
INFO: Run Behavior\WriteHtmlCacheBehavior [ RunTime:0.008354s ]
INFO: [ view_filter ] --END-- [ RunTime:0.009350s ]
INFO: [ app_end ] --START--
INFO: Run Behavior\ShowPageTraceBehavior [ RunTime:0.009984s ]
INFO: [ app_end ] --END-- [ RunTime:0.010754s ]

[ 2017-01-18T21:36:13+08:00 ] ::1 /blog/index.php/Home/Blog/index.html
INFO: [ app_init ] --START--
INFO: Run Behavior\BuildLiteBehavior [ RunTime:0.000172s ]
INFO: [ app_init ] --END-- [ RunTime:0.013452s ]
INFO: [ app_begin ] --START--
INFO: Run Behavior\ReadHtmlCacheBehavior [ RunTime:0.020626s ]
INFO: [ app_begin ] --END-- [ RunTime:0.021567s ]
NOTIC: [8] Undefined index: id F:\wamp\wamp\www\blog\Application\Home\Controller\BlogController.class.php 第 8 行.
SQL: SHOW COLUMNS FROM `tp_filetype` [ RunTime:0.0857s ]
SQL: SELECT * FROM `tp_filetype`  [ RunTime:0.0017s ]
SQL: SHOW COLUMNS FROM `tp_knowledge` [ RunTime:0.0984s ]
NOTIC: [8] Undefined index: id F:\wamp\wamp\www\blog\Application\Home\Controller\BlogController.class.php 第 16 行.
SQL: SELECT COUNT(*) AS tp_count FROM `tp_knowledge` LIMIT 1   [ RunTime:0.0015s ]
SQL: SELECT * FROM `tp_knowledge` LIMIT 0,6   [ RunTime:0.0018s ]
INFO: [ view_parse ] --START--
INFO: [ template_filter ] --START--
INFO: Run Behavior\ContentReplaceBehavior [ RunTime:0.000667s ]
INFO: [ template_filter ] --END-- [ RunTime:0.001458s ]
INFO: Run Behavior\ParseTemplateBehavior [ RunTime:0.088439s ]
INFO: [ view_parse ] --END-- [ RunTime:0.088965s ]
INFO: [ view_filter ] --START--
INFO: Run Behavior\WriteHtmlCacheBehavior [ RunTime:0.006335s ]
INFO: [ view_filter ] --END-- [ RunTime:0.006849s ]
INFO: [ app_end ] --START--
INFO: Run Behavior\ShowPageTraceBehavior [ RunTime:0.011190s ]
INFO: [ app_end ] --END-- [ RunTime:0.011855s ]

