[ 2017-01-03T21:32:12+08:00 ] ::1 /blog/
INFO: [ app_init ] --START--
INFO: Run Behavior\BuildLiteBehavior [ RunTime:0.000095s ]
INFO: [ app_init ] --END-- [ RunTime:0.053882s ]
INFO: [ app_begin ] --START--
INFO: Run Behavior\ReadHtmlCacheBehavior [ RunTime:0.021574s ]
INFO: [ app_begin ] --END-- [ RunTime:0.022114s ]
SQL: SHOW COLUMNS FROM `tp_knowledge` [ RunTime:0.1006s ]
SQL: SELECT * FROM `tp_knowledge` WHERE `typeid` = 1 ORDER BY publishtime desc LIMIT 1   [ RunTime:0.0227s ]
SQL: SELECT * FROM `tp_knowledge` WHERE `typeid` = 3 ORDER BY publishtime desc LIMIT 1   [ RunTime:0.0012s ]
SQL: SHOW COLUMNS FROM `tp_img` [ RunTime:0.2083s ]
SQL: SELECT * FROM `tp_img` ORDER BY publishtime desc LIMIT 3   [ RunTime:0.0011s ]
INFO: [ view_parse ] --START--
INFO: [ template_filter ] --START--
INFO: Run Behavior\ContentReplaceBehavior [ RunTime:0.001111s ]
INFO: [ template_filter ] --END-- [ RunTime:0.001536s ]
NOTIC: [8] Undefined index: username F:\wamp\wamp\www\blog\Application\Runtime\Cache\Home\2a94b8bda04ff446dcedd42276fc99ee.php 第 113 行.
NOTIC: [8] Undefined index: username F:\wamp\wamp\www\blog\Application\Runtime\Cache\Home\2a94b8bda04ff446dcedd42276fc99ee.php 第 116 行.
INFO: Run Behavior\ParseTemplateBehavior [ RunTime:0.202421s ]
INFO: [ view_parse ] --END-- [ RunTime:0.202888s ]
INFO: [ view_filter ] --START--
INFO: Run Behavior\WriteHtmlCacheBehavior [ RunTime:0.017672s ]
INFO: [ view_filter ] --END-- [ RunTime:0.018068s ]
INFO: [ app_end ] --START--
INFO: Run Behavior\ShowPageTraceBehavior [ RunTime:0.076202s ]
INFO: [ app_end ] --END-- [ RunTime:0.076855s ]

[ 2017-01-03T21:32:17+08:00 ] ::1 /blog/index.php/Home/Index/index.html
INFO: [ app_init ] --START--
INFO: Run Behavior\BuildLiteBehavior [ RunTime:0.000101s ]
INFO: [ app_init ] --END-- [ RunTime:0.005365s ]
INFO: [ app_begin ] --START--
INFO: Run Behavior\ReadHtmlCacheBehavior [ RunTime:0.005426s ]
INFO: [ app_begin ] --END-- [ RunTime:0.005849s ]
SQL: SHOW COLUMNS FROM `tp_knowledge` [ RunTime:0.0676s ]
SQL: SELECT * FROM `tp_knowledge` WHERE `typeid` = 1 ORDER BY publishtime desc LIMIT 1   [ RunTime:0.0011s ]
SQL: SELECT * FROM `tp_knowledge` WHERE `typeid` = 3 ORDER BY publishtime desc LIMIT 1   [ RunTime:0.0008s ]
SQL: SHOW COLUMNS FROM `tp_img` [ RunTime:0.0991s ]
SQL: SELECT * FROM `tp_img` ORDER BY publishtime desc LIMIT 3   [ RunTime:0.0009s ]
INFO: [ view_parse ] --START--
INFO: [ template_filter ] --START--
INFO: Run Behavior\ContentReplaceBehavior [ RunTime:0.000269s ]
INFO: [ template_filter ] --END-- [ RunTime:0.000604s ]
NOTIC: [8] Undefined index: username F:\wamp\wamp\www\blog\Application\Runtime\Cache\Home\2a94b8bda04ff446dcedd42276fc99ee.php 第 113 行.
NOTIC: [8] Undefined index: username F:\wamp\wamp\www\blog\Application\Runtime\Cache\Home\2a94b8bda04ff446dcedd42276fc99ee.php 第 116 行.
INFO: Run Behavior\ParseTemplateBehavior [ RunTime:0.073883s ]
INFO: [ view_parse ] --END-- [ RunTime:0.074248s ]
INFO: [ view_filter ] --START--
INFO: Run Behavior\WriteHtmlCacheBehavior [ RunTime:0.008210s ]
INFO: [ view_filter ] --END-- [ RunTime:0.008474s ]
INFO: [ app_end ] --START--
INFO: Run Behavior\ShowPageTraceBehavior [ RunTime:0.009694s ]
INFO: [ app_end ] --END-- [ RunTime:0.010114s ]

[ 2017-01-03T21:34:40+08:00 ] ::1 /blog/
INFO: [ app_init ] --START--
INFO: Run Behavior\BuildLiteBehavior [ RunTime:0.000048s ]
INFO: [ app_init ] --END-- [ RunTime:0.004982s ]
INFO: [ app_begin ] --START--
INFO: Run Behavior\ReadHtmlCacheBehavior [ RunTime:0.002693s ]
INFO: [ app_begin ] --END-- [ RunTime:0.002902s ]
SQL: SHOW COLUMNS FROM `tp_knowledge` [ RunTime:0.1470s ]
SQL: SELECT * FROM `tp_knowledge` WHERE `typeid` = 1 ORDER BY publishtime desc LIMIT 1   [ RunTime:0.0007s ]
SQL: SELECT * FROM `tp_knowledge` WHERE `typeid` = 3 ORDER BY publishtime desc LIMIT 1   [ RunTime:0.0005s ]
SQL: SHOW COLUMNS FROM `tp_img` [ RunTime:0.1079s ]
SQL: SELECT * FROM `tp_img` ORDER BY publishtime desc LIMIT 3   [ RunTime:0.0005s ]
INFO: [ view_parse ] --START--
INFO: [ template_filter ] --START--
INFO: Run Behavior\ContentReplaceBehavior [ RunTime:0.000164s ]
INFO: [ template_filter ] --END-- [ RunTime:0.000361s ]
NOTIC: [8] Undefined index: username F:\wamp\wamp\www\blog\Application\Runtime\Cache\Home\2a94b8bda04ff446dcedd42276fc99ee.php 第 113 行.
NOTIC: [8] Undefined index: username F:\wamp\wamp\www\blog\Application\Runtime\Cache\Home\2a94b8bda04ff446dcedd42276fc99ee.php 第 116 行.
INFO: Run Behavior\ParseTemplateBehavior [ RunTime:0.042085s ]
INFO: [ view_parse ] --END-- [ RunTime:0.042292s ]
INFO: [ view_filter ] --START--
INFO: Run Behavior\WriteHtmlCacheBehavior [ RunTime:0.005184s ]
INFO: [ view_filter ] --END-- [ RunTime:0.005442s ]
INFO: [ app_end ] --START--
INFO: Run Behavior\ShowPageTraceBehavior [ RunTime:0.004630s ]
INFO: [ app_end ] --END-- [ RunTime:0.004805s ]

[ 2017-01-03T21:34:45+08:00 ] ::1 /blog/index.php/Home/Index/index.html
INFO: [ app_init ] --START--
INFO: Run Behavior\BuildLiteBehavior [ RunTime:0.000155s ]
INFO: [ app_init ] --END-- [ RunTime:0.013785s ]
INFO: [ app_begin ] --START--
INFO: Run Behavior\ReadHtmlCacheBehavior [ RunTime:0.011960s ]
INFO: [ app_begin ] --END-- [ RunTime:0.012776s ]
SQL: SHOW COLUMNS FROM `tp_knowledge` [ RunTime:0.1737s ]
SQL: SELECT * FROM `tp_knowledge` WHERE `typeid` = 1 ORDER BY publishtime desc LIMIT 1   [ RunTime:0.0021s ]
SQL: SELECT * FROM `tp_knowledge` WHERE `typeid` = 3 ORDER BY publishtime desc LIMIT 1   [ RunTime:0.0019s ]
SQL: SHOW COLUMNS FROM `tp_img` [ RunTime:0.1304s ]
SQL: SELECT * FROM `tp_img` ORDER BY publishtime desc LIMIT 3   [ RunTime:0.0014s ]
INFO: [ view_parse ] --START--
INFO: [ template_filter ] --START--
INFO: Run Behavior\ContentReplaceBehavior [ RunTime:0.000440s ]
INFO: [ template_filter ] --END-- [ RunTime:0.000858s ]
NOTIC: [8] Undefined index: username F:\wamp\wamp\www\blog\Application\Runtime\Cache\Home\2a94b8bda04ff446dcedd42276fc99ee.php 第 113 行.
NOTIC: [8] Undefined index: username F:\wamp\wamp\www\blog\Application\Runtime\Cache\Home\2a94b8bda04ff446dcedd42276fc99ee.php 第 116 行.
INFO: Run Behavior\ParseTemplateBehavior [ RunTime:0.122323s ]
INFO: [ view_parse ] --END-- [ RunTime:0.123035s ]
INFO: [ view_filter ] --START--
INFO: Run Behavior\WriteHtmlCacheBehavior [ RunTime:0.010293s ]
INFO: [ view_filter ] --END-- [ RunTime:0.011012s ]
INFO: [ app_end ] --START--
INFO: Run Behavior\ShowPageTraceBehavior [ RunTime:0.009824s ]
INFO: [ app_end ] --END-- [ RunTime:0.010685s ]

