[ 2016-11-21T22:02:08+08:00 ] ::1 /blog/index.php/Admin/Index/index.html
INFO: [ app_init ] --START--
INFO: Run Behavior\BuildLiteBehavior [ RunTime:0.000096s ]
INFO: [ app_init ] --END-- [ RunTime:0.003764s ]
INFO: [ app_begin ] --START--
INFO: Run Behavior\ReadHtmlCacheBehavior [ RunTime:0.005052s ]
INFO: [ app_begin ] --END-- [ RunTime:0.005883s ]
NOTIC: [8] Undefined index: adminname F:\wamp\wamp\www\blog\Application\Admin\Controller\IndexController.class.php 第 6 行.

[ 2016-11-21T22:02:08+08:00 ] ::1 /blog/index.php/Admin/Login/login.html
INFO: [ app_init ] --START--
INFO: Run Behavior\BuildLiteBehavior [ RunTime:0.000092s ]
INFO: [ app_init ] --END-- [ RunTime:0.003359s ]
INFO: [ app_begin ] --START--
INFO: Run Behavior\ReadHtmlCacheBehavior [ RunTime:0.005149s ]
INFO: [ app_begin ] --END-- [ RunTime:0.005917s ]
INFO: [ view_parse ] --START--
INFO: [ template_filter ] --START--
INFO: Run Behavior\ContentReplaceBehavior [ RunTime:0.000250s ]
INFO: [ template_filter ] --END-- [ RunTime:0.000691s ]
INFO: Run Behavior\ParseTemplateBehavior [ RunTime:0.052345s ]
INFO: [ view_parse ] --END-- [ RunTime:0.053025s ]
INFO: [ view_filter ] --START--
INFO: Run Behavior\WriteHtmlCacheBehavior [ RunTime:0.004680s ]
INFO: [ view_filter ] --END-- [ RunTime:0.005124s ]
INFO: [ app_end ] --START--
INFO: Run Behavior\ShowPageTraceBehavior [ RunTime:0.005194s ]
INFO: [ app_end ] --END-- [ RunTime:0.005953s ]

[ 2016-11-21T22:02:16+08:00 ] ::1 /blog/index.php/Admin/Login/login.html
INFO: [ app_init ] --START--
INFO: Run Behavior\BuildLiteBehavior [ RunTime:0.000099s ]
INFO: [ app_init ] --END-- [ RunTime:0.007494s ]
INFO: [ app_begin ] --START--
INFO: Run Behavior\ReadHtmlCacheBehavior [ RunTime:0.012245s ]
INFO: [ app_begin ] --END-- [ RunTime:0.012720s ]
SQL: SHOW COLUMNS FROM `tp_user` [ RunTime:0.1075s ]
SQL: SELECT * FROM `tp_user` WHERE `username` = 'hzx' AND `userpwd` = '123456' AND `state` = 0 LIMIT 1   [ RunTime:0.0116s ]
SQL: UPDATE `tp_user` SET `lasttime`='2016-11-21 22:02:16' WHERE `username` = 'hzx' [ RunTime:0.0627s ]

[ 2016-11-21T22:02:18+08:00 ] ::1 /blog/index.php/Admin/Index/index.html
INFO: [ app_init ] --START--
INFO: Run Behavior\BuildLiteBehavior [ RunTime:0.000087s ]
INFO: [ app_init ] --END-- [ RunTime:0.003235s ]
INFO: [ app_begin ] --START--
INFO: Run Behavior\ReadHtmlCacheBehavior [ RunTime:0.003260s ]
INFO: [ app_begin ] --END-- [ RunTime:0.003683s ]
SQL: SHOW COLUMNS FROM `tp_user` [ RunTime:0.0298s ]
SQL: SELECT `lasttime` FROM `tp_user` WHERE `username` = 'hzx' LIMIT 1   [ RunTime:0.0008s ]
SQL: SELECT * FROM `tp_user` WHERE `state` = 1 ORDER BY lasttime desc LIMIT 5   [ RunTime:0.0013s ]
SQL: SHOW COLUMNS FROM `tp_knowledge` [ RunTime:0.0510s ]
SQL: SELECT `title` FROM `tp_knowledge` ORDER BY publishtime desc LIMIT 1   [ RunTime:0.0009s ]
SQL: SELECT `img` FROM `tp_knowledge` ORDER BY publishtime desc LIMIT 1   [ RunTime:0.0008s ]
SQL: SHOW COLUMNS FROM `tp_img` [ RunTime:0.0261s ]
SQL: SELECT `img` FROM `tp_img` ORDER BY publishtime desc LIMIT 1   [ RunTime:0.0010s ]
SQL: SHOW COLUMNS FROM `tp_pinglun` [ RunTime:0.2004s ]
SQL: SELECT `content` FROM `tp_pinglun` ORDER BY publishtime desc LIMIT 1   [ RunTime:0.0008s ]
SQL: SHOW COLUMNS FROM `tp_message` [ RunTime:0.1804s ]
SQL: SELECT COUNT(*) AS tp_count FROM `tp_message` LIMIT 1   [ RunTime:0.0669s ]
NOTIC: [8] Undefined index: p F:\wamp\wamp\www\blog\Application\Admin\Controller\IndexController.class.php 第 34 行.
NOTIC: [8] Undefined index: limit F:\wamp\wamp\www\blog\ThinkPHP\Library\Think\Db\Driver.class.php 第 961 行.
SQL: SELECT * FROM `tp_message` ORDER BY publishtime desc LIMIT 0,20   [ RunTime:0.0006s ]
SQL: SELECT COUNT(*) AS tp_count FROM `tp_user` WHERE `state` = 1 LIMIT 1   [ RunTime:0.0005s ]
SQL: SELECT COUNT(*) AS tp_count FROM `tp_message` LIMIT 1   [ RunTime:0.0003s ]
SQL: SELECT COUNT(*) AS tp_count FROM `tp_pinglun` LIMIT 1   [ RunTime:0.0003s ]
NOTIC: [8] Undefined variable: filets F:\wamp\wamp\www\blog\Application\Admin\Controller\IndexController.class.php 第 62 行.
INFO: [ view_parse ] --START--
INFO: [ template_filter ] --START--
INFO: Run Behavior\ContentReplaceBehavior [ RunTime:0.000242s ]
INFO: [ template_filter ] --END-- [ RunTime:0.000512s ]
INFO: Run Behavior\ParseTemplateBehavior [ RunTime:0.415625s ]
INFO: [ view_parse ] --END-- [ RunTime:0.415978s ]
INFO: [ view_filter ] --START--
INFO: Run Behavior\WriteHtmlCacheBehavior [ RunTime:0.021893s ]
INFO: [ view_filter ] --END-- [ RunTime:0.022151s ]
INFO: [ app_end ] --START--
INFO: Run Behavior\ShowPageTraceBehavior [ RunTime:0.036602s ]
INFO: [ app_end ] --END-- [ RunTime:0.036873s ]

[ 2016-11-21T22:02:21+08:00 ] ::1 /blog/index.php/Admin/Index/ms.html
INFO: [ app_init ] --START--
INFO: Run Behavior\BuildLiteBehavior [ RunTime:0.000099s ]
INFO: [ app_init ] --END-- [ RunTime:0.003057s ]
INFO: [ app_begin ] --START--
INFO: Run Behavior\ReadHtmlCacheBehavior [ RunTime:0.003479s ]
INFO: [ app_begin ] --END-- [ RunTime:0.003935s ]

[ 2016-11-21T22:02:44+08:00 ] ::1 /blog/index.php/Admin/Filemannger/files.html
INFO: [ app_init ] --START--
INFO: Run Behavior\BuildLiteBehavior [ RunTime:0.000715s ]
INFO: [ app_init ] --END-- [ RunTime:0.007505s ]
INFO: [ app_begin ] --START--
INFO: Run Behavior\ReadHtmlCacheBehavior [ RunTime:0.005146s ]
INFO: [ app_begin ] --END-- [ RunTime:0.005852s ]
SQL: SHOW COLUMNS FROM `tp_user` [ RunTime:0.0882s ]
SQL: SELECT `lasttime` FROM `tp_user` WHERE `username` = 'hzx' LIMIT 1   [ RunTime:0.0011s ]
SQL: SHOW COLUMNS FROM `tp_filetype` [ RunTime:0.0852s ]
SQL: SELECT * FROM `tp_filetype`  [ RunTime:0.0013s ]
SQL: SHOW COLUMNS FROM `tp_knowledge` [ RunTime:0.0563s ]
NOTIC: [8] Undefined index: id F:\wamp\wamp\www\blog\Application\Admin\Controller\FilemanngerController.class.php 第 20 行.
SQL: SELECT COUNT(*) AS tp_count FROM `tp_knowledge` LIMIT 1   [ RunTime:0.0012s ]
NOTIC: [8] Undefined index: p F:\wamp\wamp\www\blog\Application\Admin\Controller\FilemanngerController.class.php 第 23 行.
NOTIC: [8] Undefined index: limit F:\wamp\wamp\www\blog\ThinkPHP\Library\Think\Db\Driver.class.php 第 961 行.
SQL: SELECT * FROM `tp_knowledge` LIMIT 0,20   [ RunTime:0.0017s ]
INFO: [ view_parse ] --START--
INFO: [ template_filter ] --START--
INFO: Run Behavior\ContentReplaceBehavior [ RunTime:0.000305s ]
INFO: [ template_filter ] --END-- [ RunTime:0.000742s ]
NOTIC: [8] Undefined variable: vo F:\wamp\wamp\www\blog\Application\Runtime\Cache\Admin\8bb51f740aafcda4c61574535e9ebad8.php 第 77 行.
NOTIC: [8] Undefined index: cs F:\wamp\wamp\www\blog\Application\Runtime\Cache\Admin\8bb51f740aafcda4c61574535e9ebad8.php 第 77 行.
NOTIC: [8] Undefined index: files F:\wamp\wamp\www\blog\Application\Runtime\Cache\Admin\8bb51f740aafcda4c61574535e9ebad8.php 第 82 行.
NOTIC: [8] Undefined index: files F:\wamp\wamp\www\blog\Application\Runtime\Cache\Admin\8bb51f740aafcda4c61574535e9ebad8.php 第 82 行.
NOTIC: [8] Undefined index: files F:\wamp\wamp\www\blog\Application\Runtime\Cache\Admin\8bb51f740aafcda4c61574535e9ebad8.php 第 82 行.
NOTIC: [8] Undefined index: files F:\wamp\wamp\www\blog\Application\Runtime\Cache\Admin\8bb51f740aafcda4c61574535e9ebad8.php 第 82 行.
INFO: Run Behavior\ParseTemplateBehavior [ RunTime:0.097002s ]
INFO: [ view_parse ] --END-- [ RunTime:0.097660s ]
INFO: [ view_filter ] --START--
INFO: Run Behavior\WriteHtmlCacheBehavior [ RunTime:0.004174s ]
INFO: [ view_filter ] --END-- [ RunTime:0.004734s ]
INFO: [ app_end ] --START--
INFO: Run Behavior\ShowPageTraceBehavior [ RunTime:0.008076s ]
INFO: [ app_end ] --END-- [ RunTime:0.010044s ]

[ 2016-11-21T22:02:48+08:00 ] ::1 /blog/index.php/Admin/Filemannger/files.html
INFO: [ app_init ] --START--
INFO: Run Behavior\BuildLiteBehavior [ RunTime:0.000154s ]
INFO: [ app_init ] --END-- [ RunTime:0.006311s ]
INFO: [ app_begin ] --START--
INFO: Run Behavior\ReadHtmlCacheBehavior [ RunTime:0.005415s ]
INFO: [ app_begin ] --END-- [ RunTime:0.006084s ]
SQL: SHOW COLUMNS FROM `tp_user` [ RunTime:0.0653s ]
SQL: SELECT `lasttime` FROM `tp_user` WHERE `username` = 'hzx' LIMIT 1   [ RunTime:0.0014s ]
SQL: SHOW COLUMNS FROM `tp_filetype` [ RunTime:0.0627s ]
SQL: SELECT * FROM `tp_filetype`  [ RunTime:0.0013s ]
SQL: SHOW COLUMNS FROM `tp_knowledge` [ RunTime:0.0597s ]
NOTIC: [8] Undefined index: id F:\wamp\wamp\www\blog\Application\Admin\Controller\FilemanngerController.class.php 第 20 行.
SQL: SELECT COUNT(*) AS tp_count FROM `tp_knowledge` LIMIT 1   [ RunTime:0.0011s ]
NOTIC: [8] Undefined index: p F:\wamp\wamp\www\blog\Application\Admin\Controller\FilemanngerController.class.php 第 23 行.
NOTIC: [8] Undefined index: limit F:\wamp\wamp\www\blog\ThinkPHP\Library\Think\Db\Driver.class.php 第 961 行.
SQL: SELECT * FROM `tp_knowledge` LIMIT 0,20   [ RunTime:0.0017s ]
INFO: [ view_parse ] --START--
INFO: [ template_filter ] --START--
INFO: Run Behavior\ContentReplaceBehavior [ RunTime:0.000306s ]
INFO: [ template_filter ] --END-- [ RunTime:0.000749s ]
NOTIC: [8] Undefined variable: vo F:\wamp\wamp\www\blog\Application\Runtime\Cache\Admin\8bb51f740aafcda4c61574535e9ebad8.php 第 77 行.
NOTIC: [8] Undefined index: cs F:\wamp\wamp\www\blog\Application\Runtime\Cache\Admin\8bb51f740aafcda4c61574535e9ebad8.php 第 77 行.
NOTIC: [8] Undefined index: files F:\wamp\wamp\www\blog\Application\Runtime\Cache\Admin\8bb51f740aafcda4c61574535e9ebad8.php 第 82 行.
NOTIC: [8] Undefined index: files F:\wamp\wamp\www\blog\Application\Runtime\Cache\Admin\8bb51f740aafcda4c61574535e9ebad8.php 第 82 行.
NOTIC: [8] Undefined index: files F:\wamp\wamp\www\blog\Application\Runtime\Cache\Admin\8bb51f740aafcda4c61574535e9ebad8.php 第 82 行.
NOTIC: [8] Undefined index: files F:\wamp\wamp\www\blog\Application\Runtime\Cache\Admin\8bb51f740aafcda4c61574535e9ebad8.php 第 82 行.
INFO: Run Behavior\ParseTemplateBehavior [ RunTime:0.080351s ]
INFO: [ view_parse ] --END-- [ RunTime:0.081041s ]
INFO: [ view_filter ] --START--
INFO: Run Behavior\WriteHtmlCacheBehavior [ RunTime:0.004911s ]
INFO: [ view_filter ] --END-- [ RunTime:0.005640s ]
INFO: [ app_end ] --START--
INFO: Run Behavior\ShowPageTraceBehavior [ RunTime:0.005036s ]
INFO: [ app_end ] --END-- [ RunTime:0.005896s ]

[ 2016-11-21T22:02:50+08:00 ] ::1 /blog/index.php/Admin/Filemannger/fpinglun/id/1
INFO: [ app_init ] --START--
INFO: Run Behavior\BuildLiteBehavior [ RunTime:0.000153s ]
INFO: [ app_init ] --END-- [ RunTime:0.005420s ]
INFO: [ app_begin ] --START--
INFO: Run Behavior\ReadHtmlCacheBehavior [ RunTime:0.003985s ]
INFO: [ app_begin ] --END-- [ RunTime:0.004467s ]
SQL: SHOW COLUMNS FROM `tp_user` [ RunTime:0.0473s ]
SQL: SELECT `lasttime` FROM `tp_user` WHERE `username` = 'hzx' LIMIT 1   [ RunTime:0.0013s ]
SQL: SHOW COLUMNS FROM `tp_pinglun` [ RunTime:0.0539s ]
SQL: SHOW COLUMNS FROM `tp_knowledge` [ RunTime:0.0564s ]
SQL: SELECT `title` FROM `tp_knowledge` LIMIT 1   [ RunTime:0.0012s ]
SQL: SELECT COUNT(*) AS tp_count FROM `tp_pinglun` WHERE `filed` = 1 LIMIT 1   [ RunTime:0.0012s ]
NOTIC: [8] Undefined index: p F:\wamp\wamp\www\blog\Application\Admin\Controller\FilemanngerController.class.php 第 121 行.
NOTIC: [8] Undefined index: limit F:\wamp\wamp\www\blog\ThinkPHP\Library\Think\Db\Driver.class.php 第 961 行.
SQL: SELECT * FROM `tp_pinglun` WHERE `filed` = 1 ORDER BY publishtime desc LIMIT 0,20   [ RunTime:0.0019s ]
SQL: SELECT * FROM `tp_knowledge` WHERE `id` = 1  [ RunTime:0.0018s ]
INFO: [ view_parse ] --START--
INFO: [ template_filter ] --START--
INFO: Run Behavior\ContentReplaceBehavior [ RunTime:0.000486s ]
INFO: [ template_filter ] --END-- [ RunTime:0.001180s ]
INFO: Run Behavior\ParseTemplateBehavior [ RunTime:0.092117s ]
INFO: [ view_parse ] --END-- [ RunTime:0.092890s ]
INFO: [ view_filter ] --START--
INFO: Run Behavior\WriteHtmlCacheBehavior [ RunTime:0.004139s ]
INFO: [ view_filter ] --END-- [ RunTime:0.004817s ]
INFO: [ app_end ] --START--
INFO: Run Behavior\ShowPageTraceBehavior [ RunTime:0.006321s ]
INFO: [ app_end ] --END-- [ RunTime:0.007907s ]

[ 2016-11-21T22:03:52+08:00 ] ::1 /blog/index.php/Admin/Filemannger/fpinglun/id/1
INFO: [ app_init ] --START--
INFO: Run Behavior\BuildLiteBehavior [ RunTime:0.000112s ]
INFO: [ app_init ] --END-- [ RunTime:0.003050s ]
INFO: [ app_begin ] --START--
INFO: Run Behavior\ReadHtmlCacheBehavior [ RunTime:0.005077s ]
INFO: [ app_begin ] --END-- [ RunTime:0.005849s ]
SQL: SHOW COLUMNS FROM `tp_user` [ RunTime:0.0414s ]
SQL: SELECT `lasttime` FROM `tp_user` WHERE `username` = 'hzx' LIMIT 1   [ RunTime:0.0011s ]
SQL: SHOW COLUMNS FROM `tp_pinglun` [ RunTime:0.0466s ]
SQL: SHOW COLUMNS FROM `tp_knowledge` [ RunTime:0.1014s ]
SQL: SELECT `title` FROM `tp_knowledge` LIMIT 1   [ RunTime:0.0008s ]
SQL: SELECT COUNT(*) AS tp_count FROM `tp_pinglun` WHERE `filed` = 1 LIMIT 1   [ RunTime:0.0008s ]
NOTIC: [8] Undefined index: p F:\wamp\wamp\www\blog\Application\Admin\Controller\FilemanngerController.class.php 第 121 行.
NOTIC: [8] Undefined index: limit F:\wamp\wamp\www\blog\ThinkPHP\Library\Think\Db\Driver.class.php 第 961 行.
SQL: SELECT * FROM `tp_pinglun` WHERE `filed` = 1 ORDER BY publishtime desc LIMIT 0,20   [ RunTime:0.0014s ]
SQL: SELECT * FROM `tp_knowledge` WHERE `id` = 1  [ RunTime:0.0010s ]
INFO: [ view_parse ] --START--
INFO: [ template_filter ] --START--
INFO: Run Behavior\ContentReplaceBehavior [ RunTime:0.000318s ]
INFO: [ template_filter ] --END-- [ RunTime:0.000787s ]
INFO: Run Behavior\ParseTemplateBehavior [ RunTime:0.048280s ]
INFO: [ view_parse ] --END-- [ RunTime:0.048704s ]
INFO: [ view_filter ] --START--
INFO: Run Behavior\WriteHtmlCacheBehavior [ RunTime:0.003123s ]
INFO: [ view_filter ] --END-- [ RunTime:0.003529s ]
INFO: [ app_end ] --START--
INFO: Run Behavior\ShowPageTraceBehavior [ RunTime:0.012795s ]
INFO: [ app_end ] --END-- [ RunTime:0.013422s ]

[ 2016-11-21T22:04:13+08:00 ] ::1 /blog/index.php/Admin/Filemannger/fpinglun/id/1
INFO: [ app_init ] --START--
INFO: Run Behavior\BuildLiteBehavior [ RunTime:0.000121s ]
INFO: [ app_init ] --END-- [ RunTime:0.004214s ]
INFO: [ app_begin ] --START--
INFO: Run Behavior\ReadHtmlCacheBehavior [ RunTime:0.005036s ]
INFO: [ app_begin ] --END-- [ RunTime:0.005567s ]
SQL: SHOW COLUMNS FROM `tp_user` [ RunTime:0.0504s ]
SQL: SELECT `lasttime` FROM `tp_user` WHERE `username` = 'hzx' LIMIT 1   [ RunTime:0.0010s ]
SQL: SHOW COLUMNS FROM `tp_pinglun` [ RunTime:0.0668s ]
SQL: SHOW COLUMNS FROM `tp_knowledge` [ RunTime:0.0402s ]
SQL: SELECT `title` FROM `tp_knowledge` LIMIT 1   [ RunTime:0.0007s ]
SQL: SELECT COUNT(*) AS tp_count FROM `tp_pinglun` WHERE `filed` = 1 LIMIT 1   [ RunTime:0.0007s ]
NOTIC: [8] Undefined index: p F:\wamp\wamp\www\blog\Application\Admin\Controller\FilemanngerController.class.php 第 121 行.
NOTIC: [8] Undefined index: limit F:\wamp\wamp\www\blog\ThinkPHP\Library\Think\Db\Driver.class.php 第 961 行.
SQL: SELECT * FROM `tp_pinglun` WHERE `filed` = 1 ORDER BY publishtime desc LIMIT 0,20   [ RunTime:0.0015s ]
SQL: SELECT * FROM `tp_knowledge` WHERE `id` = 1  [ RunTime:0.0011s ]
INFO: [ view_parse ] --START--
INFO: [ template_filter ] --START--
INFO: Run Behavior\ContentReplaceBehavior [ RunTime:0.000225s ]
INFO: [ template_filter ] --END-- [ RunTime:0.000548s ]
INFO: Run Behavior\ParseTemplateBehavior [ RunTime:0.050572s ]
INFO: [ view_parse ] --END-- [ RunTime:0.051127s ]
INFO: [ view_filter ] --START--
INFO: Run Behavior\WriteHtmlCacheBehavior [ RunTime:0.003946s ]
INFO: [ view_filter ] --END-- [ RunTime:0.004360s ]
INFO: [ app_end ] --START--
INFO: Run Behavior\ShowPageTraceBehavior [ RunTime:0.004827s ]
INFO: [ app_end ] --END-- [ RunTime:0.005374s ]

[ 2016-11-21T22:04:16+08:00 ] ::1 /blog/index.php/Admin/Filemannger/fpinglun/id/1/p/2.html
INFO: [ app_init ] --START--
INFO: Run Behavior\BuildLiteBehavior [ RunTime:0.000146s ]
INFO: [ app_init ] --END-- [ RunTime:0.004360s ]
INFO: [ app_begin ] --START--
INFO: Run Behavior\ReadHtmlCacheBehavior [ RunTime:0.005323s ]
INFO: [ app_begin ] --END-- [ RunTime:0.006192s ]
SQL: SHOW COLUMNS FROM `tp_user` [ RunTime:0.0590s ]
SQL: SELECT `lasttime` FROM `tp_user` WHERE `username` = 'hzx' LIMIT 1   [ RunTime:0.0011s ]
SQL: SHOW COLUMNS FROM `tp_pinglun` [ RunTime:0.0546s ]
SQL: SHOW COLUMNS FROM `tp_knowledge` [ RunTime:0.0526s ]
SQL: SELECT `title` FROM `tp_knowledge` LIMIT 1   [ RunTime:0.0010s ]
SQL: SELECT COUNT(*) AS tp_count FROM `tp_pinglun` WHERE `filed` = 1 LIMIT 1   [ RunTime:0.0013s ]
SQL: SELECT * FROM `tp_pinglun` WHERE `filed` = 1 ORDER BY publishtime desc LIMIT 2,2   [ RunTime:0.0016s ]
SQL: SELECT * FROM `tp_knowledge` WHERE `id` = 1  [ RunTime:0.0019s ]
INFO: [ view_parse ] --START--
INFO: [ template_filter ] --START--
INFO: Run Behavior\ContentReplaceBehavior [ RunTime:0.000503s ]
INFO: [ template_filter ] --END-- [ RunTime:0.001228s ]
INFO: Run Behavior\ParseTemplateBehavior [ RunTime:0.079824s ]
INFO: [ view_parse ] --END-- [ RunTime:0.080617s ]
INFO: [ view_filter ] --START--
INFO: Run Behavior\WriteHtmlCacheBehavior [ RunTime:0.004850s ]
INFO: [ view_filter ] --END-- [ RunTime:0.005840s ]
INFO: [ app_end ] --START--
INFO: Run Behavior\ShowPageTraceBehavior [ RunTime:0.005683s ]
INFO: [ app_end ] --END-- [ RunTime:0.006444s ]

[ 2016-11-21T22:04:18+08:00 ] ::1 /blog/index.php/Admin/Filemannger/fpinglun/id/1/p/1.html
INFO: [ app_init ] --START--
INFO: Run Behavior\BuildLiteBehavior [ RunTime:0.000164s ]
INFO: [ app_init ] --END-- [ RunTime:0.005463s ]
INFO: [ app_begin ] --START--
INFO: Run Behavior\ReadHtmlCacheBehavior [ RunTime:0.006610s ]
INFO: [ app_begin ] --END-- [ RunTime:0.007490s ]
SQL: SHOW COLUMNS FROM `tp_user` [ RunTime:0.0562s ]
SQL: SELECT `lasttime` FROM `tp_user` WHERE `username` = 'hzx' LIMIT 1   [ RunTime:0.0012s ]
SQL: SHOW COLUMNS FROM `tp_pinglun` [ RunTime:0.0715s ]
SQL: SHOW COLUMNS FROM `tp_knowledge` [ RunTime:0.0484s ]
SQL: SELECT `title` FROM `tp_knowledge` LIMIT 1   [ RunTime:0.0010s ]
SQL: SELECT COUNT(*) AS tp_count FROM `tp_pinglun` WHERE `filed` = 1 LIMIT 1   [ RunTime:0.0012s ]
SQL: SELECT * FROM `tp_pinglun` WHERE `filed` = 1 ORDER BY publishtime desc LIMIT 0,2   [ RunTime:0.0015s ]
SQL: SELECT * FROM `tp_knowledge` WHERE `id` = 1  [ RunTime:0.0017s ]
INFO: [ view_parse ] --START--
INFO: [ template_filter ] --START--
INFO: Run Behavior\ContentReplaceBehavior [ RunTime:0.000500s ]
INFO: [ template_filter ] --END-- [ RunTime:0.001244s ]
INFO: Run Behavior\ParseTemplateBehavior [ RunTime:0.079831s ]
INFO: [ view_parse ] --END-- [ RunTime:0.081024s ]
INFO: [ view_filter ] --START--
INFO: Run Behavior\WriteHtmlCacheBehavior [ RunTime:0.003376s ]
INFO: [ view_filter ] --END-- [ RunTime:0.003974s ]
INFO: [ app_end ] --START--
INFO: Run Behavior\ShowPageTraceBehavior [ RunTime:0.003895s ]
INFO: [ app_end ] --END-- [ RunTime:0.004445s ]

[ 2016-11-21T22:04:29+08:00 ] ::1 /blog/index.php/Admin/Filemannger/fpinglun/id/1/p/1.html
INFO: [ app_init ] --START--
INFO: Run Behavior\BuildLiteBehavior [ RunTime:0.000172s ]
INFO: [ app_init ] --END-- [ RunTime:0.005296s ]
INFO: [ app_begin ] --START--
INFO: Run Behavior\ReadHtmlCacheBehavior [ RunTime:0.005532s ]
INFO: [ app_begin ] --END-- [ RunTime:0.006489s ]
SQL: SHOW COLUMNS FROM `tp_user` [ RunTime:0.0682s ]
SQL: SELECT `lasttime` FROM `tp_user` WHERE `username` = 'hzx' LIMIT 1   [ RunTime:0.0013s ]
SQL: SHOW COLUMNS FROM `tp_pinglun` [ RunTime:0.0672s ]
SQL: SHOW COLUMNS FROM `tp_knowledge` [ RunTime:0.0716s ]
SQL: SELECT `title` FROM `tp_knowledge` LIMIT 1   [ RunTime:0.0013s ]
SQL: SELECT COUNT(*) AS tp_count FROM `tp_pinglun` WHERE `filed` = 1 LIMIT 1   [ RunTime:0.0013s ]
SQL: SELECT * FROM `tp_pinglun` WHERE `filed` = 1 ORDER BY publishtime desc LIMIT 0,2   [ RunTime:0.0019s ]
SQL: SELECT * FROM `tp_knowledge` WHERE `id` = 1  [ RunTime:0.0018s ]
INFO: [ view_parse ] --START--
INFO: [ template_filter ] --START--
INFO: Run Behavior\ContentReplaceBehavior [ RunTime:0.000492s ]
INFO: [ template_filter ] --END-- [ RunTime:0.001230s ]
INFO: Run Behavior\ParseTemplateBehavior [ RunTime:0.089308s ]
INFO: [ view_parse ] --END-- [ RunTime:0.090263s ]
INFO: [ view_filter ] --START--
INFO: Run Behavior\WriteHtmlCacheBehavior [ RunTime:0.005011s ]
INFO: [ view_filter ] --END-- [ RunTime:0.005933s ]
INFO: [ app_end ] --START--
INFO: Run Behavior\ShowPageTraceBehavior [ RunTime:0.006107s ]
INFO: [ app_end ] --END-- [ RunTime:0.006891s ]

[ 2016-11-21T22:04:32+08:00 ] ::1 /blog/index.php/Admin/Filemannger/fpinglun/id/1/p/2.html
INFO: [ app_init ] --START--
INFO: Run Behavior\BuildLiteBehavior [ RunTime:0.000145s ]
INFO: [ app_init ] --END-- [ RunTime:0.005287s ]
INFO: [ app_begin ] --START--
INFO: Run Behavior\ReadHtmlCacheBehavior [ RunTime:0.008122s ]
INFO: [ app_begin ] --END-- [ RunTime:0.009633s ]
SQL: SHOW COLUMNS FROM `tp_user` [ RunTime:0.0405s ]
SQL: SELECT `lasttime` FROM `tp_user` WHERE `username` = 'hzx' LIMIT 1   [ RunTime:0.0011s ]
SQL: SHOW COLUMNS FROM `tp_pinglun` [ RunTime:0.0426s ]
SQL: SHOW COLUMNS FROM `tp_knowledge` [ RunTime:0.0467s ]
SQL: SELECT `title` FROM `tp_knowledge` LIMIT 1   [ RunTime:0.0010s ]
SQL: SELECT COUNT(*) AS tp_count FROM `tp_pinglun` WHERE `filed` = 1 LIMIT 1   [ RunTime:0.0012s ]
SQL: SELECT * FROM `tp_pinglun` WHERE `filed` = 1 ORDER BY publishtime desc LIMIT 2,2   [ RunTime:0.0017s ]
SQL: SELECT * FROM `tp_knowledge` WHERE `id` = 1  [ RunTime:0.0020s ]
INFO: [ view_parse ] --START--
INFO: [ template_filter ] --START--
INFO: Run Behavior\ContentReplaceBehavior [ RunTime:0.000565s ]
INFO: [ template_filter ] --END-- [ RunTime:0.001674s ]
INFO: Run Behavior\ParseTemplateBehavior [ RunTime:0.072969s ]
INFO: [ view_parse ] --END-- [ RunTime:0.073636s ]
INFO: [ view_filter ] --START--
INFO: Run Behavior\WriteHtmlCacheBehavior [ RunTime:0.004784s ]
INFO: [ view_filter ] --END-- [ RunTime:0.005530s ]
INFO: [ app_end ] --START--
INFO: Run Behavior\ShowPageTraceBehavior [ RunTime:0.006122s ]
INFO: [ app_end ] --END-- [ RunTime:0.006889s ]

[ 2016-11-21T22:04:35+08:00 ] ::1 /blog/index.php/Admin/Filemannger/fpinglun/id/1/p/1.html
INFO: [ app_init ] --START--
INFO: Run Behavior\BuildLiteBehavior [ RunTime:0.000146s ]
INFO: [ app_init ] --END-- [ RunTime:0.005075s ]
INFO: [ app_begin ] --START--
INFO: Run Behavior\ReadHtmlCacheBehavior [ RunTime:0.006366s ]
INFO: [ app_begin ] --END-- [ RunTime:0.007995s ]
SQL: SHOW COLUMNS FROM `tp_user` [ RunTime:0.2419s ]
SQL: SELECT `lasttime` FROM `tp_user` WHERE `username` = 'hzx' LIMIT 1   [ RunTime:0.0015s ]
SQL: SHOW COLUMNS FROM `tp_pinglun` [ RunTime:0.0629s ]
SQL: SHOW COLUMNS FROM `tp_knowledge` [ RunTime:0.0654s ]
SQL: SELECT `title` FROM `tp_knowledge` LIMIT 1   [ RunTime:0.0012s ]
SQL: SELECT COUNT(*) AS tp_count FROM `tp_pinglun` WHERE `filed` = 1 LIMIT 1   [ RunTime:0.0013s ]
SQL: SELECT * FROM `tp_pinglun` WHERE `filed` = 1 ORDER BY publishtime desc LIMIT 0,2   [ RunTime:0.0020s ]
SQL: SELECT * FROM `tp_knowledge` WHERE `id` = 1  [ RunTime:0.0018s ]
INFO: [ view_parse ] --START--
INFO: [ template_filter ] --START--
INFO: Run Behavior\ContentReplaceBehavior [ RunTime:0.000516s ]
INFO: [ template_filter ] --END-- [ RunTime:0.001256s ]
INFO: Run Behavior\ParseTemplateBehavior [ RunTime:0.089720s ]
INFO: [ view_parse ] --END-- [ RunTime:0.090565s ]
INFO: [ view_filter ] --START--
INFO: Run Behavior\WriteHtmlCacheBehavior [ RunTime:0.007154s ]
INFO: [ view_filter ] --END-- [ RunTime:0.009407s ]
INFO: [ app_end ] --START--
INFO: Run Behavior\ShowPageTraceBehavior [ RunTime:0.015474s ]
INFO: [ app_end ] --END-- [ RunTime:0.016310s ]

