[ 2016-12-18T08:27:01+08:00 ] ::1 /blog/index.php/Admin/Index/index.html
INFO: [ app_init ] --START--
INFO: Run Behavior\BuildLiteBehavior [ RunTime:0.000146s ]
INFO: [ app_init ] --END-- [ RunTime:0.005027s ]
INFO: [ app_begin ] --START--
INFO: Run Behavior\ReadHtmlCacheBehavior [ RunTime:0.004884s ]
INFO: [ app_begin ] --END-- [ RunTime:0.005354s ]
NOTIC: [8] Undefined index: adminname F:\wamp\wamp\www\blog\Application\Admin\Controller\IndexController.class.php 第 7 行.

[ 2016-12-18T08:27:01+08:00 ] ::1 /blog/index.php/Admin/Login/login.html
INFO: [ app_init ] --START--
INFO: Run Behavior\BuildLiteBehavior [ RunTime:0.000091s ]
INFO: [ app_init ] --END-- [ RunTime:0.003251s ]
INFO: [ app_begin ] --START--
INFO: Run Behavior\ReadHtmlCacheBehavior [ RunTime:0.004830s ]
INFO: [ app_begin ] --END-- [ RunTime:0.005632s ]
INFO: [ view_parse ] --START--
INFO: [ template_filter ] --START--
INFO: Run Behavior\ContentReplaceBehavior [ RunTime:0.000345s ]
INFO: [ template_filter ] --END-- [ RunTime:0.000953s ]
INFO: Run Behavior\ParseTemplateBehavior [ RunTime:0.069174s ]
INFO: [ view_parse ] --END-- [ RunTime:0.069630s ]
INFO: [ view_filter ] --START--
INFO: Run Behavior\WriteHtmlCacheBehavior [ RunTime:0.004166s ]
INFO: [ view_filter ] --END-- [ RunTime:0.004755s ]
INFO: [ app_end ] --START--
INFO: Run Behavior\ShowPageTraceBehavior [ RunTime:0.004982s ]
INFO: [ app_end ] --END-- [ RunTime:0.005432s ]

[ 2016-12-18T08:28:52+08:00 ] ::1 /blog/index.php/Admin/Login/login.html
INFO: [ app_init ] --START--
INFO: Run Behavior\BuildLiteBehavior [ RunTime:0.000113s ]
INFO: [ app_init ] --END-- [ RunTime:0.004639s ]
INFO: [ app_begin ] --START--
INFO: Run Behavior\ReadHtmlCacheBehavior [ RunTime:0.006436s ]
INFO: [ app_begin ] --END-- [ RunTime:0.007215s ]
INFO: [ view_parse ] --START--
INFO: [ template_filter ] --START--
INFO: Run Behavior\ContentReplaceBehavior [ RunTime:0.000260s ]
INFO: [ template_filter ] --END-- [ RunTime:0.000684s ]
INFO: Run Behavior\ParseTemplateBehavior [ RunTime:0.044966s ]
INFO: [ view_parse ] --END-- [ RunTime:0.045582s ]
INFO: [ view_filter ] --START--
INFO: Run Behavior\WriteHtmlCacheBehavior [ RunTime:0.003822s ]
INFO: [ view_filter ] --END-- [ RunTime:0.004216s ]
INFO: [ app_end ] --START--
INFO: Run Behavior\ShowPageTraceBehavior [ RunTime:0.004418s ]
INFO: [ app_end ] --END-- [ RunTime:0.004828s ]

[ 2016-12-18T08:28:55+08:00 ] ::1 /blog/index.php/Admin/Login/login.html
INFO: [ app_init ] --START--
INFO: Run Behavior\BuildLiteBehavior [ RunTime:0.000098s ]
INFO: [ app_init ] --END-- [ RunTime:0.003716s ]
INFO: [ app_begin ] --START--
INFO: Run Behavior\ReadHtmlCacheBehavior [ RunTime:0.006492s ]
INFO: [ app_begin ] --END-- [ RunTime:0.007071s ]
SQL: SHOW COLUMNS FROM `tp_user` [ RunTime:0.1395s ]
SQL: SELECT * FROM `tp_user` WHERE `username` = 'hzx' AND `userpwd` = '123456' AND `state` = 0 LIMIT 1   [ RunTime:0.0015s ]
SQL: UPDATE `tp_user` SET `lasttime`='2016-12-18 08:28:55' WHERE `username` = 'hzx' [ RunTime:0.0416s ]

[ 2016-12-18T08:28:56+08:00 ] ::1 /blog/index.php/Admin/Index/index.html
INFO: [ app_init ] --START--
INFO: Run Behavior\BuildLiteBehavior [ RunTime:0.000155s ]
INFO: [ app_init ] --END-- [ RunTime:0.004087s ]
INFO: [ app_begin ] --START--
INFO: Run Behavior\ReadHtmlCacheBehavior [ RunTime:0.003790s ]
INFO: [ app_begin ] --END-- [ RunTime:0.004760s ]
SQL: SHOW COLUMNS FROM `tp_user` [ RunTime:0.0532s ]
SQL: SELECT `lasttime` FROM `tp_user` WHERE `username` = 'hzx' LIMIT 1   [ RunTime:0.0012s ]
SQL: SELECT * FROM `tp_user` WHERE `state` = 1 ORDER BY lasttime desc LIMIT 5   [ RunTime:0.0022s ]
SQL: SHOW COLUMNS FROM `tp_knowledge` [ RunTime:0.0511s ]
SQL: SELECT `title` FROM `tp_knowledge` ORDER BY publishtime desc LIMIT 1   [ RunTime:0.0012s ]
SQL: SELECT `img` FROM `tp_knowledge` ORDER BY publishtime desc LIMIT 1   [ RunTime:0.0010s ]
SQL: SHOW COLUMNS FROM `tp_img` [ RunTime:0.0535s ]
SQL: SELECT `img` FROM `tp_img` ORDER BY publishtime desc LIMIT 1   [ RunTime:0.0010s ]
SQL: SHOW COLUMNS FROM `tp_pinglun` [ RunTime:0.0793s ]
SQL: SELECT `content` FROM `tp_pinglun` ORDER BY publishtime desc LIMIT 1   [ RunTime:0.0011s ]
SQL: SHOW COLUMNS FROM `tp_message` [ RunTime:0.1115s ]
SQL: SELECT COUNT(*) AS tp_count FROM `tp_message` LIMIT 1   [ RunTime:0.0010s ]
SQL: SELECT * FROM `tp_message` ORDER BY publishtime desc LIMIT 0,5   [ RunTime:0.0013s ]
SQL: SELECT COUNT(*) AS tp_count FROM `tp_user` WHERE `state` = 1 LIMIT 1   [ RunTime:0.0011s ]
SQL: SELECT COUNT(*) AS tp_count FROM `tp_message` LIMIT 1   [ RunTime:0.0009s ]
SQL: SELECT COUNT(*) AS tp_count FROM `tp_pinglun` LIMIT 1   [ RunTime:0.0011s ]
SQL: SELECT * FROM `tp_knowledge` ORDER BY publishtime desc LIMIT 1   [ RunTime:0.0012s ]
NOTIC: [8] Undefined variable: filets F:\wamp\wamp\www\blog\Application\Admin\Controller\IndexController.class.php 第 74 行.
INFO: [ view_parse ] --START--
INFO: [ template_filter ] --START--
INFO: Run Behavior\ContentReplaceBehavior [ RunTime:0.000678s ]
INFO: [ template_filter ] --END-- [ RunTime:0.001402s ]
INFO: Run Behavior\ParseTemplateBehavior [ RunTime:0.102415s ]
INFO: [ view_parse ] --END-- [ RunTime:0.103033s ]
INFO: [ view_filter ] --START--
INFO: Run Behavior\WriteHtmlCacheBehavior [ RunTime:0.005748s ]
INFO: [ view_filter ] --END-- [ RunTime:0.006902s ]
INFO: [ app_end ] --START--
INFO: Run Behavior\ShowPageTraceBehavior [ RunTime:0.007967s ]
INFO: [ app_end ] --END-- [ RunTime:0.008686s ]

[ 2016-12-18T08:28:57+08:00 ] ::1 /blog/index.php/Admin/Index/ms.html
INFO: [ app_init ] --START--
INFO: Run Behavior\BuildLiteBehavior [ RunTime:0.000142s ]
INFO: [ app_init ] --END-- [ RunTime:0.005100s ]
INFO: [ app_begin ] --START--
INFO: Run Behavior\ReadHtmlCacheBehavior [ RunTime:0.004688s ]
INFO: [ app_begin ] --END-- [ RunTime:0.005332s ]

[ 2016-12-18T08:29:02+08:00 ] ::1 /blog/index.php/Admin/Login/doout.html
INFO: [ app_init ] --START--
INFO: Run Behavior\BuildLiteBehavior [ RunTime:0.000053s ]
INFO: [ app_init ] --END-- [ RunTime:0.002096s ]
INFO: [ app_begin ] --START--
INFO: Run Behavior\ReadHtmlCacheBehavior [ RunTime:0.005057s ]
INFO: [ app_begin ] --END-- [ RunTime:0.005497s ]

[ 2016-12-18T08:29:02+08:00 ] ::1 /blog/index.php/Admin/Login/login.html
INFO: [ app_init ] --START--
INFO: Run Behavior\BuildLiteBehavior [ RunTime:0.000033s ]
INFO: [ app_init ] --END-- [ RunTime:0.001399s ]
INFO: [ app_begin ] --START--
INFO: Run Behavior\ReadHtmlCacheBehavior [ RunTime:0.001880s ]
INFO: [ app_begin ] --END-- [ RunTime:0.002141s ]
INFO: [ view_parse ] --START--
INFO: [ template_filter ] --START--
INFO: Run Behavior\ContentReplaceBehavior [ RunTime:0.000096s ]
INFO: [ template_filter ] --END-- [ RunTime:0.000243s ]
INFO: Run Behavior\ParseTemplateBehavior [ RunTime:0.017943s ]
INFO: [ view_parse ] --END-- [ RunTime:0.018181s ]
INFO: [ view_filter ] --START--
INFO: Run Behavior\WriteHtmlCacheBehavior [ RunTime:0.001363s ]
INFO: [ view_filter ] --END-- [ RunTime:0.001529s ]
INFO: [ app_end ] --START--
INFO: Run Behavior\ShowPageTraceBehavior [ RunTime:0.001529s ]
INFO: [ app_end ] --END-- [ RunTime:0.001664s ]

[ 2016-12-18T08:31:23+08:00 ] ::1 /blog/index.php/Admin/Login/login.html
INFO: [ app_init ] --START--
INFO: Run Behavior\BuildLiteBehavior [ RunTime:0.000094s ]
INFO: [ app_init ] --END-- [ RunTime:0.003992s ]
INFO: [ app_begin ] --START--
INFO: Run Behavior\ReadHtmlCacheBehavior [ RunTime:0.005300s ]
INFO: [ app_begin ] --END-- [ RunTime:0.005775s ]
INFO: [ view_parse ] --START--
INFO: [ template_filter ] --START--
INFO: Run Behavior\ContentReplaceBehavior [ RunTime:0.000280s ]
INFO: [ template_filter ] --END-- [ RunTime:0.000697s ]
INFO: Run Behavior\ParseTemplateBehavior [ RunTime:0.036263s ]
INFO: [ view_parse ] --END-- [ RunTime:0.036709s ]
INFO: [ view_filter ] --START--
INFO: Run Behavior\WriteHtmlCacheBehavior [ RunTime:0.003882s ]
INFO: [ view_filter ] --END-- [ RunTime:0.004278s ]
INFO: [ app_end ] --START--
INFO: Run Behavior\ShowPageTraceBehavior [ RunTime:0.004372s ]
INFO: [ app_end ] --END-- [ RunTime:0.004785s ]

[ 2016-12-18T08:31:37+08:00 ] ::1 /blog/index.php/Admin/Login/login.html
INFO: [ app_init ] --START--
INFO: Run Behavior\BuildLiteBehavior [ RunTime:0.000091s ]
INFO: [ app_init ] --END-- [ RunTime:0.003840s ]
INFO: [ app_begin ] --START--
INFO: Run Behavior\ReadHtmlCacheBehavior [ RunTime:0.004765s ]
INFO: [ app_begin ] --END-- [ RunTime:0.005259s ]
INFO: [ view_parse ] --START--
INFO: [ template_filter ] --START--
INFO: Run Behavior\ContentReplaceBehavior [ RunTime:0.000271s ]
INFO: [ template_filter ] --END-- [ RunTime:0.000698s ]
INFO: Run Behavior\ParseTemplateBehavior [ RunTime:0.037212s ]
INFO: [ view_parse ] --END-- [ RunTime:0.037658s ]
INFO: [ view_filter ] --START--
INFO: Run Behavior\WriteHtmlCacheBehavior [ RunTime:0.004066s ]
INFO: [ view_filter ] --END-- [ RunTime:0.004484s ]
INFO: [ app_end ] --START--
INFO: Run Behavior\ShowPageTraceBehavior [ RunTime:0.004848s ]
INFO: [ app_end ] --END-- [ RunTime:0.005279s ]

[ 2016-12-18T08:32:24+08:00 ] ::1 /blog/index.php/Admin/Login/login.html
INFO: [ app_init ] --START--
INFO: Run Behavior\BuildLiteBehavior [ RunTime:0.000091s ]
INFO: [ app_init ] --END-- [ RunTime:0.003554s ]
INFO: [ app_begin ] --START--
INFO: Run Behavior\ReadHtmlCacheBehavior [ RunTime:0.004556s ]
INFO: [ app_begin ] --END-- [ RunTime:0.004957s ]
SQL: SHOW COLUMNS FROM `tp_user` [ RunTime:0.0443s ]
SQL: SELECT * FROM `tp_user` WHERE `username` = 'hzx' AND `userpwd` = '1234566' AND `state` = 0 LIMIT 1   [ RunTime:0.0015s ]

[ 2016-12-18T09:11:05+08:00 ] ::1 /blog/index.php/Admin/Index/index.html
INFO: [ app_init ] --START--
INFO: Run Behavior\BuildLiteBehavior [ RunTime:0.000106s ]
INFO: [ app_init ] --END-- [ RunTime:0.003852s ]
INFO: [ app_begin ] --START--
INFO: Run Behavior\ReadHtmlCacheBehavior [ RunTime:0.003573s ]
INFO: [ app_begin ] --END-- [ RunTime:0.004073s ]
NOTIC: [8] Undefined index: adminname F:\wamp\wamp\www\blog\Application\Admin\Controller\IndexController.class.php 第 7 行.

[ 2016-12-18T09:11:05+08:00 ] ::1 /blog/index.php/Admin/Login/login.html
INFO: [ app_init ] --START--
INFO: Run Behavior\BuildLiteBehavior [ RunTime:0.000104s ]
INFO: [ app_init ] --END-- [ RunTime:0.003593s ]
INFO: [ app_begin ] --START--
INFO: Run Behavior\ReadHtmlCacheBehavior [ RunTime:0.003320s ]
INFO: [ app_begin ] --END-- [ RunTime:0.003770s ]
INFO: [ view_parse ] --START--
INFO: [ template_filter ] --START--
INFO: Run Behavior\ContentReplaceBehavior [ RunTime:0.000260s ]
INFO: [ template_filter ] --END-- [ RunTime:0.000682s ]
INFO: Run Behavior\ParseTemplateBehavior [ RunTime:0.048306s ]
INFO: [ view_parse ] --END-- [ RunTime:0.048747s ]
INFO: [ view_filter ] --START--
INFO: Run Behavior\WriteHtmlCacheBehavior [ RunTime:0.002817s ]
INFO: [ view_filter ] --END-- [ RunTime:0.003205s ]
INFO: [ app_end ] --START--
INFO: Run Behavior\ShowPageTraceBehavior [ RunTime:0.003271s ]
INFO: [ app_end ] --END-- [ RunTime:0.003666s ]

[ 2016-12-18T09:11:07+08:00 ] ::1 /blog/index.php/Admin/Login/login.html
INFO: [ app_init ] --START--
INFO: Run Behavior\BuildLiteBehavior [ RunTime:0.000089s ]
INFO: [ app_init ] --END-- [ RunTime:0.003553s ]
INFO: [ app_begin ] --START--
INFO: Run Behavior\ReadHtmlCacheBehavior [ RunTime:0.004762s ]
INFO: [ app_begin ] --END-- [ RunTime:0.005171s ]
SQL: SHOW COLUMNS FROM `tp_user` [ RunTime:0.1050s ]
SQL: SELECT * FROM `tp_user` WHERE `username` = 'hzx' AND `userpwd` = '1234566' AND `state` = 0 LIMIT 1   [ RunTime:0.0014s ]

[ 2016-12-18T09:11:12+08:00 ] ::1 /blog/index.php/Admin/Login/login.html
INFO: [ app_init ] --START--
INFO: Run Behavior\BuildLiteBehavior [ RunTime:0.000092s ]
INFO: [ app_init ] --END-- [ RunTime:0.003805s ]
INFO: [ app_begin ] --START--
INFO: Run Behavior\ReadHtmlCacheBehavior [ RunTime:0.004089s ]
INFO: [ app_begin ] --END-- [ RunTime:0.004477s ]
SQL: SHOW COLUMNS FROM `tp_user` [ RunTime:0.0467s ]
SQL: SELECT * FROM `tp_user` WHERE `username` = 'hzx' AND `userpwd` = '123456' AND `state` = 0 LIMIT 1   [ RunTime:0.0019s ]
SQL: UPDATE `tp_user` SET `lasttime`='2016-12-18 09:11:12' WHERE `username` = 'hzx' [ RunTime:0.0560s ]

[ 2016-12-18T09:11:12+08:00 ] ::1 /blog/index.php/Admin/Index/index.html
INFO: [ app_init ] --START--
INFO: Run Behavior\BuildLiteBehavior [ RunTime:0.000090s ]
INFO: [ app_init ] --END-- [ RunTime:0.005127s ]
INFO: [ app_begin ] --START--
INFO: Run Behavior\ReadHtmlCacheBehavior [ RunTime:0.004990s ]
INFO: [ app_begin ] --END-- [ RunTime:0.005782s ]
SQL: SHOW COLUMNS FROM `tp_user` [ RunTime:0.0512s ]
SQL: SELECT `lasttime` FROM `tp_user` WHERE `username` = 'hzx' LIMIT 1   [ RunTime:0.0011s ]
SQL: SELECT * FROM `tp_user` WHERE `state` = 1 ORDER BY lasttime desc LIMIT 5   [ RunTime:0.0016s ]
SQL: SHOW COLUMNS FROM `tp_knowledge` [ RunTime:0.0482s ]
SQL: SELECT `title` FROM `tp_knowledge` ORDER BY publishtime desc LIMIT 1   [ RunTime:0.0011s ]
SQL: SELECT `img` FROM `tp_knowledge` ORDER BY publishtime desc LIMIT 1   [ RunTime:0.0009s ]
SQL: SHOW COLUMNS FROM `tp_img` [ RunTime:0.0538s ]
SQL: SELECT `img` FROM `tp_img` ORDER BY publishtime desc LIMIT 1   [ RunTime:0.0011s ]
SQL: SHOW COLUMNS FROM `tp_pinglun` [ RunTime:0.0572s ]
SQL: SELECT `content` FROM `tp_pinglun` ORDER BY publishtime desc LIMIT 1   [ RunTime:0.0014s ]
SQL: SHOW COLUMNS FROM `tp_message` [ RunTime:0.0497s ]
SQL: SELECT COUNT(*) AS tp_count FROM `tp_message` LIMIT 1   [ RunTime:0.0009s ]
SQL: SELECT * FROM `tp_message` ORDER BY publishtime desc LIMIT 0,5   [ RunTime:0.0015s ]
SQL: SELECT COUNT(*) AS tp_count FROM `tp_user` WHERE `state` = 1 LIMIT 1   [ RunTime:0.0009s ]
SQL: SELECT COUNT(*) AS tp_count FROM `tp_message` LIMIT 1   [ RunTime:0.0009s ]
SQL: SELECT COUNT(*) AS tp_count FROM `tp_pinglun` LIMIT 1   [ RunTime:0.0011s ]
SQL: SELECT * FROM `tp_knowledge` ORDER BY publishtime desc LIMIT 1   [ RunTime:0.0017s ]
NOTIC: [8] Undefined variable: filets F:\wamp\wamp\www\blog\Application\Admin\Controller\IndexController.class.php 第 74 行.
INFO: [ view_parse ] --START--
INFO: [ template_filter ] --START--
INFO: Run Behavior\ContentReplaceBehavior [ RunTime:0.000483s ]
INFO: [ template_filter ] --END-- [ RunTime:0.000895s ]
INFO: Run Behavior\ParseTemplateBehavior [ RunTime:0.084102s ]
INFO: [ view_parse ] --END-- [ RunTime:0.084774s ]
INFO: [ view_filter ] --START--
INFO: Run Behavior\WriteHtmlCacheBehavior [ RunTime:0.004201s ]
INFO: [ view_filter ] --END-- [ RunTime:0.004591s ]
INFO: [ app_end ] --START--
INFO: Run Behavior\ShowPageTraceBehavior [ RunTime:0.007524s ]
INFO: [ app_end ] --END-- [ RunTime:0.008020s ]

[ 2016-12-18T09:11:34+08:00 ] ::1 /blog/index.php/Admin/Index/ms.html
INFO: [ app_init ] --START--
INFO: Run Behavior\BuildLiteBehavior [ RunTime:0.000099s ]
INFO: [ app_init ] --END-- [ RunTime:0.003641s ]
INFO: [ app_begin ] --START--
INFO: Run Behavior\ReadHtmlCacheBehavior [ RunTime:0.004188s ]
INFO: [ app_begin ] --END-- [ RunTime:0.004705s ]

[ 2016-12-18T09:12:58+08:00 ] ::1 /blog/index.php/Admin/Filemannger/files.html
INFO: [ app_init ] --START--
INFO: Run Behavior\BuildLiteBehavior [ RunTime:0.000152s ]
INFO: [ app_init ] --END-- [ RunTime:0.006485s ]
INFO: [ app_begin ] --START--
INFO: Run Behavior\ReadHtmlCacheBehavior [ RunTime:0.009093s ]
INFO: [ app_begin ] --END-- [ RunTime:0.010207s ]

[ 2016-12-18T09:13:15+08:00 ] ::1 /blog/index.php/Admin/Filemannger/files.html
INFO: [ app_init ] --START--
INFO: Run Behavior\BuildLiteBehavior [ RunTime:0.000145s ]
INFO: [ app_init ] --END-- [ RunTime:0.007795s ]
INFO: [ app_begin ] --START--
INFO: Run Behavior\ReadHtmlCacheBehavior [ RunTime:0.010226s ]
INFO: [ app_begin ] --END-- [ RunTime:0.011041s ]
SQL: SHOW COLUMNS FROM `tp_user` [ RunTime:0.0502s ]
SQL: SELECT `lasttime` FROM `tp_user` WHERE `username` = 'hzx' LIMIT 1   [ RunTime:0.0011s ]
SQL: SHOW COLUMNS FROM `tp_filetype` [ RunTime:0.0549s ]
SQL: SELECT * FROM `tp_filetype`  [ RunTime:0.0012s ]
SQL: SHOW COLUMNS FROM `tp_knowledge` [ RunTime:0.0581s ]
NOTIC: [8] Undefined index: id F:\wamp\wamp\www\blog\Application\Admin\Controller\FilemanngerController.class.php 第 20 行.
SQL: SELECT COUNT(*) AS tp_count FROM `tp_knowledge` LIMIT 1   [ RunTime:0.0011s ]
SQL: SELECT * FROM `tp_knowledge` LIMIT 0,6   [ RunTime:0.0026s ]
INFO: [ view_parse ] --START--
INFO: [ template_filter ] --START--
INFO: Run Behavior\ContentReplaceBehavior [ RunTime:0.000520s ]
INFO: [ template_filter ] --END-- [ RunTime:0.001243s ]
NOTIC: [8] Undefined variable: vo F:\wamp\wamp\www\blog\Application\Runtime\Cache\Admin\8bb51f740aafcda4c61574535e9ebad8.php 第 77 行.
NOTIC: [8] Undefined index: cs F:\wamp\wamp\www\blog\Application\Runtime\Cache\Admin\8bb51f740aafcda4c61574535e9ebad8.php 第 77 行.
NOTIC: [8] Undefined index: files F:\wamp\wamp\www\blog\Application\Runtime\Cache\Admin\8bb51f740aafcda4c61574535e9ebad8.php 第 82 行.
NOTIC: [8] Undefined index: files F:\wamp\wamp\www\blog\Application\Runtime\Cache\Admin\8bb51f740aafcda4c61574535e9ebad8.php 第 82 行.
NOTIC: [8] Undefined index: files F:\wamp\wamp\www\blog\Application\Runtime\Cache\Admin\8bb51f740aafcda4c61574535e9ebad8.php 第 82 行.
NOTIC: [8] Undefined index: files F:\wamp\wamp\www\blog\Application\Runtime\Cache\Admin\8bb51f740aafcda4c61574535e9ebad8.php 第 82 行.
INFO: Run Behavior\ParseTemplateBehavior [ RunTime:0.166972s ]
INFO: [ view_parse ] --END-- [ RunTime:0.168052s ]
INFO: [ view_filter ] --START--
INFO: Run Behavior\WriteHtmlCacheBehavior [ RunTime:0.017957s ]
INFO: [ view_filter ] --END-- [ RunTime:0.018650s ]
INFO: [ app_end ] --START--
INFO: Run Behavior\ShowPageTraceBehavior [ RunTime:0.012914s ]
INFO: [ app_end ] --END-- [ RunTime:0.013858s ]

[ 2016-12-18T09:13:27+08:00 ] ::1 /blog/index.php/Admin/Filemannger/files.html
INFO: [ app_init ] --START--
INFO: Run Behavior\BuildLiteBehavior [ RunTime:0.000142s ]
INFO: [ app_init ] --END-- [ RunTime:0.006031s ]
INFO: [ app_begin ] --START--
INFO: Run Behavior\ReadHtmlCacheBehavior [ RunTime:0.009187s ]
INFO: [ app_begin ] --END-- [ RunTime:0.009983s ]
SQL: SHOW COLUMNS FROM `tp_user` [ RunTime:0.0591s ]
SQL: SELECT `lasttime` FROM `tp_user` WHERE `username` = 'hzx' LIMIT 1   [ RunTime:0.0013s ]
SQL: SHOW COLUMNS FROM `tp_filetype` [ RunTime:0.0608s ]
SQL: SELECT * FROM `tp_filetype`  [ RunTime:0.0013s ]
SQL: SHOW COLUMNS FROM `tp_knowledge` [ RunTime:0.0587s ]
NOTIC: [8] Undefined index: id F:\wamp\wamp\www\blog\Application\Admin\Controller\FilemanngerController.class.php 第 20 行.
SQL: SELECT COUNT(*) AS tp_count FROM `tp_knowledge` LIMIT 1   [ RunTime:0.0011s ]
SQL: SELECT * FROM `tp_knowledge` LIMIT 0,6   [ RunTime:0.0015s ]
INFO: [ view_parse ] --START--
INFO: [ template_filter ] --START--
INFO: Run Behavior\ContentReplaceBehavior [ RunTime:0.000464s ]
INFO: [ template_filter ] --END-- [ RunTime:0.001152s ]
NOTIC: [8] Undefined variable: vo F:\wamp\wamp\www\blog\Application\Runtime\Cache\Admin\8bb51f740aafcda4c61574535e9ebad8.php 第 77 行.
NOTIC: [8] Undefined index: cs F:\wamp\wamp\www\blog\Application\Runtime\Cache\Admin\8bb51f740aafcda4c61574535e9ebad8.php 第 77 行.
NOTIC: [8] Undefined index: files F:\wamp\wamp\www\blog\Application\Runtime\Cache\Admin\8bb51f740aafcda4c61574535e9ebad8.php 第 82 行.
NOTIC: [8] Undefined index: files F:\wamp\wamp\www\blog\Application\Runtime\Cache\Admin\8bb51f740aafcda4c61574535e9ebad8.php 第 82 行.
NOTIC: [8] Undefined index: files F:\wamp\wamp\www\blog\Application\Runtime\Cache\Admin\8bb51f740aafcda4c61574535e9ebad8.php 第 82 行.
NOTIC: [8] Undefined index: files F:\wamp\wamp\www\blog\Application\Runtime\Cache\Admin\8bb51f740aafcda4c61574535e9ebad8.php 第 82 行.
INFO: Run Behavior\ParseTemplateBehavior [ RunTime:0.098621s ]
INFO: [ view_parse ] --END-- [ RunTime:0.099317s ]
INFO: [ view_filter ] --START--
INFO: Run Behavior\WriteHtmlCacheBehavior [ RunTime:0.009619s ]
INFO: [ view_filter ] --END-- [ RunTime:0.012679s ]
INFO: [ app_end ] --START--
INFO: Run Behavior\ShowPageTraceBehavior [ RunTime:0.013868s ]
INFO: [ app_end ] --END-- [ RunTime:0.014784s ]

[ 2016-12-18T09:14:09+08:00 ] ::1 /blog/index.php/Admin/Filemannger/update/id/1
INFO: [ app_init ] --START--
INFO: Run Behavior\BuildLiteBehavior [ RunTime:0.000165s ]
INFO: [ app_init ] --END-- [ RunTime:0.006631s ]
INFO: [ app_begin ] --START--
INFO: Run Behavior\ReadHtmlCacheBehavior [ RunTime:0.005716s ]
INFO: [ app_begin ] --END-- [ RunTime:0.006200s ]
SQL: SHOW COLUMNS FROM `tp_filetype` [ RunTime:0.0479s ]
SQL: SELECT * FROM `tp_filetype`  [ RunTime:0.0011s ]
SQL: SHOW COLUMNS FROM `tp_user` [ RunTime:0.0434s ]
SQL: SELECT `lasttime` FROM `tp_user` WHERE `username` = 'hzx' LIMIT 1   [ RunTime:0.0011s ]
SQL: SHOW COLUMNS FROM `tp_knowledge` [ RunTime:0.0439s ]
SQL: SELECT * FROM `tp_knowledge` WHERE ( id=1 ) LIMIT 1   [ RunTime:0.0017s ]
INFO: [ view_parse ] --START--
INFO: [ template_filter ] --START--
INFO: Run Behavior\ContentReplaceBehavior [ RunTime:0.000287s ]
INFO: [ template_filter ] --END-- [ RunTime:0.000689s ]
NOTIC: [8] Use of undefined constant id - assumed 'id' F:\wamp\wamp\www\blog\Application\Runtime\Cache\Admin\f5a4209f31ad8d865b1aeced18297ddf.php 第 86 行.
NOTIC: [8] Array to string conversion F:\wamp\wamp\www\blog\Application\Runtime\Cache\Admin\f5a4209f31ad8d865b1aeced18297ddf.php 第 86 行.
NOTIC: [8] Use of undefined constant id - assumed 'id' F:\wamp\wamp\www\blog\Application\Runtime\Cache\Admin\f5a4209f31ad8d865b1aeced18297ddf.php 第 86 行.
NOTIC: [8] Array to string conversion F:\wamp\wamp\www\blog\Application\Runtime\Cache\Admin\f5a4209f31ad8d865b1aeced18297ddf.php 第 86 行.
NOTIC: [8] Use of undefined constant id - assumed 'id' F:\wamp\wamp\www\blog\Application\Runtime\Cache\Admin\f5a4209f31ad8d865b1aeced18297ddf.php 第 86 行.
NOTIC: [8] Array to string conversion F:\wamp\wamp\www\blog\Application\Runtime\Cache\Admin\f5a4209f31ad8d865b1aeced18297ddf.php 第 86 行.
NOTIC: [8] Use of undefined constant id - assumed 'id' F:\wamp\wamp\www\blog\Application\Runtime\Cache\Admin\f5a4209f31ad8d865b1aeced18297ddf.php 第 86 行.
NOTIC: [8] Array to string conversion F:\wamp\wamp\www\blog\Application\Runtime\Cache\Admin\f5a4209f31ad8d865b1aeced18297ddf.php 第 86 行.
INFO: Run Behavior\ParseTemplateBehavior [ RunTime:0.053743s ]
INFO: [ view_parse ] --END-- [ RunTime:0.054167s ]
INFO: [ view_filter ] --START--
INFO: Run Behavior\WriteHtmlCacheBehavior [ RunTime:0.004155s ]
INFO: [ view_filter ] --END-- [ RunTime:0.004543s ]
INFO: [ app_end ] --START--
INFO: Run Behavior\ShowPageTraceBehavior [ RunTime:0.007180s ]
INFO: [ app_end ] --END-- [ RunTime:0.007870s ]

[ 2016-12-18T09:14:23+08:00 ] ::1 /blog/index.php/Admin/Filemannger/update/id/1
INFO: [ app_init ] --START--
INFO: Run Behavior\BuildLiteBehavior [ RunTime:0.000142s ]
INFO: [ app_init ] --END-- [ RunTime:0.004882s ]
INFO: [ app_begin ] --START--
INFO: Run Behavior\ReadHtmlCacheBehavior [ RunTime:0.003585s ]
INFO: [ app_begin ] --END-- [ RunTime:0.004042s ]
SQL: SHOW COLUMNS FROM `tp_filetype` [ RunTime:0.0452s ]
SQL: SELECT * FROM `tp_filetype`  [ RunTime:0.0011s ]
SQL: SHOW COLUMNS FROM `tp_user` [ RunTime:0.0485s ]
SQL: SELECT `lasttime` FROM `tp_user` WHERE `username` = 'hzx' LIMIT 1   [ RunTime:0.0012s ]
SQL: SHOW COLUMNS FROM `tp_knowledge` [ RunTime:0.0434s ]
SQL: SELECT * FROM `tp_knowledge` WHERE ( id=1 ) LIMIT 1   [ RunTime:0.0014s ]
INFO: [ view_parse ] --START--
INFO: [ template_filter ] --START--
INFO: Run Behavior\ContentReplaceBehavior [ RunTime:0.000288s ]
INFO: [ template_filter ] --END-- [ RunTime:0.000690s ]
INFO: Run Behavior\ParseTemplateBehavior [ RunTime:0.048977s ]
INFO: [ view_parse ] --END-- [ RunTime:0.049409s ]
INFO: [ view_filter ] --START--
INFO: Run Behavior\WriteHtmlCacheBehavior [ RunTime:0.002903s ]
INFO: [ view_filter ] --END-- [ RunTime:0.003303s ]
INFO: [ app_end ] --START--
INFO: Run Behavior\ShowPageTraceBehavior [ RunTime:0.007087s ]
INFO: [ app_end ] --END-- [ RunTime:0.007704s ]

[ 2016-12-18T09:26:51+08:00 ] ::1 /blog/index.php/Admin/Filemannger/update/id/1
INFO: [ app_init ] --START--
INFO: Run Behavior\BuildLiteBehavior [ RunTime:0.000091s ]
INFO: [ app_init ] --END-- [ RunTime:0.004245s ]
INFO: [ app_begin ] --START--
INFO: Run Behavior\ReadHtmlCacheBehavior [ RunTime:0.006861s ]
INFO: [ app_begin ] --END-- [ RunTime:0.007341s ]
SQL: SHOW COLUMNS FROM `tp_filetype` [ RunTime:0.0631s ]
SQL: SELECT * FROM `tp_filetype`  [ RunTime:0.0016s ]
SQL: SHOW COLUMNS FROM `tp_user` [ RunTime:0.0628s ]
SQL: SELECT `lasttime` FROM `tp_user` WHERE `username` = 'hzx' LIMIT 1   [ RunTime:0.0013s ]
SQL: SHOW COLUMNS FROM `tp_knowledge` [ RunTime:0.0664s ]
SQL: SELECT * FROM `tp_knowledge` WHERE ( id=1 ) LIMIT 1   [ RunTime:0.0026s ]
INFO: [ view_parse ] --START--
INFO: [ template_filter ] --START--
INFO: Run Behavior\ContentReplaceBehavior [ RunTime:0.000309s ]
INFO: [ template_filter ] --END-- [ RunTime:0.000718s ]

[ 2016-12-18T09:27:07+08:00 ] ::1 /blog/index.php/Admin/Filemannger/update/id/1
INFO: [ app_init ] --START--
INFO: Run Behavior\BuildLiteBehavior [ RunTime:0.000127s ]
INFO: [ app_init ] --END-- [ RunTime:0.008249s ]
INFO: [ app_begin ] --START--
INFO: Run Behavior\ReadHtmlCacheBehavior [ RunTime:0.010866s ]
INFO: [ app_begin ] --END-- [ RunTime:0.011344s ]
SQL: SHOW COLUMNS FROM `tp_filetype` [ RunTime:0.0515s ]
SQL: SELECT * FROM `tp_filetype`  [ RunTime:0.0011s ]
SQL: SHOW COLUMNS FROM `tp_user` [ RunTime:0.0517s ]
SQL: SELECT `lasttime` FROM `tp_user` WHERE `username` = 'hzx' LIMIT 1   [ RunTime:0.0017s ]
SQL: SHOW COLUMNS FROM `tp_knowledge` [ RunTime:0.0556s ]
SQL: SELECT * FROM `tp_knowledge` WHERE ( id=1 ) LIMIT 1   [ RunTime:0.0029s ]
INFO: [ view_parse ] --START--
INFO: [ template_filter ] --START--
INFO: Run Behavior\ContentReplaceBehavior [ RunTime:0.000306s ]
INFO: [ template_filter ] --END-- [ RunTime:0.000717s ]

[ 2016-12-18T09:27:20+08:00 ] ::1 /blog/index.php/Admin/Filemannger/update/id/1
INFO: [ app_init ] --START--
INFO: Run Behavior\BuildLiteBehavior [ RunTime:0.000106s ]
INFO: [ app_init ] --END-- [ RunTime:0.003730s ]
INFO: [ app_begin ] --START--
INFO: Run Behavior\ReadHtmlCacheBehavior [ RunTime:0.006223s ]
INFO: [ app_begin ] --END-- [ RunTime:0.006683s ]
SQL: SHOW COLUMNS FROM `tp_filetype` [ RunTime:0.0494s ]
SQL: SELECT * FROM `tp_filetype`  [ RunTime:0.0014s ]
SQL: SHOW COLUMNS FROM `tp_user` [ RunTime:0.0541s ]
SQL: SELECT `lasttime` FROM `tp_user` WHERE `username` = 'hzx' LIMIT 1   [ RunTime:0.0013s ]
SQL: SHOW COLUMNS FROM `tp_knowledge` [ RunTime:0.0506s ]
SQL: SELECT * FROM `tp_knowledge` WHERE ( id=1 ) LIMIT 1   [ RunTime:0.0017s ]
INFO: [ view_parse ] --START--
INFO: [ template_filter ] --START--
INFO: Run Behavior\ContentReplaceBehavior [ RunTime:0.000307s ]
INFO: [ template_filter ] --END-- [ RunTime:0.000744s ]
INFO: Run Behavior\ParseTemplateBehavior [ RunTime:0.069416s ]
INFO: [ view_parse ] --END-- [ RunTime:0.069863s ]
INFO: [ view_filter ] --START--
INFO: Run Behavior\WriteHtmlCacheBehavior [ RunTime:0.006486s ]
INFO: [ view_filter ] --END-- [ RunTime:0.006893s ]
INFO: [ app_end ] --START--
INFO: Run Behavior\ShowPageTraceBehavior [ RunTime:0.012538s ]
INFO: [ app_end ] --END-- [ RunTime:0.012987s ]

[ 2016-12-18T09:27:52+08:00 ] ::1 /blog/index.php/Admin/Filemannger/update/id/1
INFO: [ app_init ] --START--
INFO: Run Behavior\BuildLiteBehavior [ RunTime:0.000089s ]
INFO: [ app_init ] --END-- [ RunTime:0.003797s ]
INFO: [ app_begin ] --START--
INFO: Run Behavior\ReadHtmlCacheBehavior [ RunTime:0.006158s ]
INFO: [ app_begin ] --END-- [ RunTime:0.006643s ]
SQL: SHOW COLUMNS FROM `tp_filetype` [ RunTime:0.0715s ]
SQL: SELECT * FROM `tp_filetype`  [ RunTime:0.0015s ]
SQL: SHOW COLUMNS FROM `tp_user` [ RunTime:0.0691s ]
SQL: SELECT `lasttime` FROM `tp_user` WHERE `username` = 'hzx' LIMIT 1   [ RunTime:0.0022s ]
SQL: SHOW COLUMNS FROM `tp_knowledge` [ RunTime:0.0744s ]
SQL: SELECT * FROM `tp_knowledge` WHERE ( id=1 ) LIMIT 1   [ RunTime:0.0019s ]
INFO: [ view_parse ] --START--
INFO: [ template_filter ] --START--
INFO: Run Behavior\ContentReplaceBehavior [ RunTime:0.000588s ]
INFO: [ template_filter ] --END-- [ RunTime:0.001301s ]
INFO: Run Behavior\ParseTemplateBehavior [ RunTime:0.118185s ]
INFO: [ view_parse ] --END-- [ RunTime:0.119069s ]
INFO: [ view_filter ] --START--
INFO: Run Behavior\WriteHtmlCacheBehavior [ RunTime:0.008603s ]
INFO: [ view_filter ] --END-- [ RunTime:0.009136s ]
INFO: [ app_end ] --START--
INFO: Run Behavior\ShowPageTraceBehavior [ RunTime:0.012530s ]
INFO: [ app_end ] --END-- [ RunTime:0.013553s ]

[ 2016-12-18T09:28:34+08:00 ] ::1 /blog/index.php/Admin/Filemannger/update/id/1
INFO: [ app_init ] --START--
INFO: Run Behavior\BuildLiteBehavior [ RunTime:0.000142s ]
INFO: [ app_init ] --END-- [ RunTime:0.004302s ]
INFO: [ app_begin ] --START--
INFO: Run Behavior\ReadHtmlCacheBehavior [ RunTime:0.007297s ]
INFO: [ app_begin ] --END-- [ RunTime:0.007885s ]
SQL: SHOW COLUMNS FROM `tp_filetype` [ RunTime:0.0477s ]
SQL: SELECT * FROM `tp_filetype`  [ RunTime:0.0010s ]
SQL: SHOW COLUMNS FROM `tp_user` [ RunTime:0.0559s ]
SQL: SELECT `lasttime` FROM `tp_user` WHERE `username` = 'hzx' LIMIT 1   [ RunTime:0.0034s ]
SQL: SHOW COLUMNS FROM `tp_knowledge` [ RunTime:0.0698s ]
SQL: SELECT * FROM `tp_knowledge` WHERE ( id=1 ) LIMIT 1   [ RunTime:0.0031s ]
INFO: [ view_parse ] --START--
INFO: [ template_filter ] --START--
INFO: Run Behavior\ContentReplaceBehavior [ RunTime:0.000294s ]
INFO: [ template_filter ] --END-- [ RunTime:0.000803s ]
INFO: Run Behavior\ParseTemplateBehavior [ RunTime:0.100456s ]
INFO: [ view_parse ] --END-- [ RunTime:0.101068s ]
INFO: [ view_filter ] --START--
INFO: Run Behavior\WriteHtmlCacheBehavior [ RunTime:0.005820s ]
INFO: [ view_filter ] --END-- [ RunTime:0.006363s ]
INFO: [ app_end ] --START--
INFO: Run Behavior\ShowPageTraceBehavior [ RunTime:0.020151s ]
INFO: [ app_end ] --END-- [ RunTime:0.021090s ]

[ 2016-12-18T09:28:59+08:00 ] ::1 /blog/index.php/Admin/Filemannger/update/id/1
INFO: [ app_init ] --START--
INFO: Run Behavior\BuildLiteBehavior [ RunTime:0.000171s ]
INFO: [ app_init ] --END-- [ RunTime:0.005679s ]
INFO: [ app_begin ] --START--
INFO: Run Behavior\ReadHtmlCacheBehavior [ RunTime:0.006210s ]
INFO: [ app_begin ] --END-- [ RunTime:0.006871s ]
SQL: SHOW COLUMNS FROM `tp_filetype` [ RunTime:0.0466s ]
SQL: SELECT * FROM `tp_filetype`  [ RunTime:0.0012s ]
SQL: SHOW COLUMNS FROM `tp_user` [ RunTime:0.0577s ]
SQL: SELECT `lasttime` FROM `tp_user` WHERE `username` = 'hzx' LIMIT 1   [ RunTime:0.0013s ]
SQL: SHOW COLUMNS FROM `tp_knowledge` [ RunTime:0.0668s ]
SQL: SELECT * FROM `tp_knowledge` WHERE ( id=1 ) LIMIT 1   [ RunTime:0.0023s ]
INFO: [ view_parse ] --START--
INFO: [ template_filter ] --START--
INFO: Run Behavior\ContentReplaceBehavior [ RunTime:0.000388s ]
INFO: [ template_filter ] --END-- [ RunTime:0.000966s ]
INFO: Run Behavior\ParseTemplateBehavior [ RunTime:0.102468s ]
INFO: [ view_parse ] --END-- [ RunTime:0.103088s ]
INFO: [ view_filter ] --START--
INFO: Run Behavior\WriteHtmlCacheBehavior [ RunTime:0.008248s ]
INFO: [ view_filter ] --END-- [ RunTime:0.008648s ]
INFO: [ app_end ] --START--
INFO: Run Behavior\ShowPageTraceBehavior [ RunTime:0.019203s ]
INFO: [ app_end ] --END-- [ RunTime:0.019969s ]

[ 2016-12-18T09:30:46+08:00 ] ::1 /blog/index.php/Admin/Filemannger/update/id/1
INFO: [ app_init ] --START--
INFO: Run Behavior\BuildLiteBehavior [ RunTime:0.000091s ]
INFO: [ app_init ] --END-- [ RunTime:0.003872s ]
INFO: [ app_begin ] --START--
INFO: Run Behavior\ReadHtmlCacheBehavior [ RunTime:0.008076s ]
INFO: [ app_begin ] --END-- [ RunTime:0.008560s ]
SQL: SHOW COLUMNS FROM `tp_filetype` [ RunTime:0.0464s ]
SQL: SELECT * FROM `tp_filetype`  [ RunTime:0.0013s ]
SQL: SHOW COLUMNS FROM `tp_user` [ RunTime:0.0549s ]
SQL: SELECT `lasttime` FROM `tp_user` WHERE `username` = 'hzx' LIMIT 1   [ RunTime:0.0015s ]
SQL: SHOW COLUMNS FROM `tp_knowledge` [ RunTime:0.0651s ]
SQL: SELECT * FROM `tp_knowledge` WHERE ( id=1 ) LIMIT 1   [ RunTime:0.0015s ]
INFO: [ view_parse ] --START--
INFO: [ template_filter ] --START--
INFO: Run Behavior\ContentReplaceBehavior [ RunTime:0.000661s ]
INFO: [ template_filter ] --END-- [ RunTime:0.002366s ]
INFO: Run Behavior\ParseTemplateBehavior [ RunTime:0.110623s ]
INFO: [ view_parse ] --END-- [ RunTime:0.111140s ]
INFO: [ view_filter ] --START--
INFO: Run Behavior\WriteHtmlCacheBehavior [ RunTime:0.010854s ]
INFO: [ view_filter ] --END-- [ RunTime:0.011699s ]
INFO: [ app_end ] --START--
INFO: Run Behavior\ShowPageTraceBehavior [ RunTime:0.021854s ]
INFO: [ app_end ] --END-- [ RunTime:0.023073s ]

[ 2016-12-18T09:31:29+08:00 ] ::1 /blog/index.php/Admin/Filemannger/edit.html
INFO: [ app_init ] --START--
INFO: Run Behavior\BuildLiteBehavior [ RunTime:0.000092s ]
INFO: [ app_init ] --END-- [ RunTime:0.003853s ]
INFO: [ app_begin ] --START--
INFO: Run Behavior\ReadHtmlCacheBehavior [ RunTime:0.004781s ]
INFO: [ app_begin ] --END-- [ RunTime:0.005195s ]
SQL: SHOW COLUMNS FROM `tp_knowledge` [ RunTime:0.0454s ]
NOTIC: [8] Undefined index: typeid F:\wamp\wamp\www\blog\Application\Admin\Controller\FilemanngerController.class.php 第 115 行.
SQL: UPDATE `tp_knowledge` SET `title`='流年祭奠',`content`='<p><span style=\"color: rgb(51, 51, 51); font-family: 宋体; font-size: 14px; line-height: 27px; background-color: rgb(255, 255, 255);\">窗口的风肆意的吹，我也在恣然的把玩着手中的心窝，掏来掏去却发现冷却趋于上升温度的铅华。我退卸的似乎又在被允许放纵。</span><span style=\"color: rgb(51, 51, 51); font-family: 宋体; font-size: 14px; line-height: 27px; background-color: rgb(255, 255, 255);\">从来不曾感觉，是因为默然的关系。许久未曾提起，但还是恨自己是</span><a href=\"http://www.jj59.com/zti/yigeren/\" class=\"keywordlink\" style=\"font-family: 宋体; font-size: 14px; line-height: 27px; border: 0px; margin: 0px; padding: 0px; color: rgb(165, 0, 1); outline: none; background-color: rgb(255, 255, 255);\">一个人</a><span style=\"color: rgb(51, 51, 51); font-family: 宋体; font-size: 14px; line-height: 27px; background-color: rgb(255, 255, 255);\">，无法摆脱七情六欲的困惑，不能冲破人世冷暖的枷锁。</span><span style=\"color: rgb(51, 51, 51); font-family: 宋体; font-size: 14px; line-height: 27px; background-color: rgb(255, 255, 255);\">懒惰是一再堕落的必然，也许渐渐消逝的</span><a href=\"http://www.jj59.com/zti/qingchun/\" class=\"keywordlink\" style=\"font-family: 宋体; font-size: 14px; line-height: 27px; border: 0px; margin: 0px; padding: 0px; text-decoration: none; color: rgb(51, 51, 51); outline: none; background-color: rgb(255, 255, 255);\">青春</a><span style=\"color: rgb(51, 51, 51); font-family: 宋体; font-size: 14px; line-height: 27px; background-color: rgb(255, 255, 255);\">经不起折腾，对错始终是抵御不了的众说纷纭，我也在怅惋，也曾那般的虔诚，但最终还是在人事薄凉中逐渐的沉沦。</span></p>',`abstract`='个人心情',`typeid`=NULL WHERE `id` = 1 [ RunTime:0.1609s ]

[ 2016-12-18T09:31:33+08:00 ] ::1 /blog/index.php/Admin/Filemannger/update/id/1
INFO: [ app_init ] --START--
INFO: Run Behavior\BuildLiteBehavior [ RunTime:0.000088s ]
INFO: [ app_init ] --END-- [ RunTime:0.003395s ]
INFO: [ app_begin ] --START--
INFO: Run Behavior\ReadHtmlCacheBehavior [ RunTime:0.003661s ]
INFO: [ app_begin ] --END-- [ RunTime:0.004125s ]
SQL: SHOW COLUMNS FROM `tp_filetype` [ RunTime:0.0517s ]
SQL: SELECT * FROM `tp_filetype`  [ RunTime:0.0010s ]
SQL: SHOW COLUMNS FROM `tp_user` [ RunTime:0.0455s ]
SQL: SELECT `lasttime` FROM `tp_user` WHERE `username` = 'hzx' LIMIT 1   [ RunTime:0.0011s ]
SQL: SHOW COLUMNS FROM `tp_knowledge` [ RunTime:0.0480s ]
SQL: SELECT * FROM `tp_knowledge` WHERE ( id=1 ) LIMIT 1   [ RunTime:0.0015s ]
INFO: [ view_parse ] --START--
INFO: [ template_filter ] --START--
INFO: Run Behavior\ContentReplaceBehavior [ RunTime:0.000300s ]
INFO: [ template_filter ] --END-- [ RunTime:0.000852s ]
INFO: Run Behavior\ParseTemplateBehavior [ RunTime:0.055868s ]
INFO: [ view_parse ] --END-- [ RunTime:0.056437s ]
INFO: [ view_filter ] --START--
INFO: Run Behavior\WriteHtmlCacheBehavior [ RunTime:0.005195s ]
INFO: [ view_filter ] --END-- [ RunTime:0.005623s ]
INFO: [ app_end ] --START--
INFO: Run Behavior\ShowPageTraceBehavior [ RunTime:0.011834s ]
INFO: [ app_end ] --END-- [ RunTime:0.012951s ]

[ 2016-12-18T09:31:47+08:00 ] ::1 /blog/index.php/Admin/Filemannger/edit.html
INFO: [ app_init ] --START--
INFO: Run Behavior\BuildLiteBehavior [ RunTime:0.000105s ]
INFO: [ app_init ] --END-- [ RunTime:0.004058s ]
INFO: [ app_begin ] --START--
INFO: Run Behavior\ReadHtmlCacheBehavior [ RunTime:0.006743s ]
INFO: [ app_begin ] --END-- [ RunTime:0.007150s ]
SQL: SHOW COLUMNS FROM `tp_knowledge` [ RunTime:0.0465s ]
NOTIC: [8] Undefined index: typeid F:\wamp\wamp\www\blog\Application\Admin\Controller\FilemanngerController.class.php 第 115 行.
SQL: UPDATE `tp_knowledge` SET `title`='流年祭奠',`content`='<p><span style=\"color: rgb(51, 51, 51); font-family: 宋体; font-size: 14px; line-height: 27px; background-color: rgb(255, 255, 255);\">窗口的风肆意的吹，我也在恣然的把玩着手中的心窝，掏来掏去却发现冷却趋于上升温度的铅华。我退卸的似乎又在被允许放纵。</span><span style=\"color: rgb(51, 51, 51); font-family: 宋体; font-size: 14px; line-height: 27px; background-color: rgb(255, 255, 255);\">从来不曾感觉，是因为默然的关系。许久未曾提起，但还是恨自己是</span><a href=\"http://www.jj59.com/zti/yigeren/\" class=\"keywordlink\" style=\"font-family: 宋体; font-size: 14px; line-height: 27px; border: 0px; margin: 0px; padding: 0px; color: rgb(165, 0, 1); outline: none; background-color: rgb(255, 255, 255);\">一个人</a><span style=\"color: rgb(51, 51, 51); font-family: 宋体; font-size: 14px; line-height: 27px; background-color: rgb(255, 255, 255);\">，无法摆脱七情六欲的困惑，不能冲破人世冷暖的枷锁。</span><span style=\"color: rgb(51, 51, 51); font-family: 宋体; font-size: 14px; line-height: 27px; background-color: rgb(255, 255, 255);\">懒惰是一再堕落的必然，也许渐渐消逝的</span><a href=\"http://www.jj59.com/zti/qingchun/\" class=\"keywordlink\" style=\"font-family: 宋体; font-size: 14px; line-height: 27px; border: 0px; margin: 0px; padding: 0px; text-decoration: none; color: rgb(51, 51, 51); outline: none; background-color: rgb(255, 255, 255);\">青春</a><span style=\"color: rgb(51, 51, 51); font-family: 宋体; font-size: 14px; line-height: 27px; background-color: rgb(255, 255, 255);\">经不起折腾，对错始终是抵御不了的众说纷纭，我也在怅惋，也曾那般的虔诚，但最终还是在人事薄凉中逐渐的沉沦。</span></p>',`abstract`='个人心情',`typeid`=NULL WHERE `id` = 1 [ RunTime:0.0647s ]

[ 2016-12-18T09:31:53+08:00 ] ::1 /blog/index.php/Admin/Filemannger/edit.html
INFO: [ app_init ] --START--
INFO: Run Behavior\BuildLiteBehavior [ RunTime:0.000103s ]
INFO: [ app_init ] --END-- [ RunTime:0.003916s ]
INFO: [ app_begin ] --START--
INFO: Run Behavior\ReadHtmlCacheBehavior [ RunTime:0.007149s ]
INFO: [ app_begin ] --END-- [ RunTime:0.007549s ]
SQL: SHOW COLUMNS FROM `tp_knowledge` [ RunTime:0.0440s ]
NOTIC: [8] Undefined index: typeid F:\wamp\wamp\www\blog\Application\Admin\Controller\FilemanngerController.class.php 第 115 行.
SQL: UPDATE `tp_knowledge` SET `title`='流年祭奠',`content`='<p><span style=\"color: rgb(51, 51, 51); font-family: 宋体; font-size: 14px; line-height: 27px; background-color: rgb(255, 255, 255);\">窗口的风肆意的吹，我也在恣然的把玩着手中的心窝，掏来掏去却发现冷却趋于上升温度的铅华。我退卸的似乎又在被允许放纵。</span><span style=\"color: rgb(51, 51, 51); font-family: 宋体; font-size: 14px; line-height: 27px; background-color: rgb(255, 255, 255);\">从来不曾感觉，是因为默然的关系。许久未曾提起，但还是恨自己是</span><a href=\"http://www.jj59.com/zti/yigeren/\" class=\"keywordlink\" style=\"font-family: 宋体; font-size: 14px; line-height: 27px; border: 0px; margin: 0px; padding: 0px; color: rgb(165, 0, 1); outline: none; background-color: rgb(255, 255, 255);\">一个人</a><span style=\"color: rgb(51, 51, 51); font-family: 宋体; font-size: 14px; line-height: 27px; background-color: rgb(255, 255, 255);\">，无法摆脱七情六欲的困惑，不能冲破人世冷暖的枷锁。</span><span style=\"color: rgb(51, 51, 51); font-family: 宋体; font-size: 14px; line-height: 27px; background-color: rgb(255, 255, 255);\">懒惰是一再堕落的必然，也许渐渐消逝的</span><a href=\"http://www.jj59.com/zti/qingchun/\" class=\"keywordlink\" style=\"font-family: 宋体; font-size: 14px; line-height: 27px; border: 0px; margin: 0px; padding: 0px; text-decoration: none; color: rgb(51, 51, 51); outline: none; background-color: rgb(255, 255, 255);\">青春</a><span style=\"color: rgb(51, 51, 51); font-family: 宋体; font-size: 14px; line-height: 27px; background-color: rgb(255, 255, 255);\">经不起折腾，对错始终是抵御不了的众说纷纭，我也在怅惋，也曾那般的虔诚，但最终还是在人事薄凉中逐渐的沉沦。</span></p>',`abstract`='个人心情',`typeid`=NULL WHERE `id` = 1 [ RunTime:0.0485s ]

[ 2016-12-18T09:32:28+08:00 ] ::1 /blog/index.php/Admin/Filemannger/update/id/1
INFO: [ app_init ] --START--
INFO: Run Behavior\BuildLiteBehavior [ RunTime:0.000103s ]
INFO: [ app_init ] --END-- [ RunTime:0.003828s ]
INFO: [ app_begin ] --START--
INFO: Run Behavior\ReadHtmlCacheBehavior [ RunTime:0.009735s ]
INFO: [ app_begin ] --END-- [ RunTime:0.010217s ]
SQL: SHOW COLUMNS FROM `tp_filetype` [ RunTime:0.0464s ]
SQL: SELECT * FROM `tp_filetype`  [ RunTime:0.0011s ]
SQL: SHOW COLUMNS FROM `tp_user` [ RunTime:0.0459s ]
SQL: SELECT `lasttime` FROM `tp_user` WHERE `username` = 'hzx' LIMIT 1   [ RunTime:0.0013s ]
SQL: SHOW COLUMNS FROM `tp_knowledge` [ RunTime:0.0459s ]
SQL: SELECT * FROM `tp_knowledge` WHERE ( id=1 ) LIMIT 1   [ RunTime:0.0015s ]
INFO: [ view_parse ] --START--
INFO: [ template_filter ] --START--
INFO: Run Behavior\ContentReplaceBehavior [ RunTime:0.000295s ]
INFO: [ template_filter ] --END-- [ RunTime:0.000707s ]
INFO: Run Behavior\ParseTemplateBehavior [ RunTime:0.064288s ]
INFO: [ view_parse ] --END-- [ RunTime:0.064722s ]
INFO: [ view_filter ] --START--
INFO: Run Behavior\WriteHtmlCacheBehavior [ RunTime:0.006987s ]
INFO: [ view_filter ] --END-- [ RunTime:0.007378s ]
INFO: [ app_end ] --START--
INFO: Run Behavior\ShowPageTraceBehavior [ RunTime:0.010919s ]
INFO: [ app_end ] --END-- [ RunTime:0.011887s ]

[ 2016-12-18T09:32:34+08:00 ] ::1 /blog/index.php/Admin/Filemannger/edit.html
INFO: [ app_init ] --START--
INFO: Run Behavior\BuildLiteBehavior [ RunTime:0.000091s ]
INFO: [ app_init ] --END-- [ RunTime:0.003921s ]
INFO: [ app_begin ] --START--
INFO: Run Behavior\ReadHtmlCacheBehavior [ RunTime:0.005796s ]
INFO: [ app_begin ] --END-- [ RunTime:0.006204s ]
SQL: SHOW COLUMNS FROM `tp_knowledge` [ RunTime:0.0480s ]
NOTIC: [8] Undefined index: typeid F:\wamp\wamp\www\blog\Application\Admin\Controller\FilemanngerController.class.php 第 115 行.
SQL: UPDATE `tp_knowledge` SET `title`='流年祭奠',`content`='<p><span style=\"color: rgb(51, 51, 51); font-family: 宋体; font-size: 14px; line-height: 27px; background-color: rgb(255, 255, 255);\">窗口的风肆意的吹，我也在恣然的把玩着手中的心窝，掏来掏去却发现冷却趋于上升温度的铅华。我退卸的似乎又在被允许放纵。</span><span style=\"color: rgb(51, 51, 51); font-family: 宋体; font-size: 14px; line-height: 27px; background-color: rgb(255, 255, 255);\">从来不曾感觉，是因为默然的关系。许久未曾提起，但还是恨自己是</span><a href=\"http://www.jj59.com/zti/yigeren/\" class=\"keywordlink\" style=\"font-family: 宋体; font-size: 14px; line-height: 27px; border: 0px; margin: 0px; padding: 0px; color: rgb(165, 0, 1); outline: none; background-color: rgb(255, 255, 255);\">一个人</a><span style=\"color: rgb(51, 51, 51); font-family: 宋体; font-size: 14px; line-height: 27px; background-color: rgb(255, 255, 255);\">，无法摆脱七情六欲的困惑，不能冲破人世冷暖的枷锁。</span><span style=\"color: rgb(51, 51, 51); font-family: 宋体; font-size: 14px; line-height: 27px; background-color: rgb(255, 255, 255);\">懒惰是一再堕落的必然，也许渐渐消逝的</span><a href=\"http://www.jj59.com/zti/qingchun/\" class=\"keywordlink\" style=\"font-family: 宋体; font-size: 14px; line-height: 27px; border: 0px; margin: 0px; padding: 0px; text-decoration: none; color: rgb(51, 51, 51); outline: none; background-color: rgb(255, 255, 255);\">青春</a><span style=\"color: rgb(51, 51, 51); font-family: 宋体; font-size: 14px; line-height: 27px; background-color: rgb(255, 255, 255);\">经不起折腾，对错始终是抵御不了的众说纷纭，我也在怅惋，也曾那般的虔诚，但最终还是在人事薄凉中逐渐的沉沦。</span></p>',`abstract`='个人心情',`typeid`=NULL WHERE `id` = 1 [ RunTime:0.0582s ]

[ 2016-12-18T09:35:18+08:00 ] ::1 /blog/index.php/Admin/Filemannger/edit.html
INFO: [ app_init ] --START--
INFO: Run Behavior\BuildLiteBehavior [ RunTime:0.000090s ]
INFO: [ app_init ] --END-- [ RunTime:0.003911s ]
INFO: [ app_begin ] --START--
INFO: Run Behavior\ReadHtmlCacheBehavior [ RunTime:0.005987s ]
INFO: [ app_begin ] --END-- [ RunTime:0.006400s ]
SQL: SHOW COLUMNS FROM `tp_knowledge` [ RunTime:0.0484s ]
NOTIC: [8] Undefined index: typeid F:\wamp\wamp\www\blog\Application\Admin\Controller\FilemanngerController.class.php 第 115 行.
SQL: UPDATE `tp_knowledge` SET `title`='流年祭奠',`content`='<p><span style=\"color: rgb(51, 51, 51); font-family: 宋体; font-size: 14px; line-height: 27px; background-color: rgb(255, 255, 255);\">窗口的风肆意的吹，我也在恣然的把玩着手中的心窝，掏来掏去却发现冷却趋于上升温度的铅华。我退卸的似乎又在被允许放纵。</span><span style=\"color: rgb(51, 51, 51); font-family: 宋体; font-size: 14px; line-height: 27px; background-color: rgb(255, 255, 255);\">从来不曾感觉，是因为默然的关系。许久未曾提起，但还是恨自己是</span><a href=\"http://www.jj59.com/zti/yigeren/\" class=\"keywordlink\" style=\"font-family: 宋体; font-size: 14px; line-height: 27px; border: 0px; margin: 0px; padding: 0px; color: rgb(165, 0, 1); outline: none; background-color: rgb(255, 255, 255);\">一个人</a><span style=\"color: rgb(51, 51, 51); font-family: 宋体; font-size: 14px; line-height: 27px; background-color: rgb(255, 255, 255);\">，无法摆脱七情六欲的困惑，不能冲破人世冷暖的枷锁。</span><span style=\"color: rgb(51, 51, 51); font-family: 宋体; font-size: 14px; line-height: 27px; background-color: rgb(255, 255, 255);\">懒惰是一再堕落的必然，也许渐渐消逝的</span><a href=\"http://www.jj59.com/zti/qingchun/\" class=\"keywordlink\" style=\"font-family: 宋体; font-size: 14px; line-height: 27px; border: 0px; margin: 0px; padding: 0px; text-decoration: none; color: rgb(51, 51, 51); outline: none; background-color: rgb(255, 255, 255);\">青春</a><span style=\"color: rgb(51, 51, 51); font-family: 宋体; font-size: 14px; line-height: 27px; background-color: rgb(255, 255, 255);\">经不起折腾，对错始终是抵御不了的众说纷纭，我也在怅惋，也曾那般的虔诚，但最终还是在人事薄凉中逐渐的沉沦。</span></p>',`abstract`='个人心情',`typeid`=NULL WHERE `id` = 1 [ RunTime:0.0881s ]

[ 2016-12-18T09:36:05+08:00 ] ::1 /blog/index.php/Admin/Filemannger/update/id/1
INFO: [ app_init ] --START--
INFO: Run Behavior\BuildLiteBehavior [ RunTime:0.000089s ]
INFO: [ app_init ] --END-- [ RunTime:0.003679s ]
INFO: [ app_begin ] --START--
INFO: Run Behavior\ReadHtmlCacheBehavior [ RunTime:0.006235s ]
INFO: [ app_begin ] --END-- [ RunTime:0.006913s ]
SQL: SHOW COLUMNS FROM `tp_filetype` [ RunTime:0.0441s ]
SQL: SELECT * FROM `tp_filetype`  [ RunTime:0.0011s ]
SQL: SHOW COLUMNS FROM `tp_user` [ RunTime:0.0449s ]
SQL: SELECT `lasttime` FROM `tp_user` WHERE `username` = 'hzx' LIMIT 1   [ RunTime:0.0010s ]
SQL: SHOW COLUMNS FROM `tp_knowledge` [ RunTime:0.0482s ]
SQL: SELECT * FROM `tp_knowledge` WHERE ( id=1 ) LIMIT 1   [ RunTime:0.0016s ]
INFO: [ view_parse ] --START--
INFO: [ template_filter ] --START--
INFO: Run Behavior\ContentReplaceBehavior [ RunTime:0.000762s ]
INFO: [ template_filter ] --END-- [ RunTime:0.001500s ]
INFO: Run Behavior\ParseTemplateBehavior [ RunTime:0.110722s ]
INFO: [ view_parse ] --END-- [ RunTime:0.111613s ]
INFO: [ view_filter ] --START--
INFO: Run Behavior\WriteHtmlCacheBehavior [ RunTime:0.029123s ]
INFO: [ view_filter ] --END-- [ RunTime:0.029895s ]
INFO: [ app_end ] --START--
INFO: Run Behavior\ShowPageTraceBehavior [ RunTime:0.029482s ]
INFO: [ app_end ] --END-- [ RunTime:0.030509s ]

[ 2016-12-18T09:36:10+08:00 ] ::1 /blog/index.php/Admin/Filemannger/edit.html
INFO: [ app_init ] --START--
INFO: Run Behavior\BuildLiteBehavior [ RunTime:0.000094s ]
INFO: [ app_init ] --END-- [ RunTime:0.003986s ]
INFO: [ app_begin ] --START--
INFO: Run Behavior\ReadHtmlCacheBehavior [ RunTime:0.007739s ]
INFO: [ app_begin ] --END-- [ RunTime:0.008162s ]
SQL: SHOW COLUMNS FROM `tp_knowledge` [ RunTime:0.0463s ]
SQL: UPDATE `tp_knowledge` SET `title`='流年祭奠',`content`='<p><span style=\"color: rgb(51, 51, 51); font-family: 宋体; font-size: 14px; line-height: 27px; background-color: rgb(255, 255, 255);\">窗口的风肆意的吹，我也在恣然的把玩着手中的心窝，掏来掏去却发现冷却趋于上升温度的铅华。我退卸的似乎又在被允许放纵。</span><span style=\"color: rgb(51, 51, 51); font-family: 宋体; font-size: 14px; line-height: 27px; background-color: rgb(255, 255, 255);\">从来不曾感觉，是因为默然的关系。许久未曾提起，但还是恨自己是</span><a href=\"http://www.jj59.com/zti/yigeren/\" class=\"keywordlink\" style=\"font-family: 宋体; font-size: 14px; line-height: 27px; border: 0px; margin: 0px; padding: 0px; color: rgb(165, 0, 1); outline: none; background-color: rgb(255, 255, 255);\">一个人</a><span style=\"color: rgb(51, 51, 51); font-family: 宋体; font-size: 14px; line-height: 27px; background-color: rgb(255, 255, 255);\">，无法摆脱七情六欲的困惑，不能冲破人世冷暖的枷锁。</span><span style=\"color: rgb(51, 51, 51); font-family: 宋体; font-size: 14px; line-height: 27px; background-color: rgb(255, 255, 255);\">懒惰是一再堕落的必然，也许渐渐消逝的</span><a href=\"http://www.jj59.com/zti/qingchun/\" class=\"keywordlink\" style=\"font-family: 宋体; font-size: 14px; line-height: 27px; border: 0px; margin: 0px; padding: 0px; text-decoration: none; color: rgb(51, 51, 51); outline: none; background-color: rgb(255, 255, 255);\">青春</a><span style=\"color: rgb(51, 51, 51); font-family: 宋体; font-size: 14px; line-height: 27px; background-color: rgb(255, 255, 255);\">经不起折腾，对错始终是抵御不了的众说纷纭，我也在怅惋，也曾那般的虔诚，但最终还是在人事薄凉中逐渐的沉沦。</span></p>',`abstract`='个人心情',`typeid`='3' WHERE `id` = 1 [ RunTime:0.1210s ]

[ 2016-12-18T09:36:13+08:00 ] ::1 /blog/index.php/Admin/Filemannger/update/id/1
INFO: [ app_init ] --START--
INFO: Run Behavior\BuildLiteBehavior [ RunTime:0.000091s ]
INFO: [ app_init ] --END-- [ RunTime:0.003544s ]
INFO: [ app_begin ] --START--
INFO: Run Behavior\ReadHtmlCacheBehavior [ RunTime:0.007652s ]
INFO: [ app_begin ] --END-- [ RunTime:0.008116s ]
SQL: SHOW COLUMNS FROM `tp_filetype` [ RunTime:0.0470s ]
SQL: SELECT * FROM `tp_filetype`  [ RunTime:0.0010s ]
SQL: SHOW COLUMNS FROM `tp_user` [ RunTime:0.0459s ]
SQL: SELECT `lasttime` FROM `tp_user` WHERE `username` = 'hzx' LIMIT 1   [ RunTime:0.0010s ]
SQL: SHOW COLUMNS FROM `tp_knowledge` [ RunTime:0.0466s ]
SQL: SELECT * FROM `tp_knowledge` WHERE ( id=1 ) LIMIT 1   [ RunTime:0.0014s ]
INFO: [ view_parse ] --START--
INFO: [ template_filter ] --START--
INFO: Run Behavior\ContentReplaceBehavior [ RunTime:0.000296s ]
INFO: [ template_filter ] --END-- [ RunTime:0.000715s ]
INFO: Run Behavior\ParseTemplateBehavior [ RunTime:0.057753s ]
INFO: [ view_parse ] --END-- [ RunTime:0.058323s ]
INFO: [ view_filter ] --START--
INFO: Run Behavior\WriteHtmlCacheBehavior [ RunTime:0.006779s ]
INFO: [ view_filter ] --END-- [ RunTime:0.007178s ]
INFO: [ app_end ] --START--
INFO: Run Behavior\ShowPageTraceBehavior [ RunTime:0.013897s ]
INFO: [ app_end ] --END-- [ RunTime:0.014412s ]

[ 2016-12-18T09:38:18+08:00 ] ::1 /blog/index.php/Admin/Filemannger/update/id/1
INFO: [ app_init ] --START--
INFO: Run Behavior\BuildLiteBehavior [ RunTime:0.000156s ]
INFO: [ app_init ] --END-- [ RunTime:0.005742s ]
INFO: [ app_begin ] --START--
INFO: Run Behavior\ReadHtmlCacheBehavior [ RunTime:0.007230s ]
INFO: [ app_begin ] --END-- [ RunTime:0.007746s ]
SQL: SHOW COLUMNS FROM `tp_filetype` [ RunTime:0.0446s ]
SQL: SELECT * FROM `tp_filetype`  [ RunTime:0.0011s ]
SQL: SHOW COLUMNS FROM `tp_user` [ RunTime:0.0462s ]
SQL: SELECT `lasttime` FROM `tp_user` WHERE `username` = 'hzx' LIMIT 1   [ RunTime:0.0014s ]
SQL: SHOW COLUMNS FROM `tp_knowledge` [ RunTime:0.0493s ]
SQL: SELECT * FROM `tp_knowledge` WHERE ( id=1 ) LIMIT 1   [ RunTime:0.0014s ]
INFO: [ view_parse ] --START--
INFO: [ template_filter ] --START--
INFO: Run Behavior\ContentReplaceBehavior [ RunTime:0.000321s ]
INFO: [ template_filter ] --END-- [ RunTime:0.000839s ]
INFO: Run Behavior\ParseTemplateBehavior [ RunTime:0.062088s ]
INFO: [ view_parse ] --END-- [ RunTime:0.062605s ]
INFO: [ view_filter ] --START--
INFO: Run Behavior\WriteHtmlCacheBehavior [ RunTime:0.006469s ]
INFO: [ view_filter ] --END-- [ RunTime:0.006865s ]
INFO: [ app_end ] --START--
INFO: Run Behavior\ShowPageTraceBehavior [ RunTime:0.013947s ]
INFO: [ app_end ] --END-- [ RunTime:0.014929s ]

[ 2016-12-18T09:38:40+08:00 ] ::1 /blog/index.php/Admin/Filemannger/update/id/1
INFO: [ app_init ] --START--
INFO: Run Behavior\BuildLiteBehavior [ RunTime:0.000119s ]
INFO: [ app_init ] --END-- [ RunTime:0.003864s ]
INFO: [ app_begin ] --START--
INFO: Run Behavior\ReadHtmlCacheBehavior [ RunTime:0.006874s ]
INFO: [ app_begin ] --END-- [ RunTime:0.007340s ]
SQL: SHOW COLUMNS FROM `tp_filetype` [ RunTime:0.0523s ]
SQL: SELECT * FROM `tp_filetype`  [ RunTime:0.0012s ]
SQL: SHOW COLUMNS FROM `tp_user` [ RunTime:0.0552s ]
SQL: SELECT `lasttime` FROM `tp_user` WHERE `username` = 'hzx' LIMIT 1   [ RunTime:0.0010s ]
SQL: SHOW COLUMNS FROM `tp_knowledge` [ RunTime:0.0587s ]
SQL: SELECT * FROM `tp_knowledge` WHERE ( id=1 ) LIMIT 1   [ RunTime:0.0020s ]
INFO: [ view_parse ] --START--
INFO: [ template_filter ] --START--
INFO: Run Behavior\ContentReplaceBehavior [ RunTime:0.000532s ]
INFO: [ template_filter ] --END-- [ RunTime:0.001946s ]
INFO: Run Behavior\ParseTemplateBehavior [ RunTime:0.116255s ]
INFO: [ view_parse ] --END-- [ RunTime:0.117021s ]
INFO: [ view_filter ] --START--
INFO: Run Behavior\WriteHtmlCacheBehavior [ RunTime:0.023582s ]
INFO: [ view_filter ] --END-- [ RunTime:0.024437s ]
INFO: [ app_end ] --START--
INFO: Run Behavior\ShowPageTraceBehavior [ RunTime:0.023973s ]
INFO: [ app_end ] --END-- [ RunTime:0.024972s ]

[ 2016-12-18T09:39:03+08:00 ] ::1 /blog/index.php/Admin/Filemannger/edit.html
INFO: [ app_init ] --START--
INFO: Run Behavior\BuildLiteBehavior [ RunTime:0.000097s ]
INFO: [ app_init ] --END-- [ RunTime:0.005293s ]
INFO: [ app_begin ] --START--
INFO: Run Behavior\ReadHtmlCacheBehavior [ RunTime:0.007571s ]
INFO: [ app_begin ] --END-- [ RunTime:0.007976s ]
SQL: SHOW COLUMNS FROM `tp_knowledge` [ RunTime:0.0461s ]
SQL: UPDATE `tp_knowledge` SET `title`='流年祭奠',`content`='<p><span style=\"color: rgb(51, 51, 51); font-family: 宋体; font-size: 14px; line-height: 27px; background-color: rgb(255, 255, 255);\">窗口的风肆意的吹，我也在恣然的把玩着手中的心窝，掏来掏去却发现冷却趋于上升温度的铅华。我退卸的似乎又在被允许放纵。</span><span style=\"color: rgb(51, 51, 51); font-family: 宋体; font-size: 14px; line-height: 27px; background-color: rgb(255, 255, 255);\">从来不曾感觉，是因为默然的关系。许久未曾提起，但还是恨自己是一个人</span><span style=\"color: rgb(51, 51, 51); font-family: 宋体; font-size: 14px; line-height: 27px; background-color: rgb(255, 255, 255);\">，无法摆脱七情六欲的困惑，不能冲破人世冷暖的枷锁。</span><span style=\"color: rgb(51, 51, 51); font-family: 宋体; font-size: 14px; line-height: 27px; background-color: rgb(255, 255, 255);\">懒惰是一再堕落的必然，也许渐渐消逝的</span><a href=\"http://www.jj59.com/zti/qingchun/\" class=\"keywordlink\" style=\"font-family: 宋体; font-size: 14px; line-height: 27px; border: 0px; margin: 0px; padding: 0px; text-decoration: none; color: rgb(51, 51, 51); outline: none; background-color: rgb(255, 255, 255);\">青春</a><span style=\"color: rgb(51, 51, 51); font-family: 宋体; font-size: 14px; line-height: 27px; background-color: rgb(255, 255, 255);\">经不起折腾，对错始终是抵御不了的众说纷纭，我也在怅惋，也曾那般的虔诚，但最终还是在人事薄凉中逐渐的沉沦。</span></p>',`abstract`='个人心情',`typeid`='2' WHERE `id` = 1 [ RunTime:0.0800s ]

[ 2016-12-18T09:40:52+08:00 ] ::1 /blog/index.php/Admin/Filemannger/update/id/1
INFO: [ app_init ] --START--
INFO: Run Behavior\BuildLiteBehavior [ RunTime:0.000091s ]
INFO: [ app_init ] --END-- [ RunTime:0.004027s ]
INFO: [ app_begin ] --START--
INFO: Run Behavior\ReadHtmlCacheBehavior [ RunTime:0.006981s ]
INFO: [ app_begin ] --END-- [ RunTime:0.007458s ]
SQL: SHOW COLUMNS FROM `tp_filetype` [ RunTime:0.0448s ]
SQL: SELECT * FROM `tp_filetype`  [ RunTime:0.0012s ]
SQL: SHOW COLUMNS FROM `tp_user` [ RunTime:0.0450s ]
SQL: SELECT `lasttime` FROM `tp_user` WHERE `username` = 'hzx' LIMIT 1   [ RunTime:0.0012s ]
SQL: SHOW COLUMNS FROM `tp_knowledge` [ RunTime:0.0459s ]
SQL: SELECT * FROM `tp_knowledge` WHERE ( id=1 ) LIMIT 1   [ RunTime:0.0015s ]
INFO: [ view_parse ] --START--
INFO: [ template_filter ] --START--
INFO: Run Behavior\ContentReplaceBehavior [ RunTime:0.000528s ]
INFO: [ template_filter ] --END-- [ RunTime:0.000969s ]

[ 2016-12-18T09:41:12+08:00 ] ::1 /blog/index.php/Admin/Filemannger/update/id/1
INFO: [ app_init ] --START--
INFO: Run Behavior\BuildLiteBehavior [ RunTime:0.000089s ]
INFO: [ app_init ] --END-- [ RunTime:0.003866s ]
INFO: [ app_begin ] --START--
INFO: Run Behavior\ReadHtmlCacheBehavior [ RunTime:0.007448s ]
INFO: [ app_begin ] --END-- [ RunTime:0.007917s ]
SQL: SHOW COLUMNS FROM `tp_filetype` [ RunTime:0.0446s ]
SQL: SELECT * FROM `tp_filetype`  [ RunTime:0.0010s ]
SQL: SHOW COLUMNS FROM `tp_user` [ RunTime:0.0466s ]
SQL: SELECT `lasttime` FROM `tp_user` WHERE `username` = 'hzx' LIMIT 1   [ RunTime:0.0010s ]
SQL: SHOW COLUMNS FROM `tp_knowledge` [ RunTime:0.0430s ]
SQL: SELECT * FROM `tp_knowledge` WHERE ( id=1 ) LIMIT 1   [ RunTime:0.0014s ]
INFO: [ view_parse ] --START--
INFO: [ template_filter ] --START--
INFO: Run Behavior\ContentReplaceBehavior [ RunTime:0.000421s ]
INFO: [ template_filter ] --END-- [ RunTime:0.000974s ]

[ 2016-12-18T09:41:21+08:00 ] ::1 /blog/index.php/Admin/Filemannger/update/id/1
INFO: [ app_init ] --START--
INFO: Run Behavior\BuildLiteBehavior [ RunTime:0.000217s ]
INFO: [ app_init ] --END-- [ RunTime:0.005508s ]
INFO: [ app_begin ] --START--
INFO: Run Behavior\ReadHtmlCacheBehavior [ RunTime:0.006782s ]
INFO: [ app_begin ] --END-- [ RunTime:0.007348s ]
SQL: SHOW COLUMNS FROM `tp_filetype` [ RunTime:0.0499s ]
SQL: SELECT * FROM `tp_filetype`  [ RunTime:0.0010s ]
SQL: SHOW COLUMNS FROM `tp_user` [ RunTime:0.0509s ]
SQL: SELECT `lasttime` FROM `tp_user` WHERE `username` = 'hzx' LIMIT 1   [ RunTime:0.0011s ]
SQL: SHOW COLUMNS FROM `tp_knowledge` [ RunTime:0.0429s ]
SQL: SELECT * FROM `tp_knowledge` WHERE ( id=1 ) LIMIT 1   [ RunTime:0.0014s ]
INFO: [ view_parse ] --START--
INFO: [ template_filter ] --START--
INFO: Run Behavior\ContentReplaceBehavior [ RunTime:0.000485s ]
INFO: [ template_filter ] --END-- [ RunTime:0.001223s ]
INFO: Run Behavior\ParseTemplateBehavior [ RunTime:0.078775s ]
INFO: [ view_parse ] --END-- [ RunTime:0.079355s ]
INFO: [ view_filter ] --START--
INFO: Run Behavior\WriteHtmlCacheBehavior [ RunTime:0.006207s ]
INFO: [ view_filter ] --END-- [ RunTime:0.006963s ]
INFO: [ app_end ] --START--
INFO: Run Behavior\ShowPageTraceBehavior [ RunTime:0.011503s ]
INFO: [ app_end ] --END-- [ RunTime:0.011941s ]

[ 2016-12-18T09:42:47+08:00 ] ::1 /blog/index.php/Admin/Images/postimge.html
INFO: [ app_init ] --START--
INFO: Run Behavior\BuildLiteBehavior [ RunTime:0.000166s ]
INFO: [ app_init ] --END-- [ RunTime:0.012990s ]
INFO: [ app_begin ] --START--
INFO: Run Behavior\ReadHtmlCacheBehavior [ RunTime:0.008582s ]
INFO: [ app_begin ] --END-- [ RunTime:0.009233s ]
SQL: SHOW COLUMNS FROM `tp_user` [ RunTime:0.0652s ]
SQL: SELECT `lasttime` FROM `tp_user` WHERE `username` = 'hzx' LIMIT 1   [ RunTime:0.0015s ]
SQL: SHOW COLUMNS FROM `tp_imgtype` [ RunTime:0.0767s ]
SQL: SELECT * FROM `tp_imgtype`  [ RunTime:0.0018s ]
INFO: [ view_parse ] --START--
INFO: [ template_filter ] --START--
INFO: Run Behavior\ContentReplaceBehavior [ RunTime:0.000319s ]
INFO: [ template_filter ] --END-- [ RunTime:0.000937s ]
INFO: Run Behavior\ParseTemplateBehavior [ RunTime:0.095841s ]
INFO: [ view_parse ] --END-- [ RunTime:0.096769s ]
INFO: [ view_filter ] --START--
INFO: Run Behavior\WriteHtmlCacheBehavior [ RunTime:0.012796s ]
INFO: [ view_filter ] --END-- [ RunTime:0.013334s ]
INFO: [ app_end ] --START--
INFO: Run Behavior\ShowPageTraceBehavior [ RunTime:0.018490s ]
INFO: [ app_end ] --END-- [ RunTime:0.019137s ]

[ 2016-12-18T15:00:54+08:00 ] ::1 /blog/index.php/Admin/Index/index.html
INFO: [ app_init ] --START--
INFO: Run Behavior\BuildLiteBehavior [ RunTime:0.000092s ]
INFO: [ app_init ] --END-- [ RunTime:0.003671s ]
INFO: [ app_begin ] --START--
INFO: Run Behavior\ReadHtmlCacheBehavior [ RunTime:0.003673s ]
INFO: [ app_begin ] --END-- [ RunTime:0.004159s ]
NOTIC: [8] Undefined index: adminname F:\wamp\wamp\www\blog\Application\Admin\Controller\IndexController.class.php 第 7 行.

[ 2016-12-18T15:00:55+08:00 ] ::1 /blog/index.php/Admin/Login/login.html
INFO: [ app_init ] --START--
INFO: Run Behavior\BuildLiteBehavior [ RunTime:0.000095s ]
INFO: [ app_init ] --END-- [ RunTime:0.004698s ]
INFO: [ app_begin ] --START--
INFO: Run Behavior\ReadHtmlCacheBehavior [ RunTime:0.003708s ]
INFO: [ app_begin ] --END-- [ RunTime:0.004247s ]
INFO: [ view_parse ] --START--
INFO: [ template_filter ] --START--
INFO: Run Behavior\ContentReplaceBehavior [ RunTime:0.000287s ]
INFO: [ template_filter ] --END-- [ RunTime:0.000746s ]
INFO: Run Behavior\ParseTemplateBehavior [ RunTime:0.049681s ]
INFO: [ view_parse ] --END-- [ RunTime:0.050153s ]
INFO: [ view_filter ] --START--
INFO: Run Behavior\WriteHtmlCacheBehavior [ RunTime:0.003002s ]
INFO: [ view_filter ] --END-- [ RunTime:0.003413s ]
INFO: [ app_end ] --START--
INFO: Run Behavior\ShowPageTraceBehavior [ RunTime:0.003742s ]
INFO: [ app_end ] --END-- [ RunTime:0.004168s ]

[ 2016-12-18T15:00:59+08:00 ] ::1 /blog/index.php/Admin/Login/login.html
INFO: [ app_init ] --START--
INFO: Run Behavior\BuildLiteBehavior [ RunTime:0.000092s ]
INFO: [ app_init ] --END-- [ RunTime:0.004231s ]
INFO: [ app_begin ] --START--
INFO: Run Behavior\ReadHtmlCacheBehavior [ RunTime:0.004561s ]
INFO: [ app_begin ] --END-- [ RunTime:0.005212s ]
SQL: SHOW COLUMNS FROM `tp_user` [ RunTime:0.1059s ]
SQL: SELECT * FROM `tp_user` WHERE `username` = 'hzx' AND `userpwd` = '123456' AND `state` = 0 LIMIT 1   [ RunTime:0.0015s ]
SQL: UPDATE `tp_user` SET `lasttime`='2016-12-18 15:00:59' WHERE `username` = 'hzx' [ RunTime:0.1242s ]

[ 2016-12-18T15:01:00+08:00 ] ::1 /blog/index.php/Admin/Index/index.html
INFO: [ app_init ] --START--
INFO: Run Behavior\BuildLiteBehavior [ RunTime:0.000149s ]
INFO: [ app_init ] --END-- [ RunTime:0.005779s ]
INFO: [ app_begin ] --START--
INFO: Run Behavior\ReadHtmlCacheBehavior [ RunTime:0.003557s ]
INFO: [ app_begin ] --END-- [ RunTime:0.004046s ]
SQL: SHOW COLUMNS FROM `tp_user` [ RunTime:0.0508s ]
SQL: SELECT `lasttime` FROM `tp_user` WHERE `username` = 'hzx' LIMIT 1   [ RunTime:0.0011s ]
SQL: SELECT * FROM `tp_user` WHERE `state` = 1 ORDER BY lasttime desc LIMIT 5   [ RunTime:0.0017s ]
SQL: SHOW COLUMNS FROM `tp_knowledge` [ RunTime:0.0495s ]
SQL: SELECT `title` FROM `tp_knowledge` ORDER BY publishtime desc LIMIT 1   [ RunTime:0.0010s ]
SQL: SELECT `img` FROM `tp_knowledge` ORDER BY publishtime desc LIMIT 1   [ RunTime:0.0010s ]
SQL: SHOW COLUMNS FROM `tp_img` [ RunTime:0.0587s ]
SQL: SELECT `img` FROM `tp_img` ORDER BY publishtime desc LIMIT 1   [ RunTime:0.0010s ]
SQL: SHOW COLUMNS FROM `tp_pinglun` [ RunTime:0.0948s ]
SQL: SELECT `content` FROM `tp_pinglun` ORDER BY publishtime desc LIMIT 1   [ RunTime:0.0010s ]
SQL: SHOW COLUMNS FROM `tp_message` [ RunTime:0.0616s ]
SQL: SELECT COUNT(*) AS tp_count FROM `tp_message` LIMIT 1   [ RunTime:0.0011s ]
SQL: SELECT * FROM `tp_message` ORDER BY publishtime desc LIMIT 0,5   [ RunTime:0.0014s ]
SQL: SELECT COUNT(*) AS tp_count FROM `tp_user` WHERE `state` = 1 LIMIT 1   [ RunTime:0.0009s ]
SQL: SELECT COUNT(*) AS tp_count FROM `tp_message` LIMIT 1   [ RunTime:0.0010s ]
SQL: SELECT COUNT(*) AS tp_count FROM `tp_pinglun` LIMIT 1   [ RunTime:0.0009s ]
SQL: SELECT * FROM `tp_knowledge` ORDER BY publishtime desc LIMIT 1   [ RunTime:0.0013s ]
NOTIC: [8] Undefined variable: filets F:\wamp\wamp\www\blog\Application\Admin\Controller\IndexController.class.php 第 74 行.
INFO: [ view_parse ] --START--
INFO: [ template_filter ] --START--
INFO: Run Behavior\ContentReplaceBehavior [ RunTime:0.000682s ]
INFO: [ template_filter ] --END-- [ RunTime:0.001386s ]
INFO: Run Behavior\ParseTemplateBehavior [ RunTime:0.090765s ]
INFO: [ view_parse ] --END-- [ RunTime:0.091437s ]
INFO: [ view_filter ] --START--
INFO: Run Behavior\WriteHtmlCacheBehavior [ RunTime:0.004349s ]
INFO: [ view_filter ] --END-- [ RunTime:0.005087s ]
INFO: [ app_end ] --START--
INFO: Run Behavior\ShowPageTraceBehavior [ RunTime:0.006971s ]
INFO: [ app_end ] --END-- [ RunTime:0.007704s ]

[ 2016-12-18T15:01:22+08:00 ] ::1 /blog/index.php/Admin/Index/ms.html
INFO: [ app_init ] --START--
INFO: Run Behavior\BuildLiteBehavior [ RunTime:0.000143s ]
INFO: [ app_init ] --END-- [ RunTime:0.006909s ]
INFO: [ app_begin ] --START--
INFO: Run Behavior\ReadHtmlCacheBehavior [ RunTime:0.007921s ]
INFO: [ app_begin ] --END-- [ RunTime:0.008496s ]

[ 2016-12-18T15:02:13+08:00 ] ::1 /blog/index.php/Admin/Post/post.html
INFO: [ app_init ] --START--
INFO: Run Behavior\BuildLiteBehavior [ RunTime:0.001716s ]
INFO: [ app_init ] --END-- [ RunTime:0.008109s ]
INFO: [ app_begin ] --START--
INFO: Run Behavior\ReadHtmlCacheBehavior [ RunTime:0.005524s ]
INFO: [ app_begin ] --END-- [ RunTime:0.006181s ]
SQL: SHOW COLUMNS FROM `tp_user` [ RunTime:0.0522s ]
SQL: SELECT `lasttime` FROM `tp_user` WHERE `username` = 'hzx' LIMIT 1   [ RunTime:0.0012s ]
SQL: SHOW COLUMNS FROM `tp_filetype` [ RunTime:0.0945s ]
SQL: SELECT * FROM `tp_filetype`  [ RunTime:0.0010s ]
INFO: [ view_parse ] --START--
INFO: [ template_filter ] --START--
INFO: Run Behavior\ContentReplaceBehavior [ RunTime:0.000329s ]
INFO: [ template_filter ] --END-- [ RunTime:0.000830s ]
INFO: Run Behavior\ParseTemplateBehavior [ RunTime:0.089815s ]
INFO: [ view_parse ] --END-- [ RunTime:0.090248s ]
INFO: [ view_filter ] --START--
INFO: Run Behavior\WriteHtmlCacheBehavior [ RunTime:0.005143s ]
INFO: [ view_filter ] --END-- [ RunTime:0.005589s ]
INFO: [ app_end ] --START--
INFO: Run Behavior\ShowPageTraceBehavior [ RunTime:0.013708s ]
INFO: [ app_end ] --END-- [ RunTime:0.014720s ]

[ 2016-12-18T15:02:17+08:00 ] ::1 /blog/index.php/Admin/Filemannger/files.html
INFO: [ app_init ] --START--
INFO: Run Behavior\BuildLiteBehavior [ RunTime:0.000184s ]
INFO: [ app_init ] --END-- [ RunTime:0.005834s ]
INFO: [ app_begin ] --START--
INFO: Run Behavior\ReadHtmlCacheBehavior [ RunTime:0.006683s ]
INFO: [ app_begin ] --END-- [ RunTime:0.007191s ]
SQL: SHOW COLUMNS FROM `tp_user` [ RunTime:0.0494s ]
SQL: SELECT `lasttime` FROM `tp_user` WHERE `username` = 'hzx' LIMIT 1   [ RunTime:0.0010s ]
SQL: SHOW COLUMNS FROM `tp_filetype` [ RunTime:0.0469s ]
SQL: SELECT * FROM `tp_filetype`  [ RunTime:0.0012s ]
SQL: SHOW COLUMNS FROM `tp_knowledge` [ RunTime:0.0550s ]
NOTIC: [8] Undefined index: id F:\wamp\wamp\www\blog\Application\Admin\Controller\FilemanngerController.class.php 第 20 行.
SQL: SELECT COUNT(*) AS tp_count FROM `tp_knowledge` LIMIT 1   [ RunTime:0.0012s ]
SQL: SELECT * FROM `tp_knowledge` LIMIT 0,6   [ RunTime:0.0019s ]
INFO: [ view_parse ] --START--
INFO: [ template_filter ] --START--
INFO: Run Behavior\ContentReplaceBehavior [ RunTime:0.000474s ]
INFO: [ template_filter ] --END-- [ RunTime:0.001060s ]
NOTIC: [8] Undefined variable: vo F:\wamp\wamp\www\blog\Application\Runtime\Cache\Admin\8bb51f740aafcda4c61574535e9ebad8.php 第 77 行.
NOTIC: [8] Undefined index: cs F:\wamp\wamp\www\blog\Application\Runtime\Cache\Admin\8bb51f740aafcda4c61574535e9ebad8.php 第 77 行.
NOTIC: [8] Undefined index: files F:\wamp\wamp\www\blog\Application\Runtime\Cache\Admin\8bb51f740aafcda4c61574535e9ebad8.php 第 82 行.
NOTIC: [8] Undefined index: files F:\wamp\wamp\www\blog\Application\Runtime\Cache\Admin\8bb51f740aafcda4c61574535e9ebad8.php 第 82 行.
NOTIC: [8] Undefined index: files F:\wamp\wamp\www\blog\Application\Runtime\Cache\Admin\8bb51f740aafcda4c61574535e9ebad8.php 第 82 行.
NOTIC: [8] Undefined index: files F:\wamp\wamp\www\blog\Application\Runtime\Cache\Admin\8bb51f740aafcda4c61574535e9ebad8.php 第 82 行.
INFO: Run Behavior\ParseTemplateBehavior [ RunTime:0.120324s ]
INFO: [ view_parse ] --END-- [ RunTime:0.120933s ]
INFO: [ view_filter ] --START--
INFO: Run Behavior\WriteHtmlCacheBehavior [ RunTime:0.005777s ]
INFO: [ view_filter ] --END-- [ RunTime:0.006540s ]
INFO: [ app_end ] --START--
INFO: Run Behavior\ShowPageTraceBehavior [ RunTime:0.022254s ]
INFO: [ app_end ] --END-- [ RunTime:0.023519s ]

[ 2016-12-18T15:02:53+08:00 ] ::1 /blog/index.php/Admin/Usermanger/user.html
INFO: [ app_init ] --START--
INFO: Run Behavior\BuildLiteBehavior [ RunTime:0.000212s ]
INFO: [ app_init ] --END-- [ RunTime:0.005950s ]
INFO: [ app_begin ] --START--
INFO: Run Behavior\ReadHtmlCacheBehavior [ RunTime:0.005572s ]
INFO: [ app_begin ] --END-- [ RunTime:0.007116s ]
SQL: SHOW COLUMNS FROM `tp_user` [ RunTime:0.0615s ]
SQL: SELECT `lasttime` FROM `tp_user` WHERE `username` = 'hzx' LIMIT 1   [ RunTime:0.0014s ]
SQL: SELECT COUNT(*) AS tp_count FROM `tp_user` LIMIT 1   [ RunTime:0.0013s ]
SQL: SELECT * FROM `tp_user` LIMIT 0,6   [ RunTime:0.0023s ]
INFO: [ view_parse ] --START--
INFO: [ template_filter ] --START--
INFO: Run Behavior\ContentReplaceBehavior [ RunTime:0.001208s ]
INFO: [ template_filter ] --END-- [ RunTime:0.001972s ]
INFO: Run Behavior\ParseTemplateBehavior [ RunTime:0.118294s ]
INFO: [ view_parse ] --END-- [ RunTime:0.118840s ]
INFO: [ view_filter ] --START--
INFO: Run Behavior\WriteHtmlCacheBehavior [ RunTime:0.005528s ]
INFO: [ view_filter ] --END-- [ RunTime:0.006087s ]
INFO: [ app_end ] --START--
INFO: Run Behavior\ShowPageTraceBehavior [ RunTime:0.006979s ]
INFO: [ app_end ] --END-- [ RunTime:0.008112s ]

[ 2016-12-18T15:05:52+08:00 ] ::1 /blog/index.php/Admin/Index/index.html
INFO: [ app_init ] --START--
INFO: Run Behavior\BuildLiteBehavior [ RunTime:0.000094s ]
INFO: [ app_init ] --END-- [ RunTime:0.005796s ]
INFO: [ app_begin ] --START--
INFO: Run Behavior\ReadHtmlCacheBehavior [ RunTime:0.005536s ]
INFO: [ app_begin ] --END-- [ RunTime:0.006184s ]
SQL: SHOW COLUMNS FROM `tp_user` [ RunTime:0.0576s ]
SQL: SELECT `lasttime` FROM `tp_user` WHERE `username` = 'hzx' LIMIT 1   [ RunTime:0.0013s ]
SQL: SELECT * FROM `tp_user` WHERE `state` = 1 ORDER BY lasttime desc LIMIT 5   [ RunTime:0.0021s ]
SQL: SHOW COLUMNS FROM `tp_knowledge` [ RunTime:0.0549s ]
SQL: SELECT `title` FROM `tp_knowledge` ORDER BY publishtime desc LIMIT 1   [ RunTime:0.0012s ]
SQL: SELECT `img` FROM `tp_knowledge` ORDER BY publishtime desc LIMIT 1   [ RunTime:0.0011s ]
SQL: SHOW COLUMNS FROM `tp_img` [ RunTime:0.0621s ]
SQL: SELECT `img` FROM `tp_img` ORDER BY publishtime desc LIMIT 1   [ RunTime:0.0011s ]
SQL: SHOW COLUMNS FROM `tp_pinglun` [ RunTime:0.0587s ]
SQL: SELECT `content` FROM `tp_pinglun` ORDER BY publishtime desc LIMIT 1   [ RunTime:0.0012s ]
SQL: SHOW COLUMNS FROM `tp_message` [ RunTime:0.0585s ]
SQL: SELECT COUNT(*) AS tp_count FROM `tp_message` LIMIT 1   [ RunTime:0.0010s ]
SQL: SELECT * FROM `tp_message` ORDER BY publishtime desc LIMIT 0,5   [ RunTime:0.0018s ]
SQL: SELECT COUNT(*) AS tp_count FROM `tp_user` WHERE `state` = 1 LIMIT 1   [ RunTime:0.0018s ]
SQL: SELECT COUNT(*) AS tp_count FROM `tp_message` LIMIT 1   [ RunTime:0.0009s ]
SQL: SELECT COUNT(*) AS tp_count FROM `tp_pinglun` LIMIT 1   [ RunTime:0.0010s ]
SQL: SELECT * FROM `tp_knowledge` ORDER BY publishtime desc LIMIT 1   [ RunTime:0.0012s ]
NOTIC: [8] Undefined variable: filets F:\wamp\wamp\www\blog\Application\Admin\Controller\IndexController.class.php 第 74 行.
INFO: [ view_parse ] --START--
INFO: [ template_filter ] --START--
INFO: Run Behavior\ContentReplaceBehavior [ RunTime:0.000459s ]
INFO: [ template_filter ] --END-- [ RunTime:0.001058s ]
INFO: Run Behavior\ParseTemplateBehavior [ RunTime:0.079329s ]
INFO: [ view_parse ] --END-- [ RunTime:0.079797s ]
INFO: [ view_filter ] --START--
INFO: Run Behavior\WriteHtmlCacheBehavior [ RunTime:0.004711s ]
INFO: [ view_filter ] --END-- [ RunTime:0.005229s ]
INFO: [ app_end ] --START--
INFO: Run Behavior\ShowPageTraceBehavior [ RunTime:0.006593s ]
INFO: [ app_end ] --END-- [ RunTime:0.007949s ]

[ 2016-12-18T15:06:14+08:00 ] ::1 /blog/index.php/Admin/Index/ms.html
INFO: [ app_init ] --START--
INFO: Run Behavior\BuildLiteBehavior [ RunTime:0.000152s ]
INFO: [ app_init ] --END-- [ RunTime:0.004690s ]
INFO: [ app_begin ] --START--
INFO: Run Behavior\ReadHtmlCacheBehavior [ RunTime:0.005053s ]
INFO: [ app_begin ] --END-- [ RunTime:0.005573s ]

