[ 2016-12-13T21:26:00+08:00 ] ::1 /blog/index.php/Admin/Index/index.html
INFO: [ app_init ] --START--
INFO: Run Behavior\BuildLiteBehavior [ RunTime:0.000144s ]
INFO: [ app_init ] --END-- [ RunTime:0.011224s ]
INFO: [ app_begin ] --START--
INFO: Run Behavior\ReadHtmlCacheBehavior [ RunTime:0.014878s ]
INFO: [ app_begin ] --END-- [ RunTime:0.015875s ]
NOTIC: [8] Undefined index: adminname F:\wamp\wamp\www\blog\Application\Admin\Controller\IndexController.class.php 第 6 行.

[ 2016-12-13T21:26:00+08:00 ] ::1 /blog/index.php/Admin/Login/login.html
INFO: [ app_init ] --START--
INFO: Run Behavior\BuildLiteBehavior [ RunTime:0.000094s ]
INFO: [ app_init ] --END-- [ RunTime:0.007830s ]
INFO: [ app_begin ] --START--
INFO: Run Behavior\ReadHtmlCacheBehavior [ RunTime:0.005472s ]
INFO: [ app_begin ] --END-- [ RunTime:0.005941s ]
INFO: [ view_parse ] --START--
INFO: [ template_filter ] --START--
INFO: Run Behavior\ContentReplaceBehavior [ RunTime:0.000243s ]
INFO: [ template_filter ] --END-- [ RunTime:0.000663s ]
INFO: Run Behavior\ParseTemplateBehavior [ RunTime:0.079058s ]
INFO: [ view_parse ] --END-- [ RunTime:0.079508s ]
INFO: [ view_filter ] --START--
INFO: Run Behavior\WriteHtmlCacheBehavior [ RunTime:0.011811s ]
INFO: [ view_filter ] --END-- [ RunTime:0.012374s ]
INFO: [ app_end ] --START--
INFO: Run Behavior\ShowPageTraceBehavior [ RunTime:0.012724s ]
INFO: [ app_end ] --END-- [ RunTime:0.013316s ]

[ 2016-12-13T21:26:09+08:00 ] ::1 /blog/index.php/Admin/Login/login.html
INFO: [ app_init ] --START--
INFO: Run Behavior\BuildLiteBehavior [ RunTime:0.000094s ]
INFO: [ app_init ] --END-- [ RunTime:0.004868s ]
INFO: [ app_begin ] --START--
INFO: Run Behavior\ReadHtmlCacheBehavior [ RunTime:0.010444s ]
INFO: [ app_begin ] --END-- [ RunTime:0.010957s ]
SQL: SHOW COLUMNS FROM `tp_user` [ RunTime:0.1471s ]
SQL: SELECT * FROM `tp_user` WHERE `username` = 'hzx' AND `userpwd` = '123456' AND `state` = 0 LIMIT 1   [ RunTime:0.0016s ]
SQL: UPDATE `tp_user` SET `lasttime`='2016-12-13 21:26:08' WHERE `username` = 'hzx' [ RunTime:0.0528s ]

[ 2016-12-13T21:26:09+08:00 ] ::1 /blog/index.php/Admin/Index/index.html
INFO: [ app_init ] --START--
INFO: Run Behavior\BuildLiteBehavior [ RunTime:0.000094s ]
INFO: [ app_init ] --END-- [ RunTime:0.004795s ]
INFO: [ app_begin ] --START--
INFO: Run Behavior\ReadHtmlCacheBehavior [ RunTime:0.009126s ]
INFO: [ app_begin ] --END-- [ RunTime:0.009777s ]
SQL: SHOW COLUMNS FROM `tp_user` [ RunTime:0.1192s ]
SQL: SELECT `lasttime` FROM `tp_user` WHERE `username` = 'hzx' LIMIT 1   [ RunTime:0.0010s ]
SQL: SELECT * FROM `tp_user` WHERE `state` = 1 ORDER BY lasttime desc LIMIT 5   [ RunTime:0.0015s ]
SQL: SHOW COLUMNS FROM `tp_knowledge` [ RunTime:0.0493s ]
SQL: SELECT `title` FROM `tp_knowledge` ORDER BY publishtime desc LIMIT 1   [ RunTime:0.0013s ]
SQL: SELECT `img` FROM `tp_knowledge` ORDER BY publishtime desc LIMIT 1   [ RunTime:0.0012s ]
SQL: SHOW COLUMNS FROM `tp_img` [ RunTime:0.0375s ]
SQL: SELECT `img` FROM `tp_img` ORDER BY publishtime desc LIMIT 1   [ RunTime:0.0010s ]
SQL: SHOW COLUMNS FROM `tp_pinglun` [ RunTime:0.1158s ]
SQL: SELECT `content` FROM `tp_pinglun` ORDER BY publishtime desc LIMIT 1   [ RunTime:0.0011s ]
SQL: SHOW COLUMNS FROM `tp_message` [ RunTime:0.0535s ]
SQL: SELECT COUNT(*) AS tp_count FROM `tp_message` LIMIT 1   [ RunTime:0.0010s ]
SQL: SELECT * FROM `tp_message` ORDER BY publishtime desc LIMIT 0,5   [ RunTime:0.0013s ]
SQL: SELECT COUNT(*) AS tp_count FROM `tp_user` WHERE `state` = 1 LIMIT 1   [ RunTime:0.0010s ]
SQL: SELECT COUNT(*) AS tp_count FROM `tp_message` LIMIT 1   [ RunTime:0.0010s ]
SQL: SELECT COUNT(*) AS tp_count FROM `tp_pinglun` LIMIT 1   [ RunTime:0.0009s ]
NOTIC: [8] Undefined variable: filets F:\wamp\wamp\www\blog\Application\Admin\Controller\IndexController.class.php 第 71 行.
INFO: [ view_parse ] --START--
INFO: [ template_filter ] --START--
INFO: Run Behavior\ContentReplaceBehavior [ RunTime:0.000382s ]
INFO: [ template_filter ] --END-- [ RunTime:0.000825s ]
INFO: Run Behavior\ParseTemplateBehavior [ RunTime:0.071332s ]
INFO: [ view_parse ] --END-- [ RunTime:0.071791s ]
INFO: [ view_filter ] --START--
INFO: Run Behavior\WriteHtmlCacheBehavior [ RunTime:0.006616s ]
INFO: [ view_filter ] --END-- [ RunTime:0.007011s ]
INFO: [ app_end ] --START--
INFO: Run Behavior\ShowPageTraceBehavior [ RunTime:0.008813s ]
INFO: [ app_end ] --END-- [ RunTime:0.009249s ]

[ 2016-12-13T21:26:11+08:00 ] ::1 /blog/index.php/Admin/Index/ms.html
INFO: [ app_init ] --START--
INFO: Run Behavior\BuildLiteBehavior [ RunTime:0.000155s ]
INFO: [ app_init ] --END-- [ RunTime:0.012142s ]
INFO: [ app_begin ] --START--
INFO: Run Behavior\ReadHtmlCacheBehavior [ RunTime:0.011417s ]
INFO: [ app_begin ] --END-- [ RunTime:0.011837s ]

[ 2016-12-13T21:37:15+08:00 ] ::1 /blog/index.php/Admin/Index/index.html
INFO: [ app_init ] --START--
INFO: Run Behavior\BuildLiteBehavior [ RunTime:0.000093s ]
INFO: [ app_init ] --END-- [ RunTime:0.008315s ]
INFO: [ app_begin ] --START--
INFO: Run Behavior\ReadHtmlCacheBehavior [ RunTime:0.008519s ]
INFO: [ app_begin ] --END-- [ RunTime:0.009005s ]
SQL: SHOW COLUMNS FROM `tp_user` [ RunTime:0.1224s ]
SQL: SELECT `lasttime` FROM `tp_user` WHERE `username` = 'hzx' LIMIT 1   [ RunTime:0.0010s ]
SQL: SELECT * FROM `tp_user` WHERE `state` = 1 ORDER BY lasttime desc LIMIT 5   [ RunTime:0.0015s ]
SQL: SHOW COLUMNS FROM `tp_knowledge` [ RunTime:0.1424s ]
SQL: SELECT `title` FROM `tp_knowledge` ORDER BY publishtime desc LIMIT 1   [ RunTime:0.0012s ]
SQL: SELECT `img` FROM `tp_knowledge` ORDER BY publishtime desc LIMIT 1   [ RunTime:0.0010s ]
SQL: SHOW COLUMNS FROM `tp_img` [ RunTime:0.1369s ]
SQL: SELECT `img` FROM `tp_img` ORDER BY publishtime desc LIMIT 1   [ RunTime:0.0012s ]
SQL: SHOW COLUMNS FROM `tp_pinglun` [ RunTime:0.1290s ]
SQL: SELECT `content` FROM `tp_pinglun` ORDER BY publishtime desc LIMIT 1   [ RunTime:0.0011s ]
SQL: SHOW COLUMNS FROM `tp_message` [ RunTime:0.0599s ]
SQL: SELECT COUNT(*) AS tp_count FROM `tp_message` LIMIT 1   [ RunTime:0.0009s ]
SQL: SELECT * FROM `tp_message` ORDER BY publishtime desc LIMIT 0,5   [ RunTime:0.0013s ]
SQL: SELECT COUNT(*) AS tp_count FROM `tp_user` WHERE `state` = 1 LIMIT 1   [ RunTime:0.0009s ]
SQL: SELECT COUNT(*) AS tp_count FROM `tp_message` LIMIT 1   [ RunTime:0.0009s ]
SQL: SELECT COUNT(*) AS tp_count FROM `tp_pinglun` LIMIT 1   [ RunTime:0.0008s ]
SQL: SHOW COLUMNS FROM `tp_knowledgecount` [ RunTime:0.0985s ]
ERR: Think\Model:limiit方法不存在！

[ 2016-12-13T21:37:26+08:00 ] ::1 /blog/index.php/Admin/Index/index.html
INFO: [ app_init ] --START--
INFO: Run Behavior\BuildLiteBehavior [ RunTime:0.000091s ]
INFO: [ app_init ] --END-- [ RunTime:0.003447s ]
INFO: [ app_begin ] --START--
INFO: Run Behavior\ReadHtmlCacheBehavior [ RunTime:0.004394s ]
INFO: [ app_begin ] --END-- [ RunTime:0.004925s ]
SQL: SHOW COLUMNS FROM `tp_user` [ RunTime:0.0915s ]
SQL: SELECT `lasttime` FROM `tp_user` WHERE `username` = 'hzx' LIMIT 1   [ RunTime:0.0011s ]
SQL: SELECT * FROM `tp_user` WHERE `state` = 1 ORDER BY lasttime desc LIMIT 5   [ RunTime:0.0016s ]
SQL: SHOW COLUMNS FROM `tp_knowledge` [ RunTime:0.1165s ]
SQL: SELECT `title` FROM `tp_knowledge` ORDER BY publishtime desc LIMIT 1   [ RunTime:0.0010s ]
SQL: SELECT `img` FROM `tp_knowledge` ORDER BY publishtime desc LIMIT 1   [ RunTime:0.0009s ]
SQL: SHOW COLUMNS FROM `tp_img` [ RunTime:0.1005s ]
SQL: SELECT `img` FROM `tp_img` ORDER BY publishtime desc LIMIT 1   [ RunTime:0.0010s ]
SQL: SHOW COLUMNS FROM `tp_pinglun` [ RunTime:0.1300s ]
SQL: SELECT `content` FROM `tp_pinglun` ORDER BY publishtime desc LIMIT 1   [ RunTime:0.0011s ]
SQL: SHOW COLUMNS FROM `tp_message` [ RunTime:0.1939s ]
SQL: SELECT COUNT(*) AS tp_count FROM `tp_message` LIMIT 1   [ RunTime:0.0009s ]
SQL: SELECT * FROM `tp_message` ORDER BY publishtime desc LIMIT 0,5   [ RunTime:0.0013s ]
SQL: SELECT COUNT(*) AS tp_count FROM `tp_user` WHERE `state` = 1 LIMIT 1   [ RunTime:0.0009s ]
SQL: SELECT COUNT(*) AS tp_count FROM `tp_message` LIMIT 1   [ RunTime:0.0009s ]
SQL: SELECT COUNT(*) AS tp_count FROM `tp_pinglun` LIMIT 1   [ RunTime:0.0008s ]
SQL: SHOW COLUMNS FROM `tp_knowledgecount` [ RunTime:0.1244s ]
ERR: 1064:Erreur de syntaxe près de 'read asc LIMIT 1' à la ligne 1
 [ SQL语句 ] : SELECT `fid` FROM `tp_knowledgecount` ORDER BY read asc LIMIT 1  
ERR: 1064:Erreur de syntaxe près de 'read asc LIMIT 1' à la ligne 1
 [ SQL语句 ] : SELECT `fid` FROM `tp_knowledgecount` ORDER BY read asc LIMIT 1  

[ 2016-12-13T21:37:57+08:00 ] ::1 /blog/index.php/Admin/Index/index.html
INFO: [ app_init ] --START--
INFO: Run Behavior\BuildLiteBehavior [ RunTime:0.000090s ]
INFO: [ app_init ] --END-- [ RunTime:0.008821s ]
INFO: [ app_begin ] --START--
INFO: Run Behavior\ReadHtmlCacheBehavior [ RunTime:0.010307s ]
INFO: [ app_begin ] --END-- [ RunTime:0.010830s ]
SQL: SHOW COLUMNS FROM `tp_user` [ RunTime:0.1336s ]
SQL: SELECT `lasttime` FROM `tp_user` WHERE `username` = 'hzx' LIMIT 1   [ RunTime:0.0010s ]
SQL: SELECT * FROM `tp_user` WHERE `state` = 1 ORDER BY lasttime desc LIMIT 5   [ RunTime:0.0015s ]
SQL: SHOW COLUMNS FROM `tp_knowledge` [ RunTime:0.0542s ]
SQL: SELECT `title` FROM `tp_knowledge` ORDER BY publishtime desc LIMIT 1   [ RunTime:0.0010s ]
SQL: SELECT `img` FROM `tp_knowledge` ORDER BY publishtime desc LIMIT 1   [ RunTime:0.0010s ]
SQL: SHOW COLUMNS FROM `tp_img` [ RunTime:0.1280s ]
SQL: SELECT `img` FROM `tp_img` ORDER BY publishtime desc LIMIT 1   [ RunTime:0.0010s ]
SQL: SHOW COLUMNS FROM `tp_pinglun` [ RunTime:0.1013s ]
SQL: SELECT `content` FROM `tp_pinglun` ORDER BY publishtime desc LIMIT 1   [ RunTime:0.0011s ]
SQL: SHOW COLUMNS FROM `tp_message` [ RunTime:0.1215s ]
SQL: SELECT COUNT(*) AS tp_count FROM `tp_message` LIMIT 1   [ RunTime:0.0009s ]
SQL: SELECT * FROM `tp_message` ORDER BY publishtime desc LIMIT 0,5   [ RunTime:0.0013s ]
SQL: SELECT COUNT(*) AS tp_count FROM `tp_user` WHERE `state` = 1 LIMIT 1   [ RunTime:0.0009s ]
SQL: SELECT COUNT(*) AS tp_count FROM `tp_message` LIMIT 1   [ RunTime:0.0009s ]
SQL: SELECT COUNT(*) AS tp_count FROM `tp_pinglun` LIMIT 1   [ RunTime:0.0009s ]
SQL: SHOW COLUMNS FROM `tp_knowledgecount` [ RunTime:0.1179s ]
ERR: 1064:Erreur de syntaxe près de 'read asc LIMIT 1' à la ligne 1
 [ SQL语句 ] : SELECT `fid` FROM `tp_knowledgecount` ORDER BY read asc LIMIT 1  
ERR: 1064:Erreur de syntaxe près de 'read asc LIMIT 1' à la ligne 1
 [ SQL语句 ] : SELECT `fid` FROM `tp_knowledgecount` ORDER BY read asc LIMIT 1  

[ 2016-12-13T21:38:06+08:00 ] ::1 /blog/index.php/Admin/Index/index.html
INFO: [ app_init ] --START--
INFO: Run Behavior\BuildLiteBehavior [ RunTime:0.000092s ]
INFO: [ app_init ] --END-- [ RunTime:0.006122s ]
INFO: [ app_begin ] --START--
INFO: Run Behavior\ReadHtmlCacheBehavior [ RunTime:0.007004s ]
INFO: [ app_begin ] --END-- [ RunTime:0.007483s ]
SQL: SHOW COLUMNS FROM `tp_user` [ RunTime:0.1083s ]
SQL: SELECT `lasttime` FROM `tp_user` WHERE `username` = 'hzx' LIMIT 1   [ RunTime:0.0011s ]
SQL: SELECT * FROM `tp_user` WHERE `state` = 1 ORDER BY lasttime desc LIMIT 5   [ RunTime:0.0015s ]
SQL: SHOW COLUMNS FROM `tp_knowledge` [ RunTime:0.1045s ]
SQL: SELECT `title` FROM `tp_knowledge` ORDER BY publishtime desc LIMIT 1   [ RunTime:0.0011s ]
SQL: SELECT `img` FROM `tp_knowledge` ORDER BY publishtime desc LIMIT 1   [ RunTime:0.0009s ]
SQL: SHOW COLUMNS FROM `tp_img` [ RunTime:0.1079s ]
SQL: SELECT `img` FROM `tp_img` ORDER BY publishtime desc LIMIT 1   [ RunTime:0.0010s ]
SQL: SHOW COLUMNS FROM `tp_pinglun` [ RunTime:0.0898s ]
SQL: SELECT `content` FROM `tp_pinglun` ORDER BY publishtime desc LIMIT 1   [ RunTime:0.0011s ]
SQL: SHOW COLUMNS FROM `tp_message` [ RunTime:0.0801s ]
SQL: SELECT COUNT(*) AS tp_count FROM `tp_message` LIMIT 1   [ RunTime:0.0009s ]
SQL: SELECT * FROM `tp_message` ORDER BY publishtime desc LIMIT 0,5   [ RunTime:0.0013s ]
SQL: SELECT COUNT(*) AS tp_count FROM `tp_user` WHERE `state` = 1 LIMIT 1   [ RunTime:0.0010s ]
SQL: SELECT COUNT(*) AS tp_count FROM `tp_message` LIMIT 1   [ RunTime:0.0009s ]
SQL: SELECT COUNT(*) AS tp_count FROM `tp_pinglun` LIMIT 1   [ RunTime:0.0008s ]
SQL: SHOW COLUMNS FROM `tp_knowledgecount` [ RunTime:0.0837s ]
ERR: 1064:Erreur de syntaxe près de 'read asc LIMIT 1' à la ligne 1
 [ SQL语句 ] : SELECT `fid` FROM `tp_knowledgecount` ORDER BY read asc LIMIT 1  
ERR: 1064:Erreur de syntaxe près de 'read asc LIMIT 1' à la ligne 1
 [ SQL语句 ] : SELECT `fid` FROM `tp_knowledgecount` ORDER BY read asc LIMIT 1  

[ 2016-12-13T21:38:18+08:00 ] ::1 /blog/index.php/Admin/Index/index.html
INFO: [ app_init ] --START--
INFO: Run Behavior\BuildLiteBehavior [ RunTime:0.000091s ]
INFO: [ app_init ] --END-- [ RunTime:0.006206s ]
INFO: [ app_begin ] --START--
INFO: Run Behavior\ReadHtmlCacheBehavior [ RunTime:0.007038s ]
INFO: [ app_begin ] --END-- [ RunTime:0.007541s ]
SQL: SHOW COLUMNS FROM `tp_user` [ RunTime:0.1016s ]
SQL: SELECT `lasttime` FROM `tp_user` WHERE `username` = 'hzx' LIMIT 1   [ RunTime:0.0010s ]
SQL: SELECT * FROM `tp_user` WHERE `state` = 1 ORDER BY lasttime desc LIMIT 5   [ RunTime:0.0016s ]
SQL: SHOW COLUMNS FROM `tp_knowledge` [ RunTime:0.1098s ]
SQL: SELECT `title` FROM `tp_knowledge` ORDER BY publishtime desc LIMIT 1   [ RunTime:0.0011s ]
SQL: SELECT `img` FROM `tp_knowledge` ORDER BY publishtime desc LIMIT 1   [ RunTime:0.0009s ]
SQL: SHOW COLUMNS FROM `tp_img` [ RunTime:0.1045s ]
SQL: SELECT `img` FROM `tp_img` ORDER BY publishtime desc LIMIT 1   [ RunTime:0.0010s ]
SQL: SHOW COLUMNS FROM `tp_pinglun` [ RunTime:0.0579s ]
SQL: SELECT `content` FROM `tp_pinglun` ORDER BY publishtime desc LIMIT 1   [ RunTime:0.0010s ]
SQL: SHOW COLUMNS FROM `tp_message` [ RunTime:0.0566s ]
SQL: SELECT COUNT(*) AS tp_count FROM `tp_message` LIMIT 1   [ RunTime:0.0009s ]
SQL: SELECT * FROM `tp_message` ORDER BY publishtime desc LIMIT 0,5   [ RunTime:0.0013s ]
SQL: SELECT COUNT(*) AS tp_count FROM `tp_user` WHERE `state` = 1 LIMIT 1   [ RunTime:0.0009s ]
SQL: SELECT COUNT(*) AS tp_count FROM `tp_message` LIMIT 1   [ RunTime:0.0010s ]
SQL: SELECT COUNT(*) AS tp_count FROM `tp_pinglun` LIMIT 1   [ RunTime:0.0008s ]
SQL: SHOW COLUMNS FROM `tp_knowledgecount` [ RunTime:0.1261s ]
ERR: 1064:Erreur de syntaxe près de 'read asc LIMIT 1' à la ligne 1
 [ SQL语句 ] : SELECT `fid` FROM `tp_knowledgecount` ORDER BY read asc LIMIT 1  
ERR: 1064:Erreur de syntaxe près de 'read asc LIMIT 1' à la ligne 1
 [ SQL语句 ] : SELECT `fid` FROM `tp_knowledgecount` ORDER BY read asc LIMIT 1  

[ 2016-12-13T21:42:26+08:00 ] ::1 /blog/index.php/Admin/Index/index.html
INFO: [ app_init ] --START--
INFO: Run Behavior\BuildLiteBehavior [ RunTime:0.000110s ]
INFO: [ app_init ] --END-- [ RunTime:0.007144s ]
INFO: [ app_begin ] --START--
INFO: Run Behavior\ReadHtmlCacheBehavior [ RunTime:0.008269s ]
INFO: [ app_begin ] --END-- [ RunTime:0.008742s ]
SQL: SHOW COLUMNS FROM `tp_user` [ RunTime:0.1325s ]
SQL: SELECT `lasttime` FROM `tp_user` WHERE `username` = 'hzx' LIMIT 1   [ RunTime:0.0011s ]
SQL: SELECT * FROM `tp_user` WHERE `state` = 1 ORDER BY lasttime desc LIMIT 5   [ RunTime:0.0015s ]
SQL: SHOW COLUMNS FROM `tp_knowledge` [ RunTime:0.1373s ]
SQL: SELECT `title` FROM `tp_knowledge` ORDER BY publishtime desc LIMIT 1   [ RunTime:0.0011s ]
SQL: SELECT `img` FROM `tp_knowledge` ORDER BY publishtime desc LIMIT 1   [ RunTime:0.0010s ]
SQL: SHOW COLUMNS FROM `tp_img` [ RunTime:0.0808s ]
SQL: SELECT `img` FROM `tp_img` ORDER BY publishtime desc LIMIT 1   [ RunTime:0.0010s ]
SQL: SHOW COLUMNS FROM `tp_pinglun` [ RunTime:0.0911s ]
SQL: SELECT `content` FROM `tp_pinglun` ORDER BY publishtime desc LIMIT 1   [ RunTime:0.0012s ]
SQL: SHOW COLUMNS FROM `tp_message` [ RunTime:0.1218s ]
SQL: SELECT COUNT(*) AS tp_count FROM `tp_message` LIMIT 1   [ RunTime:0.0010s ]
SQL: SELECT * FROM `tp_message` ORDER BY publishtime desc LIMIT 0,5   [ RunTime:0.0015s ]
SQL: SELECT COUNT(*) AS tp_count FROM `tp_user` WHERE `state` = 1 LIMIT 1   [ RunTime:0.0009s ]
SQL: SELECT COUNT(*) AS tp_count FROM `tp_message` LIMIT 1   [ RunTime:0.0009s ]
SQL: SELECT COUNT(*) AS tp_count FROM `tp_pinglun` LIMIT 1   [ RunTime:0.0008s ]
SQL: SHOW COLUMNS FROM `tp_knowledgecount` [ RunTime:0.0907s ]
ERR: 1064:Erreur de syntaxe près de 'read asc LIMIT 1' à la ligne 1
 [ SQL语句 ] : SELECT `fid` FROM `tp_knowledgecount` ORDER BY read asc LIMIT 1  
ERR: 1064:Erreur de syntaxe près de 'read asc LIMIT 1' à la ligne 1
 [ SQL语句 ] : SELECT `fid` FROM `tp_knowledgecount` ORDER BY read asc LIMIT 1  

[ 2016-12-13T21:46:53+08:00 ] ::1 /blog/index.php/Admin/Index/index.html
INFO: [ app_init ] --START--
INFO: Run Behavior\BuildLiteBehavior [ RunTime:0.000093s ]
INFO: [ app_init ] --END-- [ RunTime:0.007462s ]
INFO: [ app_begin ] --START--
INFO: Run Behavior\ReadHtmlCacheBehavior [ RunTime:0.005627s ]
INFO: [ app_begin ] --END-- [ RunTime:0.006097s ]
SQL: SHOW COLUMNS FROM `tp_user` [ RunTime:0.0734s ]
SQL: SELECT `lasttime` FROM `tp_user` WHERE `username` = 'hzx' LIMIT 1   [ RunTime:0.0011s ]
SQL: SELECT * FROM `tp_user` WHERE `state` = 1 ORDER BY lasttime desc LIMIT 5   [ RunTime:0.0019s ]
SQL: SHOW COLUMNS FROM `tp_knowledge` [ RunTime:0.0730s ]
SQL: SELECT `title` FROM `tp_knowledge` ORDER BY publishtime desc LIMIT 1   [ RunTime:0.0010s ]
SQL: SELECT `img` FROM `tp_knowledge` ORDER BY publishtime desc LIMIT 1   [ RunTime:0.0009s ]
SQL: SHOW COLUMNS FROM `tp_img` [ RunTime:0.1285s ]
SQL: SELECT `img` FROM `tp_img` ORDER BY publishtime desc LIMIT 1   [ RunTime:0.0010s ]
SQL: SHOW COLUMNS FROM `tp_pinglun` [ RunTime:0.1304s ]
SQL: SELECT `content` FROM `tp_pinglun` ORDER BY publishtime desc LIMIT 1   [ RunTime:0.0011s ]
SQL: SHOW COLUMNS FROM `tp_message` [ RunTime:0.1357s ]
SQL: SELECT COUNT(*) AS tp_count FROM `tp_message` LIMIT 1   [ RunTime:0.0009s ]
SQL: SELECT * FROM `tp_message` ORDER BY publishtime desc LIMIT 0,5   [ RunTime:0.0014s ]
SQL: SELECT COUNT(*) AS tp_count FROM `tp_user` WHERE `state` = 1 LIMIT 1   [ RunTime:0.0012s ]
SQL: SELECT COUNT(*) AS tp_count FROM `tp_message` LIMIT 1   [ RunTime:0.0010s ]
SQL: SELECT COUNT(*) AS tp_count FROM `tp_pinglun` LIMIT 1   [ RunTime:0.0009s ]
SQL: SHOW COLUMNS FROM `tp_knowledgecount` [ RunTime:0.1302s ]
ERR: 1064:Erreur de syntaxe près de 'read asc LIMIT 1' à la ligne 1
 [ SQL语句 ] : SELECT `fid` FROM `tp_knowledgecount` ORDER BY read asc LIMIT 1  
ERR: 1064:Erreur de syntaxe près de 'read asc LIMIT 1' à la ligne 1
 [ SQL语句 ] : SELECT `fid` FROM `tp_knowledgecount` ORDER BY read asc LIMIT 1  

[ 2016-12-13T21:47:22+08:00 ] ::1 /blog/index.php/Admin/Index/index.html
INFO: [ app_init ] --START--
INFO: Run Behavior\BuildLiteBehavior [ RunTime:0.000092s ]
INFO: [ app_init ] --END-- [ RunTime:0.009815s ]
INFO: [ app_begin ] --START--
INFO: Run Behavior\ReadHtmlCacheBehavior [ RunTime:0.010564s ]
INFO: [ app_begin ] --END-- [ RunTime:0.011071s ]
SQL: SHOW COLUMNS FROM `tp_user` [ RunTime:0.1434s ]
SQL: SELECT `lasttime` FROM `tp_user` WHERE `username` = 'hzx' LIMIT 1   [ RunTime:0.0010s ]
SQL: SELECT * FROM `tp_user` WHERE `state` = 1 ORDER BY lasttime desc LIMIT 5   [ RunTime:0.0017s ]
SQL: SHOW COLUMNS FROM `tp_knowledge` [ RunTime:0.0848s ]
SQL: SELECT `title` FROM `tp_knowledge` ORDER BY publishtime desc LIMIT 1   [ RunTime:0.0010s ]
SQL: SELECT `img` FROM `tp_knowledge` ORDER BY publishtime desc LIMIT 1   [ RunTime:0.0009s ]
SQL: SHOW COLUMNS FROM `tp_img` [ RunTime:0.1186s ]
SQL: SELECT `img` FROM `tp_img` ORDER BY publishtime desc LIMIT 1   [ RunTime:0.0010s ]
SQL: SHOW COLUMNS FROM `tp_pinglun` [ RunTime:0.1232s ]
SQL: SELECT `content` FROM `tp_pinglun` ORDER BY publishtime desc LIMIT 1   [ RunTime:0.0010s ]
SQL: SHOW COLUMNS FROM `tp_message` [ RunTime:0.0870s ]
SQL: SELECT COUNT(*) AS tp_count FROM `tp_message` LIMIT 1   [ RunTime:0.0009s ]
SQL: SELECT * FROM `tp_message` ORDER BY publishtime desc LIMIT 0,5   [ RunTime:0.0015s ]
SQL: SELECT COUNT(*) AS tp_count FROM `tp_user` WHERE `state` = 1 LIMIT 1   [ RunTime:0.0010s ]
SQL: SELECT COUNT(*) AS tp_count FROM `tp_message` LIMIT 1   [ RunTime:0.0009s ]
SQL: SELECT COUNT(*) AS tp_count FROM `tp_pinglun` LIMIT 1   [ RunTime:0.0008s ]
SQL: SHOW COLUMNS FROM `tp_knowledgecount` [ RunTime:0.0736s ]
NOTIC: [8] Undefined variable: filets F:\wamp\wamp\www\blog\Application\Admin\Controller\IndexController.class.php 第 73 行.
INFO: [ view_parse ] --START--
INFO: [ template_filter ] --START--
INFO: Run Behavior\ContentReplaceBehavior [ RunTime:0.000407s ]
INFO: [ template_filter ] --END-- [ RunTime:0.000827s ]
NOTIC: [8] Undefined variable: host F:\wamp\wamp\www\blog\Application\Runtime\Cache\Admin\b595b808c2ebeeeb0478ffc30bb4e87a.php 第 78 行.
INFO: Run Behavior\ParseTemplateBehavior [ RunTime:0.104748s ]
INFO: [ view_parse ] --END-- [ RunTime:0.105303s ]
INFO: [ view_filter ] --START--
INFO: Run Behavior\WriteHtmlCacheBehavior [ RunTime:0.009624s ]
INFO: [ view_filter ] --END-- [ RunTime:0.010084s ]
INFO: [ app_end ] --START--
INFO: Run Behavior\ShowPageTraceBehavior [ RunTime:0.016366s ]
INFO: [ app_end ] --END-- [ RunTime:0.017031s ]

[ 2016-12-13T21:48:06+08:00 ] ::1 /blog/index.php/Admin/Index/index.html
INFO: [ app_init ] --START--
INFO: Run Behavior\BuildLiteBehavior [ RunTime:0.000092s ]
INFO: [ app_init ] --END-- [ RunTime:0.005276s ]
INFO: [ app_begin ] --START--
INFO: Run Behavior\ReadHtmlCacheBehavior [ RunTime:0.005201s ]
INFO: [ app_begin ] --END-- [ RunTime:0.005720s ]
SQL: SHOW COLUMNS FROM `tp_user` [ RunTime:0.0642s ]
SQL: SELECT `lasttime` FROM `tp_user` WHERE `username` = 'hzx' LIMIT 1   [ RunTime:0.0012s ]
SQL: SELECT * FROM `tp_user` WHERE `state` = 1 ORDER BY lasttime desc LIMIT 5   [ RunTime:0.0016s ]
SQL: SHOW COLUMNS FROM `tp_knowledge` [ RunTime:0.0730s ]
SQL: SELECT `title` FROM `tp_knowledge` ORDER BY publishtime desc LIMIT 1   [ RunTime:0.0012s ]
SQL: SELECT `img` FROM `tp_knowledge` ORDER BY publishtime desc LIMIT 1   [ RunTime:0.0010s ]
SQL: SHOW COLUMNS FROM `tp_img` [ RunTime:0.1187s ]
SQL: SELECT `img` FROM `tp_img` ORDER BY publishtime desc LIMIT 1   [ RunTime:0.0010s ]
SQL: SHOW COLUMNS FROM `tp_pinglun` [ RunTime:0.1434s ]
SQL: SELECT `content` FROM `tp_pinglun` ORDER BY publishtime desc LIMIT 1   [ RunTime:0.0014s ]
SQL: SHOW COLUMNS FROM `tp_message` [ RunTime:0.0781s ]
SQL: SELECT COUNT(*) AS tp_count FROM `tp_message` LIMIT 1   [ RunTime:0.0011s ]
SQL: SELECT * FROM `tp_message` ORDER BY publishtime desc LIMIT 0,5   [ RunTime:0.0013s ]
SQL: SELECT COUNT(*) AS tp_count FROM `tp_user` WHERE `state` = 1 LIMIT 1   [ RunTime:0.0010s ]
SQL: SELECT COUNT(*) AS tp_count FROM `tp_message` LIMIT 1   [ RunTime:0.0009s ]
SQL: SELECT COUNT(*) AS tp_count FROM `tp_pinglun` LIMIT 1   [ RunTime:0.0009s ]
SQL: SHOW COLUMNS FROM `tp_knowledgecount` [ RunTime:0.0475s ]
ERR: 1064:Erreur de syntaxe près de 'read asc LIMIT 1' à la ligne 1
 [ SQL语句 ] : SELECT * FROM `tp_knowledgecount` ORDER BY read asc LIMIT 1  
ERR: 1064:Erreur de syntaxe près de 'read asc LIMIT 1' à la ligne 1
 [ SQL语句 ] : SELECT * FROM `tp_knowledgecount` ORDER BY read asc LIMIT 1  

[ 2016-12-13T21:48:28+08:00 ] ::1 /blog/index.php/Admin/Index/index.html
INFO: [ app_init ] --START--
INFO: Run Behavior\BuildLiteBehavior [ RunTime:0.000092s ]
INFO: [ app_init ] --END-- [ RunTime:0.008258s ]
INFO: [ app_begin ] --START--
INFO: Run Behavior\ReadHtmlCacheBehavior [ RunTime:0.009966s ]
INFO: [ app_begin ] --END-- [ RunTime:0.010530s ]
SQL: SHOW COLUMNS FROM `tp_user` [ RunTime:0.0665s ]
SQL: SELECT `lasttime` FROM `tp_user` WHERE `username` = 'hzx' LIMIT 1   [ RunTime:0.0010s ]
SQL: SELECT * FROM `tp_user` WHERE `state` = 1 ORDER BY lasttime desc LIMIT 5   [ RunTime:0.0017s ]
SQL: SHOW COLUMNS FROM `tp_knowledge` [ RunTime:0.0723s ]
SQL: SELECT `title` FROM `tp_knowledge` ORDER BY publishtime desc LIMIT 1   [ RunTime:0.0010s ]
SQL: SELECT `img` FROM `tp_knowledge` ORDER BY publishtime desc LIMIT 1   [ RunTime:0.0009s ]
SQL: SHOW COLUMNS FROM `tp_img` [ RunTime:0.1342s ]
SQL: SELECT `img` FROM `tp_img` ORDER BY publishtime desc LIMIT 1   [ RunTime:0.0010s ]
SQL: SHOW COLUMNS FROM `tp_pinglun` [ RunTime:0.0884s ]
SQL: SELECT `content` FROM `tp_pinglun` ORDER BY publishtime desc LIMIT 1   [ RunTime:0.0011s ]
SQL: SHOW COLUMNS FROM `tp_message` [ RunTime:0.0699s ]
SQL: SELECT COUNT(*) AS tp_count FROM `tp_message` LIMIT 1   [ RunTime:0.0010s ]
SQL: SELECT * FROM `tp_message` ORDER BY publishtime desc LIMIT 0,5   [ RunTime:0.0014s ]
SQL: SELECT COUNT(*) AS tp_count FROM `tp_user` WHERE `state` = 1 LIMIT 1   [ RunTime:0.0010s ]
SQL: SELECT COUNT(*) AS tp_count FROM `tp_message` LIMIT 1   [ RunTime:0.0010s ]
SQL: SELECT COUNT(*) AS tp_count FROM `tp_pinglun` LIMIT 1   [ RunTime:0.0008s ]
NOTIC: [8] Undefined variable: filets F:\wamp\wamp\www\blog\Application\Admin\Controller\IndexController.class.php 第 73 行.
INFO: [ view_parse ] --START--
INFO: [ template_filter ] --START--
INFO: Run Behavior\ContentReplaceBehavior [ RunTime:0.000389s ]
INFO: [ template_filter ] --END-- [ RunTime:0.000800s ]
NOTIC: [8] Undefined variable: host F:\wamp\wamp\www\blog\Application\Runtime\Cache\Admin\b595b808c2ebeeeb0478ffc30bb4e87a.php 第 78 行.
INFO: Run Behavior\ParseTemplateBehavior [ RunTime:0.089427s ]
INFO: [ view_parse ] --END-- [ RunTime:0.089934s ]
INFO: [ view_filter ] --START--
INFO: Run Behavior\WriteHtmlCacheBehavior [ RunTime:0.006519s ]
INFO: [ view_filter ] --END-- [ RunTime:0.007068s ]
INFO: [ app_end ] --START--
INFO: Run Behavior\ShowPageTraceBehavior [ RunTime:0.010813s ]
INFO: [ app_end ] --END-- [ RunTime:0.011343s ]

[ 2016-12-13T21:48:30+08:00 ] ::1 /blog/index.php/Admin/Index/ms.html
INFO: [ app_init ] --START--
INFO: Run Behavior\BuildLiteBehavior [ RunTime:0.000163s ]
INFO: [ app_init ] --END-- [ RunTime:0.008180s ]
INFO: [ app_begin ] --START--
INFO: Run Behavior\ReadHtmlCacheBehavior [ RunTime:0.012442s ]
INFO: [ app_begin ] --END-- [ RunTime:0.013175s ]

[ 2016-12-13T21:48:52+08:00 ] ::1 /blog/index.php/Admin/Index/index.html
INFO: [ app_init ] --START--
INFO: Run Behavior\BuildLiteBehavior [ RunTime:0.000094s ]
INFO: [ app_init ] --END-- [ RunTime:0.010452s ]
INFO: [ app_begin ] --START--
INFO: Run Behavior\ReadHtmlCacheBehavior [ RunTime:0.007014s ]
INFO: [ app_begin ] --END-- [ RunTime:0.007527s ]
SQL: SHOW COLUMNS FROM `tp_user` [ RunTime:0.1518s ]
SQL: SELECT `lasttime` FROM `tp_user` WHERE `username` = 'hzx' LIMIT 1   [ RunTime:0.0011s ]
SQL: SELECT * FROM `tp_user` WHERE `state` = 1 ORDER BY lasttime desc LIMIT 5   [ RunTime:0.0017s ]
SQL: SHOW COLUMNS FROM `tp_knowledge` [ RunTime:0.0902s ]
SQL: SELECT `title` FROM `tp_knowledge` ORDER BY publishtime desc LIMIT 1   [ RunTime:0.0010s ]
SQL: SELECT `img` FROM `tp_knowledge` ORDER BY publishtime desc LIMIT 1   [ RunTime:0.0010s ]
SQL: SHOW COLUMNS FROM `tp_img` [ RunTime:0.1186s ]
SQL: SELECT `img` FROM `tp_img` ORDER BY publishtime desc LIMIT 1   [ RunTime:0.0010s ]
SQL: SHOW COLUMNS FROM `tp_pinglun` [ RunTime:0.0817s ]
SQL: SELECT `content` FROM `tp_pinglun` ORDER BY publishtime desc LIMIT 1   [ RunTime:0.0011s ]
SQL: SHOW COLUMNS FROM `tp_message` [ RunTime:0.1280s ]
SQL: SELECT COUNT(*) AS tp_count FROM `tp_message` LIMIT 1   [ RunTime:0.0010s ]
SQL: SELECT * FROM `tp_message` ORDER BY publishtime desc LIMIT 0,5   [ RunTime:0.0017s ]
SQL: SELECT COUNT(*) AS tp_count FROM `tp_user` WHERE `state` = 1 LIMIT 1   [ RunTime:0.0010s ]
SQL: SELECT COUNT(*) AS tp_count FROM `tp_message` LIMIT 1   [ RunTime:0.0011s ]
SQL: SELECT COUNT(*) AS tp_count FROM `tp_pinglun` LIMIT 1   [ RunTime:0.0010s ]
SQL: SHOW COLUMNS FROM `tp_knowledgecount` [ RunTime:0.1320s ]
ERR: 1064:Erreur de syntaxe près de 'read asc LIMIT 1' à la ligne 1
 [ SQL语句 ] : SELECT * FROM `tp_knowledgecount` ORDER BY read asc LIMIT 1  
ERR: 1064:Erreur de syntaxe près de 'read asc LIMIT 1' à la ligne 1
 [ SQL语句 ] : SELECT * FROM `tp_knowledgecount` ORDER BY read asc LIMIT 1  

[ 2016-12-13T21:51:12+08:00 ] ::1 /blog/index.php/Admin/Index/index.html
INFO: [ app_init ] --START--
INFO: Run Behavior\BuildLiteBehavior [ RunTime:0.000090s ]
INFO: [ app_init ] --END-- [ RunTime:0.004772s ]
INFO: [ app_begin ] --START--
INFO: Run Behavior\ReadHtmlCacheBehavior [ RunTime:0.010046s ]
INFO: [ app_begin ] --END-- [ RunTime:0.010587s ]
SQL: SHOW COLUMNS FROM `tp_user` [ RunTime:0.0770s ]
SQL: SELECT `lasttime` FROM `tp_user` WHERE `username` = 'hzx' LIMIT 1   [ RunTime:0.0030s ]
SQL: SELECT * FROM `tp_user` WHERE `state` = 1 ORDER BY lasttime desc LIMIT 5   [ RunTime:0.0016s ]
SQL: SHOW COLUMNS FROM `tp_knowledge` [ RunTime:0.1263s ]
SQL: SELECT `title` FROM `tp_knowledge` ORDER BY publishtime desc LIMIT 1   [ RunTime:0.0010s ]
SQL: SELECT `img` FROM `tp_knowledge` ORDER BY publishtime desc LIMIT 1   [ RunTime:0.0009s ]
SQL: SHOW COLUMNS FROM `tp_img` [ RunTime:0.1039s ]
SQL: SELECT `img` FROM `tp_img` ORDER BY publishtime desc LIMIT 1   [ RunTime:0.0011s ]
SQL: SHOW COLUMNS FROM `tp_pinglun` [ RunTime:0.1337s ]
SQL: SELECT `content` FROM `tp_pinglun` ORDER BY publishtime desc LIMIT 1   [ RunTime:0.0011s ]
SQL: SHOW COLUMNS FROM `tp_message` [ RunTime:0.1091s ]
SQL: SELECT COUNT(*) AS tp_count FROM `tp_message` LIMIT 1   [ RunTime:0.0010s ]
SQL: SELECT * FROM `tp_message` ORDER BY publishtime desc LIMIT 0,5   [ RunTime:0.0013s ]
SQL: SELECT COUNT(*) AS tp_count FROM `tp_user` WHERE `state` = 1 LIMIT 1   [ RunTime:0.0009s ]
SQL: SELECT COUNT(*) AS tp_count FROM `tp_message` LIMIT 1   [ RunTime:0.0009s ]
SQL: SELECT COUNT(*) AS tp_count FROM `tp_pinglun` LIMIT 1   [ RunTime:0.0009s ]
SQL: SHOW COLUMNS FROM `tp_knowledgecount` [ RunTime:0.0763s ]
ERR: 1064:Erreur de syntaxe près de 'read asc' à la ligne 1
 [ SQL语句 ] : SELECT * FROM `tp_knowledgecount` ORDER BY read asc 
ERR: 1064:Erreur de syntaxe près de 'read asc' à la ligne 1
 [ SQL语句 ] : SELECT * FROM `tp_knowledgecount` ORDER BY read asc 

[ 2016-12-13T21:51:53+08:00 ] ::1 /blog/index.php/Admin/Index/index.html
INFO: [ app_init ] --START--
INFO: Run Behavior\BuildLiteBehavior [ RunTime:0.000096s ]
INFO: [ app_init ] --END-- [ RunTime:0.009124s ]
INFO: [ app_begin ] --START--
INFO: Run Behavior\ReadHtmlCacheBehavior [ RunTime:0.009866s ]
INFO: [ app_begin ] --END-- [ RunTime:0.010408s ]
SQL: SHOW COLUMNS FROM `tp_user` [ RunTime:0.1406s ]
SQL: SELECT `lasttime` FROM `tp_user` WHERE `username` = 'hzx' LIMIT 1   [ RunTime:0.0012s ]
SQL: SELECT * FROM `tp_user` WHERE `state` = 1 ORDER BY lasttime desc LIMIT 5   [ RunTime:0.0018s ]
SQL: SHOW COLUMNS FROM `tp_knowledge` [ RunTime:0.1448s ]
SQL: SELECT `title` FROM `tp_knowledge` ORDER BY publishtime desc LIMIT 1   [ RunTime:0.0011s ]
SQL: SELECT `img` FROM `tp_knowledge` ORDER BY publishtime desc LIMIT 1   [ RunTime:0.0010s ]
SQL: SHOW COLUMNS FROM `tp_img` [ RunTime:0.1384s ]
SQL: SELECT `img` FROM `tp_img` ORDER BY publishtime desc LIMIT 1   [ RunTime:0.0010s ]
SQL: SHOW COLUMNS FROM `tp_pinglun` [ RunTime:0.1150s ]
SQL: SELECT `content` FROM `tp_pinglun` ORDER BY publishtime desc LIMIT 1   [ RunTime:0.0011s ]
SQL: SHOW COLUMNS FROM `tp_message` [ RunTime:0.0953s ]
SQL: SELECT COUNT(*) AS tp_count FROM `tp_message` LIMIT 1   [ RunTime:0.0009s ]
SQL: SELECT * FROM `tp_message` ORDER BY publishtime desc LIMIT 0,5   [ RunTime:0.0016s ]
SQL: SELECT COUNT(*) AS tp_count FROM `tp_user` WHERE `state` = 1 LIMIT 1   [ RunTime:0.0011s ]
SQL: SELECT COUNT(*) AS tp_count FROM `tp_message` LIMIT 1   [ RunTime:0.0009s ]
SQL: SELECT COUNT(*) AS tp_count FROM `tp_pinglun` LIMIT 1   [ RunTime:0.0009s ]
SQL: SHOW COLUMNS FROM `tp_knowledgecount` [ RunTime:0.0846s ]
ERR: 1064:Erreur de syntaxe près de 'read desc LIMIT 1' à la ligne 1
 [ SQL语句 ] : SELECT * FROM `tp_knowledgecount` ORDER BY read desc LIMIT 1  
ERR: 1064:Erreur de syntaxe près de 'read desc LIMIT 1' à la ligne 1
 [ SQL语句 ] : SELECT * FROM `tp_knowledgecount` ORDER BY read desc LIMIT 1  

[ 2016-12-13T21:52:04+08:00 ] ::1 /blog/index.php/Admin/Index/index.html
INFO: [ app_init ] --START--
INFO: Run Behavior\BuildLiteBehavior [ RunTime:0.000090s ]
INFO: [ app_init ] --END-- [ RunTime:0.006783s ]
INFO: [ app_begin ] --START--
INFO: Run Behavior\ReadHtmlCacheBehavior [ RunTime:0.008947s ]
INFO: [ app_begin ] --END-- [ RunTime:0.009450s ]
SQL: SHOW COLUMNS FROM `tp_user` [ RunTime:0.1312s ]
SQL: SELECT `lasttime` FROM `tp_user` WHERE `username` = 'hzx' LIMIT 1   [ RunTime:0.0010s ]
SQL: SELECT * FROM `tp_user` WHERE `state` = 1 ORDER BY lasttime desc LIMIT 5   [ RunTime:0.0016s ]
SQL: SHOW COLUMNS FROM `tp_knowledge` [ RunTime:0.1364s ]
SQL: SELECT `title` FROM `tp_knowledge` ORDER BY publishtime desc LIMIT 1   [ RunTime:0.0012s ]
SQL: SELECT `img` FROM `tp_knowledge` ORDER BY publishtime desc LIMIT 1   [ RunTime:0.0010s ]
SQL: SHOW COLUMNS FROM `tp_img` [ RunTime:0.1296s ]
SQL: SELECT `img` FROM `tp_img` ORDER BY publishtime desc LIMIT 1   [ RunTime:0.0011s ]
SQL: SHOW COLUMNS FROM `tp_pinglun` [ RunTime:0.1357s ]
SQL: SELECT `content` FROM `tp_pinglun` ORDER BY publishtime desc LIMIT 1   [ RunTime:0.0011s ]
SQL: SHOW COLUMNS FROM `tp_message` [ RunTime:0.1197s ]
SQL: SELECT COUNT(*) AS tp_count FROM `tp_message` LIMIT 1   [ RunTime:0.0010s ]
SQL: SELECT * FROM `tp_message` ORDER BY publishtime desc LIMIT 0,5   [ RunTime:0.0014s ]
SQL: SELECT COUNT(*) AS tp_count FROM `tp_user` WHERE `state` = 1 LIMIT 1   [ RunTime:0.0010s ]
SQL: SELECT COUNT(*) AS tp_count FROM `tp_message` LIMIT 1   [ RunTime:0.0009s ]
SQL: SELECT COUNT(*) AS tp_count FROM `tp_pinglun` LIMIT 1   [ RunTime:0.0008s ]
SQL: SHOW COLUMNS FROM `tp_knowledgecount` [ RunTime:0.1161s ]
ERR: 1064:Erreur de syntaxe près de 'read desc LIMIT 1' à la ligne 1
 [ SQL语句 ] : SELECT * FROM `tp_knowledgecount` GROUP BY read desc LIMIT 1  
ERR: 1064:Erreur de syntaxe près de 'read desc LIMIT 1' à la ligne 1
 [ SQL语句 ] : SELECT * FROM `tp_knowledgecount` GROUP BY read desc LIMIT 1  

[ 2016-12-13T21:52:58+08:00 ] ::1 /blog/index.php/Admin/Index/index.html
INFO: [ app_init ] --START--
INFO: Run Behavior\BuildLiteBehavior [ RunTime:0.000120s ]
INFO: [ app_init ] --END-- [ RunTime:0.008873s ]
INFO: [ app_begin ] --START--
INFO: Run Behavior\ReadHtmlCacheBehavior [ RunTime:0.010883s ]
INFO: [ app_begin ] --END-- [ RunTime:0.011543s ]
SQL: SHOW COLUMNS FROM `tp_user` [ RunTime:0.1377s ]
SQL: SELECT `lasttime` FROM `tp_user` WHERE `username` = 'hzx' LIMIT 1   [ RunTime:0.0010s ]
SQL: SELECT * FROM `tp_user` WHERE `state` = 1 ORDER BY lasttime desc LIMIT 5   [ RunTime:0.0019s ]
SQL: SHOW COLUMNS FROM `tp_knowledge` [ RunTime:0.0875s ]
SQL: SELECT `title` FROM `tp_knowledge` ORDER BY publishtime desc LIMIT 1   [ RunTime:0.0011s ]
SQL: SELECT `img` FROM `tp_knowledge` ORDER BY publishtime desc LIMIT 1   [ RunTime:0.0010s ]
SQL: SHOW COLUMNS FROM `tp_img` [ RunTime:0.1176s ]
SQL: SELECT `img` FROM `tp_img` ORDER BY publishtime desc LIMIT 1   [ RunTime:0.0010s ]
SQL: SHOW COLUMNS FROM `tp_pinglun` [ RunTime:0.1217s ]
SQL: SELECT `content` FROM `tp_pinglun` ORDER BY publishtime desc LIMIT 1   [ RunTime:0.0011s ]
SQL: SHOW COLUMNS FROM `tp_message` [ RunTime:0.1228s ]
SQL: SELECT COUNT(*) AS tp_count FROM `tp_message` LIMIT 1   [ RunTime:0.0010s ]
SQL: SELECT * FROM `tp_message` ORDER BY publishtime desc LIMIT 0,5   [ RunTime:0.0013s ]
SQL: SELECT COUNT(*) AS tp_count FROM `tp_user` WHERE `state` = 1 LIMIT 1   [ RunTime:0.0010s ]
SQL: SELECT COUNT(*) AS tp_count FROM `tp_message` LIMIT 1   [ RunTime:0.0009s ]
SQL: SELECT COUNT(*) AS tp_count FROM `tp_pinglun` LIMIT 1   [ RunTime:0.0009s ]
SQL: SHOW COLUMNS FROM `tp_knowledgecount` [ RunTime:0.1054s ]
ERR: 1064:Erreur de syntaxe près de 'read desc LIMIT 1' à la ligne 1
 [ SQL语句 ] : SELECT * FROM `tp_knowledgecount` ORDER BY read desc LIMIT 1  
ERR: 1064:Erreur de syntaxe près de 'read desc LIMIT 1' à la ligne 1
 [ SQL语句 ] : SELECT * FROM `tp_knowledgecount` ORDER BY read desc LIMIT 1  

[ 2016-12-13T21:53:23+08:00 ] ::1 /blog/index.php/Admin/Index/index.html
INFO: [ app_init ] --START--
INFO: Run Behavior\BuildLiteBehavior [ RunTime:0.000091s ]
INFO: [ app_init ] --END-- [ RunTime:0.005681s ]
INFO: [ app_begin ] --START--
INFO: Run Behavior\ReadHtmlCacheBehavior [ RunTime:0.005913s ]
INFO: [ app_begin ] --END-- [ RunTime:0.006468s ]
SQL: SHOW COLUMNS FROM `tp_user` [ RunTime:0.1257s ]
SQL: SELECT `lasttime` FROM `tp_user` WHERE `username` = 'hzx' LIMIT 1   [ RunTime:0.0011s ]
SQL: SELECT * FROM `tp_user` WHERE `state` = 1 ORDER BY lasttime desc LIMIT 5   [ RunTime:0.0016s ]
SQL: SHOW COLUMNS FROM `tp_knowledge` [ RunTime:0.1046s ]
SQL: SELECT `title` FROM `tp_knowledge` ORDER BY publishtime desc LIMIT 1   [ RunTime:0.0011s ]
SQL: SELECT `img` FROM `tp_knowledge` ORDER BY publishtime desc LIMIT 1   [ RunTime:0.0010s ]
SQL: SHOW COLUMNS FROM `tp_img` [ RunTime:0.0733s ]
SQL: SELECT `img` FROM `tp_img` ORDER BY publishtime desc LIMIT 1   [ RunTime:0.0011s ]
SQL: SHOW COLUMNS FROM `tp_pinglun` [ RunTime:0.1090s ]
SQL: SELECT `content` FROM `tp_pinglun` ORDER BY publishtime desc LIMIT 1   [ RunTime:0.0012s ]
SQL: SHOW COLUMNS FROM `tp_message` [ RunTime:0.0729s ]
SQL: SELECT COUNT(*) AS tp_count FROM `tp_message` LIMIT 1   [ RunTime:0.0010s ]
SQL: SELECT * FROM `tp_message` ORDER BY publishtime desc LIMIT 0,5   [ RunTime:0.0013s ]
SQL: SELECT COUNT(*) AS tp_count FROM `tp_user` WHERE `state` = 1 LIMIT 1   [ RunTime:0.0009s ]
SQL: SELECT COUNT(*) AS tp_count FROM `tp_message` LIMIT 1   [ RunTime:0.0009s ]
SQL: SELECT COUNT(*) AS tp_count FROM `tp_pinglun` LIMIT 1   [ RunTime:0.0009s ]
SQL: SHOW COLUMNS FROM `tp_knowledgecount` [ RunTime:0.0659s ]
ERR: 1054:Champ 'commnet' inconnu dans order clause
 [ SQL语句 ] : SELECT * FROM `tp_knowledgecount` ORDER BY commnet desc LIMIT 1  
ERR: 1054:Champ 'commnet' inconnu dans order clause
 [ SQL语句 ] : SELECT * FROM `tp_knowledgecount` ORDER BY commnet desc LIMIT 1  

[ 2016-12-13T21:56:18+08:00 ] ::1 /blog/index.php/Admin/Index/index.html
INFO: [ app_init ] --START--
INFO: Run Behavior\BuildLiteBehavior [ RunTime:0.000090s ]
INFO: [ app_init ] --END-- [ RunTime:0.008316s ]
INFO: [ app_begin ] --START--
INFO: Run Behavior\ReadHtmlCacheBehavior [ RunTime:0.008552s ]
INFO: [ app_begin ] --END-- [ RunTime:0.009011s ]

[ 2016-12-13T21:56:44+08:00 ] ::1 /blog/index.php/Admin/Index/index.html
INFO: [ app_init ] --START--
INFO: Run Behavior\BuildLiteBehavior [ RunTime:0.000093s ]
INFO: [ app_init ] --END-- [ RunTime:0.008863s ]
INFO: [ app_begin ] --START--
INFO: Run Behavior\ReadHtmlCacheBehavior [ RunTime:0.007165s ]
INFO: [ app_begin ] --END-- [ RunTime:0.007913s ]

[ 2016-12-13T21:58:33+08:00 ] ::1 /blog/index.php/Admin/Index/index.html
INFO: [ app_init ] --START--
INFO: Run Behavior\BuildLiteBehavior [ RunTime:0.000093s ]
INFO: [ app_init ] --END-- [ RunTime:0.006034s ]
INFO: [ app_begin ] --START--
INFO: Run Behavior\ReadHtmlCacheBehavior [ RunTime:0.010213s ]
INFO: [ app_begin ] --END-- [ RunTime:0.010686s ]
SQL: SHOW COLUMNS FROM `tp_user` [ RunTime:0.0831s ]
SQL: SELECT `lasttime` FROM `tp_user` WHERE `username` = 'hzx' LIMIT 1   [ RunTime:0.0011s ]
SQL: SELECT * FROM `tp_user` WHERE `state` = 1 ORDER BY lasttime desc LIMIT 5   [ RunTime:0.0016s ]
SQL: SHOW COLUMNS FROM `tp_knowledge` [ RunTime:0.1088s ]
SQL: SELECT `title` FROM `tp_knowledge` ORDER BY publishtime desc LIMIT 1   [ RunTime:0.0012s ]
SQL: SELECT `img` FROM `tp_knowledge` ORDER BY publishtime desc LIMIT 1   [ RunTime:0.0009s ]
SQL: SHOW COLUMNS FROM `tp_img` [ RunTime:0.1290s ]
SQL: SELECT `img` FROM `tp_img` ORDER BY publishtime desc LIMIT 1   [ RunTime:0.0010s ]
SQL: SHOW COLUMNS FROM `tp_pinglun` [ RunTime:0.1259s ]
SQL: SELECT `content` FROM `tp_pinglun` ORDER BY publishtime desc LIMIT 1   [ RunTime:0.0011s ]
SQL: SHOW COLUMNS FROM `tp_message` [ RunTime:0.1095s ]
SQL: SELECT COUNT(*) AS tp_count FROM `tp_message` LIMIT 1   [ RunTime:0.0010s ]
SQL: SELECT * FROM `tp_message` ORDER BY publishtime desc LIMIT 0,5   [ RunTime:0.0013s ]
SQL: SELECT COUNT(*) AS tp_count FROM `tp_user` WHERE `state` = 1 LIMIT 1   [ RunTime:0.0009s ]
SQL: SELECT COUNT(*) AS tp_count FROM `tp_message` LIMIT 1   [ RunTime:0.0011s ]
SQL: SELECT COUNT(*) AS tp_count FROM `tp_pinglun` LIMIT 1   [ RunTime:0.0008s ]
SQL: SHOW COLUMNS FROM `tp_knowledgecount` [ RunTime:0.1222s ]
ERR: 1064:Erreur de syntaxe près de 'read) AS tp_max FROM `tp_knowledgecount` LIMIT 1' à la ligne 1
 [ SQL语句 ] : SELECT MAX(read) AS tp_max FROM `tp_knowledgecount` LIMIT 1  
ERR: 1064:Erreur de syntaxe près de 'read) AS tp_max FROM `tp_knowledgecount` LIMIT 1' à la ligne 1
 [ SQL语句 ] : SELECT MAX(read) AS tp_max FROM `tp_knowledgecount` LIMIT 1  

[ 2016-12-13T21:59:12+08:00 ] ::1 /blog/index.php/Admin/Index/index.html
INFO: [ app_init ] --START--
INFO: Run Behavior\BuildLiteBehavior [ RunTime:0.000093s ]
INFO: [ app_init ] --END-- [ RunTime:0.009367s ]
INFO: [ app_begin ] --START--
INFO: Run Behavior\ReadHtmlCacheBehavior [ RunTime:0.009917s ]
INFO: [ app_begin ] --END-- [ RunTime:0.010394s ]
SQL: SHOW COLUMNS FROM `tp_user` [ RunTime:0.1167s ]
SQL: SELECT `lasttime` FROM `tp_user` WHERE `username` = 'hzx' LIMIT 1   [ RunTime:0.0011s ]
SQL: SELECT * FROM `tp_user` WHERE `state` = 1 ORDER BY lasttime desc LIMIT 5   [ RunTime:0.0016s ]
SQL: SHOW COLUMNS FROM `tp_knowledge` [ RunTime:0.1323s ]
SQL: SELECT `title` FROM `tp_knowledge` ORDER BY publishtime desc LIMIT 1   [ RunTime:0.0011s ]
SQL: SELECT `img` FROM `tp_knowledge` ORDER BY publishtime desc LIMIT 1   [ RunTime:0.0009s ]
SQL: SHOW COLUMNS FROM `tp_img` [ RunTime:0.1269s ]
SQL: SELECT `img` FROM `tp_img` ORDER BY publishtime desc LIMIT 1   [ RunTime:0.0010s ]
SQL: SHOW COLUMNS FROM `tp_pinglun` [ RunTime:0.1385s ]
SQL: SELECT `content` FROM `tp_pinglun` ORDER BY publishtime desc LIMIT 1   [ RunTime:0.0011s ]
SQL: SHOW COLUMNS FROM `tp_message` [ RunTime:0.1169s ]
SQL: SELECT COUNT(*) AS tp_count FROM `tp_message` LIMIT 1   [ RunTime:0.0010s ]
SQL: SELECT * FROM `tp_message` ORDER BY publishtime desc LIMIT 0,5   [ RunTime:0.0013s ]
SQL: SELECT COUNT(*) AS tp_count FROM `tp_user` WHERE `state` = 1 LIMIT 1   [ RunTime:0.0010s ]
SQL: SELECT COUNT(*) AS tp_count FROM `tp_message` LIMIT 1   [ RunTime:0.0009s ]
SQL: SELECT COUNT(*) AS tp_count FROM `tp_pinglun` LIMIT 1   [ RunTime:0.0008s ]
SQL: SHOW COLUMNS FROM `tp_knowledgecount` [ RunTime:0.1002s ]
ERR: 1064:Erreur de syntaxe près de 'read) AS tp_max FROM `tp_knowledgecount` LIMIT 1' à la ligne 1
 [ SQL语句 ] : SELECT MAX(read) AS tp_max FROM `tp_knowledgecount` LIMIT 1  
ERR: 1064:Erreur de syntaxe près de 'read) AS tp_max FROM `tp_knowledgecount` LIMIT 1' à la ligne 1
 [ SQL语句 ] : SELECT MAX(read) AS tp_max FROM `tp_knowledgecount` LIMIT 1  

[ 2016-12-13T22:00:17+08:00 ] ::1 /blog/index.php/Admin/Index/index.html
INFO: [ app_init ] --START--
INFO: Run Behavior\BuildLiteBehavior [ RunTime:0.000091s ]
INFO: [ app_init ] --END-- [ RunTime:0.005714s ]
INFO: [ app_begin ] --START--
INFO: Run Behavior\ReadHtmlCacheBehavior [ RunTime:0.009464s ]
INFO: [ app_begin ] --END-- [ RunTime:0.009925s ]
SQL: SHOW COLUMNS FROM `tp_user` [ RunTime:0.0762s ]
SQL: SELECT `lasttime` FROM `tp_user` WHERE `username` = 'hzx' LIMIT 1   [ RunTime:0.0011s ]
SQL: SELECT * FROM `tp_user` WHERE `state` = 1 ORDER BY lasttime desc LIMIT 5   [ RunTime:0.0016s ]
SQL: SHOW COLUMNS FROM `tp_knowledge` [ RunTime:0.0762s ]
SQL: SELECT `title` FROM `tp_knowledge` ORDER BY publishtime desc LIMIT 1   [ RunTime:0.0011s ]
SQL: SELECT `img` FROM `tp_knowledge` ORDER BY publishtime desc LIMIT 1   [ RunTime:0.0010s ]
SQL: SHOW COLUMNS FROM `tp_img` [ RunTime:0.1002s ]
SQL: SELECT `img` FROM `tp_img` ORDER BY publishtime desc LIMIT 1   [ RunTime:0.0011s ]
SQL: SHOW COLUMNS FROM `tp_pinglun` [ RunTime:0.1243s ]
SQL: SELECT `content` FROM `tp_pinglun` ORDER BY publishtime desc LIMIT 1   [ RunTime:0.0011s ]
SQL: SHOW COLUMNS FROM `tp_message` [ RunTime:0.1110s ]
SQL: SELECT COUNT(*) AS tp_count FROM `tp_message` LIMIT 1   [ RunTime:0.0010s ]
SQL: SELECT * FROM `tp_message` ORDER BY publishtime desc LIMIT 0,5   [ RunTime:0.0013s ]
SQL: SELECT COUNT(*) AS tp_count FROM `tp_user` WHERE `state` = 1 LIMIT 1   [ RunTime:0.0010s ]
SQL: SELECT COUNT(*) AS tp_count FROM `tp_message` LIMIT 1   [ RunTime:0.0009s ]
SQL: SELECT COUNT(*) AS tp_count FROM `tp_pinglun` LIMIT 1   [ RunTime:0.0008s ]
SQL: SHOW COLUMNS FROM `tp_knowledgecount` [ RunTime:0.1322s ]
ERR: 1064:Erreur de syntaxe près de 'read) AS tp_max FROM `tp_knowledgecount` LIMIT 1' à la ligne 1
 [ SQL语句 ] : SELECT MAX(read) AS tp_max FROM `tp_knowledgecount` LIMIT 1  
ERR: 1064:Erreur de syntaxe près de 'read) AS tp_max FROM `tp_knowledgecount` LIMIT 1' à la ligne 1
 [ SQL语句 ] : SELECT MAX(read) AS tp_max FROM `tp_knowledgecount` LIMIT 1  

[ 2016-12-13T22:03:38+08:00 ] ::1 /blog/index.php/Admin/Index/index.html
INFO: [ app_init ] --START--
INFO: Run Behavior\BuildLiteBehavior [ RunTime:0.000096s ]
INFO: [ app_init ] --END-- [ RunTime:0.006634s ]
INFO: [ app_begin ] --START--
INFO: Run Behavior\ReadHtmlCacheBehavior [ RunTime:0.007958s ]
INFO: [ app_begin ] --END-- [ RunTime:0.008461s ]
SQL: SHOW COLUMNS FROM `tp_user` [ RunTime:0.1164s ]
SQL: SELECT `lasttime` FROM `tp_user` WHERE `username` = 'hzx' LIMIT 1   [ RunTime:0.0011s ]
SQL: SELECT * FROM `tp_user` WHERE `state` = 1 ORDER BY lasttime desc LIMIT 5   [ RunTime:0.0016s ]
SQL: SHOW COLUMNS FROM `tp_knowledge` [ RunTime:0.1067s ]
SQL: SELECT `title` FROM `tp_knowledge` ORDER BY publishtime desc LIMIT 1   [ RunTime:0.0011s ]
SQL: SELECT `img` FROM `tp_knowledge` ORDER BY publishtime desc LIMIT 1   [ RunTime:0.0009s ]
SQL: SHOW COLUMNS FROM `tp_img` [ RunTime:0.1002s ]
SQL: SELECT `img` FROM `tp_img` ORDER BY publishtime desc LIMIT 1   [ RunTime:0.0010s ]
SQL: SHOW COLUMNS FROM `tp_pinglun` [ RunTime:0.1335s ]
SQL: SELECT `content` FROM `tp_pinglun` ORDER BY publishtime desc LIMIT 1   [ RunTime:0.0012s ]
SQL: SHOW COLUMNS FROM `tp_message` [ RunTime:0.0843s ]
SQL: SELECT COUNT(*) AS tp_count FROM `tp_message` LIMIT 1   [ RunTime:0.0010s ]
SQL: SELECT * FROM `tp_message` ORDER BY publishtime desc LIMIT 0,5   [ RunTime:0.0013s ]
SQL: SELECT COUNT(*) AS tp_count FROM `tp_user` WHERE `state` = 1 LIMIT 1   [ RunTime:0.0009s ]
SQL: SELECT COUNT(*) AS tp_count FROM `tp_message` LIMIT 1   [ RunTime:0.0010s ]
SQL: SELECT COUNT(*) AS tp_count FROM `tp_pinglun` LIMIT 1   [ RunTime:0.0008s ]
SQL: SHOW COLUMNS FROM `tp_knowledgecount` [ RunTime:0.1300s ]
SQL: SELECT * FROM `tp_knowledgecount`  [ RunTime:0.0011s ]
NOTIC: [8] Undefined variable: filets F:\wamp\wamp\www\blog\Application\Admin\Controller\IndexController.class.php 第 73 行.
INFO: [ view_parse ] --START--
INFO: [ template_filter ] --START--
INFO: Run Behavior\ContentReplaceBehavior [ RunTime:0.000390s ]
INFO: [ template_filter ] --END-- [ RunTime:0.000801s ]
NOTIC: [8] Undefined variable: host F:\wamp\wamp\www\blog\Application\Runtime\Cache\Admin\b595b808c2ebeeeb0478ffc30bb4e87a.php 第 78 行.
INFO: Run Behavior\ParseTemplateBehavior [ RunTime:0.096847s ]
INFO: [ view_parse ] --END-- [ RunTime:0.097437s ]
INFO: [ view_filter ] --START--
INFO: Run Behavior\WriteHtmlCacheBehavior [ RunTime:0.009536s ]
INFO: [ view_filter ] --END-- [ RunTime:0.009941s ]
INFO: [ app_end ] --START--
INFO: Run Behavior\ShowPageTraceBehavior [ RunTime:0.010356s ]
INFO: [ app_end ] --END-- [ RunTime:0.010942s ]

[ 2016-12-13T22:03:40+08:00 ] ::1 /blog/index.php/Admin/Index/ms.html
INFO: [ app_init ] --START--
INFO: Run Behavior\BuildLiteBehavior [ RunTime:0.000244s ]
INFO: [ app_init ] --END-- [ RunTime:0.010081s ]
INFO: [ app_begin ] --START--
INFO: Run Behavior\ReadHtmlCacheBehavior [ RunTime:0.011364s ]
INFO: [ app_begin ] --END-- [ RunTime:0.012224s ]

[ 2016-12-13T22:03:44+08:00 ] ::1 /blog/index.php/Admin/Index/index.html
INFO: [ app_init ] --START--
INFO: Run Behavior\BuildLiteBehavior [ RunTime:0.000113s ]
INFO: [ app_init ] --END-- [ RunTime:0.009178s ]
INFO: [ app_begin ] --START--
INFO: Run Behavior\ReadHtmlCacheBehavior [ RunTime:0.010328s ]
INFO: [ app_begin ] --END-- [ RunTime:0.010868s ]
SQL: SHOW COLUMNS FROM `tp_user` [ RunTime:0.1152s ]
SQL: SELECT `lasttime` FROM `tp_user` WHERE `username` = 'hzx' LIMIT 1   [ RunTime:0.0010s ]
SQL: SELECT * FROM `tp_user` WHERE `state` = 1 ORDER BY lasttime desc LIMIT 5   [ RunTime:0.0016s ]
SQL: SHOW COLUMNS FROM `tp_knowledge` [ RunTime:0.0803s ]
SQL: SELECT `title` FROM `tp_knowledge` ORDER BY publishtime desc LIMIT 1   [ RunTime:0.0011s ]
SQL: SELECT `img` FROM `tp_knowledge` ORDER BY publishtime desc LIMIT 1   [ RunTime:0.0010s ]
SQL: SHOW COLUMNS FROM `tp_img` [ RunTime:0.0650s ]
SQL: SELECT `img` FROM `tp_img` ORDER BY publishtime desc LIMIT 1   [ RunTime:0.0009s ]
SQL: SHOW COLUMNS FROM `tp_pinglun` [ RunTime:0.1443s ]
SQL: SELECT `content` FROM `tp_pinglun` ORDER BY publishtime desc LIMIT 1   [ RunTime:0.0013s ]
SQL: SHOW COLUMNS FROM `tp_message` [ RunTime:0.1524s ]
SQL: SELECT COUNT(*) AS tp_count FROM `tp_message` LIMIT 1   [ RunTime:0.0009s ]
SQL: SELECT * FROM `tp_message` ORDER BY publishtime desc LIMIT 0,5   [ RunTime:0.0015s ]
SQL: SELECT COUNT(*) AS tp_count FROM `tp_user` WHERE `state` = 1 LIMIT 1   [ RunTime:0.0009s ]
SQL: SELECT COUNT(*) AS tp_count FROM `tp_message` LIMIT 1   [ RunTime:0.0011s ]
SQL: SELECT COUNT(*) AS tp_count FROM `tp_pinglun` LIMIT 1   [ RunTime:0.0010s ]
SQL: SHOW COLUMNS FROM `tp_knowledgecount` [ RunTime:0.0595s ]
SQL: SELECT * FROM `tp_knowledgecount`  [ RunTime:0.0010s ]
NOTIC: [8] Undefined variable: filets F:\wamp\wamp\www\blog\Application\Admin\Controller\IndexController.class.php 第 73 行.
INFO: [ view_parse ] --START--
INFO: [ template_filter ] --START--
INFO: Run Behavior\ContentReplaceBehavior [ RunTime:0.000392s ]
INFO: [ template_filter ] --END-- [ RunTime:0.000818s ]
NOTIC: [8] Undefined variable: host F:\wamp\wamp\www\blog\Application\Runtime\Cache\Admin\b595b808c2ebeeeb0478ffc30bb4e87a.php 第 78 行.
INFO: Run Behavior\ParseTemplateBehavior [ RunTime:0.077666s ]
INFO: [ view_parse ] --END-- [ RunTime:0.078107s ]
INFO: [ view_filter ] --START--
INFO: Run Behavior\WriteHtmlCacheBehavior [ RunTime:0.009523s ]
INFO: [ view_filter ] --END-- [ RunTime:0.009925s ]
INFO: [ app_end ] --START--
INFO: Run Behavior\ShowPageTraceBehavior [ RunTime:0.013291s ]
INFO: [ app_end ] --END-- [ RunTime:0.013903s ]

[ 2016-12-13T22:03:45+08:00 ] ::1 /blog/index.php/Admin/Index/ms.html
INFO: [ app_init ] --START--
INFO: Run Behavior\BuildLiteBehavior [ RunTime:0.000106s ]
INFO: [ app_init ] --END-- [ RunTime:0.008106s ]
INFO: [ app_begin ] --START--
INFO: Run Behavior\ReadHtmlCacheBehavior [ RunTime:0.009107s ]
INFO: [ app_begin ] --END-- [ RunTime:0.009735s ]

[ 2016-12-13T22:04:04+08:00 ] ::1 /blog/index.php/Admin/Index/index.html
INFO: [ app_init ] --START--
INFO: Run Behavior\BuildLiteBehavior [ RunTime:0.000092s ]
INFO: [ app_init ] --END-- [ RunTime:0.008126s ]
INFO: [ app_begin ] --START--
INFO: Run Behavior\ReadHtmlCacheBehavior [ RunTime:0.005183s ]
INFO: [ app_begin ] --END-- [ RunTime:0.005648s ]
SQL: SHOW COLUMNS FROM `tp_user` [ RunTime:0.1172s ]
SQL: SELECT `lasttime` FROM `tp_user` WHERE `username` = 'hzx' LIMIT 1   [ RunTime:0.0010s ]
SQL: SELECT * FROM `tp_user` WHERE `state` = 1 ORDER BY lasttime desc LIMIT 5   [ RunTime:0.0016s ]
SQL: SHOW COLUMNS FROM `tp_knowledge` [ RunTime:0.1178s ]
SQL: SELECT `title` FROM `tp_knowledge` ORDER BY publishtime desc LIMIT 1   [ RunTime:0.0011s ]
SQL: SELECT `img` FROM `tp_knowledge` ORDER BY publishtime desc LIMIT 1   [ RunTime:0.0009s ]
SQL: SHOW COLUMNS FROM `tp_img` [ RunTime:0.1313s ]
SQL: SELECT `img` FROM `tp_img` ORDER BY publishtime desc LIMIT 1   [ RunTime:0.0010s ]
SQL: SHOW COLUMNS FROM `tp_pinglun` [ RunTime:0.1242s ]
SQL: SELECT `content` FROM `tp_pinglun` ORDER BY publishtime desc LIMIT 1   [ RunTime:0.0011s ]
SQL: SHOW COLUMNS FROM `tp_message` [ RunTime:0.1376s ]
SQL: SELECT COUNT(*) AS tp_count FROM `tp_message` LIMIT 1   [ RunTime:0.0011s ]
SQL: SELECT * FROM `tp_message` ORDER BY publishtime desc LIMIT 0,5   [ RunTime:0.0013s ]
SQL: SELECT COUNT(*) AS tp_count FROM `tp_user` WHERE `state` = 1 LIMIT 1   [ RunTime:0.0009s ]
SQL: SELECT COUNT(*) AS tp_count FROM `tp_message` LIMIT 1   [ RunTime:0.0009s ]
SQL: SELECT COUNT(*) AS tp_count FROM `tp_pinglun` LIMIT 1   [ RunTime:0.0009s ]
SQL: SHOW COLUMNS FROM `tp_knowledgecount` [ RunTime:0.1388s ]
ERR: 1064:Erreur de syntaxe près de 'read) AS tp_max FROM `tp_knowledgecount` LIMIT 1' à la ligne 1
 [ SQL语句 ] : SELECT MAX(read) AS tp_max FROM `tp_knowledgecount` LIMIT 1  
ERR: 1064:Erreur de syntaxe près de 'read) AS tp_max FROM `tp_knowledgecount` LIMIT 1' à la ligne 1
 [ SQL语句 ] : SELECT MAX(read) AS tp_max FROM `tp_knowledgecount` LIMIT 1  

[ 2016-12-13T22:04:15+08:00 ] ::1 /blog/index.php/Admin/Index/index.html
INFO: [ app_init ] --START--
INFO: Run Behavior\BuildLiteBehavior [ RunTime:0.000089s ]
INFO: [ app_init ] --END-- [ RunTime:0.007420s ]
INFO: [ app_begin ] --START--
INFO: Run Behavior\ReadHtmlCacheBehavior [ RunTime:0.009762s ]
INFO: [ app_begin ] --END-- [ RunTime:0.010232s ]
SQL: SHOW COLUMNS FROM `tp_user` [ RunTime:0.1331s ]
SQL: SELECT `lasttime` FROM `tp_user` WHERE `username` = 'hzx' LIMIT 1   [ RunTime:0.0010s ]
SQL: SELECT * FROM `tp_user` WHERE `state` = 1 ORDER BY lasttime desc LIMIT 5   [ RunTime:0.0016s ]
SQL: SHOW COLUMNS FROM `tp_knowledge` [ RunTime:0.0678s ]
SQL: SELECT `title` FROM `tp_knowledge` ORDER BY publishtime desc LIMIT 1   [ RunTime:0.0010s ]
SQL: SELECT `img` FROM `tp_knowledge` ORDER BY publishtime desc LIMIT 1   [ RunTime:0.0009s ]
SQL: SHOW COLUMNS FROM `tp_img` [ RunTime:0.0907s ]
SQL: SELECT `img` FROM `tp_img` ORDER BY publishtime desc LIMIT 1   [ RunTime:0.0010s ]
SQL: SHOW COLUMNS FROM `tp_pinglun` [ RunTime:0.1273s ]
SQL: SELECT `content` FROM `tp_pinglun` ORDER BY publishtime desc LIMIT 1   [ RunTime:0.0012s ]
SQL: SHOW COLUMNS FROM `tp_message` [ RunTime:0.0981s ]
SQL: SELECT COUNT(*) AS tp_count FROM `tp_message` LIMIT 1   [ RunTime:0.0011s ]
SQL: SELECT * FROM `tp_message` ORDER BY publishtime desc LIMIT 0,5   [ RunTime:0.0023s ]
SQL: SELECT COUNT(*) AS tp_count FROM `tp_user` WHERE `state` = 1 LIMIT 1   [ RunTime:0.0010s ]
SQL: SELECT COUNT(*) AS tp_count FROM `tp_message` LIMIT 1   [ RunTime:0.0010s ]
SQL: SELECT COUNT(*) AS tp_count FROM `tp_pinglun` LIMIT 1   [ RunTime:0.0013s ]
SQL: SHOW COLUMNS FROM `tp_knowledgecount` [ RunTime:0.1383s ]
ERR: 1064:Erreur de syntaxe près de 'read) AS tp_max FROM `tp_knowledgecount` LIMIT 1' à la ligne 1
 [ SQL语句 ] : SELECT MAX(read) AS tp_max FROM `tp_knowledgecount` LIMIT 1  
ERR: 1064:Erreur de syntaxe près de 'read) AS tp_max FROM `tp_knowledgecount` LIMIT 1' à la ligne 1
 [ SQL语句 ] : SELECT MAX(read) AS tp_max FROM `tp_knowledgecount` LIMIT 1  

[ 2016-12-13T22:04:25+08:00 ] ::1 /blog/index.php/Admin/Index/index.html
INFO: [ app_init ] --START--
INFO: Run Behavior\BuildLiteBehavior [ RunTime:0.000134s ]
INFO: [ app_init ] --END-- [ RunTime:0.003390s ]
INFO: [ app_begin ] --START--
INFO: Run Behavior\ReadHtmlCacheBehavior [ RunTime:0.005094s ]
INFO: [ app_begin ] --END-- [ RunTime:0.005574s ]
SQL: SHOW COLUMNS FROM `tp_user` [ RunTime:0.0664s ]
SQL: SELECT `lasttime` FROM `tp_user` WHERE `username` = 'hzx' LIMIT 1   [ RunTime:0.0011s ]
SQL: SELECT * FROM `tp_user` WHERE `state` = 1 ORDER BY lasttime desc LIMIT 5   [ RunTime:0.0016s ]
SQL: SHOW COLUMNS FROM `tp_knowledge` [ RunTime:0.0499s ]
SQL: SELECT `title` FROM `tp_knowledge` ORDER BY publishtime desc LIMIT 1   [ RunTime:0.0010s ]
SQL: SELECT `img` FROM `tp_knowledge` ORDER BY publishtime desc LIMIT 1   [ RunTime:0.0009s ]
SQL: SHOW COLUMNS FROM `tp_img` [ RunTime:0.0750s ]
SQL: SELECT `img` FROM `tp_img` ORDER BY publishtime desc LIMIT 1   [ RunTime:0.0011s ]
SQL: SHOW COLUMNS FROM `tp_pinglun` [ RunTime:0.0786s ]
SQL: SELECT `content` FROM `tp_pinglun` ORDER BY publishtime desc LIMIT 1   [ RunTime:0.0012s ]
SQL: SHOW COLUMNS FROM `tp_message` [ RunTime:0.1318s ]
SQL: SELECT COUNT(*) AS tp_count FROM `tp_message` LIMIT 1   [ RunTime:0.0011s ]
SQL: SELECT * FROM `tp_message` ORDER BY publishtime desc LIMIT 0,5   [ RunTime:0.0013s ]
SQL: SELECT COUNT(*) AS tp_count FROM `tp_user` WHERE `state` = 1 LIMIT 1   [ RunTime:0.0009s ]
SQL: SELECT COUNT(*) AS tp_count FROM `tp_message` LIMIT 1   [ RunTime:0.0009s ]
SQL: SELECT COUNT(*) AS tp_count FROM `tp_pinglun` LIMIT 1   [ RunTime:0.0010s ]
NOTIC: [8] Undefined variable: filets F:\wamp\wamp\www\blog\Application\Admin\Controller\IndexController.class.php 第 72 行.
INFO: [ view_parse ] --START--
INFO: [ template_filter ] --START--
INFO: Run Behavior\ContentReplaceBehavior [ RunTime:0.000402s ]
INFO: [ template_filter ] --END-- [ RunTime:0.000826s ]
NOTIC: [8] Undefined variable: host F:\wamp\wamp\www\blog\Application\Runtime\Cache\Admin\b595b808c2ebeeeb0478ffc30bb4e87a.php 第 78 行.
INFO: Run Behavior\ParseTemplateBehavior [ RunTime:0.112374s ]
INFO: [ view_parse ] --END-- [ RunTime:0.112896s ]
INFO: [ view_filter ] --START--
INFO: Run Behavior\WriteHtmlCacheBehavior [ RunTime:0.009309s ]
INFO: [ view_filter ] --END-- [ RunTime:0.009821s ]
INFO: [ app_end ] --START--
INFO: Run Behavior\ShowPageTraceBehavior [ RunTime:0.011872s ]
INFO: [ app_end ] --END-- [ RunTime:0.012643s ]

[ 2016-12-13T22:04:26+08:00 ] ::1 /blog/index.php/Admin/Index/ms.html
INFO: [ app_init ] --START--
INFO: Run Behavior\BuildLiteBehavior [ RunTime:0.000112s ]
INFO: [ app_init ] --END-- [ RunTime:0.005598s ]
INFO: [ app_begin ] --START--
INFO: Run Behavior\ReadHtmlCacheBehavior [ RunTime:0.005850s ]
INFO: [ app_begin ] --END-- [ RunTime:0.006555s ]

[ 2016-12-13T22:05:55+08:00 ] ::1 /blog/index.php/Admin/Index/index.html
INFO: [ app_init ] --START--
INFO: Run Behavior\BuildLiteBehavior [ RunTime:0.000093s ]
INFO: [ app_init ] --END-- [ RunTime:0.006854s ]
INFO: [ app_begin ] --START--
INFO: Run Behavior\ReadHtmlCacheBehavior [ RunTime:0.005500s ]
INFO: [ app_begin ] --END-- [ RunTime:0.006165s ]
SQL: SHOW COLUMNS FROM `tp_user` [ RunTime:0.0882s ]
SQL: SELECT `lasttime` FROM `tp_user` WHERE `username` = 'hzx' LIMIT 1   [ RunTime:0.0010s ]
SQL: SELECT * FROM `tp_user` WHERE `state` = 1 ORDER BY lasttime desc LIMIT 5   [ RunTime:0.0016s ]
SQL: SHOW COLUMNS FROM `tp_knowledge` [ RunTime:0.0837s ]
SQL: SELECT `title` FROM `tp_knowledge` ORDER BY publishtime desc LIMIT 1   [ RunTime:0.0010s ]
SQL: SELECT `img` FROM `tp_knowledge` ORDER BY publishtime desc LIMIT 1   [ RunTime:0.0009s ]
SQL: SHOW COLUMNS FROM `tp_img` [ RunTime:0.0890s ]
SQL: SELECT `img` FROM `tp_img` ORDER BY publishtime desc LIMIT 1   [ RunTime:0.0010s ]
SQL: SHOW COLUMNS FROM `tp_pinglun` [ RunTime:0.1325s ]
SQL: SELECT `content` FROM `tp_pinglun` ORDER BY publishtime desc LIMIT 1   [ RunTime:0.0011s ]
SQL: SHOW COLUMNS FROM `tp_message` [ RunTime:0.1402s ]
SQL: SELECT COUNT(*) AS tp_count FROM `tp_message` LIMIT 1   [ RunTime:0.0009s ]
SQL: SELECT * FROM `tp_message` ORDER BY publishtime desc LIMIT 0,5   [ RunTime:0.0013s ]
SQL: SELECT COUNT(*) AS tp_count FROM `tp_user` WHERE `state` = 1 LIMIT 1   [ RunTime:0.0010s ]
SQL: SELECT COUNT(*) AS tp_count FROM `tp_message` LIMIT 1   [ RunTime:0.0010s ]
SQL: SELECT COUNT(*) AS tp_count FROM `tp_pinglun` LIMIT 1   [ RunTime:0.0009s ]
SQL: SHOW COLUMNS FROM `tp_knowledgecount` [ RunTime:0.1181s ]
ERR: 1064:Erreur de syntaxe près de 'read asc' à la ligne 1
 [ SQL语句 ] : SELECT * FROM `tp_knowledgecount` ORDER BY read asc 
ERR: 1064:Erreur de syntaxe près de 'read asc' à la ligne 1
 [ SQL语句 ] : SELECT * FROM `tp_knowledgecount` ORDER BY read asc 

[ 2016-12-13T22:12:12+08:00 ] ::1 /blog/index.php/Admin/Index/index.html
INFO: [ app_init ] --START--
INFO: Run Behavior\BuildLiteBehavior [ RunTime:0.000156s ]
INFO: [ app_init ] --END-- [ RunTime:0.007592s ]
INFO: [ app_begin ] --START--
INFO: Run Behavior\ReadHtmlCacheBehavior [ RunTime:0.008690s ]
INFO: [ app_begin ] --END-- [ RunTime:0.009241s ]
SQL: SHOW COLUMNS FROM `tp_user` [ RunTime:0.0847s ]
SQL: SELECT `lasttime` FROM `tp_user` WHERE `username` = 'hzx' LIMIT 1   [ RunTime:0.0012s ]
SQL: SELECT * FROM `tp_user` WHERE `state` = 1 ORDER BY lasttime desc LIMIT 5   [ RunTime:0.0019s ]
SQL: SHOW COLUMNS FROM `tp_knowledge` [ RunTime:0.1488s ]
SQL: SELECT `title` FROM `tp_knowledge` ORDER BY publishtime desc LIMIT 1   [ RunTime:0.0012s ]
SQL: SELECT `img` FROM `tp_knowledge` ORDER BY publishtime desc LIMIT 1   [ RunTime:0.0009s ]
SQL: SHOW COLUMNS FROM `tp_img` [ RunTime:0.0721s ]
SQL: SELECT `img` FROM `tp_img` ORDER BY publishtime desc LIMIT 1   [ RunTime:0.0010s ]
SQL: SHOW COLUMNS FROM `tp_pinglun` [ RunTime:0.1334s ]
SQL: SELECT `content` FROM `tp_pinglun` ORDER BY publishtime desc LIMIT 1   [ RunTime:0.0011s ]
SQL: SHOW COLUMNS FROM `tp_message` [ RunTime:0.0695s ]
SQL: SELECT COUNT(*) AS tp_count FROM `tp_message` LIMIT 1   [ RunTime:0.0009s ]
SQL: SELECT * FROM `tp_message` ORDER BY publishtime desc LIMIT 0,5   [ RunTime:0.0013s ]
SQL: SELECT COUNT(*) AS tp_count FROM `tp_user` WHERE `state` = 1 LIMIT 1   [ RunTime:0.0009s ]
SQL: SELECT COUNT(*) AS tp_count FROM `tp_message` LIMIT 1   [ RunTime:0.0009s ]
SQL: SELECT COUNT(*) AS tp_count FROM `tp_pinglun` LIMIT 1   [ RunTime:0.0008s ]
SQL: SHOW COLUMNS FROM `tp_knowledgecount` [ RunTime:0.1342s ]
ERR: 1064:Erreur de syntaxe près de 'read asc' à la ligne 1
 [ SQL语句 ] : SELECT * FROM `tp_knowledgecount` ORDER BY read asc 
ERR: 1064:Erreur de syntaxe près de 'read asc' à la ligne 1
 [ SQL语句 ] : SELECT * FROM `tp_knowledgecount` ORDER BY read asc 

