[ 2016-12-25T10:42:13+08:00 ] ::1 /blog/index.php/Admin/Index/index.html
INFO: [ app_init ] --START--
INFO: Run Behavior\BuildLiteBehavior [ RunTime:0.000137s ]
INFO: [ app_init ] --END-- [ RunTime:0.003436s ]
INFO: [ app_begin ] --START--
INFO: Run Behavior\ReadHtmlCacheBehavior [ RunTime:0.018378s ]
INFO: [ app_begin ] --END-- [ RunTime:0.019355s ]
NOTIC: [8] Undefined index: adminname F:\wamp\wamp\www\blog\Application\Admin\Controller\IndexController.class.php 第 7 行.

[ 2016-12-25T10:42:13+08:00 ] ::1 /blog/index.php/Admin/Login/login.html
INFO: [ app_init ] --START--
INFO: Run Behavior\BuildLiteBehavior [ RunTime:0.001141s ]
INFO: [ app_init ] --END-- [ RunTime:0.011310s ]
INFO: [ app_begin ] --START--
INFO: Run Behavior\ReadHtmlCacheBehavior [ RunTime:0.007738s ]
INFO: [ app_begin ] --END-- [ RunTime:0.008778s ]
INFO: [ view_parse ] --START--
INFO: [ template_filter ] --START--
INFO: Run Behavior\ContentReplaceBehavior [ RunTime:0.001818s ]
INFO: [ template_filter ] --END-- [ RunTime:0.006013s ]
INFO: Run Behavior\ParseTemplateBehavior [ RunTime:0.256030s ]
INFO: [ view_parse ] --END-- [ RunTime:0.259293s ]
INFO: [ view_filter ] --START--
INFO: Run Behavior\WriteHtmlCacheBehavior [ RunTime:0.013416s ]
INFO: [ view_filter ] --END-- [ RunTime:0.015148s ]
INFO: [ app_end ] --START--
INFO: Run Behavior\ShowPageTraceBehavior [ RunTime:0.017275s ]
INFO: [ app_end ] --END-- [ RunTime:0.018280s ]

[ 2016-12-25T10:43:46+08:00 ] ::1 /blog/index.php/Admin/Login/login.html
INFO: [ app_init ] --START--
INFO: Run Behavior\BuildLiteBehavior [ RunTime:0.000060s ]
INFO: [ app_init ] --END-- [ RunTime:0.007656s ]
INFO: [ app_begin ] --START--
INFO: Run Behavior\ReadHtmlCacheBehavior [ RunTime:0.007901s ]
INFO: [ app_begin ] --END-- [ RunTime:0.008178s ]
SQL: SHOW COLUMNS FROM `tp_user` [ RunTime:0.5940s ]
SQL: SELECT * FROM `tp_user` WHERE `username` = 'hzx' AND `userpwd` = '123456' AND `state` = 0 LIMIT 1   [ RunTime:0.0013s ]
SQL: UPDATE `tp_user` SET `lasttime`='2016-12-25 10:43:46' WHERE `username` = 'hzx' [ RunTime:0.1477s ]

[ 2016-12-25T10:43:48+08:00 ] ::1 /blog/index.php/Admin/Index/index.html
INFO: [ app_init ] --START--
INFO: Run Behavior\BuildLiteBehavior [ RunTime:0.000058s ]
INFO: [ app_init ] --END-- [ RunTime:0.005187s ]
INFO: [ app_begin ] --START--
INFO: Run Behavior\ReadHtmlCacheBehavior [ RunTime:0.004333s ]
INFO: [ app_begin ] --END-- [ RunTime:0.004655s ]
SQL: SHOW COLUMNS FROM `tp_user` [ RunTime:0.0389s ]
SQL: SELECT `lasttime` FROM `tp_user` WHERE `username` = 'hzx' LIMIT 1   [ RunTime:0.0007s ]
SQL: SELECT * FROM `tp_user` WHERE `state` = 1 ORDER BY lasttime desc LIMIT 5   [ RunTime:0.0023s ]
SQL: SHOW COLUMNS FROM `tp_knowledge` [ RunTime:0.0662s ]
SQL: SELECT `title` FROM `tp_knowledge` ORDER BY publishtime desc LIMIT 1   [ RunTime:0.0008s ]
SQL: SELECT `img` FROM `tp_knowledge` ORDER BY publishtime desc LIMIT 1   [ RunTime:0.0005s ]
SQL: SHOW COLUMNS FROM `tp_img` [ RunTime:0.1007s ]
SQL: SELECT `img` FROM `tp_img` ORDER BY publishtime desc LIMIT 1   [ RunTime:0.0010s ]
SQL: SHOW COLUMNS FROM `tp_pinglun` [ RunTime:0.1018s ]
SQL: SELECT `content` FROM `tp_pinglun` ORDER BY publishtime desc LIMIT 1   [ RunTime:0.0006s ]
SQL: SHOW COLUMNS FROM `tp_message` [ RunTime:0.4345s ]
SQL: SELECT COUNT(*) AS tp_count FROM `tp_message` LIMIT 1   [ RunTime:0.0005s ]
SQL: SELECT * FROM `tp_message` ORDER BY publishtime desc LIMIT 0,5   [ RunTime:0.0013s ]
SQL: SELECT COUNT(*) AS tp_count FROM `tp_user` WHERE `state` = 1 LIMIT 1   [ RunTime:0.0006s ]
SQL: SELECT COUNT(*) AS tp_count FROM `tp_message` LIMIT 1   [ RunTime:0.0005s ]
SQL: SELECT COUNT(*) AS tp_count FROM `tp_pinglun` LIMIT 1   [ RunTime:0.0005s ]
SQL: SELECT * FROM `tp_knowledge` ORDER BY publishtime desc LIMIT 1   [ RunTime:0.0006s ]
NOTIC: [8] Undefined variable: filets F:\wamp\wamp\www\blog\Application\Admin\Controller\IndexController.class.php 第 74 行.
INFO: [ view_parse ] --START--
INFO: [ template_filter ] --START--
INFO: Run Behavior\ContentReplaceBehavior [ RunTime:0.000287s ]
INFO: [ template_filter ] --END-- [ RunTime:0.000573s ]
INFO: Run Behavior\ParseTemplateBehavior [ RunTime:0.078603s ]
INFO: [ view_parse ] --END-- [ RunTime:0.078960s ]
INFO: [ view_filter ] --START--
INFO: Run Behavior\WriteHtmlCacheBehavior [ RunTime:0.005527s ]
INFO: [ view_filter ] --END-- [ RunTime:0.005877s ]
INFO: [ app_end ] --START--
INFO: Run Behavior\ShowPageTraceBehavior [ RunTime:0.012898s ]
INFO: [ app_end ] --END-- [ RunTime:0.013292s ]

[ 2016-12-25T10:44:11+08:00 ] ::1 /blog/index.php/Admin/Index/ms.html
INFO: [ app_init ] --START--
INFO: Run Behavior\BuildLiteBehavior [ RunTime:0.000086s ]
INFO: [ app_init ] --END-- [ RunTime:0.071929s ]
INFO: [ app_begin ] --START--
INFO: Run Behavior\ReadHtmlCacheBehavior [ RunTime:0.022128s ]
INFO: [ app_begin ] --END-- [ RunTime:0.022555s ]

[ 2016-12-25T11:03:35+08:00 ] ::1 /blog/index.php/Admin/Post/post.html
INFO: [ app_init ] --START--
INFO: Run Behavior\BuildLiteBehavior [ RunTime:0.000108s ]
INFO: [ app_init ] --END-- [ RunTime:0.007678s ]
INFO: [ app_begin ] --START--
INFO: Run Behavior\ReadHtmlCacheBehavior [ RunTime:0.005066s ]
INFO: [ app_begin ] --END-- [ RunTime:0.005722s ]
SQL: SHOW COLUMNS FROM `tp_user` [ RunTime:0.1557s ]
SQL: SELECT `lasttime` FROM `tp_user` WHERE `username` = 'hzx' LIMIT 1   [ RunTime:0.0019s ]
SQL: SHOW COLUMNS FROM `tp_filetype` [ RunTime:0.1508s ]
SQL: SELECT * FROM `tp_filetype`  [ RunTime:0.0012s ]
INFO: [ view_parse ] --START--
INFO: [ template_filter ] --START--
INFO: Run Behavior\ContentReplaceBehavior [ RunTime:0.000967s ]
INFO: [ template_filter ] --END-- [ RunTime:0.001632s ]
INFO: Run Behavior\ParseTemplateBehavior [ RunTime:0.234524s ]
INFO: [ view_parse ] --END-- [ RunTime:0.235132s ]
INFO: [ view_filter ] --START--
INFO: Run Behavior\WriteHtmlCacheBehavior [ RunTime:0.007316s ]
INFO: [ view_filter ] --END-- [ RunTime:0.008041s ]
INFO: [ app_end ] --START--
INFO: Run Behavior\ShowPageTraceBehavior [ RunTime:0.014150s ]
INFO: [ app_end ] --END-- [ RunTime:0.015137s ]

[ 2016-12-25T11:06:48+08:00 ] ::1 /blog/index.php/Admin/Usermanger/user.html
INFO: [ app_init ] --START--
INFO: Run Behavior\BuildLiteBehavior [ RunTime:0.000054s ]
INFO: [ app_init ] --END-- [ RunTime:0.004301s ]
INFO: [ app_begin ] --START--
INFO: Run Behavior\ReadHtmlCacheBehavior [ RunTime:0.004783s ]
INFO: [ app_begin ] --END-- [ RunTime:0.005019s ]
SQL: SHOW COLUMNS FROM `tp_user` [ RunTime:0.0663s ]
SQL: SELECT `lasttime` FROM `tp_user` WHERE `username` = 'hzx' LIMIT 1   [ RunTime:0.0006s ]
SQL: SELECT COUNT(*) AS tp_count FROM `tp_user` LIMIT 1   [ RunTime:0.0004s ]
SQL: SELECT * FROM `tp_user` LIMIT 0,6   [ RunTime:0.0007s ]
INFO: [ view_parse ] --START--
INFO: [ template_filter ] --START--
INFO: Run Behavior\ContentReplaceBehavior [ RunTime:0.000174s ]
INFO: [ template_filter ] --END-- [ RunTime:0.000417s ]
INFO: Run Behavior\ParseTemplateBehavior [ RunTime:0.091011s ]
INFO: [ view_parse ] --END-- [ RunTime:0.091288s ]
INFO: [ view_filter ] --START--
INFO: Run Behavior\WriteHtmlCacheBehavior [ RunTime:0.003429s ]
INFO: [ view_filter ] --END-- [ RunTime:0.003707s ]
INFO: [ app_end ] --START--
INFO: Run Behavior\ShowPageTraceBehavior [ RunTime:0.004232s ]
INFO: [ app_end ] --END-- [ RunTime:0.004494s ]

[ 2016-12-25T11:07:34+08:00 ] ::1 /blog/index.php/Admin/Usermanger/update/id/1
INFO: [ app_init ] --START--
INFO: Run Behavior\BuildLiteBehavior [ RunTime:0.000099s ]
INFO: [ app_init ] --END-- [ RunTime:0.005966s ]
INFO: [ app_begin ] --START--
INFO: Run Behavior\ReadHtmlCacheBehavior [ RunTime:0.004527s ]
INFO: [ app_begin ] --END-- [ RunTime:0.004795s ]
SQL: SHOW COLUMNS FROM `tp_user` [ RunTime:0.0905s ]
SQL: SELECT * FROM `tp_user` WHERE ( uid=1 )  [ RunTime:0.0009s ]
SQL: SELECT `lasttime` FROM `tp_user` WHERE `username` = 'hzx' LIMIT 1   [ RunTime:0.0009s ]
INFO: [ view_parse ] --START--
INFO: [ template_filter ] --START--
INFO: Run Behavior\ContentReplaceBehavior [ RunTime:0.000294s ]
INFO: [ template_filter ] --END-- [ RunTime:0.000699s ]
INFO: Run Behavior\ParseTemplateBehavior [ RunTime:0.102505s ]
INFO: [ view_parse ] --END-- [ RunTime:0.102924s ]
INFO: [ view_filter ] --START--
INFO: Run Behavior\WriteHtmlCacheBehavior [ RunTime:0.005073s ]
INFO: [ view_filter ] --END-- [ RunTime:0.005568s ]
INFO: [ app_end ] --START--
INFO: Run Behavior\ShowPageTraceBehavior [ RunTime:0.005059s ]
INFO: [ app_end ] --END-- [ RunTime:0.005626s ]

[ 2016-12-25T11:10:59+08:00 ] ::1 /blog/index.php/Admin/Images/postimge.html
INFO: [ app_init ] --START--
INFO: Run Behavior\BuildLiteBehavior [ RunTime:0.000134s ]
INFO: [ app_init ] --END-- [ RunTime:0.009868s ]
INFO: [ app_begin ] --START--
INFO: Run Behavior\ReadHtmlCacheBehavior [ RunTime:0.015140s ]
INFO: [ app_begin ] --END-- [ RunTime:0.016418s ]
SQL: SHOW COLUMNS FROM `tp_user` [ RunTime:0.2407s ]
SQL: SELECT `lasttime` FROM `tp_user` WHERE `username` = 'hzx' LIMIT 1   [ RunTime:0.0015s ]
SQL: SHOW COLUMNS FROM `tp_imgtype` [ RunTime:0.1785s ]
SQL: SELECT * FROM `tp_imgtype`  [ RunTime:0.0014s ]
INFO: [ view_parse ] --START--
INFO: [ template_filter ] --START--
INFO: Run Behavior\ContentReplaceBehavior [ RunTime:0.000863s ]
INFO: [ template_filter ] --END-- [ RunTime:0.001662s ]
INFO: Run Behavior\ParseTemplateBehavior [ RunTime:0.164371s ]
INFO: [ view_parse ] --END-- [ RunTime:0.165615s ]
INFO: [ view_filter ] --START--
INFO: Run Behavior\WriteHtmlCacheBehavior [ RunTime:0.054502s ]
INFO: [ view_filter ] --END-- [ RunTime:0.058447s ]
INFO: [ app_end ] --START--
INFO: Run Behavior\ShowPageTraceBehavior [ RunTime:0.054259s ]
INFO: [ app_end ] --END-- [ RunTime:0.068253s ]

