[ 2016-11-27T21:24:41+08:00 ] ::1 /blog/index.php/Admin/Image/image.html
INFO: [ app_init ] --START--
INFO: Run Behavior\BuildLiteBehavior [ RunTime:0.000093s ]
INFO: [ app_init ] --END-- [ RunTime:0.004033s ]
INFO: [ app_begin ] --START--
INFO: Run Behavior\ReadHtmlCacheBehavior [ RunTime:0.003132s ]
INFO: [ app_begin ] --END-- [ RunTime:0.003594s ]
ERR: 无法加载控制器:Image

[ 2016-11-27T22:05:41+08:00 ] ::1 /blog/index.php/Admin/Index/index
INFO: [ app_init ] --START--
INFO: Run Behavior\BuildLiteBehavior [ RunTime:0.000145s ]
INFO: [ app_init ] --END-- [ RunTime:0.004467s ]
INFO: [ app_begin ] --START--
INFO: Run Behavior\ReadHtmlCacheBehavior [ RunTime:0.004082s ]
INFO: [ app_begin ] --END-- [ RunTime:0.004659s ]
NOTIC: [8] Undefined index: adminname F:\wamp\wamp\www\blog\Application\Admin\Controller\IndexController.class.php 第 6 行.

[ 2016-11-27T22:05:42+08:00 ] ::1 /blog/index.php/Admin/Login/login.html
INFO: [ app_init ] --START--
INFO: Run Behavior\BuildLiteBehavior [ RunTime:0.000092s ]
INFO: [ app_init ] --END-- [ RunTime:0.002486s ]
INFO: [ app_begin ] --START--
INFO: Run Behavior\ReadHtmlCacheBehavior [ RunTime:0.004102s ]
INFO: [ app_begin ] --END-- [ RunTime:0.004584s ]
INFO: [ view_parse ] --START--
INFO: [ template_filter ] --START--
INFO: Run Behavior\ContentReplaceBehavior [ RunTime:0.000263s ]
INFO: [ template_filter ] --END-- [ RunTime:0.000709s ]
INFO: Run Behavior\ParseTemplateBehavior [ RunTime:0.041685s ]
INFO: [ view_parse ] --END-- [ RunTime:0.042111s ]
INFO: [ view_filter ] --START--
INFO: Run Behavior\WriteHtmlCacheBehavior [ RunTime:0.002667s ]
INFO: [ view_filter ] --END-- [ RunTime:0.003076s ]
INFO: [ app_end ] --START--
INFO: Run Behavior\ShowPageTraceBehavior [ RunTime:0.003307s ]
INFO: [ app_end ] --END-- [ RunTime:0.003723s ]

[ 2016-11-27T22:05:48+08:00 ] ::1 /blog/index.php/Admin/Login/login.html
INFO: [ app_init ] --START--
INFO: Run Behavior\BuildLiteBehavior [ RunTime:0.000091s ]
INFO: [ app_init ] --END-- [ RunTime:0.003678s ]
INFO: [ app_begin ] --START--
INFO: Run Behavior\ReadHtmlCacheBehavior [ RunTime:0.003481s ]
INFO: [ app_begin ] --END-- [ RunTime:0.003892s ]
SQL: SHOW COLUMNS FROM `tp_user` [ RunTime:0.0369s ]
SQL: SELECT * FROM `tp_user` WHERE `username` = 'hzx' AND `userpwd` = '123456' AND `state` = 0 LIMIT 1   [ RunTime:0.0019s ]
SQL: UPDATE `tp_user` SET `lasttime`='2016-11-27 22:05:48' WHERE `username` = 'hzx' [ RunTime:0.1353s ]

[ 2016-11-27T22:05:49+08:00 ] ::1 /blog/index.php/Admin/Index/index.html
INFO: [ app_init ] --START--
INFO: Run Behavior\BuildLiteBehavior [ RunTime:0.000088s ]
INFO: [ app_init ] --END-- [ RunTime:0.002642s ]
INFO: [ app_begin ] --START--
INFO: Run Behavior\ReadHtmlCacheBehavior [ RunTime:0.003369s ]
INFO: [ app_begin ] --END-- [ RunTime:0.003846s ]
SQL: SHOW COLUMNS FROM `tp_user` [ RunTime:0.0344s ]
SQL: SELECT `lasttime` FROM `tp_user` WHERE `username` = 'hzx' LIMIT 1   [ RunTime:0.0011s ]
SQL: SELECT * FROM `tp_user` WHERE `state` = 1 ORDER BY lasttime desc LIMIT 5   [ RunTime:0.0015s ]
SQL: SHOW COLUMNS FROM `tp_knowledge` [ RunTime:0.0299s ]
SQL: SELECT `title` FROM `tp_knowledge` ORDER BY publishtime desc LIMIT 1   [ RunTime:0.0012s ]
SQL: SELECT `img` FROM `tp_knowledge` ORDER BY publishtime desc LIMIT 1   [ RunTime:0.0010s ]
SQL: SHOW COLUMNS FROM `tp_img` [ RunTime:0.0296s ]
SQL: SELECT `img` FROM `tp_img` ORDER BY publishtime desc LIMIT 1   [ RunTime:0.0011s ]
SQL: SHOW COLUMNS FROM `tp_pinglun` [ RunTime:0.0306s ]
SQL: SELECT `content` FROM `tp_pinglun` ORDER BY publishtime desc LIMIT 1   [ RunTime:0.0011s ]
SQL: SHOW COLUMNS FROM `tp_message` [ RunTime:0.0281s ]
SQL: SELECT COUNT(*) AS tp_count FROM `tp_message` LIMIT 1   [ RunTime:0.0010s ]
NOTIC: [8] Undefined index: p F:\wamp\wamp\www\blog\Application\Admin\Controller\IndexController.class.php 第 34 行.
NOTIC: [8] Undefined index: limit F:\wamp\wamp\www\blog\ThinkPHP\Library\Think\Db\Driver.class.php 第 961 行.
SQL: SELECT * FROM `tp_message` ORDER BY publishtime desc LIMIT 0,20   [ RunTime:0.0012s ]
SQL: SELECT COUNT(*) AS tp_count FROM `tp_user` WHERE `state` = 1 LIMIT 1   [ RunTime:0.0012s ]
SQL: SELECT COUNT(*) AS tp_count FROM `tp_message` LIMIT 1   [ RunTime:0.0009s ]
SQL: SELECT COUNT(*) AS tp_count FROM `tp_pinglun` LIMIT 1   [ RunTime:0.0009s ]
NOTIC: [8] Undefined variable: filets F:\wamp\wamp\www\blog\Application\Admin\Controller\IndexController.class.php 第 62 行.
INFO: [ view_parse ] --START--
INFO: [ template_filter ] --START--
INFO: Run Behavior\ContentReplaceBehavior [ RunTime:0.000376s ]
INFO: [ template_filter ] --END-- [ RunTime:0.000829s ]
INFO: Run Behavior\ParseTemplateBehavior [ RunTime:0.054770s ]
INFO: [ view_parse ] --END-- [ RunTime:0.055220s ]
INFO: [ view_filter ] --START--
INFO: Run Behavior\WriteHtmlCacheBehavior [ RunTime:0.003312s ]
INFO: [ view_filter ] --END-- [ RunTime:0.003763s ]
INFO: [ app_end ] --START--
INFO: Run Behavior\ShowPageTraceBehavior [ RunTime:0.005533s ]
INFO: [ app_end ] --END-- [ RunTime:0.006161s ]

[ 2016-11-27T22:05:50+08:00 ] ::1 /blog/index.php/Admin/Index/ms.html
INFO: [ app_init ] --START--
INFO: Run Behavior\BuildLiteBehavior [ RunTime:0.000092s ]
INFO: [ app_init ] --END-- [ RunTime:0.002875s ]
INFO: [ app_begin ] --START--
INFO: Run Behavior\ReadHtmlCacheBehavior [ RunTime:0.003608s ]
INFO: [ app_begin ] --END-- [ RunTime:0.004055s ]

[ 2016-11-27T22:05:59+08:00 ] ::1 /blog/index.php/Admin/Images/postimge.html
INFO: [ app_init ] --START--
INFO: Run Behavior\BuildLiteBehavior [ RunTime:0.000140s ]
INFO: [ app_init ] --END-- [ RunTime:0.004030s ]
INFO: [ app_begin ] --START--
INFO: Run Behavior\ReadHtmlCacheBehavior [ RunTime:0.005296s ]
INFO: [ app_begin ] --END-- [ RunTime:0.005923s ]
SQL: SHOW COLUMNS FROM `tp_user` [ RunTime:0.0336s ]
SQL: SELECT `lasttime` FROM `tp_user` WHERE `username` = 'hzx' LIMIT 1   [ RunTime:0.0011s ]
SQL: SHOW COLUMNS FROM `tp_imgtype` [ RunTime:0.0283s ]
SQL: SELECT * FROM `tp_imgtype`  [ RunTime:0.0019s ]
INFO: [ view_parse ] --START--
INFO: [ template_filter ] --START--
INFO: Run Behavior\ContentReplaceBehavior [ RunTime:0.000538s ]
INFO: [ template_filter ] --END-- [ RunTime:0.001186s ]
INFO: Run Behavior\ParseTemplateBehavior [ RunTime:0.110023s ]
INFO: [ view_parse ] --END-- [ RunTime:0.110810s ]
INFO: [ view_filter ] --START--
INFO: Run Behavior\WriteHtmlCacheBehavior [ RunTime:0.003898s ]
INFO: [ view_filter ] --END-- [ RunTime:0.004425s ]
INFO: [ app_end ] --START--
INFO: Run Behavior\ShowPageTraceBehavior [ RunTime:0.004400s ]
INFO: [ app_end ] --END-- [ RunTime:0.004861s ]

[ 2016-11-27T22:06:02+08:00 ] ::1 /blog/index.php/Admin/Filemannger/files.html
INFO: [ app_init ] --START--
INFO: Run Behavior\BuildLiteBehavior [ RunTime:0.000176s ]
INFO: [ app_init ] --END-- [ RunTime:0.003210s ]
INFO: [ app_begin ] --START--
INFO: Run Behavior\ReadHtmlCacheBehavior [ RunTime:0.005487s ]
INFO: [ app_begin ] --END-- [ RunTime:0.006952s ]
SQL: SHOW COLUMNS FROM `tp_user` [ RunTime:0.0464s ]
SQL: SELECT `lasttime` FROM `tp_user` WHERE `username` = 'hzx' LIMIT 1   [ RunTime:0.0014s ]
SQL: SHOW COLUMNS FROM `tp_filetype` [ RunTime:0.0409s ]
SQL: SELECT * FROM `tp_filetype`  [ RunTime:0.0014s ]
SQL: SHOW COLUMNS FROM `tp_knowledge` [ RunTime:0.0390s ]
NOTIC: [8] Undefined index: id F:\wamp\wamp\www\blog\Application\Admin\Controller\FilemanngerController.class.php 第 20 行.
SQL: SELECT COUNT(*) AS tp_count FROM `tp_knowledge` LIMIT 1   [ RunTime:0.0013s ]
NOTIC: [8] Undefined index: p F:\wamp\wamp\www\blog\Application\Admin\Controller\FilemanngerController.class.php 第 23 行.
NOTIC: [8] Undefined index: limit F:\wamp\wamp\www\blog\ThinkPHP\Library\Think\Db\Driver.class.php 第 961 行.
SQL: SELECT * FROM `tp_knowledge` LIMIT 0,20   [ RunTime:0.0032s ]
INFO: [ view_parse ] --START--
INFO: [ template_filter ] --START--
INFO: Run Behavior\ContentReplaceBehavior [ RunTime:0.000574s ]
INFO: [ template_filter ] --END-- [ RunTime:0.001963s ]
NOTIC: [8] Undefined variable: vo F:\wamp\wamp\www\blog\Application\Runtime\Cache\Admin\8bb51f740aafcda4c61574535e9ebad8.php 第 77 行.
NOTIC: [8] Undefined index: cs F:\wamp\wamp\www\blog\Application\Runtime\Cache\Admin\8bb51f740aafcda4c61574535e9ebad8.php 第 77 行.
NOTIC: [8] Undefined index: files F:\wamp\wamp\www\blog\Application\Runtime\Cache\Admin\8bb51f740aafcda4c61574535e9ebad8.php 第 82 行.
NOTIC: [8] Undefined index: files F:\wamp\wamp\www\blog\Application\Runtime\Cache\Admin\8bb51f740aafcda4c61574535e9ebad8.php 第 82 行.
NOTIC: [8] Undefined index: files F:\wamp\wamp\www\blog\Application\Runtime\Cache\Admin\8bb51f740aafcda4c61574535e9ebad8.php 第 82 行.
NOTIC: [8] Undefined index: files F:\wamp\wamp\www\blog\Application\Runtime\Cache\Admin\8bb51f740aafcda4c61574535e9ebad8.php 第 82 行.
INFO: Run Behavior\ParseTemplateBehavior [ RunTime:0.108608s ]
INFO: [ view_parse ] --END-- [ RunTime:0.109383s ]
INFO: [ view_filter ] --START--
INFO: Run Behavior\WriteHtmlCacheBehavior [ RunTime:0.003517s ]
INFO: [ view_filter ] --END-- [ RunTime:0.003928s ]
INFO: [ app_end ] --START--
INFO: Run Behavior\ShowPageTraceBehavior [ RunTime:0.008104s ]
INFO: [ app_end ] --END-- [ RunTime:0.009012s ]

[ 2016-11-27T22:06:06+08:00 ] ::1 /blog/index.php/Admin/Images/postimge.html
INFO: [ app_init ] --START--
INFO: Run Behavior\BuildLiteBehavior [ RunTime:0.000091s ]
INFO: [ app_init ] --END-- [ RunTime:0.002784s ]
INFO: [ app_begin ] --START--
INFO: Run Behavior\ReadHtmlCacheBehavior [ RunTime:0.003670s ]
INFO: [ app_begin ] --END-- [ RunTime:0.004133s ]
SQL: SHOW COLUMNS FROM `tp_user` [ RunTime:0.0624s ]
SQL: SELECT `lasttime` FROM `tp_user` WHERE `username` = 'hzx' LIMIT 1   [ RunTime:0.0010s ]
SQL: SHOW COLUMNS FROM `tp_imgtype` [ RunTime:0.0304s ]
SQL: SELECT * FROM `tp_imgtype`  [ RunTime:0.0010s ]
INFO: [ view_parse ] --START--
INFO: [ template_filter ] --START--
INFO: Run Behavior\ContentReplaceBehavior [ RunTime:0.000313s ]
INFO: [ template_filter ] --END-- [ RunTime:0.000780s ]
INFO: Run Behavior\ParseTemplateBehavior [ RunTime:0.042709s ]
INFO: [ view_parse ] --END-- [ RunTime:0.043131s ]
INFO: [ view_filter ] --START--
INFO: Run Behavior\WriteHtmlCacheBehavior [ RunTime:0.003551s ]
INFO: [ view_filter ] --END-- [ RunTime:0.003948s ]
INFO: [ app_end ] --START--
INFO: Run Behavior\ShowPageTraceBehavior [ RunTime:0.003671s ]
INFO: [ app_end ] --END-- [ RunTime:0.004066s ]

[ 2016-11-27T22:06:20+08:00 ] ::1 /blog/index.php/Admin/Images/dopostimg.html
INFO: [ app_init ] --START--
INFO: Run Behavior\BuildLiteBehavior [ RunTime:0.000093s ]
INFO: [ app_init ] --END-- [ RunTime:0.002943s ]
INFO: [ app_begin ] --START--
INFO: Run Behavior\ReadHtmlCacheBehavior [ RunTime:0.004298s ]
INFO: [ app_begin ] --END-- [ RunTime:0.004914s ]
NOTIC: [2] call_user_func() expects parameter 1 to be a valid callback, no array or string given F:\wamp\wamp\www\blog\ThinkPHP\Library\Think\Upload.class.php 第 170 行.
SQL: SHOW COLUMNS FROM `tp_imgtype` [ RunTime:0.0295s ]
SQL: SELECT * FROM `tp_imgtype` WHERE `type` = '动漫' LIMIT 1   [ RunTime:0.0010s ]
SQL: SHOW COLUMNS FROM `tp_img` [ RunTime:0.0279s ]
SQL: INSERT INTO `tp_img` (`img`,`title`,`publishtime`,`typeid`) VALUES ('bf48187.jpg','海贼王','2016-11-27 22:06:20','1') [ RunTime:0.0847s ]
INFO: [ view_parse ] --START--
INFO: [ template_filter ] --START--
INFO: Run Behavior\ContentReplaceBehavior [ RunTime:0.000233s ]
INFO: [ template_filter ] --END-- [ RunTime:0.000693s ]
INFO: Run Behavior\ParseTemplateBehavior [ RunTime:0.047977s ]
INFO: [ view_parse ] --END-- [ RunTime:0.048652s ]
INFO: [ view_filter ] --START--
INFO: Run Behavior\WriteHtmlCacheBehavior [ RunTime:0.004716s ]
INFO: [ view_filter ] --END-- [ RunTime:0.005551s ]
INFO: [ app_end ] --START--
INFO: Run Behavior\ShowPageTraceBehavior [ RunTime:0.004076s ]
INFO: [ app_end ] --END-- [ RunTime:0.004495s ]

[ 2016-11-27T22:06:22+08:00 ] ::1 /blog/index.php/Admin/Images/postimge.html
INFO: [ app_init ] --START--
INFO: Run Behavior\BuildLiteBehavior [ RunTime:0.000092s ]
INFO: [ app_init ] --END-- [ RunTime:0.002708s ]
INFO: [ app_begin ] --START--
INFO: Run Behavior\ReadHtmlCacheBehavior [ RunTime:0.003615s ]
INFO: [ app_begin ] --END-- [ RunTime:0.004075s ]
SQL: SHOW COLUMNS FROM `tp_user` [ RunTime:0.0316s ]
SQL: SELECT `lasttime` FROM `tp_user` WHERE `username` = 'hzx' LIMIT 1   [ RunTime:0.0010s ]
SQL: SHOW COLUMNS FROM `tp_imgtype` [ RunTime:0.0286s ]
SQL: SELECT * FROM `tp_imgtype`  [ RunTime:0.0011s ]
INFO: [ view_parse ] --START--
INFO: [ template_filter ] --START--
INFO: Run Behavior\ContentReplaceBehavior [ RunTime:0.000327s ]
INFO: [ template_filter ] --END-- [ RunTime:0.000809s ]
INFO: Run Behavior\ParseTemplateBehavior [ RunTime:0.047730s ]
INFO: [ view_parse ] --END-- [ RunTime:0.048414s ]
INFO: [ view_filter ] --START--
INFO: Run Behavior\WriteHtmlCacheBehavior [ RunTime:0.004020s ]
INFO: [ view_filter ] --END-- [ RunTime:0.004507s ]
INFO: [ app_end ] --START--
INFO: Run Behavior\ShowPageTraceBehavior [ RunTime:0.003838s ]
INFO: [ app_end ] --END-- [ RunTime:0.004310s ]

