[ 2016-12-19T21:02:21+08:00 ] ::1 /blog/index.php/Admin/Index/index.html
INFO: [ app_init ] --START--
INFO: Run Behavior\BuildLiteBehavior [ RunTime:0.000092s ]
INFO: [ app_init ] --END-- [ RunTime:0.006658s ]
INFO: [ app_begin ] --START--
INFO: Run Behavior\ReadHtmlCacheBehavior [ RunTime:0.015275s ]
INFO: [ app_begin ] --END-- [ RunTime:0.015922s ]
NOTIC: [8] Undefined index: adminname F:\wamp\wamp\www\blog\Application\Admin\Controller\IndexController.class.php 第 7 行.

[ 2016-12-19T21:02:21+08:00 ] ::1 /blog/index.php/Admin/Login/login.html
INFO: [ app_init ] --START--
INFO: Run Behavior\BuildLiteBehavior [ RunTime:0.000091s ]
INFO: [ app_init ] --END-- [ RunTime:0.007018s ]
INFO: [ app_begin ] --START--
INFO: Run Behavior\ReadHtmlCacheBehavior [ RunTime:0.015537s ]
INFO: [ app_begin ] --END-- [ RunTime:0.016043s ]
INFO: [ view_parse ] --START--
INFO: [ template_filter ] --START--
INFO: Run Behavior\ContentReplaceBehavior [ RunTime:0.000349s ]
INFO: [ template_filter ] --END-- [ RunTime:0.000793s ]
INFO: Run Behavior\ParseTemplateBehavior [ RunTime:0.088111s ]
INFO: [ view_parse ] --END-- [ RunTime:0.088544s ]
INFO: [ view_filter ] --START--
INFO: Run Behavior\WriteHtmlCacheBehavior [ RunTime:0.015547s ]
INFO: [ view_filter ] --END-- [ RunTime:0.015979s ]
INFO: [ app_end ] --START--
INFO: Run Behavior\ShowPageTraceBehavior [ RunTime:0.014471s ]
INFO: [ app_end ] --END-- [ RunTime:0.014886s ]

[ 2016-12-19T21:02:24+08:00 ] ::1 /blog/index.php/Admin/Login/login.html
INFO: [ app_init ] --START--
INFO: Run Behavior\BuildLiteBehavior [ RunTime:0.000092s ]
INFO: [ app_init ] --END-- [ RunTime:0.004286s ]
INFO: [ app_begin ] --START--
INFO: Run Behavior\ReadHtmlCacheBehavior [ RunTime:0.005487s ]
INFO: [ app_begin ] --END-- [ RunTime:0.006007s ]
SQL: SHOW COLUMNS FROM `tp_user` [ RunTime:0.0820s ]
SQL: SELECT * FROM `tp_user` WHERE `username` = '1413332' AND `userpwd` = '123456' AND `state` = 0 LIMIT 1   [ RunTime:0.0018s ]

[ 2016-12-19T21:02:29+08:00 ] ::1 /blog/index.php/Admin/Login/login.html
INFO: [ app_init ] --START--
INFO: Run Behavior\BuildLiteBehavior [ RunTime:0.000092s ]
INFO: [ app_init ] --END-- [ RunTime:0.003517s ]
INFO: [ app_begin ] --START--
INFO: Run Behavior\ReadHtmlCacheBehavior [ RunTime:0.004250s ]
INFO: [ app_begin ] --END-- [ RunTime:0.004655s ]
SQL: SHOW COLUMNS FROM `tp_user` [ RunTime:0.0611s ]
SQL: SELECT * FROM `tp_user` WHERE `username` = 'hzx' AND `userpwd` = '123456' AND `state` = 0 LIMIT 1   [ RunTime:0.0015s ]
SQL: UPDATE `tp_user` SET `lasttime`='2016-12-19 21:02:29' WHERE `username` = 'hzx' [ RunTime:0.0745s ]

[ 2016-12-19T21:02:30+08:00 ] ::1 /blog/index.php/Admin/Index/index.html
INFO: [ app_init ] --START--
INFO: Run Behavior\BuildLiteBehavior [ RunTime:0.000092s ]
INFO: [ app_init ] --END-- [ RunTime:0.004584s ]
INFO: [ app_begin ] --START--
INFO: Run Behavior\ReadHtmlCacheBehavior [ RunTime:0.004159s ]
INFO: [ app_begin ] --END-- [ RunTime:0.004817s ]
SQL: SHOW COLUMNS FROM `tp_user` [ RunTime:0.0721s ]
SQL: SELECT `lasttime` FROM `tp_user` WHERE `username` = 'hzx' LIMIT 1   [ RunTime:0.0012s ]
SQL: SELECT * FROM `tp_user` WHERE `state` = 1 ORDER BY lasttime desc LIMIT 5   [ RunTime:0.0016s ]
SQL: SHOW COLUMNS FROM `tp_knowledge` [ RunTime:0.0489s ]
SQL: SELECT `title` FROM `tp_knowledge` ORDER BY publishtime desc LIMIT 1   [ RunTime:0.0012s ]
SQL: SELECT `img` FROM `tp_knowledge` ORDER BY publishtime desc LIMIT 1   [ RunTime:0.0010s ]
SQL: SHOW COLUMNS FROM `tp_img` [ RunTime:0.0610s ]
SQL: SELECT `img` FROM `tp_img` ORDER BY publishtime desc LIMIT 1   [ RunTime:0.0012s ]
SQL: SHOW COLUMNS FROM `tp_pinglun` [ RunTime:0.0770s ]
SQL: SELECT `content` FROM `tp_pinglun` ORDER BY publishtime desc LIMIT 1   [ RunTime:0.0011s ]
SQL: SHOW COLUMNS FROM `tp_message` [ RunTime:0.0615s ]
SQL: SELECT COUNT(*) AS tp_count FROM `tp_message` LIMIT 1   [ RunTime:0.0011s ]
SQL: SELECT * FROM `tp_message` ORDER BY publishtime desc LIMIT 0,5   [ RunTime:0.0016s ]
SQL: SELECT COUNT(*) AS tp_count FROM `tp_user` WHERE `state` = 1 LIMIT 1   [ RunTime:0.0010s ]
SQL: SELECT COUNT(*) AS tp_count FROM `tp_message` LIMIT 1   [ RunTime:0.0009s ]
SQL: SELECT COUNT(*) AS tp_count FROM `tp_pinglun` LIMIT 1   [ RunTime:0.0010s ]
SQL: SELECT * FROM `tp_knowledge` ORDER BY publishtime desc LIMIT 1   [ RunTime:0.0016s ]
NOTIC: [8] Undefined variable: filets F:\wamp\wamp\www\blog\Application\Admin\Controller\IndexController.class.php 第 74 行.
INFO: [ view_parse ] --START--
INFO: [ template_filter ] --START--
INFO: Run Behavior\ContentReplaceBehavior [ RunTime:0.000436s ]
INFO: [ template_filter ] --END-- [ RunTime:0.000999s ]
INFO: Run Behavior\ParseTemplateBehavior [ RunTime:0.098414s ]
INFO: [ view_parse ] --END-- [ RunTime:0.099168s ]
INFO: [ view_filter ] --START--
INFO: Run Behavior\WriteHtmlCacheBehavior [ RunTime:0.007660s ]
INFO: [ view_filter ] --END-- [ RunTime:0.008340s ]
INFO: [ app_end ] --START--
INFO: Run Behavior\ShowPageTraceBehavior [ RunTime:0.008931s ]
INFO: [ app_end ] --END-- [ RunTime:0.009831s ]

[ 2016-12-19T21:02:31+08:00 ] ::1 /blog/index.php/Admin/Index/ms.html
INFO: [ app_init ] --START--
INFO: Run Behavior\BuildLiteBehavior [ RunTime:0.000167s ]
INFO: [ app_init ] --END-- [ RunTime:0.005999s ]
INFO: [ app_begin ] --START--
INFO: Run Behavior\ReadHtmlCacheBehavior [ RunTime:0.006878s ]
INFO: [ app_begin ] --END-- [ RunTime:0.007710s ]

[ 2016-12-19T21:02:34+08:00 ] ::1 /blog/index.php/Admin/Filemannger/files.html
INFO: [ app_init ] --START--
INFO: Run Behavior\BuildLiteBehavior [ RunTime:0.000170s ]
INFO: [ app_init ] --END-- [ RunTime:0.007078s ]
INFO: [ app_begin ] --START--
INFO: Run Behavior\ReadHtmlCacheBehavior [ RunTime:0.006395s ]
INFO: [ app_begin ] --END-- [ RunTime:0.007211s ]
SQL: SHOW COLUMNS FROM `tp_user` [ RunTime:0.2005s ]
SQL: SELECT `lasttime` FROM `tp_user` WHERE `username` = 'hzx' LIMIT 1   [ RunTime:0.0013s ]
SQL: SHOW COLUMNS FROM `tp_filetype` [ RunTime:0.1445s ]
SQL: SELECT * FROM `tp_filetype`  [ RunTime:0.0013s ]
SQL: SHOW COLUMNS FROM `tp_knowledge` [ RunTime:0.0563s ]
NOTIC: [8] Undefined index: id F:\wamp\wamp\www\blog\Application\Admin\Controller\FilemanngerController.class.php 第 20 行.
SQL: SELECT COUNT(*) AS tp_count FROM `tp_knowledge` LIMIT 1   [ RunTime:0.0011s ]
SQL: SELECT * FROM `tp_knowledge` LIMIT 0,6   [ RunTime:0.0021s ]
INFO: [ view_parse ] --START--
INFO: [ template_filter ] --START--
INFO: Run Behavior\ContentReplaceBehavior [ RunTime:0.000500s ]
INFO: [ template_filter ] --END-- [ RunTime:0.001220s ]
NOTIC: [8] Undefined variable: vo F:\wamp\wamp\www\blog\Application\Runtime\Cache\Admin\8bb51f740aafcda4c61574535e9ebad8.php 第 77 行.
NOTIC: [8] Undefined index: cs F:\wamp\wamp\www\blog\Application\Runtime\Cache\Admin\8bb51f740aafcda4c61574535e9ebad8.php 第 77 行.
NOTIC: [8] Undefined index: files F:\wamp\wamp\www\blog\Application\Runtime\Cache\Admin\8bb51f740aafcda4c61574535e9ebad8.php 第 82 行.
NOTIC: [8] Undefined index: files F:\wamp\wamp\www\blog\Application\Runtime\Cache\Admin\8bb51f740aafcda4c61574535e9ebad8.php 第 82 行.
NOTIC: [8] Undefined index: files F:\wamp\wamp\www\blog\Application\Runtime\Cache\Admin\8bb51f740aafcda4c61574535e9ebad8.php 第 82 行.
NOTIC: [8] Undefined index: files F:\wamp\wamp\www\blog\Application\Runtime\Cache\Admin\8bb51f740aafcda4c61574535e9ebad8.php 第 82 行.
INFO: Run Behavior\ParseTemplateBehavior [ RunTime:0.137395s ]
INFO: [ view_parse ] --END-- [ RunTime:0.138123s ]
INFO: [ view_filter ] --START--
INFO: Run Behavior\WriteHtmlCacheBehavior [ RunTime:0.009796s ]
INFO: [ view_filter ] --END-- [ RunTime:0.010561s ]
INFO: [ app_end ] --START--
INFO: Run Behavior\ShowPageTraceBehavior [ RunTime:0.010987s ]
INFO: [ app_end ] --END-- [ RunTime:0.012070s ]

[ 2016-12-19T21:02:38+08:00 ] ::1 /blog/index.php/Admin/Filemannger/update/id/1
INFO: [ app_init ] --START--
INFO: Run Behavior\BuildLiteBehavior [ RunTime:0.000093s ]
INFO: [ app_init ] --END-- [ RunTime:0.008616s ]
INFO: [ app_begin ] --START--
INFO: Run Behavior\ReadHtmlCacheBehavior [ RunTime:0.013991s ]
INFO: [ app_begin ] --END-- [ RunTime:0.014498s ]
SQL: SHOW COLUMNS FROM `tp_filetype` [ RunTime:0.0630s ]
SQL: SELECT * FROM `tp_filetype`  [ RunTime:0.0011s ]
SQL: SHOW COLUMNS FROM `tp_user` [ RunTime:0.0532s ]
SQL: SELECT `lasttime` FROM `tp_user` WHERE `username` = 'hzx' LIMIT 1   [ RunTime:0.0010s ]
SQL: SHOW COLUMNS FROM `tp_knowledge` [ RunTime:0.0714s ]
SQL: SELECT * FROM `tp_knowledge` WHERE ( id=1 ) LIMIT 1   [ RunTime:0.0014s ]
INFO: [ view_parse ] --START--
INFO: [ template_filter ] --START--
INFO: Run Behavior\ContentReplaceBehavior [ RunTime:0.000515s ]
INFO: [ template_filter ] --END-- [ RunTime:0.001241s ]
INFO: Run Behavior\ParseTemplateBehavior [ RunTime:0.128523s ]
INFO: [ view_parse ] --END-- [ RunTime:0.128969s ]
INFO: [ view_filter ] --START--
INFO: Run Behavior\WriteHtmlCacheBehavior [ RunTime:0.016496s ]
INFO: [ view_filter ] --END-- [ RunTime:0.016904s ]
INFO: [ app_end ] --START--
INFO: Run Behavior\ShowPageTraceBehavior [ RunTime:0.022450s ]
INFO: [ app_end ] --END-- [ RunTime:0.037299s ]

[ 2016-12-19T21:02:45+08:00 ] ::1 /blog/index.php/Admin/Filemannger/edit.html
INFO: [ app_init ] --START--
INFO: Run Behavior\BuildLiteBehavior [ RunTime:0.000160s ]
INFO: [ app_init ] --END-- [ RunTime:0.006357s ]
INFO: [ app_begin ] --START--
INFO: Run Behavior\ReadHtmlCacheBehavior [ RunTime:0.007703s ]
INFO: [ app_begin ] --END-- [ RunTime:0.008352s ]
SQL: SHOW COLUMNS FROM `tp_knowledge` [ RunTime:0.0504s ]
SQL: UPDATE `tp_knowledge` SET `title`='流年祭奠',`content`='<p><span style=\"color: rgb(51, 51, 51); font-family: 宋体; font-size: 14px; line-height: 27px; background-color: rgb(255, 255, 255);\">窗口的风肆意的吹，我也在恣然的把玩着手中的心窝，掏来掏去却发现冷却趋于上升温度的铅华。我退卸的似乎又在被允许放纵。</span><span style=\"color: rgb(51, 51, 51); font-family: 宋体; font-size: 14px; line-height: 27px; background-color: rgb(255, 255, 255);\">从来不曾感觉，是因为默然的关系。许久未曾提起，但还是恨自己是一个人</span><span style=\"color: rgb(51, 51, 51); font-family: 宋体; font-size: 14px; line-height: 27px; background-color: rgb(255, 255, 255);\">，无法摆脱七情六欲的困惑，不能冲破人世冷暖的枷锁。</span><span style=\"color: rgb(51, 51, 51); font-family: 宋体; font-size: 14px; line-height: 27px; background-color: rgb(255, 255, 255);\">懒惰是一再堕落的必然，也许渐渐消逝的</span><a href=\"http://www.jj59.com/zti/qingchun/\" class=\"keywordlink\" style=\"font-family: 宋体; font-size: 14px; line-height: 27px; border: 0px; margin: 0px; padding: 0px; text-decoration: none; color: rgb(51, 51, 51); outline: none; background-color: rgb(255, 255, 255);\">青春</a><span style=\"color: rgb(51, 51, 51); font-family: 宋体; font-size: 14px; line-height: 27px; background-color: rgb(255, 255, 255);\">经不起折腾，对错始终是抵御不了的众说纷纭，我也在怅惋，也曾那般的虔诚，但最终还是在人事薄凉中逐渐的沉沦。</span></p>',`abstract`='个人心情',`typeid`='1' WHERE `id` = 1 [ RunTime:0.0655s ]

[ 2016-12-19T21:02:48+08:00 ] ::1 /blog/index.php/Admin/Filemannger/update/id/1
INFO: [ app_init ] --START--
INFO: Run Behavior\BuildLiteBehavior [ RunTime:0.000142s ]
INFO: [ app_init ] --END-- [ RunTime:0.005748s ]
INFO: [ app_begin ] --START--
INFO: Run Behavior\ReadHtmlCacheBehavior [ RunTime:0.004177s ]
INFO: [ app_begin ] --END-- [ RunTime:0.004690s ]
SQL: SHOW COLUMNS FROM `tp_filetype` [ RunTime:0.0917s ]
SQL: SELECT * FROM `tp_filetype`  [ RunTime:0.0010s ]
SQL: SHOW COLUMNS FROM `tp_user` [ RunTime:0.0628s ]
SQL: SELECT `lasttime` FROM `tp_user` WHERE `username` = 'hzx' LIMIT 1   [ RunTime:0.0011s ]
SQL: SHOW COLUMNS FROM `tp_knowledge` [ RunTime:0.0420s ]
SQL: SELECT * FROM `tp_knowledge` WHERE ( id=1 ) LIMIT 1   [ RunTime:0.0015s ]
INFO: [ view_parse ] --START--
INFO: [ template_filter ] --START--
INFO: Run Behavior\ContentReplaceBehavior [ RunTime:0.000507s ]
INFO: [ template_filter ] --END-- [ RunTime:0.001290s ]
INFO: Run Behavior\ParseTemplateBehavior [ RunTime:0.059931s ]
INFO: [ view_parse ] --END-- [ RunTime:0.060491s ]
INFO: [ view_filter ] --START--
INFO: Run Behavior\WriteHtmlCacheBehavior [ RunTime:0.005451s ]
INFO: [ view_filter ] --END-- [ RunTime:0.005859s ]
INFO: [ app_end ] --START--
INFO: Run Behavior\ShowPageTraceBehavior [ RunTime:0.011331s ]
INFO: [ app_end ] --END-- [ RunTime:0.011861s ]

[ 2016-12-19T21:02:54+08:00 ] ::1 /blog/index.php/Admin/Filemannger/edit.html
INFO: [ app_init ] --START--
INFO: Run Behavior\BuildLiteBehavior [ RunTime:0.000108s ]
INFO: [ app_init ] --END-- [ RunTime:0.005568s ]
INFO: [ app_begin ] --START--
INFO: Run Behavior\ReadHtmlCacheBehavior [ RunTime:0.014051s ]
INFO: [ app_begin ] --END-- [ RunTime:0.014474s ]
SQL: SHOW COLUMNS FROM `tp_knowledge` [ RunTime:0.1086s ]
SQL: UPDATE `tp_knowledge` SET `title`='流年祭奠',`content`='<p><span style=\"color: rgb(51, 51, 51); font-family: 宋体; font-size: 14px; line-height: 27px; background-color: rgb(255, 255, 255);\">窗口的风肆意的吹，我也在恣然的把玩着手中的心窝，掏来掏去却发现冷却趋于上升温度的铅华。我退卸的似乎又在被允许放纵。</span><span style=\"color: rgb(51, 51, 51); font-family: 宋体; font-size: 14px; line-height: 27px; background-color: rgb(255, 255, 255);\">从来不曾感觉，是因为默然的关系。许久未曾提起，但还是恨自己是一个人</span><span style=\"color: rgb(51, 51, 51); font-family: 宋体; font-size: 14px; line-height: 27px; background-color: rgb(255, 255, 255);\">，无法摆脱七情六欲的困惑，不能冲破人世冷暖的枷锁。</span><span style=\"color: rgb(51, 51, 51); font-family: 宋体; font-size: 14px; line-height: 27px; background-color: rgb(255, 255, 255);\">懒惰是一再堕落的必然，也许渐渐消逝的</span><a href=\"http://www.jj59.com/zti/qingchun/\" class=\"keywordlink\" style=\"font-family: 宋体; font-size: 14px; line-height: 27px; border: 0px; margin: 0px; padding: 0px; text-decoration: none; color: rgb(51, 51, 51); outline: none; background-color: rgb(255, 255, 255);\">青春</a><span style=\"color: rgb(51, 51, 51); font-family: 宋体; font-size: 14px; line-height: 27px; background-color: rgb(255, 255, 255);\">经不起折腾，对错始终是抵御不了的众说纷纭，我也在怅惋，也曾那般的虔诚，但最终还是在人事薄凉中逐渐的沉沦。</span></p>',`abstract`='个人心情',`typeid`='3' WHERE `id` = 1 [ RunTime:0.0994s ]

[ 2016-12-19T21:22:17+08:00 ] ::1 /blog/index.php/Admin/Index/index.html
INFO: [ app_init ] --START--
INFO: Run Behavior\BuildLiteBehavior [ RunTime:0.000096s ]
INFO: [ app_init ] --END-- [ RunTime:0.005737s ]
INFO: [ app_begin ] --START--
INFO: Run Behavior\ReadHtmlCacheBehavior [ RunTime:0.006595s ]
INFO: [ app_begin ] --END-- [ RunTime:0.007111s ]
SQL: SHOW COLUMNS FROM `tp_user` [ RunTime:0.0558s ]
SQL: SELECT `lasttime` FROM `tp_user` WHERE `username` = 'hzx' LIMIT 1   [ RunTime:0.0013s ]
SQL: SELECT * FROM `tp_user` WHERE `state` = 1 ORDER BY lasttime desc LIMIT 5   [ RunTime:0.0018s ]
SQL: SHOW COLUMNS FROM `tp_knowledge` [ RunTime:0.0566s ]
SQL: SELECT `title` FROM `tp_knowledge` ORDER BY publishtime desc LIMIT 1   [ RunTime:0.0012s ]
SQL: SELECT `img` FROM `tp_knowledge` ORDER BY publishtime desc LIMIT 1   [ RunTime:0.0013s ]
SQL: SHOW COLUMNS FROM `tp_img` [ RunTime:0.0561s ]
SQL: SELECT `img` FROM `tp_img` ORDER BY publishtime desc LIMIT 1   [ RunTime:0.0014s ]
SQL: SHOW COLUMNS FROM `tp_pinglun` [ RunTime:0.0694s ]
SQL: SELECT `content` FROM `tp_pinglun` ORDER BY publishtime desc LIMIT 1   [ RunTime:0.0012s ]
SQL: SHOW COLUMNS FROM `tp_message` [ RunTime:0.0802s ]
SQL: SELECT COUNT(*) AS tp_count FROM `tp_message` LIMIT 1   [ RunTime:0.0011s ]
SQL: SELECT * FROM `tp_message` ORDER BY publishtime desc LIMIT 0,5   [ RunTime:0.0017s ]
SQL: SELECT COUNT(*) AS tp_count FROM `tp_user` WHERE `state` = 1 LIMIT 1   [ RunTime:0.0015s ]
SQL: SELECT COUNT(*) AS tp_count FROM `tp_message` LIMIT 1   [ RunTime:0.0013s ]
SQL: SELECT COUNT(*) AS tp_count FROM `tp_pinglun` LIMIT 1   [ RunTime:0.0012s ]
SQL: SELECT * FROM `tp_knowledge` ORDER BY publishtime desc LIMIT 1   [ RunTime:0.0015s ]
NOTIC: [8] Undefined variable: filets F:\wamp\wamp\www\blog\Application\Admin\Controller\IndexController.class.php 第 74 行.
INFO: [ view_parse ] --START--
INFO: [ template_filter ] --START--
INFO: Run Behavior\ContentReplaceBehavior [ RunTime:0.000715s ]
INFO: [ template_filter ] --END-- [ RunTime:0.001499s ]
INFO: Run Behavior\ParseTemplateBehavior [ RunTime:0.126701s ]
INFO: [ view_parse ] --END-- [ RunTime:0.127218s ]
INFO: [ view_filter ] --START--
INFO: Run Behavior\WriteHtmlCacheBehavior [ RunTime:0.008045s ]
INFO: [ view_filter ] --END-- [ RunTime:0.008641s ]
INFO: [ app_end ] --START--
INFO: Run Behavior\ShowPageTraceBehavior [ RunTime:0.012031s ]
INFO: [ app_end ] --END-- [ RunTime:0.012825s ]

[ 2016-12-19T21:22:18+08:00 ] ::1 /blog/index.php/Admin/Index/ms.html
INFO: [ app_init ] --START--
INFO: Run Behavior\BuildLiteBehavior [ RunTime:0.000153s ]
INFO: [ app_init ] --END-- [ RunTime:0.008047s ]
INFO: [ app_begin ] --START--
INFO: Run Behavior\ReadHtmlCacheBehavior [ RunTime:0.011058s ]
INFO: [ app_begin ] --END-- [ RunTime:0.012439s ]

