[ 2017-01-07T22:40:34+08:00 ] ::1 /blog/index.php/Admin/Index/index.html
INFO: [ app_init ] --START--
INFO: Run Behavior\BuildLiteBehavior [ RunTime:0.000090s ]
INFO: [ app_init ] --END-- [ RunTime:0.011357s ]
INFO: [ app_begin ] --START--
INFO: Run Behavior\ReadHtmlCacheBehavior [ RunTime:0.014343s ]
INFO: [ app_begin ] --END-- [ RunTime:0.014983s ]
NOTIC: [8] Undefined index: adminname F:\wamp\wamp\www\blog\Application\Admin\Controller\IndexController.class.php 第 7 行.

[ 2017-01-07T22:40:35+08:00 ] ::1 /blog/index.php/Admin/Login/login.html
INFO: [ app_init ] --START--
INFO: Run Behavior\BuildLiteBehavior [ RunTime:0.000104s ]
INFO: [ app_init ] --END-- [ RunTime:0.012183s ]
INFO: [ app_begin ] --START--
INFO: Run Behavior\ReadHtmlCacheBehavior [ RunTime:0.008899s ]
INFO: [ app_begin ] --END-- [ RunTime:0.009370s ]
INFO: [ view_parse ] --START--
INFO: [ template_filter ] --START--
INFO: Run Behavior\ContentReplaceBehavior [ RunTime:0.000252s ]
INFO: [ template_filter ] --END-- [ RunTime:0.000676s ]
INFO: Run Behavior\ParseTemplateBehavior [ RunTime:0.082543s ]
INFO: [ view_parse ] --END-- [ RunTime:0.083006s ]
INFO: [ view_filter ] --START--
INFO: Run Behavior\WriteHtmlCacheBehavior [ RunTime:0.013479s ]
INFO: [ view_filter ] --END-- [ RunTime:0.014160s ]
INFO: [ app_end ] --START--
INFO: Run Behavior\ShowPageTraceBehavior [ RunTime:0.011863s ]
INFO: [ app_end ] --END-- [ RunTime:0.012266s ]

[ 2017-01-07T22:41:31+08:00 ] ::1 /blog/index.php/Admin/Login/login.html
INFO: [ app_init ] --START--
INFO: Run Behavior\BuildLiteBehavior [ RunTime:0.000252s ]
INFO: [ app_init ] --END-- [ RunTime:0.010699s ]
INFO: [ app_begin ] --START--
INFO: Run Behavior\ReadHtmlCacheBehavior [ RunTime:0.013058s ]
INFO: [ app_begin ] --END-- [ RunTime:0.013563s ]
SQL: SHOW COLUMNS FROM `tp_user` [ RunTime:0.1054s ]
SQL: SELECT * FROM `tp_user` WHERE `username` = 'hzx' AND `userpwd` = '123456' AND `state` = 0 LIMIT 1   [ RunTime:0.0014s ]

[ 2017-01-07T22:41:36+08:00 ] ::1 /blog/index.php/Admin/Login/login.html
INFO: [ app_init ] --START--
INFO: Run Behavior\BuildLiteBehavior [ RunTime:0.000094s ]
INFO: [ app_init ] --END-- [ RunTime:0.008790s ]
INFO: [ app_begin ] --START--
INFO: Run Behavior\ReadHtmlCacheBehavior [ RunTime:0.011466s ]
INFO: [ app_begin ] --END-- [ RunTime:0.011935s ]
SQL: SHOW COLUMNS FROM `tp_user` [ RunTime:0.1009s ]
SQL: SELECT * FROM `tp_user` WHERE `username` = 'hzx' AND `userpwd` = '123456' AND `state` = 0 LIMIT 1   [ RunTime:0.0014s ]

[ 2017-01-07T22:41:43+08:00 ] ::1 /blog/index.php/Admin/Login/login.html
INFO: [ app_init ] --START--
INFO: Run Behavior\BuildLiteBehavior [ RunTime:0.000095s ]
INFO: [ app_init ] --END-- [ RunTime:0.010650s ]
INFO: [ app_begin ] --START--
INFO: Run Behavior\ReadHtmlCacheBehavior [ RunTime:0.010992s ]
INFO: [ app_begin ] --END-- [ RunTime:0.011405s ]
SQL: SHOW COLUMNS FROM `tp_user` [ RunTime:0.0887s ]
SQL: SELECT * FROM `tp_user` WHERE `username` = '1413336' AND `userpwd` = '123456' AND `state` = 0 LIMIT 1   [ RunTime:0.0014s ]

[ 2017-01-07T22:41:50+08:00 ] ::1 /blog/index.php/Admin/Login/login.html
INFO: [ app_init ] --START--
INFO: Run Behavior\BuildLiteBehavior [ RunTime:0.000105s ]
INFO: [ app_init ] --END-- [ RunTime:0.010730s ]
INFO: [ app_begin ] --START--
INFO: Run Behavior\ReadHtmlCacheBehavior [ RunTime:0.008391s ]
INFO: [ app_begin ] --END-- [ RunTime:0.008904s ]
SQL: SHOW COLUMNS FROM `tp_user` [ RunTime:0.1590s ]
SQL: SELECT * FROM `tp_user` WHERE `username` = 'hzx' AND `userpwd` = '1234567' AND `state` = 0 LIMIT 1   [ RunTime:0.0015s ]
SQL: UPDATE `tp_user` SET `lasttime`='2017-01-07 22:41:50' WHERE `username` = 'hzx' [ RunTime:0.0639s ]

[ 2017-01-07T22:41:51+08:00 ] ::1 /blog/index.php/Admin/Index/index.html
INFO: [ app_init ] --START--
INFO: Run Behavior\BuildLiteBehavior [ RunTime:0.000147s ]
INFO: [ app_init ] --END-- [ RunTime:0.011813s ]
INFO: [ app_begin ] --START--
INFO: Run Behavior\ReadHtmlCacheBehavior [ RunTime:0.011152s ]
INFO: [ app_begin ] --END-- [ RunTime:0.011944s ]
SQL: SHOW COLUMNS FROM `tp_user` [ RunTime:0.1310s ]
SQL: SELECT `lasttime` FROM `tp_user` WHERE `username` = 'hzx' LIMIT 1   [ RunTime:0.0011s ]
SQL: SELECT * FROM `tp_user` WHERE `state` = 1 ORDER BY lasttime desc LIMIT 5   [ RunTime:0.0015s ]
SQL: SHOW COLUMNS FROM `tp_knowledge` [ RunTime:0.1771s ]
SQL: SELECT `title` FROM `tp_knowledge` ORDER BY publishtime desc LIMIT 1   [ RunTime:0.0011s ]
SQL: SELECT `img` FROM `tp_knowledge` ORDER BY publishtime desc LIMIT 1   [ RunTime:0.0010s ]
SQL: SHOW COLUMNS FROM `tp_img` [ RunTime:0.1400s ]
SQL: SELECT `img` FROM `tp_img` ORDER BY publishtime desc LIMIT 1   [ RunTime:0.0010s ]
SQL: SHOW COLUMNS FROM `tp_pinglun` [ RunTime:0.1284s ]
SQL: SELECT `content` FROM `tp_pinglun` ORDER BY publishtime desc LIMIT 1   [ RunTime:0.0010s ]
SQL: SHOW COLUMNS FROM `tp_message` [ RunTime:0.1985s ]
SQL: SELECT COUNT(*) AS tp_count FROM `tp_message` LIMIT 1   [ RunTime:0.0009s ]
SQL: SELECT * FROM `tp_message` ORDER BY publishtime desc LIMIT 0,5   [ RunTime:0.0014s ]
SQL: SELECT COUNT(*) AS tp_count FROM `tp_user` WHERE `state` = 1 LIMIT 1   [ RunTime:0.0009s ]
SQL: SELECT COUNT(*) AS tp_count FROM `tp_message` LIMIT 1   [ RunTime:0.0009s ]
SQL: SELECT COUNT(*) AS tp_count FROM `tp_pinglun` LIMIT 1   [ RunTime:0.0011s ]
SQL: SELECT * FROM `tp_knowledge` ORDER BY publishtime desc LIMIT 1   [ RunTime:0.0012s ]
NOTIC: [8] Undefined variable: filets F:\wamp\wamp\www\blog\Application\Admin\Controller\IndexController.class.php 第 74 行.
INFO: [ view_parse ] --START--
INFO: [ template_filter ] --START--
INFO: Run Behavior\ContentReplaceBehavior [ RunTime:0.000417s ]
INFO: [ template_filter ] --END-- [ RunTime:0.000833s ]
INFO: Run Behavior\ParseTemplateBehavior [ RunTime:0.130294s ]
INFO: [ view_parse ] --END-- [ RunTime:0.130912s ]
INFO: [ view_filter ] --START--
INFO: Run Behavior\WriteHtmlCacheBehavior [ RunTime:0.012985s ]
INFO: [ view_filter ] --END-- [ RunTime:0.013562s ]
INFO: [ app_end ] --START--
INFO: Run Behavior\ShowPageTraceBehavior [ RunTime:0.019447s ]
INFO: [ app_end ] --END-- [ RunTime:0.020421s ]

[ 2017-01-07T22:41:53+08:00 ] ::1 /blog/index.php/Admin/Index/ms.html
INFO: [ app_init ] --START--
INFO: Run Behavior\BuildLiteBehavior [ RunTime:0.000093s ]
INFO: [ app_init ] --END-- [ RunTime:0.009828s ]
INFO: [ app_begin ] --START--
INFO: Run Behavior\ReadHtmlCacheBehavior [ RunTime:0.013847s ]
INFO: [ app_begin ] --END-- [ RunTime:0.014443s ]

[ 2017-01-07T22:42:00+08:00 ] ::1 /blog/index.php/Admin/Index/savepwd.html
INFO: [ app_init ] --START--
INFO: Run Behavior\BuildLiteBehavior [ RunTime:0.000094s ]
INFO: [ app_init ] --END-- [ RunTime:0.011152s ]
INFO: [ app_begin ] --START--
INFO: Run Behavior\ReadHtmlCacheBehavior [ RunTime:0.010421s ]
INFO: [ app_begin ] --END-- [ RunTime:0.010848s ]
SQL: SHOW COLUMNS FROM `tp_user` [ RunTime:0.1841s ]
SQL: UPDATE `tp_user` SET `userpwd`='123456' WHERE `username` = 'hzx' [ RunTime:0.0328s ]

