[ 2017-01-20T21:02:34+08:00 ] ::1 /blog/index.php/Admin/Index/index.html
INFO: [ app_init ] --START--
INFO: Run Behavior\BuildLiteBehavior [ RunTime:0.000086s ]
INFO: [ app_init ] --END-- [ RunTime:0.005068s ]
INFO: [ app_begin ] --START--
INFO: Run Behavior\ReadHtmlCacheBehavior [ RunTime:0.005469s ]
INFO: [ app_begin ] --END-- [ RunTime:0.005928s ]
NOTIC: [8] Undefined index: adminname F:\wamp\wamp\www\blog\Application\Admin\Controller\IndexController.class.php 第 7 行.

[ 2017-01-20T21:02:34+08:00 ] ::1 /blog/index.php/Admin/Login/login.html
INFO: [ app_init ] --START--
INFO: Run Behavior\BuildLiteBehavior [ RunTime:0.000082s ]
INFO: [ app_init ] --END-- [ RunTime:0.004439s ]
INFO: [ app_begin ] --START--
INFO: Run Behavior\ReadHtmlCacheBehavior [ RunTime:0.005209s ]
INFO: [ app_begin ] --END-- [ RunTime:0.005703s ]
INFO: [ view_parse ] --START--
INFO: [ template_filter ] --START--
INFO: Run Behavior\ContentReplaceBehavior [ RunTime:0.000248s ]
INFO: [ template_filter ] --END-- [ RunTime:0.000769s ]
INFO: Run Behavior\ParseTemplateBehavior [ RunTime:0.041124s ]
INFO: [ view_parse ] --END-- [ RunTime:0.041539s ]
INFO: [ view_filter ] --START--
INFO: Run Behavior\WriteHtmlCacheBehavior [ RunTime:0.007552s ]
INFO: [ view_filter ] --END-- [ RunTime:0.007982s ]
INFO: [ app_end ] --START--
INFO: Run Behavior\ShowPageTraceBehavior [ RunTime:0.004900s ]
INFO: [ app_end ] --END-- [ RunTime:0.005427s ]

[ 2017-01-20T21:02:41+08:00 ] ::1 /blog/index.php/Admin/Login/login.html
INFO: [ app_init ] --START--
INFO: Run Behavior\BuildLiteBehavior [ RunTime:0.000110s ]
INFO: [ app_init ] --END-- [ RunTime:0.004849s ]
INFO: [ app_begin ] --START--
INFO: Run Behavior\ReadHtmlCacheBehavior [ RunTime:0.009325s ]
INFO: [ app_begin ] --END-- [ RunTime:0.009815s ]
SQL: SHOW COLUMNS FROM `tp_user` [ RunTime:0.1618s ]
SQL: SELECT * FROM `tp_user` WHERE `username` = 'hzx' AND `userpwd` = '123456' AND `state` = 0 LIMIT 1   [ RunTime:0.0101s ]
SQL: UPDATE `tp_user` SET `lasttime`='2017-01-20 21:02:41' WHERE `username` = 'hzx' [ RunTime:0.1659s ]

[ 2017-01-20T21:02:42+08:00 ] ::1 /blog/index.php/Admin/Index/index.html
INFO: [ app_init ] --START--
INFO: Run Behavior\BuildLiteBehavior [ RunTime:0.000111s ]
INFO: [ app_init ] --END-- [ RunTime:0.005193s ]
INFO: [ app_begin ] --START--
INFO: Run Behavior\ReadHtmlCacheBehavior [ RunTime:0.005932s ]
INFO: [ app_begin ] --END-- [ RunTime:0.006531s ]
SQL: SHOW COLUMNS FROM `tp_user` [ RunTime:0.0691s ]
SQL: SELECT `lasttime` FROM `tp_user` WHERE `username` = 'hzx' LIMIT 1   [ RunTime:0.0008s ]
SQL: SELECT * FROM `tp_user` WHERE `state` = 1 ORDER BY lasttime desc LIMIT 5   [ RunTime:0.0015s ]
SQL: SHOW COLUMNS FROM `tp_knowledge` [ RunTime:0.0628s ]
SQL: SELECT `title` FROM `tp_knowledge` ORDER BY publishtime desc LIMIT 1   [ RunTime:0.0009s ]
SQL: SELECT `img` FROM `tp_knowledge` ORDER BY publishtime desc LIMIT 1   [ RunTime:0.0008s ]
SQL: SHOW COLUMNS FROM `tp_img` [ RunTime:0.0558s ]
SQL: SELECT `img` FROM `tp_img` ORDER BY publishtime desc LIMIT 1   [ RunTime:0.0006s ]
SQL: SHOW COLUMNS FROM `tp_pinglun` [ RunTime:0.0849s ]
SQL: SELECT `content` FROM `tp_pinglun` ORDER BY publishtime desc LIMIT 1   [ RunTime:0.0007s ]
SQL: SHOW COLUMNS FROM `tp_message` [ RunTime:0.0822s ]
SQL: SELECT COUNT(*) AS tp_count FROM `tp_message` LIMIT 1   [ RunTime:0.0008s ]
SQL: SELECT * FROM `tp_message` ORDER BY publishtime desc LIMIT 0,5   [ RunTime:0.0011s ]
SQL: SELECT COUNT(*) AS tp_count FROM `tp_user` WHERE `state` = 1 LIMIT 1   [ RunTime:0.0007s ]
SQL: SELECT COUNT(*) AS tp_count FROM `tp_message` LIMIT 1   [ RunTime:0.0007s ]
SQL: SELECT COUNT(*) AS tp_count FROM `tp_pinglun` LIMIT 1   [ RunTime:0.0006s ]
SQL: SELECT * FROM `tp_knowledge` ORDER BY publishtime desc LIMIT 1   [ RunTime:0.0009s ]
NOTIC: [8] Undefined variable: filets F:\wamp\wamp\www\blog\Application\Admin\Controller\IndexController.class.php 第 75 行.
INFO: [ view_parse ] --START--
INFO: [ template_filter ] --START--
INFO: Run Behavior\ContentReplaceBehavior [ RunTime:0.000434s ]
INFO: [ template_filter ] --END-- [ RunTime:0.000841s ]
INFO: Run Behavior\ParseTemplateBehavior [ RunTime:0.081354s ]
INFO: [ view_parse ] --END-- [ RunTime:0.081742s ]
INFO: [ view_filter ] --START--
INFO: Run Behavior\WriteHtmlCacheBehavior [ RunTime:0.007231s ]
INFO: [ view_filter ] --END-- [ RunTime:0.007657s ]
INFO: [ app_end ] --START--
INFO: Run Behavior\ShowPageTraceBehavior [ RunTime:0.005847s ]
INFO: [ app_end ] --END-- [ RunTime:0.006431s ]

[ 2017-01-20T21:03:04+08:00 ] ::1 /blog/index.php/Admin/Index/ms.html
INFO: [ app_init ] --START--
INFO: Run Behavior\BuildLiteBehavior [ RunTime:0.000057s ]
INFO: [ app_init ] --END-- [ RunTime:0.009281s ]
INFO: [ app_begin ] --START--
INFO: Run Behavior\ReadHtmlCacheBehavior [ RunTime:0.005641s ]
INFO: [ app_begin ] --END-- [ RunTime:0.005900s ]

[ 2017-01-20T21:03:07+08:00 ] ::1 /blog/index.php/Admin/Filemannger/files.html
INFO: [ app_init ] --START--
INFO: Run Behavior\BuildLiteBehavior [ RunTime:0.000113s ]
INFO: [ app_init ] --END-- [ RunTime:0.006860s ]
INFO: [ app_begin ] --START--
INFO: Run Behavior\ReadHtmlCacheBehavior [ RunTime:0.006687s ]
INFO: [ app_begin ] --END-- [ RunTime:0.007308s ]
SQL: SHOW COLUMNS FROM `tp_user` [ RunTime:0.1013s ]
SQL: SELECT `lasttime` FROM `tp_user` WHERE `username` = 'hzx' LIMIT 1   [ RunTime:0.0011s ]
SQL: SHOW COLUMNS FROM `tp_filetype` [ RunTime:0.1155s ]
SQL: SELECT * FROM `tp_filetype`  [ RunTime:0.0010s ]
SQL: SHOW COLUMNS FROM `tp_knowledge` [ RunTime:0.0588s ]
NOTIC: [8] Undefined index: id F:\wamp\wamp\www\blog\Application\Admin\Controller\FilemanngerController.class.php 第 22 行.
SQL: SELECT COUNT(*) AS tp_count FROM `tp_knowledge` LIMIT 1   [ RunTime:0.0009s ]
SQL: SELECT * FROM `tp_knowledge` LIMIT 0,6   [ RunTime:0.0016s ]
INFO: [ view_parse ] --START--
INFO: [ template_filter ] --START--
INFO: Run Behavior\ContentReplaceBehavior [ RunTime:0.000424s ]
INFO: [ template_filter ] --END-- [ RunTime:0.000976s ]
NOTIC: [8] Undefined variable: vo F:\wamp\wamp\www\blog\Application\Runtime\Cache\Admin\8bb51f740aafcda4c61574535e9ebad8.php 第 78 行.
NOTIC: [8] Undefined index: cs F:\wamp\wamp\www\blog\Application\Runtime\Cache\Admin\8bb51f740aafcda4c61574535e9ebad8.php 第 78 行.
NOTIC: [8] Undefined index: files F:\wamp\wamp\www\blog\Application\Runtime\Cache\Admin\8bb51f740aafcda4c61574535e9ebad8.php 第 83 行.
NOTIC: [8] Undefined index: files F:\wamp\wamp\www\blog\Application\Runtime\Cache\Admin\8bb51f740aafcda4c61574535e9ebad8.php 第 83 行.
NOTIC: [8] Undefined index: files F:\wamp\wamp\www\blog\Application\Runtime\Cache\Admin\8bb51f740aafcda4c61574535e9ebad8.php 第 83 行.
NOTIC: [8] Undefined index: files F:\wamp\wamp\www\blog\Application\Runtime\Cache\Admin\8bb51f740aafcda4c61574535e9ebad8.php 第 83 行.
INFO: Run Behavior\ParseTemplateBehavior [ RunTime:0.124721s ]
INFO: [ view_parse ] --END-- [ RunTime:0.125309s ]
INFO: [ view_filter ] --START--
INFO: Run Behavior\WriteHtmlCacheBehavior [ RunTime:0.006309s ]
INFO: [ view_filter ] --END-- [ RunTime:0.006960s ]
INFO: [ app_end ] --START--
INFO: Run Behavior\ShowPageTraceBehavior [ RunTime:0.019686s ]
INFO: [ app_end ] --END-- [ RunTime:0.020401s ]

[ 2017-01-20T21:03:21+08:00 ] ::1 /blog/index.php/Admin/Index/index.html
INFO: [ app_init ] --START--
INFO: Run Behavior\BuildLiteBehavior [ RunTime:0.000146s ]
INFO: [ app_init ] --END-- [ RunTime:0.004865s ]
INFO: [ app_begin ] --START--
INFO: Run Behavior\ReadHtmlCacheBehavior [ RunTime:0.007196s ]
INFO: [ app_begin ] --END-- [ RunTime:0.007768s ]
SQL: SHOW COLUMNS FROM `tp_user` [ RunTime:0.1286s ]
SQL: SELECT `lasttime` FROM `tp_user` WHERE `username` = 'hzx' LIMIT 1   [ RunTime:0.0015s ]
SQL: SELECT * FROM `tp_user` WHERE `state` = 1 ORDER BY lasttime desc LIMIT 5   [ RunTime:0.0025s ]
SQL: SHOW COLUMNS FROM `tp_knowledge` [ RunTime:0.1026s ]
SQL: SELECT `title` FROM `tp_knowledge` ORDER BY publishtime desc LIMIT 1   [ RunTime:0.0011s ]
SQL: SELECT `img` FROM `tp_knowledge` ORDER BY publishtime desc LIMIT 1   [ RunTime:0.0009s ]
SQL: SHOW COLUMNS FROM `tp_img` [ RunTime:0.1199s ]
SQL: SELECT `img` FROM `tp_img` ORDER BY publishtime desc LIMIT 1   [ RunTime:0.0013s ]
SQL: SHOW COLUMNS FROM `tp_pinglun` [ RunTime:0.1042s ]
SQL: SELECT `content` FROM `tp_pinglun` ORDER BY publishtime desc LIMIT 1   [ RunTime:0.0012s ]
SQL: SHOW COLUMNS FROM `tp_message` [ RunTime:0.0910s ]
SQL: SELECT COUNT(*) AS tp_count FROM `tp_message` LIMIT 1   [ RunTime:0.0011s ]
SQL: SELECT * FROM `tp_message` ORDER BY publishtime desc LIMIT 0,5   [ RunTime:0.0015s ]
SQL: SELECT COUNT(*) AS tp_count FROM `tp_user` WHERE `state` = 1 LIMIT 1   [ RunTime:0.0010s ]
SQL: SELECT COUNT(*) AS tp_count FROM `tp_message` LIMIT 1   [ RunTime:0.0010s ]
SQL: SELECT COUNT(*) AS tp_count FROM `tp_pinglun` LIMIT 1   [ RunTime:0.0010s ]
SQL: SELECT * FROM `tp_knowledge` ORDER BY publishtime desc LIMIT 1   [ RunTime:0.0013s ]
NOTIC: [8] Undefined variable: filets F:\wamp\wamp\www\blog\Application\Admin\Controller\IndexController.class.php 第 75 行.
INFO: [ view_parse ] --START--
INFO: [ template_filter ] --START--
INFO: Run Behavior\ContentReplaceBehavior [ RunTime:0.000446s ]
INFO: [ template_filter ] --END-- [ RunTime:0.000886s ]
INFO: Run Behavior\ParseTemplateBehavior [ RunTime:0.110402s ]
INFO: [ view_parse ] --END-- [ RunTime:0.111094s ]
INFO: [ view_filter ] --START--
INFO: Run Behavior\WriteHtmlCacheBehavior [ RunTime:0.007036s ]
INFO: [ view_filter ] --END-- [ RunTime:0.007733s ]
INFO: [ app_end ] --START--
INFO: Run Behavior\ShowPageTraceBehavior [ RunTime:0.008508s ]
INFO: [ app_end ] --END-- [ RunTime:0.009232s ]

[ 2017-01-20T21:03:22+08:00 ] ::1 /blog/index.php/Admin/Index/ms.html
INFO: [ app_init ] --START--
INFO: Run Behavior\BuildLiteBehavior [ RunTime:0.000225s ]
INFO: [ app_init ] --END-- [ RunTime:0.014514s ]
INFO: [ app_begin ] --START--
INFO: Run Behavior\ReadHtmlCacheBehavior [ RunTime:0.018023s ]
INFO: [ app_begin ] --END-- [ RunTime:0.019004s ]

[ 2017-01-20T21:03:24+08:00 ] ::1 /blog/index.php/Admin/Message/index.html
INFO: [ app_init ] --START--
INFO: Run Behavior\BuildLiteBehavior [ RunTime:0.000147s ]
INFO: [ app_init ] --END-- [ RunTime:0.010587s ]
INFO: [ app_begin ] --START--
INFO: Run Behavior\ReadHtmlCacheBehavior [ RunTime:0.014334s ]
INFO: [ app_begin ] --END-- [ RunTime:0.015473s ]
SQL: SHOW COLUMNS FROM `tp_user` [ RunTime:0.1136s ]
SQL: SELECT `lasttime` FROM `tp_user` WHERE `username` = 'hzx' LIMIT 1   [ RunTime:0.0014s ]
INFO: [ view_parse ] --START--
INFO: [ template_filter ] --START--
INFO: Run Behavior\ContentReplaceBehavior [ RunTime:0.000755s ]
INFO: [ template_filter ] --END-- [ RunTime:0.001478s ]
INFO: Run Behavior\ParseTemplateBehavior [ RunTime:0.089743s ]
INFO: [ view_parse ] --END-- [ RunTime:0.090322s ]
INFO: [ view_filter ] --START--
INFO: Run Behavior\WriteHtmlCacheBehavior [ RunTime:0.005272s ]
INFO: [ view_filter ] --END-- [ RunTime:0.005853s ]
INFO: [ app_end ] --START--
INFO: Run Behavior\ShowPageTraceBehavior [ RunTime:0.015093s ]
INFO: [ app_end ] --END-- [ RunTime:0.015889s ]

[ 2017-01-20T21:06:25+08:00 ] ::1 /blog/index.php/Admin/Message/index.html
INFO: [ app_init ] --START--
INFO: Run Behavior\BuildLiteBehavior [ RunTime:0.000134s ]
INFO: [ app_init ] --END-- [ RunTime:0.006293s ]
INFO: [ app_begin ] --START--
INFO: Run Behavior\ReadHtmlCacheBehavior [ RunTime:0.007958s ]
INFO: [ app_begin ] --END-- [ RunTime:0.008467s ]
SQL: SHOW COLUMNS FROM `tp_user` [ RunTime:0.0822s ]
SQL: SELECT `lasttime` FROM `tp_user` WHERE `username` = 'hzx' LIMIT 1   [ RunTime:0.0011s ]
INFO: [ view_parse ] --START--
INFO: [ template_filter ] --START--
INFO: Run Behavior\ContentReplaceBehavior [ RunTime:0.000443s ]
INFO: [ template_filter ] --END-- [ RunTime:0.000858s ]
INFO: Run Behavior\ParseTemplateBehavior [ RunTime:0.062127s ]
INFO: [ view_parse ] --END-- [ RunTime:0.062548s ]
INFO: [ view_filter ] --START--
INFO: Run Behavior\WriteHtmlCacheBehavior [ RunTime:0.006873s ]
INFO: [ view_filter ] --END-- [ RunTime:0.007295s ]
INFO: [ app_end ] --START--
INFO: Run Behavior\ShowPageTraceBehavior [ RunTime:0.006428s ]
INFO: [ app_end ] --END-- [ RunTime:0.007381s ]

[ 2017-01-20T21:06:39+08:00 ] ::1 /blog/index.php/Admin/Message/index.html
INFO: [ app_init ] --START--
INFO: Run Behavior\BuildLiteBehavior [ RunTime:0.000110s ]
INFO: [ app_init ] --END-- [ RunTime:0.005272s ]
INFO: [ app_begin ] --START--
INFO: Run Behavior\ReadHtmlCacheBehavior [ RunTime:0.007567s ]
INFO: [ app_begin ] --END-- [ RunTime:0.008077s ]
SQL: SHOW COLUMNS FROM `tp_user` [ RunTime:0.0930s ]
SQL: SELECT `lasttime` FROM `tp_user` WHERE `username` = 'hzx' LIMIT 1   [ RunTime:0.0011s ]
INFO: [ view_parse ] --START--
INFO: [ template_filter ] --START--
INFO: Run Behavior\ContentReplaceBehavior [ RunTime:0.000437s ]
INFO: [ template_filter ] --END-- [ RunTime:0.000854s ]
INFO: Run Behavior\ParseTemplateBehavior [ RunTime:0.063441s ]
INFO: [ view_parse ] --END-- [ RunTime:0.063907s ]
INFO: [ view_filter ] --START--
INFO: Run Behavior\WriteHtmlCacheBehavior [ RunTime:0.007398s ]
INFO: [ view_filter ] --END-- [ RunTime:0.007837s ]
INFO: [ app_end ] --START--
INFO: Run Behavior\ShowPageTraceBehavior [ RunTime:0.010412s ]
INFO: [ app_end ] --END-- [ RunTime:0.011373s ]

[ 2017-01-20T21:10:01+08:00 ] ::1 /blog/index.php/Admin/Message/index.html
INFO: [ app_init ] --START--
INFO: Run Behavior\BuildLiteBehavior [ RunTime:0.000154s ]
INFO: [ app_init ] --END-- [ RunTime:0.007651s ]
INFO: [ app_begin ] --START--
INFO: Run Behavior\ReadHtmlCacheBehavior [ RunTime:0.007858s ]
INFO: [ app_begin ] --END-- [ RunTime:0.008592s ]
SQL: SHOW COLUMNS FROM `tp_user` [ RunTime:0.1423s ]
SQL: SELECT `lasttime` FROM `tp_user` WHERE `username` = 'hzx' LIMIT 1   [ RunTime:0.0014s ]
INFO: [ view_parse ] --START--
INFO: [ template_filter ] --START--
INFO: Run Behavior\ContentReplaceBehavior [ RunTime:0.000827s ]
INFO: [ template_filter ] --END-- [ RunTime:0.001672s ]
INFO: Run Behavior\ParseTemplateBehavior [ RunTime:0.090058s ]
INFO: [ view_parse ] --END-- [ RunTime:0.090723s ]
INFO: [ view_filter ] --START--
INFO: Run Behavior\WriteHtmlCacheBehavior [ RunTime:0.007362s ]
INFO: [ view_filter ] --END-- [ RunTime:0.007797s ]
INFO: [ app_end ] --START--
INFO: Run Behavior\ShowPageTraceBehavior [ RunTime:0.017994s ]
INFO: [ app_end ] --END-- [ RunTime:0.019461s ]

[ 2017-01-20T21:11:04+08:00 ] ::1 /blog/index.php/Admin/Message/index.html
INFO: [ app_init ] --START--
INFO: Run Behavior\BuildLiteBehavior [ RunTime:0.000095s ]
INFO: [ app_init ] --END-- [ RunTime:0.006997s ]
INFO: [ app_begin ] --START--
INFO: Run Behavior\ReadHtmlCacheBehavior [ RunTime:0.006119s ]
INFO: [ app_begin ] --END-- [ RunTime:0.006608s ]
SQL: SHOW COLUMNS FROM `tp_user` [ RunTime:0.0772s ]
SQL: SELECT `lasttime` FROM `tp_user` WHERE `username` = 'hzx' LIMIT 1   [ RunTime:0.0010s ]
INFO: [ view_parse ] --START--
INFO: [ template_filter ] --START--
INFO: Run Behavior\ContentReplaceBehavior [ RunTime:0.000412s ]
INFO: [ template_filter ] --END-- [ RunTime:0.000819s ]
INFO: Run Behavior\ParseTemplateBehavior [ RunTime:0.060886s ]
INFO: [ view_parse ] --END-- [ RunTime:0.061329s ]
INFO: [ view_filter ] --START--
INFO: Run Behavior\WriteHtmlCacheBehavior [ RunTime:0.006783s ]
INFO: [ view_filter ] --END-- [ RunTime:0.007175s ]
INFO: [ app_end ] --START--
INFO: Run Behavior\ShowPageTraceBehavior [ RunTime:0.008389s ]
INFO: [ app_end ] --END-- [ RunTime:0.008974s ]

[ 2017-01-20T21:11:37+08:00 ] ::1 /blog/index.php/Admin/Message/index.html
INFO: [ app_init ] --START--
INFO: Run Behavior\BuildLiteBehavior [ RunTime:0.000094s ]
INFO: [ app_init ] --END-- [ RunTime:0.004317s ]
INFO: [ app_begin ] --START--
INFO: Run Behavior\ReadHtmlCacheBehavior [ RunTime:0.005297s ]
INFO: [ app_begin ] --END-- [ RunTime:0.005760s ]
SQL: SHOW COLUMNS FROM `tp_user` [ RunTime:0.0767s ]
SQL: SELECT `lasttime` FROM `tp_user` WHERE `username` = 'hzx' LIMIT 1   [ RunTime:0.0012s ]
INFO: [ view_parse ] --START--
INFO: [ template_filter ] --START--
INFO: Run Behavior\ContentReplaceBehavior [ RunTime:0.000406s ]
INFO: [ template_filter ] --END-- [ RunTime:0.000820s ]
INFO: Run Behavior\ParseTemplateBehavior [ RunTime:0.057601s ]
INFO: [ view_parse ] --END-- [ RunTime:0.058114s ]
INFO: [ view_filter ] --START--
INFO: Run Behavior\WriteHtmlCacheBehavior [ RunTime:0.006380s ]
INFO: [ view_filter ] --END-- [ RunTime:0.006786s ]
INFO: [ app_end ] --START--
INFO: Run Behavior\ShowPageTraceBehavior [ RunTime:0.009691s ]
INFO: [ app_end ] --END-- [ RunTime:0.010252s ]

[ 2017-01-20T21:11:47+08:00 ] ::1 /blog/index.php/Admin/Message/index.html
INFO: [ app_init ] --START--
INFO: Run Behavior\BuildLiteBehavior [ RunTime:0.000143s ]
INFO: [ app_init ] --END-- [ RunTime:0.005717s ]
INFO: [ app_begin ] --START--
INFO: Run Behavior\ReadHtmlCacheBehavior [ RunTime:0.005290s ]
INFO: [ app_begin ] --END-- [ RunTime:0.005746s ]
SQL: SHOW COLUMNS FROM `tp_user` [ RunTime:0.0693s ]
SQL: SELECT `lasttime` FROM `tp_user` WHERE `username` = 'hzx' LIMIT 1   [ RunTime:0.0011s ]
INFO: [ view_parse ] --START--
INFO: [ template_filter ] --START--
INFO: Run Behavior\ContentReplaceBehavior [ RunTime:0.000381s ]
INFO: [ template_filter ] --END-- [ RunTime:0.000800s ]
INFO: Run Behavior\ParseTemplateBehavior [ RunTime:0.053834s ]
INFO: [ view_parse ] --END-- [ RunTime:0.054251s ]
INFO: [ view_filter ] --START--
INFO: Run Behavior\WriteHtmlCacheBehavior [ RunTime:0.006211s ]
INFO: [ view_filter ] --END-- [ RunTime:0.006598s ]
INFO: [ app_end ] --START--
INFO: Run Behavior\ShowPageTraceBehavior [ RunTime:0.007308s ]
INFO: [ app_end ] --END-- [ RunTime:0.007880s ]

[ 2017-01-20T21:12:01+08:00 ] ::1 /blog/index.php/Admin/Message/index.html
INFO: [ app_init ] --START--
INFO: Run Behavior\BuildLiteBehavior [ RunTime:0.000106s ]
INFO: [ app_init ] --END-- [ RunTime:0.008323s ]
INFO: [ app_begin ] --START--
INFO: Run Behavior\ReadHtmlCacheBehavior [ RunTime:0.009707s ]
INFO: [ app_begin ] --END-- [ RunTime:0.010310s ]
SQL: SHOW COLUMNS FROM `tp_user` [ RunTime:0.1175s ]
SQL: SELECT `lasttime` FROM `tp_user` WHERE `username` = 'hzx' LIMIT 1   [ RunTime:0.0010s ]
INFO: [ view_parse ] --START--
INFO: [ template_filter ] --START--
INFO: Run Behavior\ContentReplaceBehavior [ RunTime:0.000613s ]
INFO: [ template_filter ] --END-- [ RunTime:0.001208s ]
INFO: Run Behavior\ParseTemplateBehavior [ RunTime:0.080295s ]
INFO: [ view_parse ] --END-- [ RunTime:0.080866s ]
INFO: [ view_filter ] --START--
INFO: Run Behavior\WriteHtmlCacheBehavior [ RunTime:0.007691s ]
INFO: [ view_filter ] --END-- [ RunTime:0.008101s ]
INFO: [ app_end ] --START--
INFO: Run Behavior\ShowPageTraceBehavior [ RunTime:0.010038s ]
INFO: [ app_end ] --END-- [ RunTime:0.010698s ]

[ 2017-01-20T21:12:31+08:00 ] ::1 /blog/index.php/Admin/Message/index.html
INFO: [ app_init ] --START--
INFO: Run Behavior\BuildLiteBehavior [ RunTime:0.000090s ]
INFO: [ app_init ] --END-- [ RunTime:0.004796s ]
INFO: [ app_begin ] --START--
INFO: Run Behavior\ReadHtmlCacheBehavior [ RunTime:0.006340s ]
INFO: [ app_begin ] --END-- [ RunTime:0.006951s ]
SQL: SHOW COLUMNS FROM `tp_user` [ RunTime:0.0637s ]
SQL: SELECT `lasttime` FROM `tp_user` WHERE `username` = 'hzx' LIMIT 1   [ RunTime:0.0010s ]
INFO: [ view_parse ] --START--
INFO: [ template_filter ] --START--
INFO: Run Behavior\ContentReplaceBehavior [ RunTime:0.000746s ]
INFO: [ template_filter ] --END-- [ RunTime:0.001161s ]
INFO: Run Behavior\ParseTemplateBehavior [ RunTime:0.056109s ]
INFO: [ view_parse ] --END-- [ RunTime:0.056563s ]
INFO: [ view_filter ] --START--
INFO: Run Behavior\WriteHtmlCacheBehavior [ RunTime:0.005965s ]
INFO: [ view_filter ] --END-- [ RunTime:0.006356s ]
INFO: [ app_end ] --START--
INFO: Run Behavior\ShowPageTraceBehavior [ RunTime:0.008861s ]
INFO: [ app_end ] --END-- [ RunTime:0.009434s ]

[ 2017-01-20T21:13:12+08:00 ] ::1 /blog/index.php/Admin/Message/index.html
INFO: [ app_init ] --START--
INFO: Run Behavior\BuildLiteBehavior [ RunTime:0.000092s ]
INFO: [ app_init ] --END-- [ RunTime:0.004570s ]
INFO: [ app_begin ] --START--
INFO: Run Behavior\ReadHtmlCacheBehavior [ RunTime:0.007469s ]
INFO: [ app_begin ] --END-- [ RunTime:0.008026s ]
SQL: SHOW COLUMNS FROM `tp_user` [ RunTime:0.0627s ]
SQL: SELECT `lasttime` FROM `tp_user` WHERE `username` = 'hzx' LIMIT 1   [ RunTime:0.0011s ]
INFO: [ view_parse ] --START--
INFO: [ template_filter ] --START--
INFO: Run Behavior\ContentReplaceBehavior [ RunTime:0.000392s ]
INFO: [ template_filter ] --END-- [ RunTime:0.000803s ]
INFO: Run Behavior\ParseTemplateBehavior [ RunTime:0.055139s ]
INFO: [ view_parse ] --END-- [ RunTime:0.055565s ]
INFO: [ view_filter ] --START--
INFO: Run Behavior\WriteHtmlCacheBehavior [ RunTime:0.006094s ]
INFO: [ view_filter ] --END-- [ RunTime:0.006484s ]
INFO: [ app_end ] --START--
INFO: Run Behavior\ShowPageTraceBehavior [ RunTime:0.006767s ]
INFO: [ app_end ] --END-- [ RunTime:0.007329s ]

[ 2017-01-20T21:22:53+08:00 ] ::1 /blog/index.php/Admin/Message/index.html
INFO: [ app_init ] --START--
INFO: Run Behavior\BuildLiteBehavior [ RunTime:0.000096s ]
INFO: [ app_init ] --END-- [ RunTime:0.006343s ]
INFO: [ app_begin ] --START--
INFO: Run Behavior\ReadHtmlCacheBehavior [ RunTime:0.007772s ]
INFO: [ app_begin ] --END-- [ RunTime:0.008377s ]
SQL: SHOW COLUMNS FROM `tp_user` [ RunTime:0.0808s ]
SQL: SELECT `lasttime` FROM `tp_user` WHERE `username` = 'hzx' LIMIT 1   [ RunTime:0.0011s ]
SQL: SHOW COLUMNS FROM `tp_message` [ RunTime:0.0776s ]
SQL: SELECT * FROM `tp_message`  [ RunTime:0.0013s ]
INFO: [ view_parse ] --START--
INFO: [ template_filter ] --START--
INFO: Run Behavior\ContentReplaceBehavior [ RunTime:0.000446s ]
INFO: [ template_filter ] --END-- [ RunTime:0.000894s ]
INFO: Run Behavior\ParseTemplateBehavior [ RunTime:0.075363s ]
INFO: [ view_parse ] --END-- [ RunTime:0.075793s ]
INFO: [ view_filter ] --START--
INFO: Run Behavior\WriteHtmlCacheBehavior [ RunTime:0.007502s ]
INFO: [ view_filter ] --END-- [ RunTime:0.008069s ]
INFO: [ app_end ] --START--
INFO: Run Behavior\ShowPageTraceBehavior [ RunTime:0.013332s ]
INFO: [ app_end ] --END-- [ RunTime:0.013918s ]

[ 2017-01-20T21:31:00+08:00 ] ::1 /blog/index.php/Admin/Message/index.html
INFO: [ app_init ] --START--
INFO: Run Behavior\BuildLiteBehavior [ RunTime:0.000095s ]
INFO: [ app_init ] --END-- [ RunTime:0.005929s ]
INFO: [ app_begin ] --START--
INFO: Run Behavior\ReadHtmlCacheBehavior [ RunTime:0.007557s ]
INFO: [ app_begin ] --END-- [ RunTime:0.008032s ]
SQL: SHOW COLUMNS FROM `tp_user` [ RunTime:0.0775s ]
SQL: SELECT `lasttime` FROM `tp_user` WHERE `username` = 'hzx' LIMIT 1   [ RunTime:0.0011s ]
SQL: SHOW COLUMNS FROM `tp_message` [ RunTime:0.0670s ]
SQL: SELECT * FROM `tp_message`  [ RunTime:0.0014s ]
INFO: [ view_parse ] --START--
INFO: [ template_filter ] --START--
INFO: Run Behavior\ContentReplaceBehavior [ RunTime:0.000761s ]
INFO: [ template_filter ] --END-- [ RunTime:0.002249s ]
INFO: Run Behavior\ParseTemplateBehavior [ RunTime:0.093668s ]
INFO: [ view_parse ] --END-- [ RunTime:0.094276s ]
INFO: [ view_filter ] --START--
INFO: Run Behavior\WriteHtmlCacheBehavior [ RunTime:0.009202s ]
INFO: [ view_filter ] --END-- [ RunTime:0.010141s ]
INFO: [ app_end ] --START--
INFO: Run Behavior\ShowPageTraceBehavior [ RunTime:0.013530s ]
INFO: [ app_end ] --END-- [ RunTime:0.014151s ]

[ 2017-01-20T21:31:30+08:00 ] ::1 /blog/index.php/Admin/Message/index.html
INFO: [ app_init ] --START--
INFO: Run Behavior\BuildLiteBehavior [ RunTime:0.000095s ]
INFO: [ app_init ] --END-- [ RunTime:0.006707s ]
INFO: [ app_begin ] --START--
INFO: Run Behavior\ReadHtmlCacheBehavior [ RunTime:0.008431s ]
INFO: [ app_begin ] --END-- [ RunTime:0.008939s ]
SQL: SHOW COLUMNS FROM `tp_user` [ RunTime:0.0754s ]
SQL: SELECT `lasttime` FROM `tp_user` WHERE `username` = 'hzx' LIMIT 1   [ RunTime:0.0010s ]
SQL: SHOW COLUMNS FROM `tp_message` [ RunTime:0.0701s ]
SQL: SELECT * FROM `tp_message`  [ RunTime:0.0012s ]
INFO: [ view_parse ] --START--
INFO: [ template_filter ] --START--
INFO: Run Behavior\ContentReplaceBehavior [ RunTime:0.000387s ]
INFO: [ template_filter ] --END-- [ RunTime:0.000802s ]
INFO: Run Behavior\ParseTemplateBehavior [ RunTime:0.072009s ]
INFO: [ view_parse ] --END-- [ RunTime:0.072595s ]
INFO: [ view_filter ] --START--
INFO: Run Behavior\WriteHtmlCacheBehavior [ RunTime:0.007977s ]
INFO: [ view_filter ] --END-- [ RunTime:0.008370s ]
INFO: [ app_end ] --START--
INFO: Run Behavior\ShowPageTraceBehavior [ RunTime:0.008723s ]
INFO: [ app_end ] --END-- [ RunTime:0.009318s ]

[ 2017-01-20T21:38:03+08:00 ] ::1 /blog/index.php/Admin/Message/index.html
INFO: [ app_init ] --START--
INFO: Run Behavior\BuildLiteBehavior [ RunTime:0.000093s ]
INFO: [ app_init ] --END-- [ RunTime:0.004216s ]
INFO: [ app_begin ] --START--
INFO: Run Behavior\ReadHtmlCacheBehavior [ RunTime:0.008104s ]
INFO: [ app_begin ] --END-- [ RunTime:0.008568s ]
SQL: SHOW COLUMNS FROM `tp_user` [ RunTime:0.1212s ]
SQL: SELECT `lasttime` FROM `tp_user` WHERE `username` = 'hzx' LIMIT 1   [ RunTime:0.0011s ]
SQL: SHOW COLUMNS FROM `tp_message` [ RunTime:0.1084s ]
SQL: SELECT * FROM `tp_message`  [ RunTime:0.0016s ]
INFO: [ view_parse ] --START--
NOTIC: [8] Undefined index: id F:\wamp\wamp\www\blog\ThinkPHP\Library\Think\Template\TagLib\Cx.class.php 第 70 行.
INFO: [ template_filter ] --START--
INFO: Run Behavior\ContentReplaceBehavior [ RunTime:0.000645s ]
INFO: [ template_filter ] --END-- [ RunTime:0.001542s ]

[ 2017-01-20T21:38:15+08:00 ] ::1 /blog/index.php/Admin/Message/index.html
INFO: [ app_init ] --START--
INFO: Run Behavior\BuildLiteBehavior [ RunTime:0.000092s ]
INFO: [ app_init ] --END-- [ RunTime:0.005204s ]
INFO: [ app_begin ] --START--
INFO: Run Behavior\ReadHtmlCacheBehavior [ RunTime:0.009969s ]
INFO: [ app_begin ] --END-- [ RunTime:0.010711s ]
SQL: SHOW COLUMNS FROM `tp_user` [ RunTime:0.1064s ]
SQL: SELECT `lasttime` FROM `tp_user` WHERE `username` = 'hzx' LIMIT 1   [ RunTime:0.0013s ]
SQL: SHOW COLUMNS FROM `tp_message` [ RunTime:0.1019s ]
SQL: SELECT * FROM `tp_message`  [ RunTime:0.0014s ]
INFO: [ view_parse ] --START--
INFO: [ template_filter ] --START--
INFO: Run Behavior\ContentReplaceBehavior [ RunTime:0.000685s ]
INFO: [ template_filter ] --END-- [ RunTime:0.001469s ]
INFO: Run Behavior\ParseTemplateBehavior [ RunTime:0.101251s ]
INFO: [ view_parse ] --END-- [ RunTime:0.101709s ]
INFO: [ view_filter ] --START--
INFO: Run Behavior\WriteHtmlCacheBehavior [ RunTime:0.013316s ]
INFO: [ view_filter ] --END-- [ RunTime:0.013944s ]
INFO: [ app_end ] --START--
INFO: Run Behavior\ShowPageTraceBehavior [ RunTime:0.012442s ]
INFO: [ app_end ] --END-- [ RunTime:0.013214s ]

[ 2017-01-20T21:38:25+08:00 ] ::1 /blog/index.php/Admin/Message/index.html
INFO: [ app_init ] --START--
INFO: Run Behavior\BuildLiteBehavior [ RunTime:0.000097s ]
INFO: [ app_init ] --END-- [ RunTime:0.006238s ]
INFO: [ app_begin ] --START--
INFO: Run Behavior\ReadHtmlCacheBehavior [ RunTime:0.007956s ]
INFO: [ app_begin ] --END-- [ RunTime:0.008542s ]
SQL: SHOW COLUMNS FROM `tp_user` [ RunTime:0.0671s ]
SQL: SELECT `lasttime` FROM `tp_user` WHERE `username` = 'hzx' LIMIT 1   [ RunTime:0.0010s ]
SQL: SHOW COLUMNS FROM `tp_message` [ RunTime:0.0518s ]
SQL: SELECT * FROM `tp_message`  [ RunTime:0.0011s ]
INFO: [ view_parse ] --START--
INFO: [ template_filter ] --START--
INFO: Run Behavior\ContentReplaceBehavior [ RunTime:0.000443s ]
INFO: [ template_filter ] --END-- [ RunTime:0.000969s ]
INFO: Run Behavior\ParseTemplateBehavior [ RunTime:0.076698s ]
INFO: [ view_parse ] --END-- [ RunTime:0.077179s ]
INFO: [ view_filter ] --START--
INFO: Run Behavior\WriteHtmlCacheBehavior [ RunTime:0.007085s ]
INFO: [ view_filter ] --END-- [ RunTime:0.007564s ]
INFO: [ app_end ] --START--
INFO: Run Behavior\ShowPageTraceBehavior [ RunTime:0.012695s ]
INFO: [ app_end ] --END-- [ RunTime:0.013193s ]

[ 2017-01-20T21:39:04+08:00 ] ::1 /blog/index.php/Admin/Message/index.html
INFO: [ app_init ] --START--
INFO: Run Behavior\BuildLiteBehavior [ RunTime:0.000094s ]
INFO: [ app_init ] --END-- [ RunTime:0.006960s ]
INFO: [ app_begin ] --START--
INFO: Run Behavior\ReadHtmlCacheBehavior [ RunTime:0.008155s ]
INFO: [ app_begin ] --END-- [ RunTime:0.008639s ]
SQL: SHOW COLUMNS FROM `tp_user` [ RunTime:0.1013s ]
SQL: SELECT `lasttime` FROM `tp_user` WHERE `username` = 'hzx' LIMIT 1   [ RunTime:0.0012s ]
SQL: SHOW COLUMNS FROM `tp_message` [ RunTime:0.1076s ]
SQL: SELECT * FROM `tp_message`  [ RunTime:0.0017s ]
INFO: [ view_parse ] --START--
INFO: [ template_filter ] --START--
INFO: Run Behavior\ContentReplaceBehavior [ RunTime:0.000709s ]
INFO: [ template_filter ] --END-- [ RunTime:0.001584s ]
INFO: Run Behavior\ParseTemplateBehavior [ RunTime:0.086745s ]
INFO: [ view_parse ] --END-- [ RunTime:0.087367s ]
INFO: [ view_filter ] --START--
INFO: Run Behavior\WriteHtmlCacheBehavior [ RunTime:0.009170s ]
INFO: [ view_filter ] --END-- [ RunTime:0.009876s ]
INFO: [ app_end ] --START--
INFO: Run Behavior\ShowPageTraceBehavior [ RunTime:0.014247s ]
INFO: [ app_end ] --END-- [ RunTime:0.015473s ]

[ 2017-01-20T21:40:22+08:00 ] ::1 /blog/index.php/Admin/Message/index.html
INFO: [ app_init ] --START--
INFO: Run Behavior\BuildLiteBehavior [ RunTime:0.000090s ]
INFO: [ app_init ] --END-- [ RunTime:0.007149s ]
INFO: [ app_begin ] --START--
INFO: Run Behavior\ReadHtmlCacheBehavior [ RunTime:0.007054s ]
INFO: [ app_begin ] --END-- [ RunTime:0.007549s ]
SQL: SHOW COLUMNS FROM `tp_user` [ RunTime:0.0933s ]
SQL: SELECT `lasttime` FROM `tp_user` WHERE `username` = 'hzx' LIMIT 1   [ RunTime:0.0014s ]
SQL: SHOW COLUMNS FROM `tp_message` [ RunTime:0.0939s ]
SQL: SELECT * FROM `tp_message`  [ RunTime:0.0013s ]
INFO: [ view_parse ] --START--
INFO: [ template_filter ] --START--
INFO: Run Behavior\ContentReplaceBehavior [ RunTime:0.000444s ]
INFO: [ template_filter ] --END-- [ RunTime:0.000942s ]
INFO: Run Behavior\ParseTemplateBehavior [ RunTime:0.105780s ]
INFO: [ view_parse ] --END-- [ RunTime:0.106385s ]
INFO: [ view_filter ] --START--
INFO: Run Behavior\WriteHtmlCacheBehavior [ RunTime:0.008590s ]
INFO: [ view_filter ] --END-- [ RunTime:0.009030s ]
INFO: [ app_end ] --START--
INFO: Run Behavior\ShowPageTraceBehavior [ RunTime:0.019041s ]
INFO: [ app_end ] --END-- [ RunTime:0.019959s ]

[ 2017-01-20T21:41:12+08:00 ] ::1 /blog/index.php/Admin/Message/index.html
INFO: [ app_init ] --START--
INFO: Run Behavior\BuildLiteBehavior [ RunTime:0.000093s ]
INFO: [ app_init ] --END-- [ RunTime:0.005754s ]
INFO: [ app_begin ] --START--
INFO: Run Behavior\ReadHtmlCacheBehavior [ RunTime:0.008696s ]
INFO: [ app_begin ] --END-- [ RunTime:0.009197s ]
SQL: SHOW COLUMNS FROM `tp_user` [ RunTime:0.0879s ]
SQL: SELECT `lasttime` FROM `tp_user` WHERE `username` = 'hzx' LIMIT 1   [ RunTime:0.0011s ]
SQL: SHOW COLUMNS FROM `tp_message` [ RunTime:0.0835s ]
SQL: SELECT * FROM `tp_message`  [ RunTime:0.0015s ]
INFO: [ view_parse ] --START--
INFO: [ template_filter ] --START--
INFO: Run Behavior\ContentReplaceBehavior [ RunTime:0.000450s ]
INFO: [ template_filter ] --END-- [ RunTime:0.000904s ]
INFO: Run Behavior\ParseTemplateBehavior [ RunTime:0.095431s ]
INFO: [ view_parse ] --END-- [ RunTime:0.096161s ]
INFO: [ view_filter ] --START--
INFO: Run Behavior\WriteHtmlCacheBehavior [ RunTime:0.012287s ]
INFO: [ view_filter ] --END-- [ RunTime:0.012741s ]
INFO: [ app_end ] --START--
INFO: Run Behavior\ShowPageTraceBehavior [ RunTime:0.013871s ]
INFO: [ app_end ] --END-- [ RunTime:0.014371s ]

[ 2017-01-20T21:43:37+08:00 ] ::1 /blog/index.php/Admin/Message/index.html
INFO: [ app_init ] --START--
INFO: Run Behavior\BuildLiteBehavior [ RunTime:0.000095s ]
INFO: [ app_init ] --END-- [ RunTime:0.005596s ]
INFO: [ app_begin ] --START--
INFO: Run Behavior\ReadHtmlCacheBehavior [ RunTime:0.008194s ]
INFO: [ app_begin ] --END-- [ RunTime:0.008695s ]
SQL: SHOW COLUMNS FROM `tp_user` [ RunTime:0.0805s ]
SQL: SELECT `lasttime` FROM `tp_user` WHERE `username` = 'hzx' LIMIT 1   [ RunTime:0.0015s ]
SQL: SHOW COLUMNS FROM `tp_message` [ RunTime:0.0916s ]
SQL: SELECT * FROM `tp_message`  [ RunTime:0.0013s ]
INFO: [ view_parse ] --START--
INFO: [ template_filter ] --START--
INFO: Run Behavior\ContentReplaceBehavior [ RunTime:0.000466s ]
INFO: [ template_filter ] --END-- [ RunTime:0.000898s ]
INFO: Run Behavior\ParseTemplateBehavior [ RunTime:0.075973s ]
INFO: [ view_parse ] --END-- [ RunTime:0.076416s ]
INFO: [ view_filter ] --START--
INFO: Run Behavior\WriteHtmlCacheBehavior [ RunTime:0.007637s ]
INFO: [ view_filter ] --END-- [ RunTime:0.008033s ]
INFO: [ app_end ] --START--
INFO: Run Behavior\ShowPageTraceBehavior [ RunTime:0.009027s ]
INFO: [ app_end ] --END-- [ RunTime:0.009460s ]

[ 2017-01-20T21:46:03+08:00 ] ::1 /blog/index.php/Admin/Message/index.html
INFO: [ app_init ] --START--
INFO: Run Behavior\BuildLiteBehavior [ RunTime:0.000091s ]
INFO: [ app_init ] --END-- [ RunTime:0.006550s ]
INFO: [ app_begin ] --START--
INFO: Run Behavior\ReadHtmlCacheBehavior [ RunTime:0.008590s ]
INFO: [ app_begin ] --END-- [ RunTime:0.009079s ]
SQL: SHOW COLUMNS FROM `tp_user` [ RunTime:0.0666s ]
SQL: SELECT `lasttime` FROM `tp_user` WHERE `username` = 'hzx' LIMIT 1   [ RunTime:0.0013s ]
SQL: SHOW COLUMNS FROM `tp_message` [ RunTime:0.0765s ]
SQL: SELECT * FROM `tp_message`  [ RunTime:0.0013s ]

[ 2017-01-20T21:48:19+08:00 ] ::1 /blog/index.php/Admin/Message/index.html
INFO: [ app_init ] --START--
INFO: Run Behavior\BuildLiteBehavior [ RunTime:0.000090s ]
INFO: [ app_init ] --END-- [ RunTime:0.006018s ]
INFO: [ app_begin ] --START--
INFO: Run Behavior\ReadHtmlCacheBehavior [ RunTime:0.006537s ]
INFO: [ app_begin ] --END-- [ RunTime:0.007010s ]
SQL: SHOW COLUMNS FROM `tp_user` [ RunTime:0.0801s ]
SQL: SELECT `lasttime` FROM `tp_user` WHERE `username` = 'hzx' LIMIT 1   [ RunTime:0.0012s ]
SQL: SHOW COLUMNS FROM `tp_message` [ RunTime:0.1025s ]
SQL: SELECT * FROM `tp_message`  [ RunTime:0.0019s ]
SQL: SELECT COUNT(*) AS tp_count FROM `tp_message` LIMIT 1   [ RunTime:0.0014s ]
SQL: SELECT * FROM `tp_message` ORDER BY publishtime desc LIMIT 0,3   [ RunTime:0.0014s ]
INFO: [ view_parse ] --START--
INFO: [ template_filter ] --START--
INFO: Run Behavior\ContentReplaceBehavior [ RunTime:0.000484s ]
INFO: [ template_filter ] --END-- [ RunTime:0.000933s ]
INFO: Run Behavior\ParseTemplateBehavior [ RunTime:0.103400s ]
INFO: [ view_parse ] --END-- [ RunTime:0.103897s ]
INFO: [ view_filter ] --START--
INFO: Run Behavior\WriteHtmlCacheBehavior [ RunTime:0.009811s ]
INFO: [ view_filter ] --END-- [ RunTime:0.010213s ]
INFO: [ app_end ] --START--
INFO: Run Behavior\ShowPageTraceBehavior [ RunTime:0.013411s ]
INFO: [ app_end ] --END-- [ RunTime:0.013930s ]

[ 2017-01-20T21:48:22+08:00 ] ::1 /blog/index.php/Admin/Message/index/p/2.html
INFO: [ app_init ] --START--
INFO: Run Behavior\BuildLiteBehavior [ RunTime:0.000106s ]
INFO: [ app_init ] --END-- [ RunTime:0.008208s ]
INFO: [ app_begin ] --START--
INFO: Run Behavior\ReadHtmlCacheBehavior [ RunTime:0.009239s ]
INFO: [ app_begin ] --END-- [ RunTime:0.009843s ]
SQL: SHOW COLUMNS FROM `tp_user` [ RunTime:0.0772s ]
SQL: SELECT `lasttime` FROM `tp_user` WHERE `username` = 'hzx' LIMIT 1   [ RunTime:0.0011s ]
SQL: SHOW COLUMNS FROM `tp_message` [ RunTime:0.0781s ]
SQL: SELECT * FROM `tp_message`  [ RunTime:0.0015s ]
SQL: SELECT COUNT(*) AS tp_count FROM `tp_message` LIMIT 1   [ RunTime:0.0009s ]
SQL: SELECT * FROM `tp_message` ORDER BY publishtime desc LIMIT 3,3   [ RunTime:0.0012s ]
INFO: [ view_parse ] --START--
INFO: [ template_filter ] --START--
INFO: Run Behavior\ContentReplaceBehavior [ RunTime:0.000421s ]
INFO: [ template_filter ] --END-- [ RunTime:0.000838s ]
INFO: Run Behavior\ParseTemplateBehavior [ RunTime:0.082799s ]
INFO: [ view_parse ] --END-- [ RunTime:0.083232s ]
INFO: [ view_filter ] --START--
INFO: Run Behavior\WriteHtmlCacheBehavior [ RunTime:0.006605s ]
INFO: [ view_filter ] --END-- [ RunTime:0.007019s ]
INFO: [ app_end ] --START--
INFO: Run Behavior\ShowPageTraceBehavior [ RunTime:0.018197s ]
INFO: [ app_end ] --END-- [ RunTime:0.019163s ]

[ 2017-01-20T21:48:35+08:00 ] ::1 /blog/index.php/Admin/Message/index/p/1.html
INFO: [ app_init ] --START--
INFO: Run Behavior\BuildLiteBehavior [ RunTime:0.000095s ]
INFO: [ app_init ] --END-- [ RunTime:0.006630s ]
INFO: [ app_begin ] --START--
INFO: Run Behavior\ReadHtmlCacheBehavior [ RunTime:0.007914s ]
INFO: [ app_begin ] --END-- [ RunTime:0.008418s ]
SQL: SHOW COLUMNS FROM `tp_user` [ RunTime:0.0839s ]
SQL: SELECT `lasttime` FROM `tp_user` WHERE `username` = 'hzx' LIMIT 1   [ RunTime:0.0010s ]
SQL: SHOW COLUMNS FROM `tp_message` [ RunTime:0.0728s ]
SQL: SELECT * FROM `tp_message`  [ RunTime:0.0014s ]
SQL: SELECT COUNT(*) AS tp_count FROM `tp_message` LIMIT 1   [ RunTime:0.0009s ]
SQL: SELECT * FROM `tp_message` ORDER BY publishtime desc LIMIT 0,3   [ RunTime:0.0012s ]
INFO: [ view_parse ] --START--
INFO: [ template_filter ] --START--
INFO: Run Behavior\ContentReplaceBehavior [ RunTime:0.000707s ]
INFO: [ template_filter ] --END-- [ RunTime:0.001445s ]
INFO: Run Behavior\ParseTemplateBehavior [ RunTime:0.077297s ]
INFO: [ view_parse ] --END-- [ RunTime:0.077736s ]
INFO: [ view_filter ] --START--
INFO: Run Behavior\WriteHtmlCacheBehavior [ RunTime:0.008224s ]
INFO: [ view_filter ] --END-- [ RunTime:0.008632s ]
INFO: [ app_end ] --START--
INFO: Run Behavior\ShowPageTraceBehavior [ RunTime:0.010779s ]
INFO: [ app_end ] --END-- [ RunTime:0.011222s ]

[ 2017-01-20T21:48:41+08:00 ] ::1 /blog/index.php/Admin/Message/index/p/2.html
INFO: [ app_init ] --START--
INFO: Run Behavior\BuildLiteBehavior [ RunTime:0.000096s ]
INFO: [ app_init ] --END-- [ RunTime:0.006970s ]
INFO: [ app_begin ] --START--
INFO: Run Behavior\ReadHtmlCacheBehavior [ RunTime:0.007784s ]
INFO: [ app_begin ] --END-- [ RunTime:0.008256s ]
SQL: SHOW COLUMNS FROM `tp_user` [ RunTime:0.0963s ]
SQL: SELECT `lasttime` FROM `tp_user` WHERE `username` = 'hzx' LIMIT 1   [ RunTime:0.0011s ]
SQL: SHOW COLUMNS FROM `tp_message` [ RunTime:0.0962s ]
SQL: SELECT * FROM `tp_message`  [ RunTime:0.0014s ]
SQL: SELECT COUNT(*) AS tp_count FROM `tp_message` LIMIT 1   [ RunTime:0.0010s ]
SQL: SELECT * FROM `tp_message` ORDER BY publishtime desc LIMIT 3,3   [ RunTime:0.0017s ]
INFO: [ view_parse ] --START--
INFO: [ template_filter ] --START--
INFO: Run Behavior\ContentReplaceBehavior [ RunTime:0.000423s ]
INFO: [ template_filter ] --END-- [ RunTime:0.000832s ]
INFO: Run Behavior\ParseTemplateBehavior [ RunTime:0.079164s ]
INFO: [ view_parse ] --END-- [ RunTime:0.079678s ]
INFO: [ view_filter ] --START--
INFO: Run Behavior\WriteHtmlCacheBehavior [ RunTime:0.007390s ]
INFO: [ view_filter ] --END-- [ RunTime:0.007974s ]
INFO: [ app_end ] --START--
INFO: Run Behavior\ShowPageTraceBehavior [ RunTime:0.010768s ]
INFO: [ app_end ] --END-- [ RunTime:0.011921s ]

[ 2017-01-20T21:51:49+08:00 ] ::1 /blog/index.php/Admin/Message/index/p/2.html
INFO: [ app_init ] --START--
INFO: Run Behavior\BuildLiteBehavior [ RunTime:0.000106s ]
INFO: [ app_init ] --END-- [ RunTime:0.005949s ]
INFO: [ app_begin ] --START--
INFO: Run Behavior\ReadHtmlCacheBehavior [ RunTime:0.007884s ]
INFO: [ app_begin ] --END-- [ RunTime:0.008460s ]
SQL: SHOW COLUMNS FROM `tp_user` [ RunTime:0.0954s ]
SQL: SELECT `lasttime` FROM `tp_user` WHERE `username` = 'hzx' LIMIT 1   [ RunTime:0.0012s ]
SQL: SHOW COLUMNS FROM `tp_message` [ RunTime:0.0615s ]
SQL: SELECT * FROM `tp_message`  [ RunTime:0.0013s ]
SQL: SELECT COUNT(*) AS tp_count FROM `tp_message` LIMIT 1   [ RunTime:0.0009s ]
SQL: SELECT * FROM `tp_message` ORDER BY publishtime desc LIMIT 3,3   [ RunTime:0.0016s ]
INFO: [ view_parse ] --START--
INFO: [ template_filter ] --START--
INFO: Run Behavior\ContentReplaceBehavior [ RunTime:0.000438s ]
INFO: [ template_filter ] --END-- [ RunTime:0.000848s ]
INFO: Run Behavior\ParseTemplateBehavior [ RunTime:0.077384s ]
INFO: [ view_parse ] --END-- [ RunTime:0.077819s ]
INFO: [ view_filter ] --START--
INFO: Run Behavior\WriteHtmlCacheBehavior [ RunTime:0.006032s ]
INFO: [ view_filter ] --END-- [ RunTime:0.006422s ]
INFO: [ app_end ] --START--
INFO: Run Behavior\ShowPageTraceBehavior [ RunTime:0.007630s ]
INFO: [ app_end ] --END-- [ RunTime:0.008212s ]

[ 2017-01-20T21:52:01+08:00 ] ::1 /blog/index.php/Admin/Message/index/p/1.html
INFO: [ app_init ] --START--
INFO: Run Behavior\BuildLiteBehavior [ RunTime:0.000106s ]
INFO: [ app_init ] --END-- [ RunTime:0.005934s ]
INFO: [ app_begin ] --START--
INFO: Run Behavior\ReadHtmlCacheBehavior [ RunTime:0.007946s ]
INFO: [ app_begin ] --END-- [ RunTime:0.008448s ]
SQL: SHOW COLUMNS FROM `tp_user` [ RunTime:0.0765s ]
SQL: SELECT `lasttime` FROM `tp_user` WHERE `username` = 'hzx' LIMIT 1   [ RunTime:0.0010s ]
SQL: SHOW COLUMNS FROM `tp_message` [ RunTime:0.0642s ]
SQL: SELECT * FROM `tp_message`  [ RunTime:0.0013s ]
SQL: SELECT COUNT(*) AS tp_count FROM `tp_message` LIMIT 1   [ RunTime:0.0009s ]
SQL: SELECT * FROM `tp_message` ORDER BY publishtime desc LIMIT 0,3   [ RunTime:0.0012s ]
INFO: [ view_parse ] --START--
INFO: [ template_filter ] --START--
INFO: Run Behavior\ContentReplaceBehavior [ RunTime:0.000417s ]
INFO: [ template_filter ] --END-- [ RunTime:0.000821s ]
INFO: Run Behavior\ParseTemplateBehavior [ RunTime:0.081449s ]
INFO: [ view_parse ] --END-- [ RunTime:0.081885s ]
INFO: [ view_filter ] --START--
INFO: Run Behavior\WriteHtmlCacheBehavior [ RunTime:0.007968s ]
INFO: [ view_filter ] --END-- [ RunTime:0.008362s ]
INFO: [ app_end ] --START--
INFO: Run Behavior\ShowPageTraceBehavior [ RunTime:0.016891s ]
INFO: [ app_end ] --END-- [ RunTime:0.017535s ]

[ 2017-01-20T21:52:41+08:00 ] ::1 /blog/index.php/Admin/Message/index/p/1.html
INFO: [ app_init ] --START--
INFO: Run Behavior\BuildLiteBehavior [ RunTime:0.000108s ]
INFO: [ app_init ] --END-- [ RunTime:0.006738s ]
INFO: [ app_begin ] --START--
INFO: Run Behavior\ReadHtmlCacheBehavior [ RunTime:0.008350s ]
INFO: [ app_begin ] --END-- [ RunTime:0.008844s ]
SQL: SHOW COLUMNS FROM `tp_user` [ RunTime:0.0525s ]
SQL: SELECT `lasttime` FROM `tp_user` WHERE `username` = 'hzx' LIMIT 1   [ RunTime:0.0011s ]
SQL: SHOW COLUMNS FROM `tp_message` [ RunTime:0.0807s ]
SQL: SELECT * FROM `tp_message`  [ RunTime:0.0013s ]
INFO: [ view_parse ] --START--
INFO: [ template_filter ] --START--
INFO: Run Behavior\ContentReplaceBehavior [ RunTime:0.000433s ]
INFO: [ template_filter ] --END-- [ RunTime:0.000948s ]
NOTIC: [8] Undefined variable: page F:\wamp\wamp\www\blog\Application\Runtime\Cache\Admin\e1ad611a04673ac9fc78d17e28cd370b.php 第 91 行.
INFO: Run Behavior\ParseTemplateBehavior [ RunTime:0.072152s ]
INFO: [ view_parse ] --END-- [ RunTime:0.072609s ]
INFO: [ view_filter ] --START--
INFO: Run Behavior\WriteHtmlCacheBehavior [ RunTime:0.007362s ]
INFO: [ view_filter ] --END-- [ RunTime:0.007762s ]
INFO: [ app_end ] --START--
INFO: Run Behavior\ShowPageTraceBehavior [ RunTime:0.008806s ]
INFO: [ app_end ] --END-- [ RunTime:0.009372s ]

[ 2017-01-20T22:04:18+08:00 ] ::1 /blog/index.php/Admin/Message/index/p/1.html
INFO: [ app_init ] --START--
INFO: Run Behavior\BuildLiteBehavior [ RunTime:0.000091s ]
INFO: [ app_init ] --END-- [ RunTime:0.006003s ]
INFO: [ app_begin ] --START--
INFO: Run Behavior\ReadHtmlCacheBehavior [ RunTime:0.007343s ]
INFO: [ app_begin ] --END-- [ RunTime:0.007825s ]
SQL: SHOW COLUMNS FROM `tp_user` [ RunTime:0.0863s ]
SQL: SELECT `lasttime` FROM `tp_user` WHERE `username` = 'hzx' LIMIT 1   [ RunTime:0.0012s ]
SQL: SHOW COLUMNS FROM `tp_message` [ RunTime:0.0830s ]
SQL: SELECT * FROM `tp_message`  [ RunTime:0.0013s ]
NOTIC: [8] Undefined variable: va F:\wamp\wamp\www\blog\Application\Admin\Controller\MessageController.class.php 第 20 行.
SQL: SHOW COLUMNS FROM `tp_returnmessage` [ RunTime:0.0868s ]
ERR: 1064:Erreur de syntaxe près de ') LIMIT 1' à la ligne 1
 [ SQL语句 ] : SELECT * FROM `tp_returnmessage` WHERE ( mid= ) LIMIT 1  
ERR: 1064:Erreur de syntaxe près de ') LIMIT 1' à la ligne 1
 [ SQL语句 ] : SELECT * FROM `tp_returnmessage` WHERE ( mid= ) LIMIT 1  

[ 2017-01-20T22:04:39+08:00 ] ::1 /blog/index.php/Admin/Message/index/p/1.html
INFO: [ app_init ] --START--
INFO: Run Behavior\BuildLiteBehavior [ RunTime:0.000091s ]
INFO: [ app_init ] --END-- [ RunTime:0.005224s ]
INFO: [ app_begin ] --START--
INFO: Run Behavior\ReadHtmlCacheBehavior [ RunTime:0.006377s ]
INFO: [ app_begin ] --END-- [ RunTime:0.006905s ]
SQL: SHOW COLUMNS FROM `tp_user` [ RunTime:0.0937s ]
SQL: SELECT `lasttime` FROM `tp_user` WHERE `username` = 'hzx' LIMIT 1   [ RunTime:0.0011s ]
SQL: SHOW COLUMNS FROM `tp_message` [ RunTime:0.0824s ]
SQL: SELECT * FROM `tp_message`  [ RunTime:0.0012s ]
SQL: SHOW COLUMNS FROM `tp_returnmessage` [ RunTime:0.0755s ]
SQL: SELECT * FROM `tp_returnmessage` WHERE ( mid=1 ) LIMIT 1   [ RunTime:0.0012s ]
SQL: SELECT * FROM `tp_returnmessage` WHERE ( mid=16 ) LIMIT 1   [ RunTime:0.0012s ]
SQL: SELECT * FROM `tp_returnmessage` WHERE ( mid=17 ) LIMIT 1   [ RunTime:0.0019s ]
SQL: SELECT * FROM `tp_returnmessage` WHERE ( mid=18 ) LIMIT 1   [ RunTime:0.0017s ]
SQL: SELECT * FROM `tp_returnmessage` WHERE ( mid=19 ) LIMIT 1   [ RunTime:0.0012s ]
INFO: [ view_parse ] --START--
INFO: [ template_filter ] --START--
INFO: Run Behavior\ContentReplaceBehavior [ RunTime:0.000424s ]
INFO: [ template_filter ] --END-- [ RunTime:0.000881s ]
NOTIC: [8] Undefined variable: page F:\wamp\wamp\www\blog\Application\Runtime\Cache\Admin\e1ad611a04673ac9fc78d17e28cd370b.php 第 95 行.
INFO: Run Behavior\ParseTemplateBehavior [ RunTime:0.081507s ]
INFO: [ view_parse ] --END-- [ RunTime:0.081980s ]
INFO: [ view_filter ] --START--
INFO: Run Behavior\WriteHtmlCacheBehavior [ RunTime:0.007518s ]
INFO: [ view_filter ] --END-- [ RunTime:0.007919s ]
INFO: [ app_end ] --START--
INFO: Run Behavior\ShowPageTraceBehavior [ RunTime:0.011790s ]
INFO: [ app_end ] --END-- [ RunTime:0.012228s ]

[ 2017-01-20T22:05:03+08:00 ] ::1 /blog/index.php/Admin/Message/index/p/1.html
INFO: [ app_init ] --START--
INFO: Run Behavior\BuildLiteBehavior [ RunTime:0.000094s ]
INFO: [ app_init ] --END-- [ RunTime:0.007070s ]
INFO: [ app_begin ] --START--
INFO: Run Behavior\ReadHtmlCacheBehavior [ RunTime:0.008792s ]
INFO: [ app_begin ] --END-- [ RunTime:0.009269s ]
SQL: SHOW COLUMNS FROM `tp_user` [ RunTime:0.1028s ]
SQL: SELECT `lasttime` FROM `tp_user` WHERE `username` = 'hzx' LIMIT 1   [ RunTime:0.0011s ]
SQL: SHOW COLUMNS FROM `tp_message` [ RunTime:0.1127s ]
SQL: SELECT * FROM `tp_message`  [ RunTime:0.0013s ]
SQL: SHOW COLUMNS FROM `tp_returnmessage` [ RunTime:0.1244s ]
SQL: SELECT * FROM `tp_returnmessage` WHERE ( mid=1 ) LIMIT 1   [ RunTime:0.0012s ]
SQL: SELECT * FROM `tp_returnmessage` WHERE ( mid=16 ) LIMIT 1   [ RunTime:0.0012s ]
SQL: SELECT * FROM `tp_returnmessage` WHERE ( mid=17 ) LIMIT 1   [ RunTime:0.0011s ]
SQL: SELECT * FROM `tp_returnmessage` WHERE ( mid=18 ) LIMIT 1   [ RunTime:0.0014s ]
SQL: SELECT * FROM `tp_returnmessage` WHERE ( mid=19 ) LIMIT 1   [ RunTime:0.0018s ]
INFO: [ view_parse ] --START--
INFO: [ template_filter ] --START--
INFO: Run Behavior\ContentReplaceBehavior [ RunTime:0.000400s ]
INFO: [ template_filter ] --END-- [ RunTime:0.000813s ]
NOTIC: [8] Undefined variable: page F:\wamp\wamp\www\blog\Application\Runtime\Cache\Admin\e1ad611a04673ac9fc78d17e28cd370b.php 第 95 行.
INFO: Run Behavior\ParseTemplateBehavior [ RunTime:0.082870s ]
INFO: [ view_parse ] --END-- [ RunTime:0.083470s ]
INFO: [ view_filter ] --START--
INFO: Run Behavior\WriteHtmlCacheBehavior [ RunTime:0.007848s ]
INFO: [ view_filter ] --END-- [ RunTime:0.008245s ]
INFO: [ app_end ] --START--
INFO: Run Behavior\ShowPageTraceBehavior [ RunTime:0.011018s ]
INFO: [ app_end ] --END-- [ RunTime:0.011579s ]

[ 2017-01-20T22:05:25+08:00 ] ::1 /blog/index.php/Admin/Message/index/p/1.html
INFO: [ app_init ] --START--
INFO: Run Behavior\BuildLiteBehavior [ RunTime:0.000143s ]
INFO: [ app_init ] --END-- [ RunTime:0.008211s ]
INFO: [ app_begin ] --START--
INFO: Run Behavior\ReadHtmlCacheBehavior [ RunTime:0.011406s ]
INFO: [ app_begin ] --END-- [ RunTime:0.011952s ]
SQL: SHOW COLUMNS FROM `tp_user` [ RunTime:0.1050s ]
SQL: SELECT `lasttime` FROM `tp_user` WHERE `username` = 'hzx' LIMIT 1   [ RunTime:0.0012s ]
SQL: SHOW COLUMNS FROM `tp_message` [ RunTime:0.1094s ]
SQL: SELECT * FROM `tp_message`  [ RunTime:0.0015s ]
SQL: SHOW COLUMNS FROM `tp_returnmessage` [ RunTime:0.0941s ]
SQL: SELECT * FROM `tp_returnmessage` WHERE ( mid=1 ) LIMIT 1   [ RunTime:0.0017s ]
SQL: SELECT * FROM `tp_returnmessage` WHERE ( mid=16 ) LIMIT 1   [ RunTime:0.0015s ]
SQL: SELECT * FROM `tp_returnmessage` WHERE ( mid=17 ) LIMIT 1   [ RunTime:0.0013s ]
SQL: SELECT * FROM `tp_returnmessage` WHERE ( mid=18 ) LIMIT 1   [ RunTime:0.0015s ]
SQL: SELECT * FROM `tp_returnmessage` WHERE ( mid=19 ) LIMIT 1   [ RunTime:0.0012s ]
INFO: [ view_parse ] --START--
INFO: [ template_filter ] --START--
INFO: Run Behavior\ContentReplaceBehavior [ RunTime:0.000412s ]
INFO: [ template_filter ] --END-- [ RunTime:0.000823s ]
NOTIC: [8] Undefined variable: page F:\wamp\wamp\www\blog\Application\Runtime\Cache\Admin\e1ad611a04673ac9fc78d17e28cd370b.php 第 95 行.
INFO: Run Behavior\ParseTemplateBehavior [ RunTime:0.079070s ]
INFO: [ view_parse ] --END-- [ RunTime:0.079562s ]
INFO: [ view_filter ] --START--
INFO: Run Behavior\WriteHtmlCacheBehavior [ RunTime:0.008824s ]
INFO: [ view_filter ] --END-- [ RunTime:0.009220s ]
INFO: [ app_end ] --START--
INFO: Run Behavior\ShowPageTraceBehavior [ RunTime:0.012177s ]
INFO: [ app_end ] --END-- [ RunTime:0.012618s ]

[ 2017-01-20T22:06:52+08:00 ] ::1 /blog/index.php/Admin/Message/index/p/1.html
INFO: [ app_init ] --START--
INFO: Run Behavior\BuildLiteBehavior [ RunTime:0.000092s ]
INFO: [ app_init ] --END-- [ RunTime:0.006922s ]
INFO: [ app_begin ] --START--
INFO: Run Behavior\ReadHtmlCacheBehavior [ RunTime:0.008749s ]
INFO: [ app_begin ] --END-- [ RunTime:0.009293s ]
SQL: SHOW COLUMNS FROM `tp_user` [ RunTime:0.0805s ]
SQL: SELECT `lasttime` FROM `tp_user` WHERE `username` = 'hzx' LIMIT 1   [ RunTime:0.0011s ]
SQL: SHOW COLUMNS FROM `tp_message` [ RunTime:0.0901s ]
SQL: SELECT * FROM `tp_message` ORDER BY publishtime desc  [ RunTime:0.0015s ]
SQL: SHOW COLUMNS FROM `tp_returnmessage` [ RunTime:0.0788s ]
SQL: SELECT * FROM `tp_returnmessage` WHERE ( mid=19 ) LIMIT 1   [ RunTime:0.0012s ]
SQL: SELECT * FROM `tp_returnmessage` WHERE ( mid=18 ) LIMIT 1   [ RunTime:0.0011s ]
SQL: SELECT * FROM `tp_returnmessage` WHERE ( mid=17 ) LIMIT 1   [ RunTime:0.0010s ]
SQL: SELECT * FROM `tp_returnmessage` WHERE ( mid=16 ) LIMIT 1   [ RunTime:0.0011s ]
SQL: SELECT * FROM `tp_returnmessage` WHERE ( mid=1 ) LIMIT 1   [ RunTime:0.0010s ]
INFO: [ view_parse ] --START--
INFO: [ template_filter ] --START--
INFO: Run Behavior\ContentReplaceBehavior [ RunTime:0.000421s ]
INFO: [ template_filter ] --END-- [ RunTime:0.000846s ]
NOTIC: [8] Undefined variable: page F:\wamp\wamp\www\blog\Application\Runtime\Cache\Admin\e1ad611a04673ac9fc78d17e28cd370b.php 第 95 行.
INFO: Run Behavior\ParseTemplateBehavior [ RunTime:0.090625s ]
INFO: [ view_parse ] --END-- [ RunTime:0.091061s ]
INFO: [ view_filter ] --START--
INFO: Run Behavior\WriteHtmlCacheBehavior [ RunTime:0.009107s ]
INFO: [ view_filter ] --END-- [ RunTime:0.009507s ]
INFO: [ app_end ] --START--
INFO: Run Behavior\ShowPageTraceBehavior [ RunTime:0.012275s ]
INFO: [ app_end ] --END-- [ RunTime:0.012918s ]

[ 2017-01-20T23:03:27+08:00 ] ::1 /blog/index.php/Admin/Index/index.html
INFO: [ app_init ] --START--
INFO: Run Behavior\BuildLiteBehavior [ RunTime:0.000091s ]
INFO: [ app_init ] --END-- [ RunTime:0.004634s ]
INFO: [ app_begin ] --START--
INFO: Run Behavior\ReadHtmlCacheBehavior [ RunTime:0.004749s ]
INFO: [ app_begin ] --END-- [ RunTime:0.005266s ]
NOTIC: [8] Undefined index: adminname F:\wamp\wamp\www\blog\Application\Admin\Controller\IndexController.class.php 第 7 行.

[ 2017-01-20T23:03:28+08:00 ] ::1 /blog/index.php/Admin/Login/login.html
INFO: [ app_init ] --START--
INFO: Run Behavior\BuildLiteBehavior [ RunTime:0.000144s ]
INFO: [ app_init ] --END-- [ RunTime:0.004076s ]
INFO: [ app_begin ] --START--
INFO: Run Behavior\ReadHtmlCacheBehavior [ RunTime:0.006795s ]
INFO: [ app_begin ] --END-- [ RunTime:0.007260s ]
INFO: [ view_parse ] --START--
INFO: [ template_filter ] --START--
INFO: Run Behavior\ContentReplaceBehavior [ RunTime:0.000256s ]
INFO: [ template_filter ] --END-- [ RunTime:0.000680s ]
INFO: Run Behavior\ParseTemplateBehavior [ RunTime:0.039280s ]
INFO: [ view_parse ] --END-- [ RunTime:0.039738s ]
INFO: [ view_filter ] --START--
INFO: Run Behavior\WriteHtmlCacheBehavior [ RunTime:0.006504s ]
INFO: [ view_filter ] --END-- [ RunTime:0.006926s ]
INFO: [ app_end ] --START--
INFO: Run Behavior\ShowPageTraceBehavior [ RunTime:0.006927s ]
INFO: [ app_end ] --END-- [ RunTime:0.007328s ]

[ 2017-01-20T23:03:36+08:00 ] ::1 /blog/index.php/Admin/Login/login.html
INFO: [ app_init ] --START--
INFO: Run Behavior\BuildLiteBehavior [ RunTime:0.000096s ]
INFO: [ app_init ] --END-- [ RunTime:0.009293s ]
INFO: [ app_begin ] --START--
INFO: Run Behavior\ReadHtmlCacheBehavior [ RunTime:0.009643s ]
INFO: [ app_begin ] --END-- [ RunTime:0.010154s ]
SQL: SHOW COLUMNS FROM `tp_user` [ RunTime:0.1715s ]
SQL: SELECT * FROM `tp_user` WHERE `username` = 'hzx' AND `userpwd` = '123456' AND `state` = 0 LIMIT 1   [ RunTime:0.0021s ]
SQL: UPDATE `tp_user` SET `lasttime`='2017-01-20 23:03:36' WHERE `username` = 'hzx' [ RunTime:0.1767s ]

[ 2017-01-20T23:03:37+08:00 ] ::1 /blog/index.php/Admin/Index/index.html
INFO: [ app_init ] --START--
INFO: Run Behavior\BuildLiteBehavior [ RunTime:0.000097s ]
INFO: [ app_init ] --END-- [ RunTime:0.008629s ]
INFO: [ app_begin ] --START--
INFO: Run Behavior\ReadHtmlCacheBehavior [ RunTime:0.009716s ]
INFO: [ app_begin ] --END-- [ RunTime:0.010238s ]
SQL: SHOW COLUMNS FROM `tp_user` [ RunTime:0.0798s ]
SQL: SELECT `lasttime` FROM `tp_user` WHERE `username` = 'hzx' LIMIT 1   [ RunTime:0.0011s ]
SQL: SELECT * FROM `tp_user` WHERE `state` = 1 ORDER BY lasttime desc LIMIT 5   [ RunTime:0.0016s ]
SQL: SHOW COLUMNS FROM `tp_knowledge` [ RunTime:0.1450s ]
SQL: SELECT `title` FROM `tp_knowledge` ORDER BY publishtime desc LIMIT 1   [ RunTime:0.0011s ]
SQL: SELECT `img` FROM `tp_knowledge` ORDER BY publishtime desc LIMIT 1   [ RunTime:0.0011s ]
SQL: SHOW COLUMNS FROM `tp_img` [ RunTime:0.0846s ]
SQL: SELECT `img` FROM `tp_img` ORDER BY publishtime desc LIMIT 1   [ RunTime:0.0012s ]
SQL: SHOW COLUMNS FROM `tp_pinglun` [ RunTime:0.1350s ]
SQL: SELECT `content` FROM `tp_pinglun` ORDER BY publishtime desc LIMIT 1   [ RunTime:0.0012s ]
SQL: SHOW COLUMNS FROM `tp_message` [ RunTime:0.1655s ]
SQL: SELECT COUNT(*) AS tp_count FROM `tp_message` LIMIT 1   [ RunTime:0.0010s ]
SQL: SELECT * FROM `tp_message` ORDER BY publishtime desc LIMIT 0,5   [ RunTime:0.0014s ]
SQL: SELECT COUNT(*) AS tp_count FROM `tp_user` WHERE `state` = 1 LIMIT 1   [ RunTime:0.0010s ]
SQL: SELECT COUNT(*) AS tp_count FROM `tp_message` LIMIT 1   [ RunTime:0.0011s ]
SQL: SELECT COUNT(*) AS tp_count FROM `tp_pinglun` LIMIT 1   [ RunTime:0.0009s ]
SQL: SELECT * FROM `tp_knowledge` ORDER BY publishtime desc LIMIT 1   [ RunTime:0.0013s ]
NOTIC: [8] Undefined variable: filets F:\wamp\wamp\www\blog\Application\Admin\Controller\IndexController.class.php 第 75 行.
INFO: [ view_parse ] --START--
INFO: [ template_filter ] --START--
INFO: Run Behavior\ContentReplaceBehavior [ RunTime:0.000714s ]
INFO: [ template_filter ] --END-- [ RunTime:0.001898s ]
INFO: Run Behavior\ParseTemplateBehavior [ RunTime:0.119211s ]
INFO: [ view_parse ] --END-- [ RunTime:0.119835s ]
INFO: [ view_filter ] --START--
INFO: Run Behavior\WriteHtmlCacheBehavior [ RunTime:0.008072s ]
INFO: [ view_filter ] --END-- [ RunTime:0.008477s ]
INFO: [ app_end ] --START--
INFO: Run Behavior\ShowPageTraceBehavior [ RunTime:0.014845s ]
INFO: [ app_end ] --END-- [ RunTime:0.015408s ]

[ 2017-01-20T23:04:00+08:00 ] ::1 /blog/index.php/Admin/Index/ms.html
INFO: [ app_init ] --START--
INFO: Run Behavior\BuildLiteBehavior [ RunTime:0.000092s ]
INFO: [ app_init ] --END-- [ RunTime:0.007411s ]
INFO: [ app_begin ] --START--
INFO: Run Behavior\ReadHtmlCacheBehavior [ RunTime:0.012553s ]
INFO: [ app_begin ] --END-- [ RunTime:0.013199s ]

[ 2017-01-20T23:04:12+08:00 ] ::1 /blog/index.php/Admin/Message/index.html
INFO: [ app_init ] --START--
INFO: Run Behavior\BuildLiteBehavior [ RunTime:0.000155s ]
INFO: [ app_init ] --END-- [ RunTime:0.013104s ]
INFO: [ app_begin ] --START--
INFO: Run Behavior\ReadHtmlCacheBehavior [ RunTime:0.010794s ]
INFO: [ app_begin ] --END-- [ RunTime:0.011771s ]
SQL: SHOW COLUMNS FROM `tp_user` [ RunTime:0.1349s ]
SQL: SELECT `lasttime` FROM `tp_user` WHERE `username` = 'hzx' LIMIT 1   [ RunTime:0.0014s ]
SQL: SHOW COLUMNS FROM `tp_message` [ RunTime:0.0919s ]
SQL: SELECT * FROM `tp_message` ORDER BY publishtime desc  [ RunTime:0.0015s ]
SQL: SHOW COLUMNS FROM `tp_returnmessage` [ RunTime:0.1544s ]
SQL: SELECT * FROM `tp_returnmessage` WHERE ( mid=19 ) LIMIT 1   [ RunTime:0.0012s ]
SQL: SELECT * FROM `tp_returnmessage` WHERE ( mid=18 ) LIMIT 1   [ RunTime:0.0014s ]
SQL: SELECT * FROM `tp_returnmessage` WHERE ( mid=17 ) LIMIT 1   [ RunTime:0.0014s ]
SQL: SELECT * FROM `tp_returnmessage` WHERE ( mid=16 ) LIMIT 1   [ RunTime:0.0015s ]
SQL: SELECT * FROM `tp_returnmessage` WHERE ( mid=1 ) LIMIT 1   [ RunTime:0.0013s ]
INFO: [ view_parse ] --START--
INFO: [ template_filter ] --START--
INFO: Run Behavior\ContentReplaceBehavior [ RunTime:0.000416s ]
INFO: [ template_filter ] --END-- [ RunTime:0.000869s ]
NOTIC: [8] Undefined variable: page F:\wamp\wamp\www\blog\Application\Runtime\Cache\Admin\e1ad611a04673ac9fc78d17e28cd370b.php 第 95 行.
INFO: Run Behavior\ParseTemplateBehavior [ RunTime:0.082705s ]
INFO: [ view_parse ] --END-- [ RunTime:0.083252s ]
INFO: [ view_filter ] --START--
INFO: Run Behavior\WriteHtmlCacheBehavior [ RunTime:0.007152s ]
INFO: [ view_filter ] --END-- [ RunTime:0.007829s ]
INFO: [ app_end ] --START--
INFO: Run Behavior\ShowPageTraceBehavior [ RunTime:0.009145s ]
INFO: [ app_end ] --END-- [ RunTime:0.009880s ]

[ 2017-01-20T23:06:34+08:00 ] ::1 /blog/index.php/Admin/Message/index.html
INFO: [ app_init ] --START--
INFO: Run Behavior\BuildLiteBehavior [ RunTime:0.000135s ]
INFO: [ app_init ] --END-- [ RunTime:0.007940s ]
INFO: [ app_begin ] --START--
INFO: Run Behavior\ReadHtmlCacheBehavior [ RunTime:0.009645s ]
INFO: [ app_begin ] --END-- [ RunTime:0.010246s ]
SQL: SHOW COLUMNS FROM `tp_user` [ RunTime:0.1114s ]
SQL: SELECT `lasttime` FROM `tp_user` WHERE `username` = 'hzx' LIMIT 1   [ RunTime:0.0012s ]
SQL: SHOW COLUMNS FROM `tp_message` [ RunTime:0.1399s ]
SQL: SELECT * FROM `tp_message` ORDER BY publishtime desc  [ RunTime:0.0022s ]
SQL: SHOW COLUMNS FROM `tp_returnmessage` [ RunTime:0.1299s ]
SQL: SELECT * FROM `tp_returnmessage` WHERE ( mid=19 ) LIMIT 1   [ RunTime:0.0015s ]
SQL: SELECT * FROM `tp_returnmessage` WHERE ( mid=18 ) LIMIT 1   [ RunTime:0.0015s ]
SQL: SELECT * FROM `tp_returnmessage` WHERE ( mid=17 ) LIMIT 1   [ RunTime:0.0015s ]
SQL: SELECT * FROM `tp_returnmessage` WHERE ( mid=16 ) LIMIT 1   [ RunTime:0.0023s ]
SQL: SELECT * FROM `tp_returnmessage` WHERE ( mid=1 ) LIMIT 1   [ RunTime:0.0018s ]
INFO: [ view_parse ] --START--
INFO: [ template_filter ] --START--
INFO: Run Behavior\ContentReplaceBehavior [ RunTime:0.000387s ]
INFO: [ template_filter ] --END-- [ RunTime:0.000821s ]
NOTIC: [8] Undefined variable: page F:\wamp\wamp\www\blog\Application\Runtime\Cache\Admin\e1ad611a04673ac9fc78d17e28cd370b.php 第 97 行.
INFO: Run Behavior\ParseTemplateBehavior [ RunTime:0.088075s ]
INFO: [ view_parse ] --END-- [ RunTime:0.088499s ]
INFO: [ view_filter ] --START--
INFO: Run Behavior\WriteHtmlCacheBehavior [ RunTime:0.007243s ]
INFO: [ view_filter ] --END-- [ RunTime:0.007693s ]
INFO: [ app_end ] --START--
INFO: Run Behavior\ShowPageTraceBehavior [ RunTime:0.012421s ]
INFO: [ app_end ] --END-- [ RunTime:0.012864s ]

[ 2017-01-20T23:10:24+08:00 ] ::1 /blog/index.php/Admin/Message/index.html
INFO: [ app_init ] --START--
INFO: Run Behavior\BuildLiteBehavior [ RunTime:0.000092s ]
INFO: [ app_init ] --END-- [ RunTime:0.006809s ]
INFO: [ app_begin ] --START--
INFO: Run Behavior\ReadHtmlCacheBehavior [ RunTime:0.010274s ]
INFO: [ app_begin ] --END-- [ RunTime:0.010842s ]
SQL: SHOW COLUMNS FROM `tp_user` [ RunTime:0.0868s ]
SQL: SELECT `lasttime` FROM `tp_user` WHERE `username` = 'hzx' LIMIT 1   [ RunTime:0.0011s ]
SQL: SHOW COLUMNS FROM `tp_message` [ RunTime:0.0985s ]
SQL: SELECT COUNT(*) AS tp_count FROM `tp_message` LIMIT 1   [ RunTime:0.0011s ]
SQL: SELECT * FROM `tp_message` ORDER BY publishtime desc LIMIT 0,3   [ RunTime:0.0022s ]
SQL: SHOW COLUMNS FROM `tp_returnmessage` [ RunTime:0.1227s ]
SQL: SELECT * FROM `tp_returnmessage` WHERE ( mid=19 ) LIMIT 1   [ RunTime:0.0018s ]
SQL: SELECT * FROM `tp_returnmessage` WHERE ( mid=18 ) LIMIT 1   [ RunTime:0.0018s ]
SQL: SELECT * FROM `tp_returnmessage` WHERE ( mid=17 ) LIMIT 1   [ RunTime:0.0015s ]
INFO: [ view_parse ] --START--
INFO: [ template_filter ] --START--
INFO: Run Behavior\ContentReplaceBehavior [ RunTime:0.000601s ]
INFO: [ template_filter ] --END-- [ RunTime:0.001353s ]
INFO: Run Behavior\ParseTemplateBehavior [ RunTime:0.093239s ]
INFO: [ view_parse ] --END-- [ RunTime:0.093713s ]
INFO: [ view_filter ] --START--
INFO: Run Behavior\WriteHtmlCacheBehavior [ RunTime:0.006148s ]
INFO: [ view_filter ] --END-- [ RunTime:0.006572s ]
INFO: [ app_end ] --START--
INFO: Run Behavior\ShowPageTraceBehavior [ RunTime:0.010262s ]
INFO: [ app_end ] --END-- [ RunTime:0.011312s ]

[ 2017-01-20T23:10:49+08:00 ] ::1 /blog/index.php/Admin/Message/index/p/2.html
INFO: [ app_init ] --START--
INFO: Run Behavior\BuildLiteBehavior [ RunTime:0.000095s ]
INFO: [ app_init ] --END-- [ RunTime:0.006842s ]
INFO: [ app_begin ] --START--
INFO: Run Behavior\ReadHtmlCacheBehavior [ RunTime:0.007286s ]
INFO: [ app_begin ] --END-- [ RunTime:0.007838s ]
SQL: SHOW COLUMNS FROM `tp_user` [ RunTime:0.0970s ]
SQL: SELECT `lasttime` FROM `tp_user` WHERE `username` = 'hzx' LIMIT 1   [ RunTime:0.0013s ]
SQL: SHOW COLUMNS FROM `tp_message` [ RunTime:0.0963s ]
SQL: SELECT COUNT(*) AS tp_count FROM `tp_message` LIMIT 1   [ RunTime:0.0010s ]
SQL: SELECT * FROM `tp_message` ORDER BY publishtime desc LIMIT 3,3   [ RunTime:0.0015s ]
SQL: SHOW COLUMNS FROM `tp_returnmessage` [ RunTime:0.1056s ]
SQL: SELECT * FROM `tp_returnmessage` WHERE ( mid=16 ) LIMIT 1   [ RunTime:0.0011s ]
SQL: SELECT * FROM `tp_returnmessage` WHERE ( mid=1 ) LIMIT 1   [ RunTime:0.0010s ]
INFO: [ view_parse ] --START--
INFO: [ template_filter ] --START--
INFO: Run Behavior\ContentReplaceBehavior [ RunTime:0.000607s ]
INFO: [ template_filter ] --END-- [ RunTime:0.001259s ]
INFO: Run Behavior\ParseTemplateBehavior [ RunTime:0.075409s ]
INFO: [ view_parse ] --END-- [ RunTime:0.075847s ]
INFO: [ view_filter ] --START--
INFO: Run Behavior\WriteHtmlCacheBehavior [ RunTime:0.007579s ]
INFO: [ view_filter ] --END-- [ RunTime:0.007983s ]
INFO: [ app_end ] --START--
INFO: Run Behavior\ShowPageTraceBehavior [ RunTime:0.013326s ]
INFO: [ app_end ] --END-- [ RunTime:0.014098s ]

[ 2017-01-20T23:12:18+08:00 ] ::1 /blog/index.php/Admin/Message/index/p/1.html
INFO: [ app_init ] --START--
INFO: Run Behavior\BuildLiteBehavior [ RunTime:0.000095s ]
INFO: [ app_init ] --END-- [ RunTime:0.009727s ]
INFO: [ app_begin ] --START--
INFO: Run Behavior\ReadHtmlCacheBehavior [ RunTime:0.018307s ]
INFO: [ app_begin ] --END-- [ RunTime:0.019495s ]
SQL: SHOW COLUMNS FROM `tp_user` [ RunTime:0.1206s ]
SQL: SELECT `lasttime` FROM `tp_user` WHERE `username` = 'hzx' LIMIT 1   [ RunTime:0.0019s ]
SQL: SHOW COLUMNS FROM `tp_message` [ RunTime:0.1486s ]
SQL: SELECT COUNT(*) AS tp_count FROM `tp_message` LIMIT 1   [ RunTime:0.0011s ]
SQL: SELECT * FROM `tp_message` ORDER BY publishtime desc LIMIT 0,3   [ RunTime:0.0021s ]
SQL: SHOW COLUMNS FROM `tp_returnmessage` [ RunTime:0.1226s ]
SQL: SELECT * FROM `tp_returnmessage` WHERE ( mid=19 ) LIMIT 1   [ RunTime:0.0017s ]
SQL: SELECT * FROM `tp_returnmessage` WHERE ( mid=18 ) LIMIT 1   [ RunTime:0.0013s ]
SQL: SELECT * FROM `tp_returnmessage` WHERE ( mid=17 ) LIMIT 1   [ RunTime:0.0017s ]
INFO: [ view_parse ] --START--
INFO: [ template_filter ] --START--
INFO: Run Behavior\ContentReplaceBehavior [ RunTime:0.000357s ]
INFO: [ template_filter ] --END-- [ RunTime:0.000778s ]
INFO: Run Behavior\ParseTemplateBehavior [ RunTime:0.097676s ]
INFO: [ view_parse ] --END-- [ RunTime:0.098354s ]
INFO: [ view_filter ] --START--
INFO: Run Behavior\WriteHtmlCacheBehavior [ RunTime:0.008717s ]
INFO: [ view_filter ] --END-- [ RunTime:0.009132s ]
INFO: [ app_end ] --START--
INFO: Run Behavior\ShowPageTraceBehavior [ RunTime:0.010881s ]
INFO: [ app_end ] --END-- [ RunTime:0.011670s ]

[ 2017-01-20T23:12:28+08:00 ] ::1 /blog/index.php/Admin/Message/index/p/1.html
INFO: [ app_init ] --START--
INFO: Run Behavior\BuildLiteBehavior [ RunTime:0.000110s ]
INFO: [ app_init ] --END-- [ RunTime:0.006622s ]
INFO: [ app_begin ] --START--
INFO: Run Behavior\ReadHtmlCacheBehavior [ RunTime:0.006972s ]
INFO: [ app_begin ] --END-- [ RunTime:0.007452s ]
SQL: SHOW COLUMNS FROM `tp_user` [ RunTime:0.3901s ]
SQL: SELECT `lasttime` FROM `tp_user` WHERE `username` = 'hzx' LIMIT 1   [ RunTime:0.0020s ]
SQL: SHOW COLUMNS FROM `tp_message` [ RunTime:0.1108s ]
SQL: SELECT COUNT(*) AS tp_count FROM `tp_message` LIMIT 1   [ RunTime:0.0010s ]
SQL: SELECT * FROM `tp_message` ORDER BY publishtime desc LIMIT 0,6   [ RunTime:0.0016s ]
SQL: SHOW COLUMNS FROM `tp_returnmessage` [ RunTime:0.1023s ]
SQL: SELECT * FROM `tp_returnmessage` WHERE ( mid=19 ) LIMIT 1   [ RunTime:0.0012s ]
SQL: SELECT * FROM `tp_returnmessage` WHERE ( mid=18 ) LIMIT 1   [ RunTime:0.0011s ]
SQL: SELECT * FROM `tp_returnmessage` WHERE ( mid=17 ) LIMIT 1   [ RunTime:0.0010s ]
SQL: SELECT * FROM `tp_returnmessage` WHERE ( mid=16 ) LIMIT 1   [ RunTime:0.0010s ]
SQL: SELECT * FROM `tp_returnmessage` WHERE ( mid=1 ) LIMIT 1   [ RunTime:0.0011s ]
INFO: [ view_parse ] --START--
INFO: [ template_filter ] --START--
INFO: Run Behavior\ContentReplaceBehavior [ RunTime:0.000628s ]
INFO: [ template_filter ] --END-- [ RunTime:0.001289s ]
INFO: Run Behavior\ParseTemplateBehavior [ RunTime:0.064637s ]
INFO: [ view_parse ] --END-- [ RunTime:0.065230s ]
INFO: [ view_filter ] --START--
INFO: Run Behavior\WriteHtmlCacheBehavior [ RunTime:0.005538s ]
INFO: [ view_filter ] --END-- [ RunTime:0.006069s ]
INFO: [ app_end ] --START--
INFO: Run Behavior\ShowPageTraceBehavior [ RunTime:0.008532s ]
INFO: [ app_end ] --END-- [ RunTime:0.009213s ]

[ 2017-01-20T23:12:52+08:00 ] ::1 /blog/index.php/Admin/Message/index/p/1.html
INFO: [ app_init ] --START--
INFO: Run Behavior\BuildLiteBehavior [ RunTime:0.000096s ]
INFO: [ app_init ] --END-- [ RunTime:0.007858s ]
INFO: [ app_begin ] --START--
INFO: Run Behavior\ReadHtmlCacheBehavior [ RunTime:0.008244s ]
INFO: [ app_begin ] --END-- [ RunTime:0.008907s ]
SQL: SHOW COLUMNS FROM `tp_user` [ RunTime:0.1112s ]
SQL: SELECT `lasttime` FROM `tp_user` WHERE `username` = 'hzx' LIMIT 1   [ RunTime:0.0013s ]
SQL: SHOW COLUMNS FROM `tp_message` [ RunTime:0.1098s ]
SQL: SELECT COUNT(*) AS tp_count FROM `tp_message` LIMIT 1   [ RunTime:0.0010s ]
SQL: SELECT * FROM `tp_message` ORDER BY publishtime desc LIMIT 0,6   [ RunTime:0.0017s ]
SQL: SHOW COLUMNS FROM `tp_returnmessage` [ RunTime:0.1046s ]
SQL: SELECT * FROM `tp_returnmessage` WHERE ( mid=19 ) LIMIT 1   [ RunTime:0.0013s ]
SQL: SELECT * FROM `tp_returnmessage` WHERE ( mid=18 ) LIMIT 1   [ RunTime:0.0013s ]
SQL: SELECT * FROM `tp_returnmessage` WHERE ( mid=17 ) LIMIT 1   [ RunTime:0.0011s ]
SQL: SELECT * FROM `tp_returnmessage` WHERE ( mid=16 ) LIMIT 1   [ RunTime:0.0011s ]
SQL: SELECT * FROM `tp_returnmessage` WHERE ( mid=1 ) LIMIT 1   [ RunTime:0.0012s ]
INFO: [ view_parse ] --START--
INFO: [ template_filter ] --START--
INFO: Run Behavior\ContentReplaceBehavior [ RunTime:0.000378s ]
INFO: [ template_filter ] --END-- [ RunTime:0.000845s ]
INFO: Run Behavior\ParseTemplateBehavior [ RunTime:0.077860s ]
INFO: [ view_parse ] --END-- [ RunTime:0.078351s ]
INFO: [ view_filter ] --START--
INFO: Run Behavior\WriteHtmlCacheBehavior [ RunTime:0.005639s ]
INFO: [ view_filter ] --END-- [ RunTime:0.006035s ]
INFO: [ app_end ] --START--
INFO: Run Behavior\ShowPageTraceBehavior [ RunTime:0.008184s ]
INFO: [ app_end ] --END-- [ RunTime:0.008783s ]

[ 2017-01-20T23:14:43+08:00 ] ::1 /blog/index.php/Admin/Message/index/p/1.html
INFO: [ app_init ] --START--
INFO: Run Behavior\BuildLiteBehavior [ RunTime:0.000094s ]
INFO: [ app_init ] --END-- [ RunTime:0.006863s ]
INFO: [ app_begin ] --START--
INFO: Run Behavior\ReadHtmlCacheBehavior [ RunTime:0.009170s ]
INFO: [ app_begin ] --END-- [ RunTime:0.009648s ]
SQL: SHOW COLUMNS FROM `tp_user` [ RunTime:0.1212s ]
SQL: SELECT `lasttime` FROM `tp_user` WHERE `username` = 'hzx' LIMIT 1   [ RunTime:0.0011s ]
SQL: SHOW COLUMNS FROM `tp_message` [ RunTime:0.0955s ]
SQL: SELECT COUNT(*) AS tp_count FROM `tp_message` LIMIT 1   [ RunTime:0.0010s ]
SQL: SELECT * FROM `tp_message` ORDER BY publishtime desc LIMIT 0,6   [ RunTime:0.0015s ]
SQL: SHOW COLUMNS FROM `tp_returnmessage` [ RunTime:0.0993s ]
SQL: SELECT * FROM `tp_returnmessage` WHERE ( mid=19 ) LIMIT 1   [ RunTime:0.0011s ]
SQL: SELECT * FROM `tp_returnmessage` WHERE ( mid=18 ) LIMIT 1   [ RunTime:0.0012s ]
SQL: SELECT * FROM `tp_returnmessage` WHERE ( mid=17 ) LIMIT 1   [ RunTime:0.0011s ]
SQL: SELECT * FROM `tp_returnmessage` WHERE ( mid=16 ) LIMIT 1   [ RunTime:0.0013s ]
SQL: SELECT * FROM `tp_returnmessage` WHERE ( mid=1 ) LIMIT 1   [ RunTime:0.0016s ]
INFO: [ view_parse ] --START--
INFO: [ template_filter ] --START--
INFO: Run Behavior\ContentReplaceBehavior [ RunTime:0.000471s ]
INFO: [ template_filter ] --END-- [ RunTime:0.000969s ]
INFO: Run Behavior\ParseTemplateBehavior [ RunTime:0.087599s ]
INFO: [ view_parse ] --END-- [ RunTime:0.088061s ]
INFO: [ view_filter ] --START--
INFO: Run Behavior\WriteHtmlCacheBehavior [ RunTime:0.010733s ]
INFO: [ view_filter ] --END-- [ RunTime:0.011193s ]
INFO: [ app_end ] --START--
INFO: Run Behavior\ShowPageTraceBehavior [ RunTime:0.013440s ]
INFO: [ app_end ] --END-- [ RunTime:0.013988s ]

[ 2017-01-20T23:15:37+08:00 ] ::1 /blog/index.php/Admin/Message/index/p/1.html
INFO: [ app_init ] --START--
INFO: Run Behavior\BuildLiteBehavior [ RunTime:0.000137s ]
INFO: [ app_init ] --END-- [ RunTime:0.007579s ]
INFO: [ app_begin ] --START--
INFO: Run Behavior\ReadHtmlCacheBehavior [ RunTime:0.008604s ]
INFO: [ app_begin ] --END-- [ RunTime:0.009372s ]
SQL: SHOW COLUMNS FROM `tp_user` [ RunTime:0.1113s ]
SQL: SELECT `lasttime` FROM `tp_user` WHERE `username` = 'hzx' LIMIT 1   [ RunTime:0.0011s ]
SQL: SHOW COLUMNS FROM `tp_message` [ RunTime:0.0843s ]
SQL: SELECT COUNT(*) AS tp_count FROM `tp_message` LIMIT 1   [ RunTime:0.0012s ]
SQL: SELECT * FROM `tp_message` ORDER BY publishtime desc LIMIT 0,6   [ RunTime:0.0016s ]
SQL: SHOW COLUMNS FROM `tp_returnmessage` [ RunTime:0.0942s ]
SQL: SELECT * FROM `tp_returnmessage` WHERE ( mid=19 ) LIMIT 1   [ RunTime:0.0015s ]
SQL: SELECT * FROM `tp_returnmessage` WHERE ( mid=18 ) LIMIT 1   [ RunTime:0.0047s ]
SQL: SELECT * FROM `tp_returnmessage` WHERE ( mid=17 ) LIMIT 1   [ RunTime:0.0016s ]
SQL: SELECT * FROM `tp_returnmessage` WHERE ( mid=16 ) LIMIT 1   [ RunTime:0.0019s ]
SQL: SELECT * FROM `tp_returnmessage` WHERE ( mid=1 ) LIMIT 1   [ RunTime:0.0016s ]
INFO: [ view_parse ] --START--
INFO: [ template_filter ] --START--
INFO: Run Behavior\ContentReplaceBehavior [ RunTime:0.000352s ]
INFO: [ template_filter ] --END-- [ RunTime:0.000762s ]
INFO: Run Behavior\ParseTemplateBehavior [ RunTime:0.100855s ]
INFO: [ view_parse ] --END-- [ RunTime:0.101323s ]
INFO: [ view_filter ] --START--
INFO: Run Behavior\WriteHtmlCacheBehavior [ RunTime:0.008322s ]
INFO: [ view_filter ] --END-- [ RunTime:0.008784s ]
INFO: [ app_end ] --START--
INFO: Run Behavior\ShowPageTraceBehavior [ RunTime:0.074468s ]
INFO: [ app_end ] --END-- [ RunTime:0.075288s ]

[ 2017-01-20T23:15:52+08:00 ] ::1 /blog/index.php/Admin/Images/delimg/id/1
INFO: [ app_init ] --START--
INFO: Run Behavior\BuildLiteBehavior [ RunTime:0.000146s ]
INFO: [ app_init ] --END-- [ RunTime:0.008181s ]
INFO: [ app_begin ] --START--
INFO: Run Behavior\ReadHtmlCacheBehavior [ RunTime:0.008321s ]
INFO: [ app_begin ] --END-- [ RunTime:0.008870s ]
SQL: SHOW COLUMNS FROM `tp_img` [ RunTime:0.1079s ]
SQL: DELETE FROM `tp_img` WHERE `id` = 1 [ RunTime:0.0268s ]

[ 2017-01-20T23:15:52+08:00 ] ::1 /blog/index.php/Admin/Images/imgmanger.html
INFO: [ app_init ] --START--
INFO: Run Behavior\BuildLiteBehavior [ RunTime:0.000148s ]
INFO: [ app_init ] --END-- [ RunTime:0.014979s ]
INFO: [ app_begin ] --START--
INFO: Run Behavior\ReadHtmlCacheBehavior [ RunTime:0.014080s ]
INFO: [ app_begin ] --END-- [ RunTime:0.014899s ]
SQL: SHOW COLUMNS FROM `tp_user` [ RunTime:0.1045s ]
SQL: SELECT `lasttime` FROM `tp_user` WHERE `username` = 'hzx' LIMIT 1   [ RunTime:0.0013s ]
SQL: SHOW COLUMNS FROM `tp_imgtype` [ RunTime:0.1503s ]
SQL: SHOW COLUMNS FROM `tp_img` [ RunTime:0.1054s ]
SQL: SELECT * FROM `tp_imgtype`  [ RunTime:0.0011s ]
NOTIC: [8] Undefined index: id F:\wamp\wamp\www\blog\Application\Admin\Controller\ImagesController.class.php 第 102 行.
SQL: SELECT COUNT(*) AS tp_count FROM `tp_img` LIMIT 1   [ RunTime:0.0010s ]
SQL: SELECT * FROM `tp_img` LIMIT 0,5   [ RunTime:0.0013s ]
INFO: [ view_parse ] --START--
INFO: [ template_filter ] --START--
INFO: Run Behavior\ContentReplaceBehavior [ RunTime:0.000316s ]
INFO: [ template_filter ] --END-- [ RunTime:0.000734s ]
NOTIC: [8] Undefined variable: vo F:\wamp\wamp\www\blog\Application\Runtime\Cache\Admin\9942631df0d754cbb67140cf6fc72cb7.php 第 73 行.
NOTIC: [8] Undefined index: imgs F:\wamp\wamp\www\blog\Application\Runtime\Cache\Admin\9942631df0d754cbb67140cf6fc72cb7.php 第 73 行.
NOTIC: [8] Undefined index: imgs F:\wamp\wamp\www\blog\Application\Runtime\Cache\Admin\9942631df0d754cbb67140cf6fc72cb7.php 第 78 行.
NOTIC: [8] Undefined index: imgs F:\wamp\wamp\www\blog\Application\Runtime\Cache\Admin\9942631df0d754cbb67140cf6fc72cb7.php 第 78 行.
NOTIC: [8] Undefined index: imgs F:\wamp\wamp\www\blog\Application\Runtime\Cache\Admin\9942631df0d754cbb67140cf6fc72cb7.php 第 78 行.
NOTIC: [8] Undefined index: imgs F:\wamp\wamp\www\blog\Application\Runtime\Cache\Admin\9942631df0d754cbb67140cf6fc72cb7.php 第 78 行.
INFO: Run Behavior\ParseTemplateBehavior [ RunTime:0.087707s ]
INFO: [ view_parse ] --END-- [ RunTime:0.088159s ]
INFO: [ view_filter ] --START--
INFO: Run Behavior\WriteHtmlCacheBehavior [ RunTime:0.008005s ]
INFO: [ view_filter ] --END-- [ RunTime:0.008512s ]
INFO: [ app_end ] --START--
INFO: Run Behavior\ShowPageTraceBehavior [ RunTime:0.011616s ]
INFO: [ app_end ] --END-- [ RunTime:0.012727s ]

[ 2017-01-20T23:16:06+08:00 ] ::1 /blog/index.php/Admin/Message/index/p/1.html
INFO: [ app_init ] --START--
INFO: Run Behavior\BuildLiteBehavior [ RunTime:0.000131s ]
INFO: [ app_init ] --END-- [ RunTime:0.008754s ]
INFO: [ app_begin ] --START--
INFO: Run Behavior\ReadHtmlCacheBehavior [ RunTime:0.010357s ]
INFO: [ app_begin ] --END-- [ RunTime:0.010843s ]
SQL: SHOW COLUMNS FROM `tp_user` [ RunTime:0.1140s ]
SQL: SELECT `lasttime` FROM `tp_user` WHERE `username` = 'hzx' LIMIT 1   [ RunTime:0.0010s ]
SQL: SHOW COLUMNS FROM `tp_message` [ RunTime:0.0723s ]
SQL: SELECT COUNT(*) AS tp_count FROM `tp_message` LIMIT 1   [ RunTime:0.0010s ]
SQL: SELECT * FROM `tp_message` ORDER BY publishtime desc LIMIT 0,6   [ RunTime:0.0015s ]
SQL: SHOW COLUMNS FROM `tp_returnmessage` [ RunTime:0.0923s ]
SQL: SELECT * FROM `tp_returnmessage` WHERE ( mid=19 ) LIMIT 1   [ RunTime:0.0012s ]
SQL: SELECT * FROM `tp_returnmessage` WHERE ( mid=18 ) LIMIT 1   [ RunTime:0.0010s ]
SQL: SELECT * FROM `tp_returnmessage` WHERE ( mid=17 ) LIMIT 1   [ RunTime:0.0010s ]
SQL: SELECT * FROM `tp_returnmessage` WHERE ( mid=16 ) LIMIT 1   [ RunTime:0.0017s ]
SQL: SELECT * FROM `tp_returnmessage` WHERE ( mid=1 ) LIMIT 1   [ RunTime:0.0012s ]
INFO: [ view_parse ] --START--
INFO: [ template_filter ] --START--
INFO: Run Behavior\ContentReplaceBehavior [ RunTime:0.000389s ]
INFO: [ template_filter ] --END-- [ RunTime:0.000822s ]
INFO: Run Behavior\ParseTemplateBehavior [ RunTime:0.158880s ]
INFO: [ view_parse ] --END-- [ RunTime:0.159608s ]
INFO: [ view_filter ] --START--
INFO: Run Behavior\WriteHtmlCacheBehavior [ RunTime:0.009628s ]
INFO: [ view_filter ] --END-- [ RunTime:0.010269s ]
INFO: [ app_end ] --START--
INFO: Run Behavior\ShowPageTraceBehavior [ RunTime:0.014173s ]
INFO: [ app_end ] --END-- [ RunTime:0.014827s ]

[ 2017-01-20T23:26:07+08:00 ] ::1 /blog/index.php/Admin/Message/index/p/1.html
INFO: [ app_init ] --START--
INFO: Run Behavior\BuildLiteBehavior [ RunTime:0.000365s ]
INFO: [ app_init ] --END-- [ RunTime:0.008466s ]
INFO: [ app_begin ] --START--
INFO: Run Behavior\ReadHtmlCacheBehavior [ RunTime:0.009967s ]
INFO: [ app_begin ] --END-- [ RunTime:0.010659s ]
SQL: SHOW COLUMNS FROM `tp_user` [ RunTime:0.0987s ]
SQL: SELECT `lasttime` FROM `tp_user` WHERE `username` = 'hzx' LIMIT 1   [ RunTime:0.0015s ]
SQL: SHOW COLUMNS FROM `tp_message` [ RunTime:0.0948s ]
SQL: SELECT COUNT(*) AS tp_count FROM `tp_message` LIMIT 1   [ RunTime:0.0010s ]
SQL: SELECT * FROM `tp_message` ORDER BY publishtime desc LIMIT 0,6   [ RunTime:0.0015s ]
SQL: SHOW COLUMNS FROM `tp_returnmessage` [ RunTime:0.1152s ]
SQL: SELECT * FROM `tp_returnmessage` WHERE ( mid=19 ) LIMIT 1   [ RunTime:0.0012s ]
SQL: SELECT * FROM `tp_returnmessage` WHERE ( mid=18 ) LIMIT 1   [ RunTime:0.0011s ]
SQL: SELECT * FROM `tp_returnmessage` WHERE ( mid=17 ) LIMIT 1   [ RunTime:0.0011s ]
SQL: SELECT * FROM `tp_returnmessage` WHERE ( mid=16 ) LIMIT 1   [ RunTime:0.0011s ]
SQL: SELECT * FROM `tp_returnmessage` WHERE ( mid=1 ) LIMIT 1   [ RunTime:0.0012s ]
INFO: [ view_parse ] --START--
INFO: [ template_filter ] --START--
INFO: Run Behavior\ContentReplaceBehavior [ RunTime:0.000576s ]
INFO: [ template_filter ] --END-- [ RunTime:0.001275s ]
INFO: Run Behavior\ParseTemplateBehavior [ RunTime:0.090439s ]
INFO: [ view_parse ] --END-- [ RunTime:0.090907s ]
INFO: [ view_filter ] --START--
INFO: Run Behavior\WriteHtmlCacheBehavior [ RunTime:0.011344s ]
INFO: [ view_filter ] --END-- [ RunTime:0.011756s ]
INFO: [ app_end ] --START--
INFO: Run Behavior\ShowPageTraceBehavior [ RunTime:0.015560s ]
INFO: [ app_end ] --END-- [ RunTime:0.016323s ]

[ 2017-01-20T23:26:13+08:00 ] ::1 /blog/index.php/Admin/Message/deletmess/id/1
INFO: [ app_init ] --START--
INFO: Run Behavior\BuildLiteBehavior [ RunTime:0.000094s ]
INFO: [ app_init ] --END-- [ RunTime:0.008187s ]
INFO: [ app_begin ] --START--
INFO: Run Behavior\ReadHtmlCacheBehavior [ RunTime:0.010582s ]
INFO: [ app_begin ] --END-- [ RunTime:0.011060s ]
SQL: SHOW COLUMNS FROM `tp_message` [ RunTime:0.0719s ]
SQL: SHOW COLUMNS FROM `tp_returnmessage` [ RunTime:0.0721s ]
ERR: Think\Model:delect方法不存在！

[ 2017-01-20T23:26:15+08:00 ] ::1 /blog/index.php/Admin/Message/deletmess/id/1
INFO: [ app_init ] --START--
INFO: Run Behavior\BuildLiteBehavior [ RunTime:0.000093s ]
INFO: [ app_init ] --END-- [ RunTime:0.006551s ]
INFO: [ app_begin ] --START--
INFO: Run Behavior\ReadHtmlCacheBehavior [ RunTime:0.010363s ]
INFO: [ app_begin ] --END-- [ RunTime:0.010865s ]
SQL: SHOW COLUMNS FROM `tp_message` [ RunTime:0.1030s ]
SQL: SHOW COLUMNS FROM `tp_returnmessage` [ RunTime:0.0941s ]
ERR: Think\Model:delect方法不存在！

[ 2017-01-20T23:26:58+08:00 ] ::1 /blog/index.php/Admin/Message/index/p/1.html
INFO: [ app_init ] --START--
INFO: Run Behavior\BuildLiteBehavior [ RunTime:0.000093s ]
INFO: [ app_init ] --END-- [ RunTime:0.006806s ]
INFO: [ app_begin ] --START--
INFO: Run Behavior\ReadHtmlCacheBehavior [ RunTime:0.010790s ]
INFO: [ app_begin ] --END-- [ RunTime:0.011266s ]
SQL: SHOW COLUMNS FROM `tp_user` [ RunTime:0.1191s ]
SQL: SELECT `lasttime` FROM `tp_user` WHERE `username` = 'hzx' LIMIT 1   [ RunTime:0.0013s ]
SQL: SHOW COLUMNS FROM `tp_message` [ RunTime:0.1047s ]
SQL: SELECT COUNT(*) AS tp_count FROM `tp_message` LIMIT 1   [ RunTime:0.0010s ]
SQL: SELECT * FROM `tp_message` ORDER BY publishtime desc LIMIT 0,6   [ RunTime:0.0016s ]
SQL: SHOW COLUMNS FROM `tp_returnmessage` [ RunTime:0.1217s ]
SQL: SELECT * FROM `tp_returnmessage` WHERE ( mid=19 ) LIMIT 1   [ RunTime:0.0019s ]
SQL: SELECT * FROM `tp_returnmessage` WHERE ( mid=18 ) LIMIT 1   [ RunTime:0.0013s ]
SQL: SELECT * FROM `tp_returnmessage` WHERE ( mid=17 ) LIMIT 1   [ RunTime:0.0015s ]
SQL: SELECT * FROM `tp_returnmessage` WHERE ( mid=16 ) LIMIT 1   [ RunTime:0.0018s ]
SQL: SELECT * FROM `tp_returnmessage` WHERE ( mid=1 ) LIMIT 1   [ RunTime:0.0021s ]
INFO: [ view_parse ] --START--
INFO: [ template_filter ] --START--
INFO: Run Behavior\ContentReplaceBehavior [ RunTime:0.000437s ]
INFO: [ template_filter ] --END-- [ RunTime:0.001177s ]
INFO: Run Behavior\ParseTemplateBehavior [ RunTime:0.103472s ]
INFO: [ view_parse ] --END-- [ RunTime:0.104101s ]
INFO: [ view_filter ] --START--
INFO: Run Behavior\WriteHtmlCacheBehavior [ RunTime:0.008939s ]
INFO: [ view_filter ] --END-- [ RunTime:0.009350s ]
INFO: [ app_end ] --START--
INFO: Run Behavior\ShowPageTraceBehavior [ RunTime:0.017660s ]
INFO: [ app_end ] --END-- [ RunTime:0.018666s ]

[ 2017-01-20T23:27:11+08:00 ] ::1 /blog/index.php/Admin/Message/deletmess/id/1
INFO: [ app_init ] --START--
INFO: Run Behavior\BuildLiteBehavior [ RunTime:0.000091s ]
INFO: [ app_init ] --END-- [ RunTime:0.007272s ]
INFO: [ app_begin ] --START--
INFO: Run Behavior\ReadHtmlCacheBehavior [ RunTime:0.008381s ]
INFO: [ app_begin ] --END-- [ RunTime:0.008858s ]
SQL: SHOW COLUMNS FROM `tp_message` [ RunTime:0.0847s ]
SQL: SHOW COLUMNS FROM `tp_returnmessage` [ RunTime:0.0923s ]
SQL: DELETE FROM `tp_message` WHERE ( id=1 ) [ RunTime:0.0389s ]
SQL: SELECT * FROM `tp_returnmessage` WHERE ( mid=1 ) LIMIT 1   [ RunTime:0.0015s ]
SQL: DELETE FROM `tp_returnmessage` WHERE ( mid=1 ) [ RunTime:0.0284s ]

[ 2017-01-20T23:27:12+08:00 ] ::1 /blog/index.php/Admin/Message/deletmess.html
INFO: [ app_init ] --START--
INFO: Run Behavior\BuildLiteBehavior [ RunTime:0.000096s ]
INFO: [ app_init ] --END-- [ RunTime:0.006180s ]
INFO: [ app_begin ] --START--
INFO: Run Behavior\ReadHtmlCacheBehavior [ RunTime:0.009077s ]
INFO: [ app_begin ] --END-- [ RunTime:0.009562s ]
NOTIC: [8] Undefined index: id F:\wamp\wamp\www\blog\Application\Admin\Controller\MessageController.class.php 第 54 行.
SQL: SHOW COLUMNS FROM `tp_message` [ RunTime:0.0898s ]
SQL: SHOW COLUMNS FROM `tp_returnmessage` [ RunTime:0.1063s ]
ERR: 1064:Erreur de syntaxe près de ')' à la ligne 1
 [ SQL语句 ] : DELETE FROM `tp_message` WHERE ( id= )
ERR: 1064:Erreur de syntaxe près de ')' à la ligne 1
 [ SQL语句 ] : DELETE FROM `tp_message` WHERE ( id= )

[ 2017-01-20T23:27:52+08:00 ] ::1 /blog/index.php/Admin/Message/index/p/1.html
INFO: [ app_init ] --START--
INFO: Run Behavior\BuildLiteBehavior [ RunTime:0.000149s ]
INFO: [ app_init ] --END-- [ RunTime:0.006809s ]
INFO: [ app_begin ] --START--
INFO: Run Behavior\ReadHtmlCacheBehavior [ RunTime:0.013482s ]
INFO: [ app_begin ] --END-- [ RunTime:0.013980s ]
SQL: SHOW COLUMNS FROM `tp_user` [ RunTime:0.1091s ]
SQL: SELECT `lasttime` FROM `tp_user` WHERE `username` = 'hzx' LIMIT 1   [ RunTime:0.0011s ]
SQL: SHOW COLUMNS FROM `tp_message` [ RunTime:0.0818s ]
SQL: SELECT COUNT(*) AS tp_count FROM `tp_message` LIMIT 1   [ RunTime:0.0010s ]
SQL: SELECT * FROM `tp_message` ORDER BY publishtime desc LIMIT 0,6   [ RunTime:0.0014s ]
SQL: SHOW COLUMNS FROM `tp_returnmessage` [ RunTime:0.0825s ]
SQL: SELECT * FROM `tp_returnmessage` WHERE ( mid=19 ) LIMIT 1   [ RunTime:0.0014s ]
SQL: SELECT * FROM `tp_returnmessage` WHERE ( mid=18 ) LIMIT 1   [ RunTime:0.0011s ]
SQL: SELECT * FROM `tp_returnmessage` WHERE ( mid=17 ) LIMIT 1   [ RunTime:0.0011s ]
SQL: SELECT * FROM `tp_returnmessage` WHERE ( mid=16 ) LIMIT 1   [ RunTime:0.0011s ]
INFO: [ view_parse ] --START--
INFO: [ template_filter ] --START--
INFO: Run Behavior\ContentReplaceBehavior [ RunTime:0.000362s ]
INFO: [ template_filter ] --END-- [ RunTime:0.000823s ]
INFO: Run Behavior\ParseTemplateBehavior [ RunTime:0.089331s ]
INFO: [ view_parse ] --END-- [ RunTime:0.089778s ]
INFO: [ view_filter ] --START--
INFO: Run Behavior\WriteHtmlCacheBehavior [ RunTime:0.009050s ]
INFO: [ view_filter ] --END-- [ RunTime:0.009477s ]
INFO: [ app_end ] --START--
INFO: Run Behavior\ShowPageTraceBehavior [ RunTime:0.009505s ]
INFO: [ app_end ] --END-- [ RunTime:0.010082s ]

[ 2017-01-20T23:28:00+08:00 ] ::1 /blog/index.php/Admin/Message/index/p/1.html
INFO: [ app_init ] --START--
INFO: Run Behavior\BuildLiteBehavior [ RunTime:0.000091s ]
INFO: [ app_init ] --END-- [ RunTime:0.006784s ]
INFO: [ app_begin ] --START--
INFO: Run Behavior\ReadHtmlCacheBehavior [ RunTime:0.008312s ]
INFO: [ app_begin ] --END-- [ RunTime:0.008830s ]
SQL: SHOW COLUMNS FROM `tp_user` [ RunTime:0.1092s ]
SQL: SELECT `lasttime` FROM `tp_user` WHERE `username` = 'hzx' LIMIT 1   [ RunTime:0.0012s ]
SQL: SHOW COLUMNS FROM `tp_message` [ RunTime:0.1295s ]
SQL: SELECT COUNT(*) AS tp_count FROM `tp_message` LIMIT 1   [ RunTime:0.0014s ]
SQL: SELECT * FROM `tp_message` ORDER BY publishtime desc LIMIT 0,6   [ RunTime:0.0014s ]
SQL: SHOW COLUMNS FROM `tp_returnmessage` [ RunTime:0.0933s ]
SQL: SELECT * FROM `tp_returnmessage` WHERE ( mid=19 ) LIMIT 1   [ RunTime:0.0014s ]
SQL: SELECT * FROM `tp_returnmessage` WHERE ( mid=18 ) LIMIT 1   [ RunTime:0.0012s ]
SQL: SELECT * FROM `tp_returnmessage` WHERE ( mid=17 ) LIMIT 1   [ RunTime:0.0012s ]
SQL: SELECT * FROM `tp_returnmessage` WHERE ( mid=16 ) LIMIT 1   [ RunTime:0.0011s ]
INFO: [ view_parse ] --START--
INFO: [ template_filter ] --START--
INFO: Run Behavior\ContentReplaceBehavior [ RunTime:0.000357s ]
INFO: [ template_filter ] --END-- [ RunTime:0.000788s ]
INFO: Run Behavior\ParseTemplateBehavior [ RunTime:0.075439s ]
INFO: [ view_parse ] --END-- [ RunTime:0.076005s ]
INFO: [ view_filter ] --START--
INFO: Run Behavior\WriteHtmlCacheBehavior [ RunTime:0.008334s ]
INFO: [ view_filter ] --END-- [ RunTime:0.008914s ]
INFO: [ app_end ] --START--
INFO: Run Behavior\ShowPageTraceBehavior [ RunTime:0.010017s ]
INFO: [ app_end ] --END-- [ RunTime:0.010465s ]

[ 2017-01-20T23:28:36+08:00 ] ::1 /blog/index.php/Admin/Message/index/p/1.html
INFO: [ app_init ] --START--
INFO: Run Behavior\BuildLiteBehavior [ RunTime:0.000124s ]
INFO: [ app_init ] --END-- [ RunTime:0.006831s ]
INFO: [ app_begin ] --START--
INFO: Run Behavior\ReadHtmlCacheBehavior [ RunTime:0.009192s ]
INFO: [ app_begin ] --END-- [ RunTime:0.009702s ]
SQL: SHOW COLUMNS FROM `tp_user` [ RunTime:0.1361s ]
SQL: SELECT `lasttime` FROM `tp_user` WHERE `username` = 'hzx' LIMIT 1   [ RunTime:0.0015s ]
SQL: SHOW COLUMNS FROM `tp_message` [ RunTime:0.1790s ]
SQL: SELECT COUNT(*) AS tp_count FROM `tp_message` LIMIT 1   [ RunTime:0.0010s ]
SQL: SELECT * FROM `tp_message` ORDER BY publishtime desc LIMIT 0,6   [ RunTime:0.0016s ]
SQL: SHOW COLUMNS FROM `tp_returnmessage` [ RunTime:0.0998s ]
SQL: SELECT * FROM `tp_returnmessage` WHERE ( mid=19 ) LIMIT 1   [ RunTime:0.0016s ]
SQL: SELECT * FROM `tp_returnmessage` WHERE ( mid=18 ) LIMIT 1   [ RunTime:0.0012s ]
SQL: SELECT * FROM `tp_returnmessage` WHERE ( mid=17 ) LIMIT 1   [ RunTime:0.0013s ]
SQL: SELECT * FROM `tp_returnmessage` WHERE ( mid=16 ) LIMIT 1   [ RunTime:0.0011s ]
INFO: [ view_parse ] --START--
INFO: [ template_filter ] --START--
INFO: Run Behavior\ContentReplaceBehavior [ RunTime:0.000361s ]
INFO: [ template_filter ] --END-- [ RunTime:0.000798s ]
INFO: Run Behavior\ParseTemplateBehavior [ RunTime:0.090547s ]
INFO: [ view_parse ] --END-- [ RunTime:0.090991s ]
INFO: [ view_filter ] --START--
INFO: Run Behavior\WriteHtmlCacheBehavior [ RunTime:0.007975s ]
INFO: [ view_filter ] --END-- [ RunTime:0.008393s ]
INFO: [ app_end ] --START--
INFO: Run Behavior\ShowPageTraceBehavior [ RunTime:0.010825s ]
INFO: [ app_end ] --END-- [ RunTime:0.011441s ]

[ 2017-01-20T23:29:19+08:00 ] ::1 /blog/index.php/Admin/Message/index/p/1.html
INFO: [ app_init ] --START--
INFO: Run Behavior\BuildLiteBehavior [ RunTime:0.000117s ]
INFO: [ app_init ] --END-- [ RunTime:0.006458s ]
INFO: [ app_begin ] --START--
INFO: Run Behavior\ReadHtmlCacheBehavior [ RunTime:0.007885s ]
INFO: [ app_begin ] --END-- [ RunTime:0.008424s ]
SQL: SHOW COLUMNS FROM `tp_user` [ RunTime:0.1093s ]
SQL: SELECT `lasttime` FROM `tp_user` WHERE `username` = 'hzx' LIMIT 1   [ RunTime:0.0012s ]
SQL: SHOW COLUMNS FROM `tp_message` [ RunTime:0.1264s ]
SQL: SELECT COUNT(*) AS tp_count FROM `tp_message` LIMIT 1   [ RunTime:0.0015s ]
SQL: SELECT * FROM `tp_message` ORDER BY publishtime desc LIMIT 0,6   [ RunTime:0.0017s ]
SQL: SHOW COLUMNS FROM `tp_returnmessage` [ RunTime:0.0934s ]
SQL: SELECT * FROM `tp_returnmessage` WHERE ( mid=19 ) LIMIT 1   [ RunTime:0.0014s ]
SQL: SELECT * FROM `tp_returnmessage` WHERE ( mid=18 ) LIMIT 1   [ RunTime:0.0011s ]
SQL: SELECT * FROM `tp_returnmessage` WHERE ( mid=17 ) LIMIT 1   [ RunTime:0.0011s ]
SQL: SELECT * FROM `tp_returnmessage` WHERE ( mid=16 ) LIMIT 1   [ RunTime:0.0011s ]
INFO: [ view_parse ] --START--
INFO: [ template_filter ] --START--
INFO: Run Behavior\ContentReplaceBehavior [ RunTime:0.000474s ]
INFO: [ template_filter ] --END-- [ RunTime:0.000949s ]
INFO: Run Behavior\ParseTemplateBehavior [ RunTime:0.067255s ]
INFO: [ view_parse ] --END-- [ RunTime:0.067745s ]
INFO: [ view_filter ] --START--
INFO: Run Behavior\WriteHtmlCacheBehavior [ RunTime:0.009254s ]
INFO: [ view_filter ] --END-- [ RunTime:0.009689s ]
INFO: [ app_end ] --START--
INFO: Run Behavior\ShowPageTraceBehavior [ RunTime:0.009717s ]
INFO: [ app_end ] --END-- [ RunTime:0.010541s ]

[ 2017-01-20T23:39:07+08:00 ] ::1 /blog/index.php/Admin/Message/index/p/1.html
INFO: [ app_init ] --START--
INFO: Run Behavior\BuildLiteBehavior [ RunTime:0.000153s ]
INFO: [ app_init ] --END-- [ RunTime:0.008254s ]
INFO: [ app_begin ] --START--
INFO: Run Behavior\ReadHtmlCacheBehavior [ RunTime:0.009341s ]
INFO: [ app_begin ] --END-- [ RunTime:0.010106s ]
SQL: SHOW COLUMNS FROM `tp_user` [ RunTime:0.0920s ]
SQL: SELECT `lasttime` FROM `tp_user` WHERE `username` = 'hzx' LIMIT 1   [ RunTime:0.0014s ]
SQL: SHOW COLUMNS FROM `tp_message` [ RunTime:0.1160s ]
SQL: SELECT COUNT(*) AS tp_count FROM `tp_message` LIMIT 1   [ RunTime:0.0017s ]
SQL: SELECT * FROM `tp_message` ORDER BY publishtime desc LIMIT 0,6   [ RunTime:0.0021s ]
SQL: SHOW COLUMNS FROM `tp_returnmessage` [ RunTime:0.1309s ]
SQL: SELECT * FROM `tp_returnmessage` WHERE ( mid=19 ) LIMIT 1   [ RunTime:0.0014s ]
SQL: SELECT * FROM `tp_returnmessage` WHERE ( mid=18 ) LIMIT 1   [ RunTime:0.0011s ]
SQL: SELECT * FROM `tp_returnmessage` WHERE ( mid=17 ) LIMIT 1   [ RunTime:0.0012s ]
SQL: SELECT * FROM `tp_returnmessage` WHERE ( mid=16 ) LIMIT 1   [ RunTime:0.0012s ]
INFO: [ view_parse ] --START--
INFO: [ template_filter ] --START--
INFO: Run Behavior\ContentReplaceBehavior [ RunTime:0.000358s ]
INFO: [ template_filter ] --END-- [ RunTime:0.000772s ]
INFO: Run Behavior\ParseTemplateBehavior [ RunTime:0.098207s ]
INFO: [ view_parse ] --END-- [ RunTime:0.098999s ]
INFO: [ view_filter ] --START--
INFO: Run Behavior\WriteHtmlCacheBehavior [ RunTime:0.005550s ]
INFO: [ view_filter ] --END-- [ RunTime:0.006201s ]
INFO: [ app_end ] --START--
INFO: Run Behavior\ShowPageTraceBehavior [ RunTime:0.026301s ]
INFO: [ app_end ] --END-- [ RunTime:0.026894s ]

[ 2017-01-20T23:40:29+08:00 ] ::1 /blog/index.php/Admin/Message/index/p/1.html
INFO: [ app_init ] --START--
INFO: Run Behavior\BuildLiteBehavior [ RunTime:0.000097s ]
INFO: [ app_init ] --END-- [ RunTime:0.005358s ]
INFO: [ app_begin ] --START--
INFO: Run Behavior\ReadHtmlCacheBehavior [ RunTime:0.005485s ]
INFO: [ app_begin ] --END-- [ RunTime:0.005962s ]
SQL: SHOW COLUMNS FROM `tp_user` [ RunTime:0.1089s ]
SQL: SELECT `lasttime` FROM `tp_user` WHERE `username` = 'hzx' LIMIT 1   [ RunTime:0.0013s ]
SQL: SHOW COLUMNS FROM `tp_message` [ RunTime:0.0991s ]
SQL: SELECT COUNT(*) AS tp_count FROM `tp_message` LIMIT 1   [ RunTime:0.0015s ]
SQL: SELECT * FROM `tp_message` ORDER BY publishtime desc LIMIT 0,6   [ RunTime:0.0018s ]
SQL: SHOW COLUMNS FROM `tp_returnmessage` [ RunTime:0.0741s ]
SQL: SELECT * FROM `tp_returnmessage` WHERE ( mid=19 ) LIMIT 1   [ RunTime:0.0014s ]
SQL: SELECT * FROM `tp_returnmessage` WHERE ( mid=18 ) LIMIT 1   [ RunTime:0.0011s ]
SQL: SELECT * FROM `tp_returnmessage` WHERE ( mid=17 ) LIMIT 1   [ RunTime:0.0012s ]
SQL: SELECT * FROM `tp_returnmessage` WHERE ( mid=16 ) LIMIT 1   [ RunTime:0.0011s ]
INFO: [ view_parse ] --START--
INFO: [ template_filter ] --START--
INFO: Run Behavior\ContentReplaceBehavior [ RunTime:0.000400s ]
INFO: [ template_filter ] --END-- [ RunTime:0.000850s ]
INFO: Run Behavior\ParseTemplateBehavior [ RunTime:0.062608s ]
INFO: [ view_parse ] --END-- [ RunTime:0.063155s ]
INFO: [ view_filter ] --START--
INFO: Run Behavior\WriteHtmlCacheBehavior [ RunTime:0.005675s ]
INFO: [ view_filter ] --END-- [ RunTime:0.006503s ]
INFO: [ app_end ] --START--
INFO: Run Behavior\ShowPageTraceBehavior [ RunTime:0.007646s ]
INFO: [ app_end ] --END-- [ RunTime:0.008272s ]

[ 2017-01-20T23:47:52+08:00 ] ::1 /blog/index.php/Admin/Message/index/p/1.html
INFO: [ app_init ] --START--
INFO: Run Behavior\BuildLiteBehavior [ RunTime:0.000096s ]
INFO: [ app_init ] --END-- [ RunTime:0.009048s ]
INFO: [ app_begin ] --START--
INFO: Run Behavior\ReadHtmlCacheBehavior [ RunTime:0.009492s ]
INFO: [ app_begin ] --END-- [ RunTime:0.010034s ]
SQL: SHOW COLUMNS FROM `tp_user` [ RunTime:0.1148s ]
SQL: SELECT `lasttime` FROM `tp_user` WHERE `username` = 'hzx' LIMIT 1   [ RunTime:0.0018s ]
SQL: SHOW COLUMNS FROM `tp_message` [ RunTime:0.1091s ]
SQL: SELECT COUNT(*) AS tp_count FROM `tp_message` LIMIT 1   [ RunTime:0.0015s ]
SQL: SELECT * FROM `tp_message` ORDER BY publishtime desc LIMIT 0,6   [ RunTime:0.0018s ]
SQL: SHOW COLUMNS FROM `tp_returnmessage` [ RunTime:0.1180s ]
SQL: SELECT * FROM `tp_returnmessage` WHERE ( mid=19 ) LIMIT 1   [ RunTime:0.0013s ]
SQL: SELECT * FROM `tp_returnmessage` WHERE ( mid=18 ) LIMIT 1   [ RunTime:0.0013s ]
SQL: SELECT * FROM `tp_returnmessage` WHERE ( mid=17 ) LIMIT 1   [ RunTime:0.0011s ]
SQL: SELECT * FROM `tp_returnmessage` WHERE ( mid=16 ) LIMIT 1   [ RunTime:0.0013s ]
INFO: [ view_parse ] --START--
INFO: [ template_filter ] --START--
INFO: Run Behavior\ContentReplaceBehavior [ RunTime:0.000417s ]
INFO: [ template_filter ] --END-- [ RunTime:0.001184s ]
INFO: Run Behavior\ParseTemplateBehavior [ RunTime:0.087089s ]
INFO: [ view_parse ] --END-- [ RunTime:0.087594s ]
INFO: [ view_filter ] --START--
INFO: Run Behavior\WriteHtmlCacheBehavior [ RunTime:0.007977s ]
INFO: [ view_filter ] --END-- [ RunTime:0.008415s ]
INFO: [ app_end ] --START--
INFO: Run Behavior\ShowPageTraceBehavior [ RunTime:0.011722s ]
INFO: [ app_end ] --END-- [ RunTime:0.012471s ]

[ 2017-01-20T23:47:57+08:00 ] ::1 /blog/index.php/Admin/Message/editmes/id/19
INFO: [ app_init ] --START--
INFO: Run Behavior\BuildLiteBehavior [ RunTime:0.000098s ]
INFO: [ app_init ] --END-- [ RunTime:0.007715s ]
INFO: [ app_begin ] --START--
INFO: Run Behavior\ReadHtmlCacheBehavior [ RunTime:0.012399s ]
INFO: [ app_begin ] --END-- [ RunTime:0.012968s ]
SQL: SHOW COLUMNS FROM `tp_user` [ RunTime:0.1030s ]
SQL: SELECT `lasttime` FROM `tp_user` WHERE `username` = 'hzx' LIMIT 1   [ RunTime:0.0010s ]
SQL: SHOW COLUMNS FROM `tp_returnmessage` [ RunTime:0.0691s ]
SQL: SHOW COLUMNS FROM `tp_message` [ RunTime:0.0906s ]
SQL: SELECT * FROM `tp_message` WHERE ( id=19 )  [ RunTime:0.0012s ]
SQL: SELECT COUNT(*) AS tp_count FROM `tp_returnmessage` LIMIT 1   [ RunTime:0.0010s ]
SQL: SELECT * FROM `tp_returnmessage` WHERE ( mid=19 )  [ RunTime:0.0013s ]
INFO: [ view_parse ] --START--
INFO: [ template_filter ] --START--
INFO: Run Behavior\ContentReplaceBehavior [ RunTime:0.000341s ]
INFO: [ template_filter ] --END-- [ RunTime:0.000830s ]
INFO: Run Behavior\ParseTemplateBehavior [ RunTime:0.077808s ]
INFO: [ view_parse ] --END-- [ RunTime:0.078259s ]
INFO: [ view_filter ] --START--
INFO: Run Behavior\WriteHtmlCacheBehavior [ RunTime:0.008770s ]
INFO: [ view_filter ] --END-- [ RunTime:0.009170s ]
INFO: [ app_end ] --START--
INFO: Run Behavior\ShowPageTraceBehavior [ RunTime:0.012638s ]
INFO: [ app_end ] --END-- [ RunTime:0.013182s ]

[ 2017-01-20T23:56:24+08:00 ] ::1 /blog/index.php/Admin/Message/editmes/id/19
INFO: [ app_init ] --START--
INFO: Run Behavior\BuildLiteBehavior [ RunTime:0.000166s ]
INFO: [ app_init ] --END-- [ RunTime:0.008806s ]
INFO: [ app_begin ] --START--
INFO: Run Behavior\ReadHtmlCacheBehavior [ RunTime:0.010941s ]
INFO: [ app_begin ] --END-- [ RunTime:0.011813s ]
SQL: SHOW COLUMNS FROM `tp_user` [ RunTime:0.2620s ]
SQL: SELECT `lasttime` FROM `tp_user` WHERE `username` = 'hzx' LIMIT 1   [ RunTime:0.0015s ]
SQL: SHOW COLUMNS FROM `tp_returnmessage` [ RunTime:0.1153s ]
SQL: SHOW COLUMNS FROM `tp_message` [ RunTime:0.1806s ]
SQL: SELECT * FROM `tp_message` WHERE ( id=19 )  [ RunTime:0.0017s ]
SQL: SELECT COUNT(*) AS tp_count FROM `tp_returnmessage` LIMIT 1   [ RunTime:0.0015s ]
SQL: SELECT * FROM `tp_returnmessage` WHERE ( mid=19 )  [ RunTime:0.0017s ]
INFO: [ view_parse ] --START--
INFO: [ template_filter ] --START--
INFO: Run Behavior\ContentReplaceBehavior [ RunTime:0.001002s ]
INFO: [ template_filter ] --END-- [ RunTime:0.001809s ]
INFO: Run Behavior\ParseTemplateBehavior [ RunTime:0.166689s ]
INFO: [ view_parse ] --END-- [ RunTime:0.167590s ]
INFO: [ view_filter ] --START--
INFO: Run Behavior\WriteHtmlCacheBehavior [ RunTime:0.015961s ]
INFO: [ view_filter ] --END-- [ RunTime:0.016771s ]
INFO: [ app_end ] --START--
INFO: Run Behavior\ShowPageTraceBehavior [ RunTime:0.013365s ]
INFO: [ app_end ] --END-- [ RunTime:0.014133s ]

