[ 2017-01-18T21:20:02+08:00 ] ::1 /blog/index.php/Admin/Index/index.html
INFO: [ app_init ] --START--
INFO: Run Behavior\BuildLiteBehavior [ RunTime:0.000095s ]
INFO: [ app_init ] --END-- [ RunTime:0.003563s ]
INFO: [ app_begin ] --START--
INFO: Run Behavior\ReadHtmlCacheBehavior [ RunTime:0.003184s ]
INFO: [ app_begin ] --END-- [ RunTime:0.003691s ]
NOTIC: [8] Undefined index: adminname F:\wamp\wamp\www\blog\Application\Admin\Controller\IndexController.class.php 第 7 行.

[ 2017-01-18T21:20:02+08:00 ] ::1 /blog/index.php/Admin/Login/login.html
INFO: [ app_init ] --START--
INFO: Run Behavior\BuildLiteBehavior [ RunTime:0.000093s ]
INFO: [ app_init ] --END-- [ RunTime:0.003048s ]
INFO: [ app_begin ] --START--
INFO: Run Behavior\ReadHtmlCacheBehavior [ RunTime:0.005344s ]
INFO: [ app_begin ] --END-- [ RunTime:0.005810s ]
INFO: [ view_parse ] --START--
INFO: [ template_filter ] --START--
INFO: Run Behavior\ContentReplaceBehavior [ RunTime:0.000252s ]
INFO: [ template_filter ] --END-- [ RunTime:0.000678s ]
INFO: Run Behavior\ParseTemplateBehavior [ RunTime:0.055002s ]
INFO: [ view_parse ] --END-- [ RunTime:0.055439s ]
INFO: [ view_filter ] --START--
INFO: Run Behavior\WriteHtmlCacheBehavior [ RunTime:0.004088s ]
INFO: [ view_filter ] --END-- [ RunTime:0.004483s ]
INFO: [ app_end ] --START--
INFO: Run Behavior\ShowPageTraceBehavior [ RunTime:0.004567s ]
INFO: [ app_end ] --END-- [ RunTime:0.004966s ]

[ 2017-01-18T21:20:08+08:00 ] ::1 /blog/index.php/Admin/Login/login.html
INFO: [ app_init ] --START--
INFO: Run Behavior\BuildLiteBehavior [ RunTime:0.000093s ]
INFO: [ app_init ] --END-- [ RunTime:0.006179s ]
INFO: [ app_begin ] --START--
INFO: Run Behavior\ReadHtmlCacheBehavior [ RunTime:0.006168s ]
INFO: [ app_begin ] --END-- [ RunTime:0.006577s ]
SQL: SHOW COLUMNS FROM `tp_user` [ RunTime:0.0792s ]
SQL: SELECT * FROM `tp_user` WHERE `username` = 'hzx' AND `userpwd` = '123456' AND `state` = 0 LIMIT 1   [ RunTime:0.0020s ]
SQL: UPDATE `tp_user` SET `lasttime`='2017-01-18 21:20:08' WHERE `username` = 'hzx' [ RunTime:0.0977s ]

[ 2017-01-18T21:20:09+08:00 ] ::1 /blog/index.php/Admin/Index/index.html
INFO: [ app_init ] --START--
INFO: Run Behavior\BuildLiteBehavior [ RunTime:0.000115s ]
INFO: [ app_init ] --END-- [ RunTime:0.004560s ]
INFO: [ app_begin ] --START--
INFO: Run Behavior\ReadHtmlCacheBehavior [ RunTime:0.005071s ]
INFO: [ app_begin ] --END-- [ RunTime:0.005545s ]
SQL: SHOW COLUMNS FROM `tp_user` [ RunTime:0.0903s ]
SQL: SELECT `lasttime` FROM `tp_user` WHERE `username` = 'hzx' LIMIT 1   [ RunTime:0.0011s ]
SQL: SELECT * FROM `tp_user` WHERE `state` = 1 ORDER BY lasttime desc LIMIT 5   [ RunTime:0.0016s ]
SQL: SHOW COLUMNS FROM `tp_knowledge` [ RunTime:0.0730s ]
SQL: SELECT `title` FROM `tp_knowledge` ORDER BY publishtime desc LIMIT 1   [ RunTime:0.0011s ]
SQL: SELECT `img` FROM `tp_knowledge` ORDER BY publishtime desc LIMIT 1   [ RunTime:0.0011s ]
SQL: SHOW COLUMNS FROM `tp_img` [ RunTime:0.0818s ]
SQL: SELECT `img` FROM `tp_img` ORDER BY publishtime desc LIMIT 1   [ RunTime:0.0010s ]
SQL: SHOW COLUMNS FROM `tp_pinglun` [ RunTime:0.0660s ]
SQL: SELECT `content` FROM `tp_pinglun` ORDER BY publishtime desc LIMIT 1   [ RunTime:0.0012s ]
SQL: SHOW COLUMNS FROM `tp_message` [ RunTime:0.0790s ]
SQL: SELECT COUNT(*) AS tp_count FROM `tp_message` LIMIT 1   [ RunTime:0.0010s ]
SQL: SELECT * FROM `tp_message` ORDER BY publishtime desc LIMIT 0,5   [ RunTime:0.0013s ]
SQL: SELECT COUNT(*) AS tp_count FROM `tp_user` WHERE `state` = 1 LIMIT 1   [ RunTime:0.0010s ]
SQL: SELECT COUNT(*) AS tp_count FROM `tp_message` LIMIT 1   [ RunTime:0.0011s ]
SQL: SELECT COUNT(*) AS tp_count FROM `tp_pinglun` LIMIT 1   [ RunTime:0.0009s ]
SQL: SELECT * FROM `tp_knowledge` ORDER BY publishtime desc LIMIT 1   [ RunTime:0.0013s ]
NOTIC: [8] Undefined variable: filets F:\wamp\wamp\www\blog\Application\Admin\Controller\IndexController.class.php 第 75 行.
INFO: [ view_parse ] --START--
INFO: [ template_filter ] --START--
INFO: Run Behavior\ContentReplaceBehavior [ RunTime:0.000412s ]
INFO: [ template_filter ] --END-- [ RunTime:0.000824s ]
INFO: Run Behavior\ParseTemplateBehavior [ RunTime:0.096045s ]
INFO: [ view_parse ] --END-- [ RunTime:0.096512s ]
INFO: [ view_filter ] --START--
INFO: Run Behavior\WriteHtmlCacheBehavior [ RunTime:0.005786s ]
INFO: [ view_filter ] --END-- [ RunTime:0.006179s ]
INFO: [ app_end ] --START--
INFO: Run Behavior\ShowPageTraceBehavior [ RunTime:0.008675s ]
INFO: [ app_end ] --END-- [ RunTime:0.009106s ]

[ 2017-01-18T21:20:10+08:00 ] ::1 /blog/index.php/Admin/Index/ms.html
INFO: [ app_init ] --START--
INFO: Run Behavior\BuildLiteBehavior [ RunTime:0.000172s ]
INFO: [ app_init ] --END-- [ RunTime:0.007791s ]
INFO: [ app_begin ] --START--
INFO: Run Behavior\ReadHtmlCacheBehavior [ RunTime:0.006367s ]
INFO: [ app_begin ] --END-- [ RunTime:0.007026s ]

[ 2017-01-18T21:20:16+08:00 ] ::1 /blog/index.php/Admin/Filemannger/files.html
INFO: [ app_init ] --START--
INFO: Run Behavior\BuildLiteBehavior [ RunTime:0.000176s ]
INFO: [ app_init ] --END-- [ RunTime:0.004544s ]
INFO: [ app_begin ] --START--
INFO: Run Behavior\ReadHtmlCacheBehavior [ RunTime:0.007551s ]
INFO: [ app_begin ] --END-- [ RunTime:0.008142s ]
SQL: SHOW COLUMNS FROM `tp_user` [ RunTime:0.0768s ]
SQL: SELECT `lasttime` FROM `tp_user` WHERE `username` = 'hzx' LIMIT 1   [ RunTime:0.0012s ]
SQL: SHOW COLUMNS FROM `tp_filetype` [ RunTime:0.0694s ]
SQL: SELECT * FROM `tp_filetype`  [ RunTime:0.0010s ]
SQL: SHOW COLUMNS FROM `tp_knowledge` [ RunTime:0.0737s ]
NOTIC: [8] Undefined index: id F:\wamp\wamp\www\blog\Application\Admin\Controller\FilemanngerController.class.php 第 22 行.
SQL: SELECT COUNT(*) AS tp_count FROM `tp_knowledge` LIMIT 1   [ RunTime:0.0010s ]
SQL: SELECT * FROM `tp_knowledge` LIMIT 0,6   [ RunTime:0.0015s ]
INFO: [ view_parse ] --START--
INFO: [ template_filter ] --START--
INFO: Run Behavior\ContentReplaceBehavior [ RunTime:0.000579s ]
INFO: [ template_filter ] --END-- [ RunTime:0.001561s ]
NOTIC: [8] Undefined variable: vo F:\wamp\wamp\www\blog\Application\Runtime\Cache\Admin\8bb51f740aafcda4c61574535e9ebad8.php 第 78 行.
NOTIC: [8] Undefined index: cs F:\wamp\wamp\www\blog\Application\Runtime\Cache\Admin\8bb51f740aafcda4c61574535e9ebad8.php 第 78 行.
NOTIC: [8] Undefined index: files F:\wamp\wamp\www\blog\Application\Runtime\Cache\Admin\8bb51f740aafcda4c61574535e9ebad8.php 第 83 行.
NOTIC: [8] Undefined index: files F:\wamp\wamp\www\blog\Application\Runtime\Cache\Admin\8bb51f740aafcda4c61574535e9ebad8.php 第 83 行.
NOTIC: [8] Undefined index: files F:\wamp\wamp\www\blog\Application\Runtime\Cache\Admin\8bb51f740aafcda4c61574535e9ebad8.php 第 83 行.
NOTIC: [8] Undefined index: files F:\wamp\wamp\www\blog\Application\Runtime\Cache\Admin\8bb51f740aafcda4c61574535e9ebad8.php 第 83 行.
INFO: Run Behavior\ParseTemplateBehavior [ RunTime:0.098023s ]
INFO: [ view_parse ] --END-- [ RunTime:0.098442s ]
INFO: [ view_filter ] --START--
INFO: Run Behavior\WriteHtmlCacheBehavior [ RunTime:0.004072s ]
INFO: [ view_filter ] --END-- [ RunTime:0.004554s ]
INFO: [ app_end ] --START--
INFO: Run Behavior\ShowPageTraceBehavior [ RunTime:0.006526s ]
INFO: [ app_end ] --END-- [ RunTime:0.007253s ]

[ 2017-01-18T21:20:18+08:00 ] ::1 /blog/index.php/Admin/Post/post.html
INFO: [ app_init ] --START--
INFO: Run Behavior\BuildLiteBehavior [ RunTime:0.000154s ]
INFO: [ app_init ] --END-- [ RunTime:0.005179s ]
INFO: [ app_begin ] --START--
INFO: Run Behavior\ReadHtmlCacheBehavior [ RunTime:0.006794s ]
INFO: [ app_begin ] --END-- [ RunTime:0.007270s ]
SQL: SHOW COLUMNS FROM `tp_user` [ RunTime:0.0711s ]
SQL: SELECT `lasttime` FROM `tp_user` WHERE `username` = 'hzx' LIMIT 1   [ RunTime:0.0015s ]
SQL: SHOW COLUMNS FROM `tp_filetype` [ RunTime:0.0805s ]
SQL: SELECT * FROM `tp_filetype`  [ RunTime:0.0014s ]
INFO: [ view_parse ] --START--
INFO: [ template_filter ] --START--
INFO: Run Behavior\ContentReplaceBehavior [ RunTime:0.000366s ]
INFO: [ template_filter ] --END-- [ RunTime:0.000989s ]
INFO: Run Behavior\ParseTemplateBehavior [ RunTime:0.087289s ]
INFO: [ view_parse ] --END-- [ RunTime:0.087779s ]
INFO: [ view_filter ] --START--
INFO: Run Behavior\WriteHtmlCacheBehavior [ RunTime:0.005137s ]
INFO: [ view_filter ] --END-- [ RunTime:0.005732s ]
INFO: [ app_end ] --START--
INFO: Run Behavior\ShowPageTraceBehavior [ RunTime:0.007442s ]
INFO: [ app_end ] --END-- [ RunTime:0.007878s ]

[ 2017-01-18T21:20:24+08:00 ] ::1 /blog/index.php/Admin/Images/postimge.html
INFO: [ app_init ] --START--
INFO: Run Behavior\BuildLiteBehavior [ RunTime:0.000156s ]
INFO: [ app_init ] --END-- [ RunTime:0.008413s ]
INFO: [ app_begin ] --START--
INFO: Run Behavior\ReadHtmlCacheBehavior [ RunTime:0.007679s ]
INFO: [ app_begin ] --END-- [ RunTime:0.008666s ]
SQL: SHOW COLUMNS FROM `tp_user` [ RunTime:0.1029s ]
SQL: SELECT `lasttime` FROM `tp_user` WHERE `username` = 'hzx' LIMIT 1   [ RunTime:0.0014s ]
SQL: SHOW COLUMNS FROM `tp_imgtype` [ RunTime:0.1215s ]
SQL: SELECT * FROM `tp_imgtype`  [ RunTime:0.0013s ]
INFO: [ view_parse ] --START--
INFO: [ template_filter ] --START--
INFO: Run Behavior\ContentReplaceBehavior [ RunTime:0.000553s ]
INFO: [ template_filter ] --END-- [ RunTime:0.001200s ]
INFO: Run Behavior\ParseTemplateBehavior [ RunTime:0.086732s ]
INFO: [ view_parse ] --END-- [ RunTime:0.087306s ]
INFO: [ view_filter ] --START--
INFO: Run Behavior\WriteHtmlCacheBehavior [ RunTime:0.006449s ]
INFO: [ view_filter ] --END-- [ RunTime:0.007079s ]
INFO: [ app_end ] --START--
INFO: Run Behavior\ShowPageTraceBehavior [ RunTime:0.009989s ]
INFO: [ app_end ] --END-- [ RunTime:0.011204s ]

[ 2017-01-18T21:20:26+08:00 ] ::1 /blog/index.php/Admin/Images/imgmanger.html
INFO: [ app_init ] --START--
INFO: Run Behavior\BuildLiteBehavior [ RunTime:0.000109s ]
INFO: [ app_init ] --END-- [ RunTime:0.005475s ]
INFO: [ app_begin ] --START--
INFO: Run Behavior\ReadHtmlCacheBehavior [ RunTime:0.005369s ]
INFO: [ app_begin ] --END-- [ RunTime:0.005905s ]
SQL: SHOW COLUMNS FROM `tp_user` [ RunTime:0.0647s ]
SQL: SELECT `lasttime` FROM `tp_user` WHERE `username` = 'hzx' LIMIT 1   [ RunTime:0.0012s ]
SQL: SHOW COLUMNS FROM `tp_imgtype` [ RunTime:0.0668s ]
SQL: SHOW COLUMNS FROM `tp_img` [ RunTime:0.0595s ]
SQL: SELECT * FROM `tp_imgtype`  [ RunTime:0.0014s ]
NOTIC: [8] Undefined index: id F:\wamp\wamp\www\blog\Application\Admin\Controller\ImagesController.class.php 第 102 行.
SQL: SELECT COUNT(*) AS tp_count FROM `tp_img` LIMIT 1   [ RunTime:0.0010s ]
SQL: SELECT * FROM `tp_img` LIMIT 0,5   [ RunTime:0.0015s ]
INFO: [ view_parse ] --START--
INFO: [ template_filter ] --START--
INFO: Run Behavior\ContentReplaceBehavior [ RunTime:0.000312s ]
INFO: [ template_filter ] --END-- [ RunTime:0.000733s ]
NOTIC: [8] Undefined variable: vo F:\wamp\wamp\www\blog\Application\Runtime\Cache\Admin\9942631df0d754cbb67140cf6fc72cb7.php 第 73 行.
NOTIC: [8] Undefined index: imgs F:\wamp\wamp\www\blog\Application\Runtime\Cache\Admin\9942631df0d754cbb67140cf6fc72cb7.php 第 73 行.
NOTIC: [8] Undefined index: imgs F:\wamp\wamp\www\blog\Application\Runtime\Cache\Admin\9942631df0d754cbb67140cf6fc72cb7.php 第 78 行.
NOTIC: [8] Undefined index: imgs F:\wamp\wamp\www\blog\Application\Runtime\Cache\Admin\9942631df0d754cbb67140cf6fc72cb7.php 第 78 行.
NOTIC: [8] Undefined index: imgs F:\wamp\wamp\www\blog\Application\Runtime\Cache\Admin\9942631df0d754cbb67140cf6fc72cb7.php 第 78 行.
NOTIC: [8] Undefined index: imgs F:\wamp\wamp\www\blog\Application\Runtime\Cache\Admin\9942631df0d754cbb67140cf6fc72cb7.php 第 78 行.
INFO: Run Behavior\ParseTemplateBehavior [ RunTime:0.097088s ]
INFO: [ view_parse ] --END-- [ RunTime:0.097702s ]
INFO: [ view_filter ] --START--
INFO: Run Behavior\WriteHtmlCacheBehavior [ RunTime:0.004905s ]
INFO: [ view_filter ] --END-- [ RunTime:0.005321s ]
INFO: [ app_end ] --START--
INFO: Run Behavior\ShowPageTraceBehavior [ RunTime:0.013926s ]
INFO: [ app_end ] --END-- [ RunTime:0.014548s ]

[ 2017-01-18T21:20:32+08:00 ] ::1 /blog/index.php/Admin/Images/imgmanger/p/2.html
INFO: [ app_init ] --START--
INFO: Run Behavior\BuildLiteBehavior [ RunTime:0.000142s ]
INFO: [ app_init ] --END-- [ RunTime:0.005359s ]
INFO: [ app_begin ] --START--
INFO: Run Behavior\ReadHtmlCacheBehavior [ RunTime:0.004459s ]
INFO: [ app_begin ] --END-- [ RunTime:0.004940s ]
SQL: SHOW COLUMNS FROM `tp_user` [ RunTime:0.0754s ]
SQL: SELECT `lasttime` FROM `tp_user` WHERE `username` = 'hzx' LIMIT 1   [ RunTime:0.0011s ]
SQL: SHOW COLUMNS FROM `tp_imgtype` [ RunTime:0.0624s ]
SQL: SHOW COLUMNS FROM `tp_img` [ RunTime:0.0640s ]
SQL: SELECT * FROM `tp_imgtype`  [ RunTime:0.0012s ]
NOTIC: [8] Undefined index: id F:\wamp\wamp\www\blog\Application\Admin\Controller\ImagesController.class.php 第 102 行.
SQL: SELECT COUNT(*) AS tp_count FROM `tp_img` LIMIT 1   [ RunTime:0.0010s ]
SQL: SELECT * FROM `tp_img` LIMIT 5,5   [ RunTime:0.0014s ]
INFO: [ view_parse ] --START--
INFO: [ template_filter ] --START--
INFO: Run Behavior\ContentReplaceBehavior [ RunTime:0.000316s ]
INFO: [ template_filter ] --END-- [ RunTime:0.000730s ]
NOTIC: [8] Undefined variable: vo F:\wamp\wamp\www\blog\Application\Runtime\Cache\Admin\9942631df0d754cbb67140cf6fc72cb7.php 第 73 行.
NOTIC: [8] Undefined index: imgs F:\wamp\wamp\www\blog\Application\Runtime\Cache\Admin\9942631df0d754cbb67140cf6fc72cb7.php 第 73 行.
NOTIC: [8] Undefined index: imgs F:\wamp\wamp\www\blog\Application\Runtime\Cache\Admin\9942631df0d754cbb67140cf6fc72cb7.php 第 78 行.
NOTIC: [8] Undefined index: imgs F:\wamp\wamp\www\blog\Application\Runtime\Cache\Admin\9942631df0d754cbb67140cf6fc72cb7.php 第 78 行.
NOTIC: [8] Undefined index: imgs F:\wamp\wamp\www\blog\Application\Runtime\Cache\Admin\9942631df0d754cbb67140cf6fc72cb7.php 第 78 行.
NOTIC: [8] Undefined index: imgs F:\wamp\wamp\www\blog\Application\Runtime\Cache\Admin\9942631df0d754cbb67140cf6fc72cb7.php 第 78 行.
INFO: Run Behavior\ParseTemplateBehavior [ RunTime:0.076399s ]
INFO: [ view_parse ] --END-- [ RunTime:0.076836s ]
INFO: [ view_filter ] --START--
INFO: Run Behavior\WriteHtmlCacheBehavior [ RunTime:0.004977s ]
INFO: [ view_filter ] --END-- [ RunTime:0.005375s ]
INFO: [ app_end ] --START--
INFO: Run Behavior\ShowPageTraceBehavior [ RunTime:0.008048s ]
INFO: [ app_end ] --END-- [ RunTime:0.008644s ]

[ 2017-01-18T21:20:34+08:00 ] ::1 /blog/index.php/Admin/Images/editimg/id/15
INFO: [ app_init ] --START--
INFO: Run Behavior\BuildLiteBehavior [ RunTime:0.000088s ]
INFO: [ app_init ] --END-- [ RunTime:0.005258s ]
INFO: [ app_begin ] --START--
INFO: Run Behavior\ReadHtmlCacheBehavior [ RunTime:0.007082s ]
INFO: [ app_begin ] --END-- [ RunTime:0.007567s ]
SQL: SHOW COLUMNS FROM `tp_user` [ RunTime:0.0678s ]
SQL: SELECT `lasttime` FROM `tp_user` WHERE `username` = 'hzx' LIMIT 1   [ RunTime:0.0010s ]
SQL: SHOW COLUMNS FROM `tp_imgtype` [ RunTime:0.0694s ]
SQL: SELECT * FROM `tp_imgtype`  [ RunTime:0.0010s ]
SQL: SHOW COLUMNS FROM `tp_img` [ RunTime:0.0705s ]
SQL: SELECT * FROM `tp_img` WHERE ( id=15 )  [ RunTime:0.0012s ]
INFO: [ view_parse ] --START--
INFO: [ template_filter ] --START--
INFO: Run Behavior\ContentReplaceBehavior [ RunTime:0.000399s ]
INFO: [ template_filter ] --END-- [ RunTime:0.000820s ]
INFO: Run Behavior\ParseTemplateBehavior [ RunTime:0.092669s ]
INFO: [ view_parse ] --END-- [ RunTime:0.093259s ]
INFO: [ view_filter ] --START--
INFO: Run Behavior\WriteHtmlCacheBehavior [ RunTime:0.005438s ]
INFO: [ view_filter ] --END-- [ RunTime:0.005832s ]
INFO: [ app_end ] --START--
INFO: Run Behavior\ShowPageTraceBehavior [ RunTime:0.009478s ]
INFO: [ app_end ] --END-- [ RunTime:0.009963s ]

