[ 2017-01-21T00:01:05+08:00 ] ::1 /blog/index.php/Admin/Message/editmes/id/19
INFO: [ app_init ] --START--
INFO: Run Behavior\BuildLiteBehavior [ RunTime:0.000103s ]
INFO: [ app_init ] --END-- [ RunTime:0.008959s ]
INFO: [ app_begin ] --START--
INFO: Run Behavior\ReadHtmlCacheBehavior [ RunTime:0.009325s ]
INFO: [ app_begin ] --END-- [ RunTime:0.009850s ]
SQL: SHOW COLUMNS FROM `tp_user` [ RunTime:0.0993s ]
SQL: SELECT `lasttime` FROM `tp_user` WHERE `username` = 'hzx' LIMIT 1   [ RunTime:0.0012s ]
SQL: SHOW COLUMNS FROM `tp_returnmessage` [ RunTime:0.1008s ]
SQL: SHOW COLUMNS FROM `tp_message` [ RunTime:0.1298s ]
SQL: SELECT * FROM `tp_message` WHERE ( id=19 )  [ RunTime:0.0015s ]
SQL: SELECT COUNT(*) AS tp_count FROM `tp_returnmessage` LIMIT 1   [ RunTime:0.0015s ]
SQL: SELECT * FROM `tp_returnmessage` WHERE ( mid=19 )  [ RunTime:0.0013s ]
INFO: [ view_parse ] --START--
INFO: [ template_filter ] --START--
INFO: Run Behavior\ContentReplaceBehavior [ RunTime:0.000415s ]
INFO: [ template_filter ] --END-- [ RunTime:0.000849s ]
INFO: Run Behavior\ParseTemplateBehavior [ RunTime:0.106992s ]
INFO: [ view_parse ] --END-- [ RunTime:0.107439s ]
INFO: [ view_filter ] --START--
INFO: Run Behavior\WriteHtmlCacheBehavior [ RunTime:0.010069s ]
INFO: [ view_filter ] --END-- [ RunTime:0.010483s ]
INFO: [ app_end ] --START--
INFO: Run Behavior\ShowPageTraceBehavior [ RunTime:0.023094s ]
INFO: [ app_end ] --END-- [ RunTime:0.023827s ]

[ 2017-01-21T00:01:56+08:00 ] ::1 /blog/index.php/Admin/Message/editmes/id/19
INFO: [ app_init ] --START--
INFO: Run Behavior\BuildLiteBehavior [ RunTime:0.000104s ]
INFO: [ app_init ] --END-- [ RunTime:0.007052s ]
INFO: [ app_begin ] --START--
INFO: Run Behavior\ReadHtmlCacheBehavior [ RunTime:0.010253s ]
INFO: [ app_begin ] --END-- [ RunTime:0.010794s ]
SQL: SHOW COLUMNS FROM `tp_user` [ RunTime:0.0928s ]
SQL: SELECT `lasttime` FROM `tp_user` WHERE `username` = 'hzx' LIMIT 1   [ RunTime:0.0011s ]
SQL: SHOW COLUMNS FROM `tp_returnmessage` [ RunTime:0.1077s ]
SQL: SHOW COLUMNS FROM `tp_message` [ RunTime:0.1423s ]
SQL: SELECT * FROM `tp_message` WHERE ( id=19 )  [ RunTime:0.0015s ]
SQL: SELECT COUNT(*) AS tp_count FROM `tp_returnmessage` LIMIT 1   [ RunTime:0.0013s ]
SQL: SELECT * FROM `tp_returnmessage` WHERE ( mid=19 )  [ RunTime:0.0018s ]
INFO: [ view_parse ] --START--
INFO: [ template_filter ] --START--
INFO: Run Behavior\ContentReplaceBehavior [ RunTime:0.000386s ]
INFO: [ template_filter ] --END-- [ RunTime:0.000804s ]
INFO: Run Behavior\ParseTemplateBehavior [ RunTime:0.128551s ]
INFO: [ view_parse ] --END-- [ RunTime:0.129218s ]
INFO: [ view_filter ] --START--
INFO: Run Behavior\WriteHtmlCacheBehavior [ RunTime:0.010042s ]
INFO: [ view_filter ] --END-- [ RunTime:0.010526s ]
INFO: [ app_end ] --START--
INFO: Run Behavior\ShowPageTraceBehavior [ RunTime:0.014320s ]
INFO: [ app_end ] --END-- [ RunTime:0.015249s ]

[ 2017-01-21T00:02:13+08:00 ] ::1 /blog/index.php/Admin/Message/editmes/id/19
INFO: [ app_init ] --START--
INFO: Run Behavior\BuildLiteBehavior [ RunTime:0.000102s ]
INFO: [ app_init ] --END-- [ RunTime:0.007394s ]
INFO: [ app_begin ] --START--
INFO: Run Behavior\ReadHtmlCacheBehavior [ RunTime:0.010525s ]
INFO: [ app_begin ] --END-- [ RunTime:0.011089s ]
SQL: SHOW COLUMNS FROM `tp_user` [ RunTime:0.0762s ]
SQL: SELECT `lasttime` FROM `tp_user` WHERE `username` = 'hzx' LIMIT 1   [ RunTime:0.0010s ]
SQL: SHOW COLUMNS FROM `tp_returnmessage` [ RunTime:0.1132s ]
SQL: SHOW COLUMNS FROM `tp_message` [ RunTime:0.0801s ]
SQL: SELECT * FROM `tp_message` WHERE ( id=19 )  [ RunTime:0.0011s ]
SQL: SELECT COUNT(*) AS tp_count FROM `tp_returnmessage` LIMIT 1   [ RunTime:0.0007s ]
SQL: SELECT * FROM `tp_returnmessage` WHERE ( mid=19 )  [ RunTime:0.0011s ]
INFO: [ view_parse ] --START--
INFO: [ template_filter ] --START--
INFO: Run Behavior\ContentReplaceBehavior [ RunTime:0.000321s ]
INFO: [ template_filter ] --END-- [ RunTime:0.000826s ]
INFO: Run Behavior\ParseTemplateBehavior [ RunTime:0.072704s ]
INFO: [ view_parse ] --END-- [ RunTime:0.073142s ]
INFO: [ view_filter ] --START--
INFO: Run Behavior\WriteHtmlCacheBehavior [ RunTime:0.008759s ]
INFO: [ view_filter ] --END-- [ RunTime:0.009137s ]
INFO: [ app_end ] --START--
INFO: Run Behavior\ShowPageTraceBehavior [ RunTime:0.007911s ]
INFO: [ app_end ] --END-- [ RunTime:0.008325s ]

[ 2017-01-21T00:02:14+08:00 ] ::1 /blog/index.php/Admin/Message/editmes/id/19
INFO: [ app_init ] --START--
INFO: Run Behavior\BuildLiteBehavior [ RunTime:0.000089s ]
INFO: [ app_init ] --END-- [ RunTime:0.006359s ]
INFO: [ app_begin ] --START--
INFO: Run Behavior\ReadHtmlCacheBehavior [ RunTime:0.009243s ]
INFO: [ app_begin ] --END-- [ RunTime:0.009738s ]
SQL: SHOW COLUMNS FROM `tp_user` [ RunTime:0.0823s ]
SQL: SELECT `lasttime` FROM `tp_user` WHERE `username` = 'hzx' LIMIT 1   [ RunTime:0.0008s ]
SQL: SHOW COLUMNS FROM `tp_returnmessage` [ RunTime:0.0712s ]
SQL: SHOW COLUMNS FROM `tp_message` [ RunTime:0.0577s ]
SQL: SELECT * FROM `tp_message` WHERE ( id=19 )  [ RunTime:0.0009s ]
SQL: SELECT COUNT(*) AS tp_count FROM `tp_returnmessage` LIMIT 1   [ RunTime:0.0007s ]
SQL: SELECT * FROM `tp_returnmessage` WHERE ( mid=19 )  [ RunTime:0.0010s ]
INFO: [ view_parse ] --START--
INFO: [ template_filter ] --START--
INFO: Run Behavior\ContentReplaceBehavior [ RunTime:0.000325s ]
INFO: [ template_filter ] --END-- [ RunTime:0.000727s ]
INFO: Run Behavior\ParseTemplateBehavior [ RunTime:0.063302s ]
INFO: [ view_parse ] --END-- [ RunTime:0.063703s ]
INFO: [ view_filter ] --START--
INFO: Run Behavior\WriteHtmlCacheBehavior [ RunTime:0.008738s ]
INFO: [ view_filter ] --END-- [ RunTime:0.009184s ]
INFO: [ app_end ] --START--
INFO: Run Behavior\ShowPageTraceBehavior [ RunTime:0.009511s ]
INFO: [ app_end ] --END-- [ RunTime:0.013272s ]

[ 2017-01-21T00:03:52+08:00 ] ::1 /blog/index.php/Admin/Message/editmes/id/19
INFO: [ app_init ] --START--
INFO: Run Behavior\BuildLiteBehavior [ RunTime:0.000092s ]
INFO: [ app_init ] --END-- [ RunTime:0.005437s ]
INFO: [ app_begin ] --START--
INFO: Run Behavior\ReadHtmlCacheBehavior [ RunTime:0.006659s ]
INFO: [ app_begin ] --END-- [ RunTime:0.007167s ]
SQL: SHOW COLUMNS FROM `tp_user` [ RunTime:0.1044s ]
SQL: SELECT `lasttime` FROM `tp_user` WHERE `username` = 'hzx' LIMIT 1   [ RunTime:0.0014s ]
SQL: SHOW COLUMNS FROM `tp_returnmessage` [ RunTime:0.0705s ]
SQL: SHOW COLUMNS FROM `tp_message` [ RunTime:0.1414s ]
SQL: SELECT * FROM `tp_message` WHERE ( id=19 )  [ RunTime:0.0018s ]
SQL: SELECT COUNT(*) AS tp_count FROM `tp_returnmessage` LIMIT 1   [ RunTime:0.0016s ]
SQL: SELECT * FROM `tp_returnmessage` WHERE ( mid=19 )  [ RunTime:0.0013s ]
INFO: [ view_parse ] --START--
INFO: [ template_filter ] --START--
INFO: Run Behavior\ContentReplaceBehavior [ RunTime:0.000619s ]
INFO: [ template_filter ] --END-- [ RunTime:0.001341s ]
INFO: Run Behavior\ParseTemplateBehavior [ RunTime:0.123607s ]
INFO: [ view_parse ] --END-- [ RunTime:0.124783s ]
INFO: [ view_filter ] --START--
INFO: Run Behavior\WriteHtmlCacheBehavior [ RunTime:0.009300s ]
INFO: [ view_filter ] --END-- [ RunTime:0.009790s ]
INFO: [ app_end ] --START--
INFO: Run Behavior\ShowPageTraceBehavior [ RunTime:0.010643s ]
INFO: [ app_end ] --END-- [ RunTime:0.011441s ]

[ 2017-01-21T00:04:15+08:00 ] ::1 /blog/index.php/Admin/Message/editmes/id/19
INFO: [ app_init ] --START--
INFO: Run Behavior\BuildLiteBehavior [ RunTime:0.000113s ]
INFO: [ app_init ] --END-- [ RunTime:0.007050s ]
INFO: [ app_begin ] --START--
INFO: Run Behavior\ReadHtmlCacheBehavior [ RunTime:0.009857s ]
INFO: [ app_begin ] --END-- [ RunTime:0.010386s ]
SQL: SHOW COLUMNS FROM `tp_user` [ RunTime:0.0957s ]
SQL: SELECT `lasttime` FROM `tp_user` WHERE `username` = 'hzx' LIMIT 1   [ RunTime:0.0011s ]
SQL: SHOW COLUMNS FROM `tp_returnmessage` [ RunTime:0.0800s ]
SQL: SHOW COLUMNS FROM `tp_message` [ RunTime:0.0572s ]
SQL: SELECT * FROM `tp_message` WHERE ( id=19 )  [ RunTime:0.0016s ]
SQL: SELECT COUNT(*) AS tp_count FROM `tp_returnmessage` LIMIT 1   [ RunTime:0.0014s ]
SQL: SELECT * FROM `tp_returnmessage` WHERE ( mid=19 )  [ RunTime:0.0021s ]
INFO: [ view_parse ] --START--
INFO: [ template_filter ] --START--
INFO: Run Behavior\ContentReplaceBehavior [ RunTime:0.000343s ]
INFO: [ template_filter ] --END-- [ RunTime:0.000756s ]
INFO: Run Behavior\ParseTemplateBehavior [ RunTime:0.099491s ]
INFO: [ view_parse ] --END-- [ RunTime:0.099959s ]
INFO: [ view_filter ] --START--
INFO: Run Behavior\WriteHtmlCacheBehavior [ RunTime:0.010703s ]
INFO: [ view_filter ] --END-- [ RunTime:0.011167s ]
INFO: [ app_end ] --START--
INFO: Run Behavior\ShowPageTraceBehavior [ RunTime:0.023701s ]
INFO: [ app_end ] --END-- [ RunTime:0.024130s ]

[ 2017-01-21T00:04:44+08:00 ] ::1 /blog/index.php/Admin/Message/editmes/id/19
INFO: [ app_init ] --START--
INFO: Run Behavior\BuildLiteBehavior [ RunTime:0.000093s ]
INFO: [ app_init ] --END-- [ RunTime:0.006497s ]
INFO: [ app_begin ] --START--
INFO: Run Behavior\ReadHtmlCacheBehavior [ RunTime:0.007193s ]
INFO: [ app_begin ] --END-- [ RunTime:0.007742s ]
SQL: SHOW COLUMNS FROM `tp_user` [ RunTime:0.1173s ]
SQL: SELECT `lasttime` FROM `tp_user` WHERE `username` = 'hzx' LIMIT 1   [ RunTime:0.0011s ]
SQL: SHOW COLUMNS FROM `tp_returnmessage` [ RunTime:0.0819s ]
SQL: SHOW COLUMNS FROM `tp_message` [ RunTime:0.0959s ]
SQL: SELECT * FROM `tp_message` WHERE ( id=19 )  [ RunTime:0.0013s ]
SQL: SELECT COUNT(*) AS tp_count FROM `tp_returnmessage` LIMIT 1   [ RunTime:0.0010s ]
SQL: SELECT * FROM `tp_returnmessage` WHERE ( mid=19 )  [ RunTime:0.0013s ]
INFO: [ view_parse ] --START--
INFO: [ template_filter ] --START--
INFO: Run Behavior\ContentReplaceBehavior [ RunTime:0.000353s ]
INFO: [ template_filter ] --END-- [ RunTime:0.000793s ]
INFO: Run Behavior\ParseTemplateBehavior [ RunTime:0.097853s ]
INFO: [ view_parse ] --END-- [ RunTime:0.098356s ]
INFO: [ view_filter ] --START--
INFO: Run Behavior\WriteHtmlCacheBehavior [ RunTime:0.006391s ]
INFO: [ view_filter ] --END-- [ RunTime:0.006797s ]
INFO: [ app_end ] --START--
INFO: Run Behavior\ShowPageTraceBehavior [ RunTime:0.008023s ]
INFO: [ app_end ] --END-- [ RunTime:0.008468s ]

[ 2017-01-21T14:02:57+08:00 ] ::1 /blog/index.php/Admin/Index/index.html
INFO: [ app_init ] --START--
INFO: Run Behavior\BuildLiteBehavior [ RunTime:0.000099s ]
INFO: [ app_init ] --END-- [ RunTime:0.006495s ]
INFO: [ app_begin ] --START--
INFO: Run Behavior\ReadHtmlCacheBehavior [ RunTime:0.009223s ]
INFO: [ app_begin ] --END-- [ RunTime:0.009857s ]
NOTIC: [8] Undefined index: adminname F:\wamp\wamp\www\blog\Application\Admin\Controller\IndexController.class.php 第 7 行.

[ 2017-01-21T14:02:58+08:00 ] ::1 /blog/index.php/Admin/Login/login.html
INFO: [ app_init ] --START--
INFO: Run Behavior\BuildLiteBehavior [ RunTime:0.000087s ]
INFO: [ app_init ] --END-- [ RunTime:0.006993s ]
INFO: [ app_begin ] --START--
INFO: Run Behavior\ReadHtmlCacheBehavior [ RunTime:0.006691s ]
INFO: [ app_begin ] --END-- [ RunTime:0.007142s ]
INFO: [ view_parse ] --START--
INFO: [ template_filter ] --START--
INFO: Run Behavior\ContentReplaceBehavior [ RunTime:0.000272s ]
INFO: [ template_filter ] --END-- [ RunTime:0.000795s ]
INFO: Run Behavior\ParseTemplateBehavior [ RunTime:0.061312s ]
INFO: [ view_parse ] --END-- [ RunTime:0.061722s ]
INFO: [ view_filter ] --START--
INFO: Run Behavior\WriteHtmlCacheBehavior [ RunTime:0.005972s ]
INFO: [ view_filter ] --END-- [ RunTime:0.006407s ]
INFO: [ app_end ] --START--
INFO: Run Behavior\ShowPageTraceBehavior [ RunTime:0.008548s ]
INFO: [ app_end ] --END-- [ RunTime:0.008972s ]

[ 2017-01-21T14:03:03+08:00 ] ::1 /blog/index.php/Admin/Login/login.html
INFO: [ app_init ] --START--
INFO: Run Behavior\BuildLiteBehavior [ RunTime:0.000160s ]
INFO: [ app_init ] --END-- [ RunTime:0.009163s ]
INFO: [ app_begin ] --START--
INFO: Run Behavior\ReadHtmlCacheBehavior [ RunTime:0.009334s ]
INFO: [ app_begin ] --END-- [ RunTime:0.010275s ]
SQL: SHOW COLUMNS FROM `tp_user` [ RunTime:0.1103s ]
SQL: SELECT * FROM `tp_user` WHERE `username` = 'hzx' AND `userpwd` = '123456' AND `state` = 0 LIMIT 1   [ RunTime:0.0015s ]
SQL: UPDATE `tp_user` SET `lasttime`='2017-01-21 14:03:03' WHERE `username` = 'hzx' [ RunTime:0.0957s ]

[ 2017-01-21T14:03:04+08:00 ] ::1 /blog/index.php/Admin/Index/index.html
INFO: [ app_init ] --START--
INFO: Run Behavior\BuildLiteBehavior [ RunTime:0.000100s ]
INFO: [ app_init ] --END-- [ RunTime:0.011004s ]
INFO: [ app_begin ] --START--
INFO: Run Behavior\ReadHtmlCacheBehavior [ RunTime:0.009872s ]
INFO: [ app_begin ] --END-- [ RunTime:0.010865s ]
SQL: SHOW COLUMNS FROM `tp_user` [ RunTime:0.0828s ]
SQL: SELECT `lasttime` FROM `tp_user` WHERE `username` = 'hzx' LIMIT 1   [ RunTime:0.0012s ]
SQL: SELECT * FROM `tp_user` WHERE `state` = 1 ORDER BY lasttime desc LIMIT 5   [ RunTime:0.0019s ]
SQL: SHOW COLUMNS FROM `tp_knowledge` [ RunTime:0.1182s ]
SQL: SELECT `title` FROM `tp_knowledge` ORDER BY publishtime desc LIMIT 1   [ RunTime:0.0013s ]
SQL: SELECT `img` FROM `tp_knowledge` ORDER BY publishtime desc LIMIT 1   [ RunTime:0.0010s ]
SQL: SHOW COLUMNS FROM `tp_img` [ RunTime:0.1620s ]
SQL: SELECT `img` FROM `tp_img` ORDER BY publishtime desc LIMIT 1   [ RunTime:0.0011s ]
SQL: SHOW COLUMNS FROM `tp_pinglun` [ RunTime:0.1144s ]
SQL: SELECT `content` FROM `tp_pinglun` ORDER BY publishtime desc LIMIT 1   [ RunTime:0.0015s ]
SQL: SHOW COLUMNS FROM `tp_message` [ RunTime:0.1153s ]
SQL: SELECT COUNT(*) AS tp_count FROM `tp_message` LIMIT 1   [ RunTime:0.0013s ]
SQL: SELECT * FROM `tp_message` ORDER BY publishtime desc LIMIT 0,5   [ RunTime:0.0013s ]
SQL: SELECT COUNT(*) AS tp_count FROM `tp_user` WHERE `state` = 1 LIMIT 1   [ RunTime:0.0012s ]
SQL: SELECT COUNT(*) AS tp_count FROM `tp_message` LIMIT 1   [ RunTime:0.0010s ]
SQL: SELECT COUNT(*) AS tp_count FROM `tp_pinglun` LIMIT 1   [ RunTime:0.0011s ]
SQL: SELECT * FROM `tp_knowledge` ORDER BY publishtime desc LIMIT 1   [ RunTime:0.0015s ]
NOTIC: [8] Undefined variable: filets F:\wamp\wamp\www\blog\Application\Admin\Controller\IndexController.class.php 第 75 行.
INFO: [ view_parse ] --START--
INFO: [ template_filter ] --START--
INFO: Run Behavior\ContentReplaceBehavior [ RunTime:0.000424s ]
INFO: [ template_filter ] --END-- [ RunTime:0.000873s ]
INFO: Run Behavior\ParseTemplateBehavior [ RunTime:0.184845s ]
INFO: [ view_parse ] --END-- [ RunTime:0.185835s ]
INFO: [ view_filter ] --START--
INFO: Run Behavior\WriteHtmlCacheBehavior [ RunTime:0.007770s ]
INFO: [ view_filter ] --END-- [ RunTime:0.008421s ]
INFO: [ app_end ] --START--
INFO: Run Behavior\ShowPageTraceBehavior [ RunTime:0.011694s ]
INFO: [ app_end ] --END-- [ RunTime:0.013447s ]

[ 2017-01-21T14:03:27+08:00 ] ::1 /blog/index.php/Admin/Index/ms.html
INFO: [ app_init ] --START--
INFO: Run Behavior\BuildLiteBehavior [ RunTime:0.000057s ]
INFO: [ app_init ] --END-- [ RunTime:0.006621s ]
INFO: [ app_begin ] --START--
INFO: Run Behavior\ReadHtmlCacheBehavior [ RunTime:0.019782s ]
INFO: [ app_begin ] --END-- [ RunTime:0.020063s ]

[ 2017-01-21T14:05:53+08:00 ] ::1 /blog/index.php/Admin/Index/index.html
INFO: [ app_init ] --START--
INFO: Run Behavior\BuildLiteBehavior [ RunTime:0.000181s ]
INFO: [ app_init ] --END-- [ RunTime:0.011162s ]
INFO: [ app_begin ] --START--
INFO: Run Behavior\ReadHtmlCacheBehavior [ RunTime:0.023572s ]
INFO: [ app_begin ] --END-- [ RunTime:0.024403s ]
SQL: SHOW COLUMNS FROM `tp_user` [ RunTime:0.1376s ]
SQL: SELECT `lasttime` FROM `tp_user` WHERE `username` = 'hzx' LIMIT 1   [ RunTime:0.0017s ]
SQL: SELECT * FROM `tp_user` WHERE `state` = 1 ORDER BY lasttime desc LIMIT 5   [ RunTime:0.0022s ]
SQL: SHOW COLUMNS FROM `tp_knowledge` [ RunTime:0.1146s ]
SQL: SELECT `title` FROM `tp_knowledge` ORDER BY publishtime desc LIMIT 1   [ RunTime:0.0013s ]
SQL: SELECT `img` FROM `tp_knowledge` ORDER BY publishtime desc LIMIT 1   [ RunTime:0.0012s ]
SQL: SHOW COLUMNS FROM `tp_img` [ RunTime:0.0929s ]
SQL: SELECT `img` FROM `tp_img` ORDER BY publishtime desc LIMIT 1   [ RunTime:0.0010s ]
SQL: SHOW COLUMNS FROM `tp_pinglun` [ RunTime:0.1025s ]
SQL: SELECT `content` FROM `tp_pinglun` ORDER BY publishtime desc LIMIT 1   [ RunTime:0.0013s ]
SQL: SHOW COLUMNS FROM `tp_message` [ RunTime:0.1103s ]
SQL: SELECT COUNT(*) AS tp_count FROM `tp_message` LIMIT 1   [ RunTime:0.0013s ]
SQL: SELECT * FROM `tp_message` ORDER BY publishtime desc LIMIT 0,5   [ RunTime:0.0013s ]
SQL: SHOW COLUMNS FROM `tp_returnmessage` [ RunTime:0.1384s ]
SQL: SELECT * FROM `tp_returnmessage` WHERE ( mid=19 ) LIMIT 1   [ RunTime:0.0013s ]
SQL: SELECT * FROM `tp_returnmessage` WHERE ( mid=18 ) LIMIT 1   [ RunTime:0.0011s ]
SQL: SELECT * FROM `tp_returnmessage` WHERE ( mid=17 ) LIMIT 1   [ RunTime:0.0013s ]
SQL: SELECT * FROM `tp_returnmessage` WHERE ( mid=16 ) LIMIT 1   [ RunTime:0.0011s ]
SQL: SELECT COUNT(*) AS tp_count FROM `tp_user` WHERE `state` = 1 LIMIT 1   [ RunTime:0.0013s ]
SQL: SELECT COUNT(*) AS tp_count FROM `tp_message` LIMIT 1   [ RunTime:0.0011s ]
SQL: SELECT COUNT(*) AS tp_count FROM `tp_pinglun` LIMIT 1   [ RunTime:0.0010s ]
SQL: SELECT * FROM `tp_knowledge` ORDER BY publishtime desc LIMIT 1   [ RunTime:0.0015s ]
NOTIC: [8] Undefined variable: filets F:\wamp\wamp\www\blog\Application\Admin\Controller\IndexController.class.php 第 85 行.
INFO: [ view_parse ] --START--
INFO: [ template_filter ] --START--
INFO: Run Behavior\ContentReplaceBehavior [ RunTime:0.009154s ]
INFO: [ template_filter ] --END-- [ RunTime:0.009943s ]
NOTIC: [8] Use of undefined constant data - assumed 'data' F:\wamp\wamp\www\blog\Application\Runtime\Cache\Admin\b595b808c2ebeeeb0478ffc30bb4e87a.php 第 191 行.
NOTIC: [8] Use of undefined constant isreme - assumed 'isreme' F:\wamp\wamp\www\blog\Application\Runtime\Cache\Admin\b595b808c2ebeeeb0478ffc30bb4e87a.php 第 191 行.
NOTIC: [8] Use of undefined constant data - assumed 'data' F:\wamp\wamp\www\blog\Application\Runtime\Cache\Admin\b595b808c2ebeeeb0478ffc30bb4e87a.php 第 191 行.
NOTIC: [8] Use of undefined constant isreme - assumed 'isreme' F:\wamp\wamp\www\blog\Application\Runtime\Cache\Admin\b595b808c2ebeeeb0478ffc30bb4e87a.php 第 191 行.
NOTIC: [8] Use of undefined constant data - assumed 'data' F:\wamp\wamp\www\blog\Application\Runtime\Cache\Admin\b595b808c2ebeeeb0478ffc30bb4e87a.php 第 191 行.
NOTIC: [8] Use of undefined constant isreme - assumed 'isreme' F:\wamp\wamp\www\blog\Application\Runtime\Cache\Admin\b595b808c2ebeeeb0478ffc30bb4e87a.php 第 191 行.
NOTIC: [8] Use of undefined constant data - assumed 'data' F:\wamp\wamp\www\blog\Application\Runtime\Cache\Admin\b595b808c2ebeeeb0478ffc30bb4e87a.php 第 191 行.
NOTIC: [8] Use of undefined constant isreme - assumed 'isreme' F:\wamp\wamp\www\blog\Application\Runtime\Cache\Admin\b595b808c2ebeeeb0478ffc30bb4e87a.php 第 191 行.
INFO: Run Behavior\ParseTemplateBehavior [ RunTime:0.257554s ]
INFO: [ view_parse ] --END-- [ RunTime:0.258158s ]
INFO: [ view_filter ] --START--
INFO: Run Behavior\WriteHtmlCacheBehavior [ RunTime:0.012780s ]
INFO: [ view_filter ] --END-- [ RunTime:0.013486s ]
INFO: [ app_end ] --START--
INFO: Run Behavior\ShowPageTraceBehavior [ RunTime:0.029280s ]
INFO: [ app_end ] --END-- [ RunTime:0.030106s ]

[ 2017-01-21T14:06:14+08:00 ] ::1 /blog/index.php/Admin/Index/ms.html
INFO: [ app_init ] --START--
INFO: Run Behavior\BuildLiteBehavior [ RunTime:0.000149s ]
INFO: [ app_init ] --END-- [ RunTime:0.009350s ]
INFO: [ app_begin ] --START--
INFO: Run Behavior\ReadHtmlCacheBehavior [ RunTime:0.008982s ]
INFO: [ app_begin ] --END-- [ RunTime:0.009702s ]

[ 2017-01-21T14:06:45+08:00 ] ::1 /blog/index.php/Admin/Index/index.html
INFO: [ app_init ] --START--
INFO: Run Behavior\BuildLiteBehavior [ RunTime:0.000102s ]
INFO: [ app_init ] --END-- [ RunTime:0.007882s ]
INFO: [ app_begin ] --START--
INFO: Run Behavior\ReadHtmlCacheBehavior [ RunTime:0.006519s ]
INFO: [ app_begin ] --END-- [ RunTime:0.006918s ]
SQL: SHOW COLUMNS FROM `tp_user` [ RunTime:0.0956s ]
SQL: SELECT `lasttime` FROM `tp_user` WHERE `username` = 'hzx' LIMIT 1   [ RunTime:0.0008s ]
SQL: SELECT * FROM `tp_user` WHERE `state` = 1 ORDER BY lasttime desc LIMIT 5   [ RunTime:0.0012s ]
SQL: SHOW COLUMNS FROM `tp_knowledge` [ RunTime:0.0659s ]
SQL: SELECT `title` FROM `tp_knowledge` ORDER BY publishtime desc LIMIT 1   [ RunTime:0.0031s ]
SQL: SELECT `img` FROM `tp_knowledge` ORDER BY publishtime desc LIMIT 1   [ RunTime:0.0009s ]
SQL: SHOW COLUMNS FROM `tp_img` [ RunTime:0.1229s ]
SQL: SELECT `img` FROM `tp_img` ORDER BY publishtime desc LIMIT 1   [ RunTime:0.0011s ]
SQL: SHOW COLUMNS FROM `tp_pinglun` [ RunTime:0.1104s ]
SQL: SELECT `content` FROM `tp_pinglun` ORDER BY publishtime desc LIMIT 1   [ RunTime:0.0012s ]
SQL: SHOW COLUMNS FROM `tp_message` [ RunTime:0.1258s ]
SQL: SELECT COUNT(*) AS tp_count FROM `tp_message` LIMIT 1   [ RunTime:0.0008s ]
SQL: SELECT * FROM `tp_message` ORDER BY publishtime desc LIMIT 0,5   [ RunTime:0.0013s ]
SQL: SHOW COLUMNS FROM `tp_returnmessage` [ RunTime:0.1524s ]
SQL: SELECT * FROM `tp_returnmessage` WHERE ( mid=19 ) LIMIT 1   [ RunTime:0.0011s ]
SQL: SELECT * FROM `tp_returnmessage` WHERE ( mid=18 ) LIMIT 1   [ RunTime:0.0010s ]
SQL: SELECT * FROM `tp_returnmessage` WHERE ( mid=17 ) LIMIT 1   [ RunTime:0.0010s ]
SQL: SELECT * FROM `tp_returnmessage` WHERE ( mid=16 ) LIMIT 1   [ RunTime:0.0020s ]
SQL: SELECT COUNT(*) AS tp_count FROM `tp_user` WHERE `state` = 1 LIMIT 1   [ RunTime:0.0010s ]
SQL: SELECT COUNT(*) AS tp_count FROM `tp_message` LIMIT 1   [ RunTime:0.0009s ]
SQL: SELECT COUNT(*) AS tp_count FROM `tp_pinglun` LIMIT 1   [ RunTime:0.0009s ]
SQL: SELECT * FROM `tp_knowledge` ORDER BY publishtime desc LIMIT 1   [ RunTime:0.0010s ]
NOTIC: [8] Undefined variable: filets F:\wamp\wamp\www\blog\Application\Admin\Controller\IndexController.class.php 第 85 行.
INFO: [ view_parse ] --START--
INFO: [ template_filter ] --START--
INFO: Run Behavior\ContentReplaceBehavior [ RunTime:0.000531s ]
INFO: [ template_filter ] --END-- [ RunTime:0.001164s ]
INFO: Run Behavior\ParseTemplateBehavior [ RunTime:0.131414s ]
INFO: [ view_parse ] --END-- [ RunTime:0.132842s ]
INFO: [ view_filter ] --START--
INFO: Run Behavior\WriteHtmlCacheBehavior [ RunTime:0.026543s ]
INFO: [ view_filter ] --END-- [ RunTime:0.027049s ]
INFO: [ app_end ] --START--
INFO: Run Behavior\ShowPageTraceBehavior [ RunTime:0.009131s ]
INFO: [ app_end ] --END-- [ RunTime:0.009728s ]

[ 2017-01-21T14:07:08+08:00 ] ::1 /blog/index.php/Admin/Index/ms.html
INFO: [ app_init ] --START--
INFO: Run Behavior\BuildLiteBehavior [ RunTime:0.000747s ]
INFO: [ app_init ] --END-- [ RunTime:0.012157s ]
INFO: [ app_begin ] --START--
INFO: Run Behavior\ReadHtmlCacheBehavior [ RunTime:0.088839s ]
INFO: [ app_begin ] --END-- [ RunTime:0.089495s ]

[ 2017-01-21T14:08:21+08:00 ] ::1 /blog/index.php/Admin/Index/index.html
INFO: [ app_init ] --START--
INFO: Run Behavior\BuildLiteBehavior [ RunTime:0.000102s ]
INFO: [ app_init ] --END-- [ RunTime:0.006690s ]
INFO: [ app_begin ] --START--
INFO: Run Behavior\ReadHtmlCacheBehavior [ RunTime:0.012310s ]
INFO: [ app_begin ] --END-- [ RunTime:0.012800s ]
SQL: SHOW COLUMNS FROM `tp_user` [ RunTime:0.0696s ]
SQL: SELECT `lasttime` FROM `tp_user` WHERE `username` = 'hzx' LIMIT 1   [ RunTime:0.0011s ]
SQL: SELECT * FROM `tp_user` WHERE `state` = 1 ORDER BY lasttime desc LIMIT 5   [ RunTime:0.0020s ]
SQL: SHOW COLUMNS FROM `tp_knowledge` [ RunTime:0.0930s ]
SQL: SELECT `title` FROM `tp_knowledge` ORDER BY publishtime desc LIMIT 1   [ RunTime:0.0012s ]
SQL: SELECT `img` FROM `tp_knowledge` ORDER BY publishtime desc LIMIT 1   [ RunTime:0.0010s ]
SQL: SHOW COLUMNS FROM `tp_img` [ RunTime:0.1088s ]
SQL: SELECT `img` FROM `tp_img` ORDER BY publishtime desc LIMIT 1   [ RunTime:0.0010s ]
SQL: SHOW COLUMNS FROM `tp_pinglun` [ RunTime:0.1044s ]
SQL: SELECT `content` FROM `tp_pinglun` ORDER BY publishtime desc LIMIT 1   [ RunTime:0.0014s ]
SQL: SHOW COLUMNS FROM `tp_message` [ RunTime:0.1155s ]
SQL: SELECT COUNT(*) AS tp_count FROM `tp_message` LIMIT 1   [ RunTime:0.0012s ]
SQL: SELECT * FROM `tp_message` ORDER BY publishtime desc LIMIT 0,5   [ RunTime:0.0013s ]
SQL: SHOW COLUMNS FROM `tp_returnmessage` [ RunTime:0.1426s ]
SQL: SELECT * FROM `tp_returnmessage` WHERE ( mid=19 ) LIMIT 1   [ RunTime:0.0013s ]
SQL: SELECT * FROM `tp_returnmessage` WHERE ( mid=18 ) LIMIT 1   [ RunTime:0.0014s ]
SQL: SELECT * FROM `tp_returnmessage` WHERE ( mid=17 ) LIMIT 1   [ RunTime:0.0013s ]
SQL: SELECT * FROM `tp_returnmessage` WHERE ( mid=16 ) LIMIT 1   [ RunTime:0.0011s ]
SQL: SELECT COUNT(*) AS tp_count FROM `tp_user` WHERE `state` = 1 LIMIT 1   [ RunTime:0.0012s ]
SQL: SELECT COUNT(*) AS tp_count FROM `tp_message` LIMIT 1   [ RunTime:0.0013s ]
SQL: SELECT COUNT(*) AS tp_count FROM `tp_pinglun` LIMIT 1   [ RunTime:0.0011s ]
SQL: SELECT * FROM `tp_knowledge` ORDER BY publishtime desc LIMIT 1   [ RunTime:0.0019s ]
NOTIC: [8] Undefined variable: filets F:\wamp\wamp\www\blog\Application\Admin\Controller\IndexController.class.php 第 85 行.
INFO: [ view_parse ] --START--
INFO: [ template_filter ] --START--
INFO: Run Behavior\ContentReplaceBehavior [ RunTime:0.000460s ]
INFO: [ template_filter ] --END-- [ RunTime:0.000912s ]
INFO: Run Behavior\ParseTemplateBehavior [ RunTime:0.145775s ]
INFO: [ view_parse ] --END-- [ RunTime:0.146353s ]
INFO: [ view_filter ] --START--
INFO: Run Behavior\WriteHtmlCacheBehavior [ RunTime:0.015979s ]
INFO: [ view_filter ] --END-- [ RunTime:0.016544s ]
INFO: [ app_end ] --START--
INFO: Run Behavior\ShowPageTraceBehavior [ RunTime:0.018541s ]
INFO: [ app_end ] --END-- [ RunTime:0.018978s ]

[ 2017-01-21T14:08:43+08:00 ] ::1 /blog/index.php/Admin/Index/ms.html
INFO: [ app_init ] --START--
INFO: Run Behavior\BuildLiteBehavior [ RunTime:0.006243s ]
INFO: [ app_init ] --END-- [ RunTime:0.020225s ]
INFO: [ app_begin ] --START--
INFO: Run Behavior\ReadHtmlCacheBehavior [ RunTime:0.014278s ]
INFO: [ app_begin ] --END-- [ RunTime:0.015299s ]

[ 2017-01-21T14:09:02+08:00 ] ::1 /blog/index.php/Admin/Message/index.html
INFO: [ app_init ] --START--
INFO: Run Behavior\BuildLiteBehavior [ RunTime:0.000054s ]
INFO: [ app_init ] --END-- [ RunTime:0.005297s ]
INFO: [ app_begin ] --START--
INFO: Run Behavior\ReadHtmlCacheBehavior [ RunTime:0.006102s ]
INFO: [ app_begin ] --END-- [ RunTime:0.006432s ]
SQL: SHOW COLUMNS FROM `tp_user` [ RunTime:0.0597s ]
SQL: SELECT `lasttime` FROM `tp_user` WHERE `username` = 'hzx' LIMIT 1   [ RunTime:0.0005s ]
SQL: SHOW COLUMNS FROM `tp_message` [ RunTime:0.0593s ]
SQL: SELECT COUNT(*) AS tp_count FROM `tp_message` LIMIT 1   [ RunTime:0.0006s ]
SQL: SELECT * FROM `tp_message` ORDER BY publishtime desc LIMIT 0,6   [ RunTime:0.0008s ]
SQL: SHOW COLUMNS FROM `tp_returnmessage` [ RunTime:0.0534s ]
SQL: SELECT * FROM `tp_returnmessage` WHERE ( mid=19 ) LIMIT 1   [ RunTime:0.0005s ]
SQL: SELECT * FROM `tp_returnmessage` WHERE ( mid=18 ) LIMIT 1   [ RunTime:0.0005s ]
SQL: SELECT * FROM `tp_returnmessage` WHERE ( mid=17 ) LIMIT 1   [ RunTime:0.0006s ]
SQL: SELECT * FROM `tp_returnmessage` WHERE ( mid=16 ) LIMIT 1   [ RunTime:0.0005s ]
INFO: [ view_parse ] --START--
INFO: [ template_filter ] --START--
INFO: Run Behavior\ContentReplaceBehavior [ RunTime:0.000211s ]
INFO: [ template_filter ] --END-- [ RunTime:0.000439s ]
INFO: Run Behavior\ParseTemplateBehavior [ RunTime:0.045587s ]
INFO: [ view_parse ] --END-- [ RunTime:0.045860s ]
INFO: [ view_filter ] --START--
INFO: Run Behavior\WriteHtmlCacheBehavior [ RunTime:0.004734s ]
INFO: [ view_filter ] --END-- [ RunTime:0.005078s ]
INFO: [ app_end ] --START--
INFO: Run Behavior\ShowPageTraceBehavior [ RunTime:0.006950s ]
INFO: [ app_end ] --END-- [ RunTime:0.007227s ]

[ 2017-01-21T14:09:16+08:00 ] ::1 /blog/index.php/Admin/Message/editmes/id/19
INFO: [ app_init ] --START--
INFO: Run Behavior\BuildLiteBehavior [ RunTime:0.000062s ]
INFO: [ app_init ] --END-- [ RunTime:0.006049s ]
INFO: [ app_begin ] --START--
INFO: Run Behavior\ReadHtmlCacheBehavior [ RunTime:0.015613s ]
INFO: [ app_begin ] --END-- [ RunTime:0.017534s ]
SQL: SHOW COLUMNS FROM `tp_user` [ RunTime:0.0701s ]
SQL: SELECT `lasttime` FROM `tp_user` WHERE `username` = 'hzx' LIMIT 1   [ RunTime:0.0008s ]
SQL: SHOW COLUMNS FROM `tp_returnmessage` [ RunTime:0.0753s ]
SQL: SHOW COLUMNS FROM `tp_message` [ RunTime:0.0620s ]
SQL: SELECT * FROM `tp_message` WHERE ( id=19 )  [ RunTime:0.0009s ]
SQL: SELECT COUNT(*) AS tp_count FROM `tp_returnmessage` LIMIT 1   [ RunTime:0.0006s ]
SQL: SELECT * FROM `tp_returnmessage` WHERE ( mid=19 )  [ RunTime:0.0008s ]
INFO: [ view_parse ] --START--
INFO: [ template_filter ] --START--
INFO: Run Behavior\ContentReplaceBehavior [ RunTime:0.000415s ]
INFO: [ template_filter ] --END-- [ RunTime:0.000799s ]
INFO: Run Behavior\ParseTemplateBehavior [ RunTime:0.082507s ]
INFO: [ view_parse ] --END-- [ RunTime:0.082921s ]
INFO: [ view_filter ] --START--
INFO: Run Behavior\WriteHtmlCacheBehavior [ RunTime:0.010074s ]
INFO: [ view_filter ] --END-- [ RunTime:0.010559s ]
INFO: [ app_end ] --START--
INFO: Run Behavior\ShowPageTraceBehavior [ RunTime:0.010849s ]
INFO: [ app_end ] --END-- [ RunTime:0.011417s ]

[ 2017-01-21T14:12:48+08:00 ] ::1 /blog/index.php/Admin/Message/editmes/id/19
INFO: [ app_init ] --START--
INFO: Run Behavior\BuildLiteBehavior [ RunTime:0.000181s ]
INFO: [ app_init ] --END-- [ RunTime:0.012983s ]
INFO: [ app_begin ] --START--
INFO: Run Behavior\ReadHtmlCacheBehavior [ RunTime:0.020134s ]
INFO: [ app_begin ] --END-- [ RunTime:0.021029s ]
SQL: SHOW COLUMNS FROM `tp_user` [ RunTime:0.2343s ]
SQL: SELECT `lasttime` FROM `tp_user` WHERE `username` = 'hzx' LIMIT 1   [ RunTime:0.0019s ]
SQL: SHOW COLUMNS FROM `tp_returnmessage` [ RunTime:0.1029s ]
SQL: SHOW COLUMNS FROM `tp_message` [ RunTime:0.2965s ]
SQL: SELECT * FROM `tp_message` WHERE ( id=19 )  [ RunTime:0.0017s ]
SQL: SELECT COUNT(*) AS tp_count FROM `tp_returnmessage` LIMIT 1   [ RunTime:0.0014s ]
SQL: SELECT * FROM `tp_returnmessage` WHERE ( mid=19 )  [ RunTime:0.0017s ]
INFO: [ view_parse ] --START--
INFO: [ template_filter ] --START--
INFO: Run Behavior\ContentReplaceBehavior [ RunTime:0.003362s ]
INFO: [ template_filter ] --END-- [ RunTime:0.007711s ]
INFO: Run Behavior\ParseTemplateBehavior [ RunTime:0.183254s ]
INFO: [ view_parse ] --END-- [ RunTime:0.183891s ]
INFO: [ view_filter ] --START--
INFO: Run Behavior\WriteHtmlCacheBehavior [ RunTime:0.013917s ]
INFO: [ view_filter ] --END-- [ RunTime:0.019502s ]
INFO: [ app_end ] --START--
INFO: Run Behavior\ShowPageTraceBehavior [ RunTime:0.014666s ]
INFO: [ app_end ] --END-- [ RunTime:0.017455s ]

[ 2017-01-21T14:17:17+08:00 ] ::1 /blog/index.php/Admin/Message/editmes/id/19
INFO: [ app_init ] --START--
INFO: Run Behavior\BuildLiteBehavior [ RunTime:0.000182s ]
INFO: [ app_init ] --END-- [ RunTime:0.008890s ]
INFO: [ app_begin ] --START--
INFO: Run Behavior\ReadHtmlCacheBehavior [ RunTime:0.019466s ]
INFO: [ app_begin ] --END-- [ RunTime:0.020155s ]
SQL: SHOW COLUMNS FROM `tp_user` [ RunTime:0.1321s ]
SQL: SELECT `lasttime` FROM `tp_user` WHERE `username` = 'hzx' LIMIT 1   [ RunTime:0.0011s ]
SQL: SHOW COLUMNS FROM `tp_returnmessage` [ RunTime:0.1157s ]
SQL: SHOW COLUMNS FROM `tp_message` [ RunTime:0.1370s ]
SQL: SELECT * FROM `tp_message` WHERE ( id=19 )  [ RunTime:0.0015s ]
SQL: SELECT COUNT(*) AS tp_count FROM `tp_returnmessage` LIMIT 1   [ RunTime:0.0011s ]
SQL: SELECT * FROM `tp_returnmessage` WHERE ( mid=19 )  [ RunTime:0.0014s ]
INFO: [ view_parse ] --START--
INFO: [ template_filter ] --START--
INFO: Run Behavior\ContentReplaceBehavior [ RunTime:0.000460s ]
INFO: [ template_filter ] --END-- [ RunTime:0.000956s ]
INFO: Run Behavior\ParseTemplateBehavior [ RunTime:0.106060s ]
INFO: [ view_parse ] --END-- [ RunTime:0.106704s ]
INFO: [ view_filter ] --START--
INFO: Run Behavior\WriteHtmlCacheBehavior [ RunTime:0.014436s ]
INFO: [ view_filter ] --END-- [ RunTime:0.015071s ]
INFO: [ app_end ] --START--
INFO: Run Behavior\ShowPageTraceBehavior [ RunTime:0.011796s ]
INFO: [ app_end ] --END-- [ RunTime:0.012433s ]

[ 2017-01-21T14:19:02+08:00 ] ::1 /blog/index.php/Admin/Message/editmes/id/19
INFO: [ app_init ] --START--
INFO: Run Behavior\BuildLiteBehavior [ RunTime:0.000124s ]
INFO: [ app_init ] --END-- [ RunTime:0.007492s ]
INFO: [ app_begin ] --START--
INFO: Run Behavior\ReadHtmlCacheBehavior [ RunTime:0.009792s ]
INFO: [ app_begin ] --END-- [ RunTime:0.010380s ]
SQL: SHOW COLUMNS FROM `tp_user` [ RunTime:0.1144s ]
SQL: SELECT `lasttime` FROM `tp_user` WHERE `username` = 'hzx' LIMIT 1   [ RunTime:0.0013s ]
SQL: SHOW COLUMNS FROM `tp_returnmessage` [ RunTime:0.1151s ]
SQL: SHOW COLUMNS FROM `tp_message` [ RunTime:0.1111s ]
SQL: SELECT * FROM `tp_message` WHERE ( id=19 )  [ RunTime:0.0014s ]
SQL: SELECT COUNT(*) AS tp_count FROM `tp_returnmessage` LIMIT 1   [ RunTime:0.0009s ]
SQL: SELECT * FROM `tp_returnmessage` WHERE ( mid=19 )  [ RunTime:0.0015s ]
INFO: [ view_parse ] --START--
INFO: [ template_filter ] --START--
INFO: Run Behavior\ContentReplaceBehavior [ RunTime:0.000433s ]
INFO: [ template_filter ] --END-- [ RunTime:0.000874s ]
INFO: Run Behavior\ParseTemplateBehavior [ RunTime:0.095569s ]
INFO: [ view_parse ] --END-- [ RunTime:0.096059s ]
INFO: [ view_filter ] --START--
INFO: Run Behavior\WriteHtmlCacheBehavior [ RunTime:0.007909s ]
INFO: [ view_filter ] --END-- [ RunTime:0.008465s ]
INFO: [ app_end ] --START--
INFO: Run Behavior\ShowPageTraceBehavior [ RunTime:0.009910s ]
INFO: [ app_end ] --END-- [ RunTime:0.010576s ]

[ 2017-01-21T14:20:49+08:00 ] ::1 /blog/index.php/Admin/Message/editmes/id/19
INFO: [ app_init ] --START--
INFO: Run Behavior\BuildLiteBehavior [ RunTime:0.000093s ]
INFO: [ app_init ] --END-- [ RunTime:0.008314s ]
INFO: [ app_begin ] --START--
INFO: Run Behavior\ReadHtmlCacheBehavior [ RunTime:0.008908s ]
INFO: [ app_begin ] --END-- [ RunTime:0.009632s ]
SQL: SHOW COLUMNS FROM `tp_user` [ RunTime:0.1440s ]
SQL: SELECT `lasttime` FROM `tp_user` WHERE `username` = 'hzx' LIMIT 1   [ RunTime:0.0012s ]
SQL: SHOW COLUMNS FROM `tp_returnmessage` [ RunTime:0.1012s ]
SQL: SHOW COLUMNS FROM `tp_message` [ RunTime:0.0994s ]
SQL: SELECT * FROM `tp_message` WHERE ( id=19 )  [ RunTime:0.0012s ]
SQL: SELECT COUNT(*) AS tp_count FROM `tp_returnmessage` LIMIT 1   [ RunTime:0.0009s ]
SQL: SELECT * FROM `tp_returnmessage` WHERE ( mid=19 )  [ RunTime:0.0013s ]
INFO: [ view_parse ] --START--
INFO: [ template_filter ] --START--
INFO: Run Behavior\ContentReplaceBehavior [ RunTime:0.000338s ]
INFO: [ template_filter ] --END-- [ RunTime:0.000768s ]
NOTIC: [8] Undefined index: publishtime F:\wamp\wamp\www\blog\Application\Runtime\Cache\Admin\5d27278f9203740e7047ff2b17c18431.php 第 76 行.
INFO: Run Behavior\ParseTemplateBehavior [ RunTime:0.086844s ]
INFO: [ view_parse ] --END-- [ RunTime:0.087471s ]
INFO: [ view_filter ] --START--
INFO: Run Behavior\WriteHtmlCacheBehavior [ RunTime:0.008312s ]
INFO: [ view_filter ] --END-- [ RunTime:0.008714s ]
INFO: [ app_end ] --START--
INFO: Run Behavior\ShowPageTraceBehavior [ RunTime:0.017366s ]
INFO: [ app_end ] --END-- [ RunTime:0.017817s ]

[ 2017-01-21T14:22:06+08:00 ] ::1 /blog/index.php/Admin/Message/editmes/id/19
INFO: [ app_init ] --START--
INFO: Run Behavior\BuildLiteBehavior [ RunTime:0.000263s ]
INFO: [ app_init ] --END-- [ RunTime:0.013012s ]
INFO: [ app_begin ] --START--
INFO: Run Behavior\ReadHtmlCacheBehavior [ RunTime:0.017274s ]
INFO: [ app_begin ] --END-- [ RunTime:0.018088s ]
SQL: SHOW COLUMNS FROM `tp_user` [ RunTime:0.1397s ]
SQL: SELECT `lasttime` FROM `tp_user` WHERE `username` = 'hzx' LIMIT 1   [ RunTime:0.0024s ]
SQL: SHOW COLUMNS FROM `tp_returnmessage` [ RunTime:0.1950s ]
SQL: SHOW COLUMNS FROM `tp_message` [ RunTime:0.1439s ]
SQL: SELECT * FROM `tp_message` WHERE ( id=19 )  [ RunTime:0.0021s ]
SQL: SELECT COUNT(*) AS tp_count FROM `tp_returnmessage` LIMIT 1   [ RunTime:0.0017s ]
SQL: SELECT * FROM `tp_returnmessage` WHERE ( mid=19 )  [ RunTime:0.0017s ]
INFO: [ view_parse ] --START--
INFO: [ template_filter ] --START--
INFO: Run Behavior\ContentReplaceBehavior [ RunTime:0.000350s ]
INFO: [ template_filter ] --END-- [ RunTime:0.000846s ]
NOTIC: [8] Undefined index: publishtime F:\wamp\wamp\www\blog\Application\Runtime\Cache\Admin\5d27278f9203740e7047ff2b17c18431.php 第 77 行.
INFO: Run Behavior\ParseTemplateBehavior [ RunTime:0.129224s ]
INFO: [ view_parse ] --END-- [ RunTime:0.129934s ]
INFO: [ view_filter ] --START--
INFO: Run Behavior\WriteHtmlCacheBehavior [ RunTime:0.014240s ]
INFO: [ view_filter ] --END-- [ RunTime:0.014831s ]
INFO: [ app_end ] --START--
INFO: Run Behavior\ShowPageTraceBehavior [ RunTime:0.016158s ]
INFO: [ app_end ] --END-- [ RunTime:0.016713s ]

[ 2017-01-21T14:22:54+08:00 ] ::1 /blog/index.php/Admin/Message/editmes/id/19
INFO: [ app_init ] --START--
INFO: Run Behavior\BuildLiteBehavior [ RunTime:0.000102s ]
INFO: [ app_init ] --END-- [ RunTime:0.010524s ]
INFO: [ app_begin ] --START--
INFO: Run Behavior\ReadHtmlCacheBehavior [ RunTime:0.010979s ]
INFO: [ app_begin ] --END-- [ RunTime:0.011464s ]
SQL: SHOW COLUMNS FROM `tp_user` [ RunTime:0.1055s ]
SQL: SELECT `lasttime` FROM `tp_user` WHERE `username` = 'hzx' LIMIT 1   [ RunTime:0.0012s ]
SQL: SHOW COLUMNS FROM `tp_returnmessage` [ RunTime:0.0834s ]
SQL: SHOW COLUMNS FROM `tp_message` [ RunTime:0.1082s ]
SQL: SELECT * FROM `tp_message` WHERE ( id=19 )  [ RunTime:0.0013s ]
SQL: SELECT COUNT(*) AS tp_count FROM `tp_returnmessage` LIMIT 1   [ RunTime:0.0011s ]
SQL: SELECT * FROM `tp_returnmessage` WHERE ( mid=19 )  [ RunTime:0.0013s ]
INFO: [ view_parse ] --START--
INFO: [ template_filter ] --START--
INFO: Run Behavior\ContentReplaceBehavior [ RunTime:0.000567s ]
INFO: [ template_filter ] --END-- [ RunTime:0.001156s ]
NOTIC: [8] Undefined index: publishtime F:\wamp\wamp\www\blog\Application\Runtime\Cache\Admin\5d27278f9203740e7047ff2b17c18431.php 第 77 行.
INFO: Run Behavior\ParseTemplateBehavior [ RunTime:0.097976s ]
INFO: [ view_parse ] --END-- [ RunTime:0.098414s ]
INFO: [ view_filter ] --START--
INFO: Run Behavior\WriteHtmlCacheBehavior [ RunTime:0.010659s ]
INFO: [ view_filter ] --END-- [ RunTime:0.011206s ]
INFO: [ app_end ] --START--
INFO: Run Behavior\ShowPageTraceBehavior [ RunTime:0.015883s ]
INFO: [ app_end ] --END-- [ RunTime:0.016501s ]

[ 2017-01-21T14:23:26+08:00 ] ::1 /blog/index.php/Admin/Message/editmes/id/19
INFO: [ app_init ] --START--
INFO: Run Behavior\BuildLiteBehavior [ RunTime:0.000118s ]
INFO: [ app_init ] --END-- [ RunTime:0.007239s ]
INFO: [ app_begin ] --START--
INFO: Run Behavior\ReadHtmlCacheBehavior [ RunTime:0.010195s ]
INFO: [ app_begin ] --END-- [ RunTime:0.010799s ]
SQL: SHOW COLUMNS FROM `tp_user` [ RunTime:0.0805s ]
SQL: SELECT `lasttime` FROM `tp_user` WHERE `username` = 'hzx' LIMIT 1   [ RunTime:0.0011s ]
SQL: SHOW COLUMNS FROM `tp_returnmessage` [ RunTime:0.0988s ]
SQL: SHOW COLUMNS FROM `tp_message` [ RunTime:0.1116s ]
SQL: SELECT * FROM `tp_message` WHERE ( id=19 )  [ RunTime:0.0013s ]
SQL: SELECT COUNT(*) AS tp_count FROM `tp_returnmessage` LIMIT 1   [ RunTime:0.0010s ]
SQL: SELECT * FROM `tp_returnmessage` WHERE ( mid=19 )  [ RunTime:0.0017s ]
INFO: [ view_parse ] --START--
INFO: [ template_filter ] --START--
INFO: Run Behavior\ContentReplaceBehavior [ RunTime:0.000849s ]
INFO: [ template_filter ] --END-- [ RunTime:0.001850s ]
NOTIC: [8] Undefined index: publishtime F:\wamp\wamp\www\blog\Application\Runtime\Cache\Admin\5d27278f9203740e7047ff2b17c18431.php 第 77 行.
INFO: Run Behavior\ParseTemplateBehavior [ RunTime:0.105917s ]
INFO: [ view_parse ] --END-- [ RunTime:0.106509s ]
INFO: [ view_filter ] --START--
INFO: Run Behavior\WriteHtmlCacheBehavior [ RunTime:0.010685s ]
INFO: [ view_filter ] --END-- [ RunTime:0.011293s ]
INFO: [ app_end ] --START--
INFO: Run Behavior\ShowPageTraceBehavior [ RunTime:0.014427s ]
INFO: [ app_end ] --END-- [ RunTime:0.015156s ]

[ 2017-01-21T14:24:04+08:00 ] ::1 /blog/index.php/Admin/Message/editmes/id/19
INFO: [ app_init ] --START--
INFO: Run Behavior\BuildLiteBehavior [ RunTime:0.000103s ]
INFO: [ app_init ] --END-- [ RunTime:0.008095s ]
INFO: [ app_begin ] --START--
INFO: Run Behavior\ReadHtmlCacheBehavior [ RunTime:0.010428s ]
INFO: [ app_begin ] --END-- [ RunTime:0.010972s ]
SQL: SHOW COLUMNS FROM `tp_user` [ RunTime:0.0900s ]
SQL: SELECT `lasttime` FROM `tp_user` WHERE `username` = 'hzx' LIMIT 1   [ RunTime:0.0011s ]
SQL: SHOW COLUMNS FROM `tp_returnmessage` [ RunTime:0.1119s ]
SQL: SHOW COLUMNS FROM `tp_message` [ RunTime:0.0824s ]
SQL: SELECT * FROM `tp_message` WHERE ( id=19 )  [ RunTime:0.0012s ]
SQL: SELECT COUNT(*) AS tp_count FROM `tp_returnmessage` LIMIT 1   [ RunTime:0.0009s ]
SQL: SELECT * FROM `tp_returnmessage` WHERE ( mid=19 )  [ RunTime:0.0014s ]
INFO: [ view_parse ] --START--
INFO: [ template_filter ] --START--
INFO: Run Behavior\ContentReplaceBehavior [ RunTime:0.000346s ]
INFO: [ template_filter ] --END-- [ RunTime:0.000763s ]
NOTIC: [8] Undefined index: publishtime F:\wamp\wamp\www\blog\Application\Runtime\Cache\Admin\5d27278f9203740e7047ff2b17c18431.php 第 77 行.
INFO: Run Behavior\ParseTemplateBehavior [ RunTime:0.084223s ]
INFO: [ view_parse ] --END-- [ RunTime:0.084659s ]
INFO: [ view_filter ] --START--
INFO: Run Behavior\WriteHtmlCacheBehavior [ RunTime:0.010978s ]
INFO: [ view_filter ] --END-- [ RunTime:0.011439s ]
INFO: [ app_end ] --START--
INFO: Run Behavior\ShowPageTraceBehavior [ RunTime:0.011932s ]
INFO: [ app_end ] --END-- [ RunTime:0.012502s ]

[ 2017-01-21T14:25:42+08:00 ] ::1 /blog/index.php/Admin/Message/editmes/id/19
INFO: [ app_init ] --START--
INFO: Run Behavior\BuildLiteBehavior [ RunTime:0.000147s ]
INFO: [ app_init ] --END-- [ RunTime:0.010879s ]
INFO: [ app_begin ] --START--
INFO: Run Behavior\ReadHtmlCacheBehavior [ RunTime:0.007709s ]
INFO: [ app_begin ] --END-- [ RunTime:0.008696s ]
SQL: SHOW COLUMNS FROM `tp_user` [ RunTime:0.1396s ]
SQL: SELECT `lasttime` FROM `tp_user` WHERE `username` = 'hzx' LIMIT 1   [ RunTime:0.0011s ]
SQL: SHOW COLUMNS FROM `tp_returnmessage` [ RunTime:0.0967s ]
SQL: SHOW COLUMNS FROM `tp_message` [ RunTime:0.1124s ]
SQL: SELECT * FROM `tp_message` WHERE ( id=19 )  [ RunTime:0.0012s ]
SQL: SELECT COUNT(*) AS tp_count FROM `tp_returnmessage` LIMIT 1   [ RunTime:0.0009s ]
SQL: SELECT * FROM `tp_returnmessage` WHERE ( mid=19 )  [ RunTime:0.0013s ]
INFO: [ view_parse ] --START--
INFO: [ template_filter ] --START--
INFO: Run Behavior\ContentReplaceBehavior [ RunTime:0.000810s ]
INFO: [ template_filter ] --END-- [ RunTime:0.001603s ]
NOTIC: [8] Undefined index: publishtime F:\wamp\wamp\www\blog\Application\Runtime\Cache\Admin\5d27278f9203740e7047ff2b17c18431.php 第 77 行.
INFO: Run Behavior\ParseTemplateBehavior [ RunTime:0.092597s ]
INFO: [ view_parse ] --END-- [ RunTime:0.093179s ]
INFO: [ view_filter ] --START--
INFO: Run Behavior\WriteHtmlCacheBehavior [ RunTime:0.009905s ]
INFO: [ view_filter ] --END-- [ RunTime:0.010516s ]
INFO: [ app_end ] --START--
INFO: Run Behavior\ShowPageTraceBehavior [ RunTime:0.014611s ]
INFO: [ app_end ] --END-- [ RunTime:0.015282s ]

[ 2017-01-21T14:26:25+08:00 ] ::1 /blog/index.php/Admin/Message/editmes/id/19
INFO: [ app_init ] --START--
INFO: Run Behavior\BuildLiteBehavior [ RunTime:0.000105s ]
INFO: [ app_init ] --END-- [ RunTime:0.007505s ]
INFO: [ app_begin ] --START--
INFO: Run Behavior\ReadHtmlCacheBehavior [ RunTime:0.011491s ]
INFO: [ app_begin ] --END-- [ RunTime:0.012171s ]
SQL: SHOW COLUMNS FROM `tp_user` [ RunTime:0.1463s ]
SQL: SELECT `lasttime` FROM `tp_user` WHERE `username` = 'hzx' LIMIT 1   [ RunTime:0.0011s ]
SQL: SHOW COLUMNS FROM `tp_returnmessage` [ RunTime:0.1003s ]
SQL: SHOW COLUMNS FROM `tp_message` [ RunTime:0.0639s ]
SQL: SELECT * FROM `tp_message` WHERE ( id=19 )  [ RunTime:0.0019s ]
SQL: SELECT COUNT(*) AS tp_count FROM `tp_returnmessage` LIMIT 1   [ RunTime:0.0011s ]
SQL: SELECT * FROM `tp_returnmessage` WHERE ( mid=19 )  [ RunTime:0.0014s ]
INFO: [ view_parse ] --START--
INFO: [ template_filter ] --START--
INFO: Run Behavior\ContentReplaceBehavior [ RunTime:0.000421s ]
INFO: [ template_filter ] --END-- [ RunTime:0.001071s ]
INFO: Run Behavior\ParseTemplateBehavior [ RunTime:0.091396s ]
INFO: [ view_parse ] --END-- [ RunTime:0.091842s ]
INFO: [ view_filter ] --START--
INFO: Run Behavior\WriteHtmlCacheBehavior [ RunTime:0.011368s ]
INFO: [ view_filter ] --END-- [ RunTime:0.011784s ]
INFO: [ app_end ] --START--
INFO: Run Behavior\ShowPageTraceBehavior [ RunTime:0.014143s ]
INFO: [ app_end ] --END-- [ RunTime:0.014836s ]

[ 2017-01-21T14:27:42+08:00 ] ::1 /blog/index.php/Admin/Message/editmes/id/19
INFO: [ app_init ] --START--
INFO: Run Behavior\BuildLiteBehavior [ RunTime:0.000126s ]
INFO: [ app_init ] --END-- [ RunTime:0.007617s ]
INFO: [ app_begin ] --START--
INFO: Run Behavior\ReadHtmlCacheBehavior [ RunTime:0.010285s ]
INFO: [ app_begin ] --END-- [ RunTime:0.010795s ]
SQL: SHOW COLUMNS FROM `tp_user` [ RunTime:0.0990s ]
SQL: SELECT `lasttime` FROM `tp_user` WHERE `username` = 'hzx' LIMIT 1   [ RunTime:0.0011s ]
SQL: SHOW COLUMNS FROM `tp_returnmessage` [ RunTime:0.0930s ]
SQL: SHOW COLUMNS FROM `tp_message` [ RunTime:0.0945s ]
SQL: SELECT * FROM `tp_message` WHERE ( id=19 )  [ RunTime:0.0012s ]
SQL: SELECT COUNT(*) AS tp_count FROM `tp_returnmessage` WHERE ( mid=19 ) LIMIT 1   [ RunTime:0.0010s ]
SQL: SELECT * FROM `tp_returnmessage` WHERE ( mid=19 )  [ RunTime:0.0013s ]
INFO: [ view_parse ] --START--
INFO: [ template_filter ] --START--
INFO: Run Behavior\ContentReplaceBehavior [ RunTime:0.000360s ]
INFO: [ template_filter ] --END-- [ RunTime:0.000789s ]
INFO: Run Behavior\ParseTemplateBehavior [ RunTime:0.086509s ]
INFO: [ view_parse ] --END-- [ RunTime:0.086970s ]
INFO: [ view_filter ] --START--
INFO: Run Behavior\WriteHtmlCacheBehavior [ RunTime:0.010419s ]
INFO: [ view_filter ] --END-- [ RunTime:0.010839s ]
INFO: [ app_end ] --START--
INFO: Run Behavior\ShowPageTraceBehavior [ RunTime:0.016273s ]
INFO: [ app_end ] --END-- [ RunTime:0.016726s ]

[ 2017-01-21T14:28:33+08:00 ] ::1 /blog/index.php/Admin/Message/editmes/id/19
INFO: [ app_init ] --START--
INFO: Run Behavior\BuildLiteBehavior [ RunTime:0.000119s ]
INFO: [ app_init ] --END-- [ RunTime:0.008003s ]
INFO: [ app_begin ] --START--
INFO: Run Behavior\ReadHtmlCacheBehavior [ RunTime:0.013477s ]
INFO: [ app_begin ] --END-- [ RunTime:0.014137s ]
SQL: SHOW COLUMNS FROM `tp_user` [ RunTime:0.1203s ]
SQL: SELECT `lasttime` FROM `tp_user` WHERE `username` = 'hzx' LIMIT 1   [ RunTime:0.0012s ]
SQL: SHOW COLUMNS FROM `tp_returnmessage` [ RunTime:0.0847s ]
SQL: SHOW COLUMNS FROM `tp_message` [ RunTime:0.1035s ]
SQL: SELECT * FROM `tp_message` WHERE ( id=19 )  [ RunTime:0.0015s ]
SQL: SELECT COUNT(*) AS tp_count FROM `tp_returnmessage` WHERE ( mid=19 ) LIMIT 1   [ RunTime:0.0014s ]
SQL: SELECT * FROM `tp_returnmessage` WHERE ( mid=19 )  [ RunTime:0.0015s ]
INFO: [ view_parse ] --START--
INFO: [ template_filter ] --START--
INFO: Run Behavior\ContentReplaceBehavior [ RunTime:0.000669s ]
INFO: [ template_filter ] --END-- [ RunTime:0.001695s ]
INFO: Run Behavior\ParseTemplateBehavior [ RunTime:0.109700s ]
INFO: [ view_parse ] --END-- [ RunTime:0.110310s ]
INFO: [ view_filter ] --START--
INFO: Run Behavior\WriteHtmlCacheBehavior [ RunTime:0.011370s ]
INFO: [ view_filter ] --END-- [ RunTime:0.012207s ]
INFO: [ app_end ] --START--
INFO: Run Behavior\ShowPageTraceBehavior [ RunTime:0.012797s ]
INFO: [ app_end ] --END-- [ RunTime:0.013497s ]

[ 2017-01-21T14:29:12+08:00 ] ::1 /blog/index.php/Admin/Message/editmes/id/19
INFO: [ app_init ] --START--
INFO: Run Behavior\BuildLiteBehavior [ RunTime:0.000101s ]
INFO: [ app_init ] --END-- [ RunTime:0.008507s ]
INFO: [ app_begin ] --START--
INFO: Run Behavior\ReadHtmlCacheBehavior [ RunTime:0.012406s ]
INFO: [ app_begin ] --END-- [ RunTime:0.013235s ]
SQL: SHOW COLUMNS FROM `tp_user` [ RunTime:0.1084s ]
SQL: SELECT `lasttime` FROM `tp_user` WHERE `username` = 'hzx' LIMIT 1   [ RunTime:0.0011s ]
SQL: SHOW COLUMNS FROM `tp_returnmessage` [ RunTime:0.1164s ]
SQL: SHOW COLUMNS FROM `tp_message` [ RunTime:0.1107s ]
SQL: SELECT * FROM `tp_message` WHERE ( id=19 )  [ RunTime:0.0013s ]
SQL: SELECT COUNT(*) AS tp_count FROM `tp_returnmessage` WHERE ( mid=19 ) LIMIT 1   [ RunTime:0.0010s ]
SQL: SELECT * FROM `tp_returnmessage` WHERE ( mid=19 )  [ RunTime:0.0015s ]
INFO: [ view_parse ] --START--
INFO: [ template_filter ] --START--
INFO: Run Behavior\ContentReplaceBehavior [ RunTime:0.000374s ]
INFO: [ template_filter ] --END-- [ RunTime:0.000791s ]
INFO: Run Behavior\ParseTemplateBehavior [ RunTime:0.107004s ]
INFO: [ view_parse ] --END-- [ RunTime:0.107772s ]
INFO: [ view_filter ] --START--
INFO: Run Behavior\WriteHtmlCacheBehavior [ RunTime:0.010418s ]
INFO: [ view_filter ] --END-- [ RunTime:0.010842s ]
INFO: [ app_end ] --START--
INFO: Run Behavior\ShowPageTraceBehavior [ RunTime:0.015033s ]
INFO: [ app_end ] --END-- [ RunTime:0.015635s ]

[ 2017-01-21T14:29:39+08:00 ] ::1 /blog/index.php/Admin/Message/editmes/id/19
INFO: [ app_init ] --START--
INFO: Run Behavior\BuildLiteBehavior [ RunTime:0.000144s ]
INFO: [ app_init ] --END-- [ RunTime:0.009229s ]
INFO: [ app_begin ] --START--
INFO: Run Behavior\ReadHtmlCacheBehavior [ RunTime:0.013152s ]
INFO: [ app_begin ] --END-- [ RunTime:0.014278s ]
SQL: SHOW COLUMNS FROM `tp_user` [ RunTime:0.1151s ]
SQL: SELECT `lasttime` FROM `tp_user` WHERE `username` = 'hzx' LIMIT 1   [ RunTime:0.0011s ]
SQL: SHOW COLUMNS FROM `tp_returnmessage` [ RunTime:0.1246s ]
SQL: SHOW COLUMNS FROM `tp_message` [ RunTime:0.1139s ]
SQL: SELECT * FROM `tp_message` WHERE ( id=19 )  [ RunTime:0.0015s ]
SQL: SELECT COUNT(*) AS tp_count FROM `tp_returnmessage` WHERE ( mid=19 ) LIMIT 1   [ RunTime:0.0016s ]
SQL: SELECT * FROM `tp_returnmessage` WHERE ( mid=19 )  [ RunTime:0.0015s ]
INFO: [ view_parse ] --START--
INFO: [ template_filter ] --START--
INFO: Run Behavior\ContentReplaceBehavior [ RunTime:0.000454s ]
INFO: [ template_filter ] --END-- [ RunTime:0.000949s ]
INFO: Run Behavior\ParseTemplateBehavior [ RunTime:0.107056s ]
INFO: [ view_parse ] --END-- [ RunTime:0.107707s ]
INFO: [ view_filter ] --START--
INFO: Run Behavior\WriteHtmlCacheBehavior [ RunTime:0.011200s ]
INFO: [ view_filter ] --END-- [ RunTime:0.011776s ]
INFO: [ app_end ] --START--
INFO: Run Behavior\ShowPageTraceBehavior [ RunTime:0.013661s ]
INFO: [ app_end ] --END-- [ RunTime:0.014421s ]

[ 2017-01-21T14:30:25+08:00 ] ::1 /blog/index.php/Admin/Message/editmes/id/19
INFO: [ app_init ] --START--
INFO: Run Behavior\BuildLiteBehavior [ RunTime:0.000096s ]
INFO: [ app_init ] --END-- [ RunTime:0.007198s ]
INFO: [ app_begin ] --START--
INFO: Run Behavior\ReadHtmlCacheBehavior [ RunTime:0.011656s ]
INFO: [ app_begin ] --END-- [ RunTime:0.012228s ]
SQL: SHOW COLUMNS FROM `tp_user` [ RunTime:0.1005s ]
SQL: SELECT `lasttime` FROM `tp_user` WHERE `username` = 'hzx' LIMIT 1   [ RunTime:0.0014s ]
SQL: SHOW COLUMNS FROM `tp_returnmessage` [ RunTime:0.0918s ]
SQL: SHOW COLUMNS FROM `tp_message` [ RunTime:0.0831s ]
SQL: SELECT * FROM `tp_message` WHERE ( id=19 )  [ RunTime:0.0014s ]
SQL: SELECT COUNT(*) AS tp_count FROM `tp_returnmessage` WHERE ( mid=19 ) LIMIT 1   [ RunTime:0.0012s ]
SQL: SELECT * FROM `tp_returnmessage` WHERE ( mid=19 )  [ RunTime:0.0014s ]
INFO: [ view_parse ] --START--
INFO: [ template_filter ] --START--
INFO: Run Behavior\ContentReplaceBehavior [ RunTime:0.000362s ]
INFO: [ template_filter ] --END-- [ RunTime:0.000848s ]
INFO: Run Behavior\ParseTemplateBehavior [ RunTime:0.089205s ]
INFO: [ view_parse ] --END-- [ RunTime:0.089680s ]
INFO: [ view_filter ] --START--
INFO: Run Behavior\WriteHtmlCacheBehavior [ RunTime:0.009409s ]
INFO: [ view_filter ] --END-- [ RunTime:0.009834s ]
INFO: [ app_end ] --START--
INFO: Run Behavior\ShowPageTraceBehavior [ RunTime:0.016012s ]
INFO: [ app_end ] --END-- [ RunTime:0.016643s ]

[ 2017-01-21T14:31:08+08:00 ] ::1 /blog/index.php/Admin/Message/editmes/id/19
INFO: [ app_init ] --START--
INFO: Run Behavior\BuildLiteBehavior [ RunTime:0.000095s ]
INFO: [ app_init ] --END-- [ RunTime:0.007605s ]
INFO: [ app_begin ] --START--
INFO: Run Behavior\ReadHtmlCacheBehavior [ RunTime:0.009843s ]
INFO: [ app_begin ] --END-- [ RunTime:0.010341s ]
SQL: SHOW COLUMNS FROM `tp_user` [ RunTime:0.1181s ]
SQL: SELECT `lasttime` FROM `tp_user` WHERE `username` = 'hzx' LIMIT 1   [ RunTime:0.0012s ]
SQL: SHOW COLUMNS FROM `tp_returnmessage` [ RunTime:0.1579s ]
SQL: SHOW COLUMNS FROM `tp_message` [ RunTime:0.1278s ]
SQL: SELECT * FROM `tp_message` WHERE ( id=19 )  [ RunTime:0.0016s ]
SQL: SELECT COUNT(*) AS tp_count FROM `tp_returnmessage` WHERE ( mid=19 ) LIMIT 1   [ RunTime:0.0011s ]
SQL: SELECT * FROM `tp_returnmessage` WHERE ( mid=19 )  [ RunTime:0.0014s ]
INFO: [ view_parse ] --START--
INFO: [ template_filter ] --START--
INFO: Run Behavior\ContentReplaceBehavior [ RunTime:0.000392s ]
INFO: [ template_filter ] --END-- [ RunTime:0.000826s ]
INFO: Run Behavior\ParseTemplateBehavior [ RunTime:0.095840s ]
INFO: [ view_parse ] --END-- [ RunTime:0.096440s ]
INFO: [ view_filter ] --START--
INFO: Run Behavior\WriteHtmlCacheBehavior [ RunTime:0.010100s ]
INFO: [ view_filter ] --END-- [ RunTime:0.010664s ]
INFO: [ app_end ] --START--
INFO: Run Behavior\ShowPageTraceBehavior [ RunTime:0.012006s ]
INFO: [ app_end ] --END-- [ RunTime:0.012609s ]

[ 2017-01-21T14:31:52+08:00 ] ::1 /blog/index.php/Admin/Message/editmes/id/19
INFO: [ app_init ] --START--
INFO: Run Behavior\BuildLiteBehavior [ RunTime:0.000093s ]
INFO: [ app_init ] --END-- [ RunTime:0.006190s ]
INFO: [ app_begin ] --START--
INFO: Run Behavior\ReadHtmlCacheBehavior [ RunTime:0.009898s ]
INFO: [ app_begin ] --END-- [ RunTime:0.010483s ]
SQL: SHOW COLUMNS FROM `tp_user` [ RunTime:0.1009s ]
SQL: SELECT `lasttime` FROM `tp_user` WHERE `username` = 'hzx' LIMIT 1   [ RunTime:0.0011s ]
SQL: SHOW COLUMNS FROM `tp_returnmessage` [ RunTime:0.1174s ]
SQL: SHOW COLUMNS FROM `tp_message` [ RunTime:0.1091s ]
SQL: SELECT * FROM `tp_message` WHERE ( id=19 )  [ RunTime:0.0015s ]
SQL: SELECT COUNT(*) AS tp_count FROM `tp_returnmessage` WHERE ( mid=19 ) LIMIT 1   [ RunTime:0.0010s ]
SQL: SELECT * FROM `tp_returnmessage` WHERE ( mid=19 )  [ RunTime:0.0013s ]
INFO: [ view_parse ] --START--
INFO: [ template_filter ] --START--
INFO: Run Behavior\ContentReplaceBehavior [ RunTime:0.000438s ]
INFO: [ template_filter ] --END-- [ RunTime:0.000967s ]
INFO: Run Behavior\ParseTemplateBehavior [ RunTime:0.107864s ]
INFO: [ view_parse ] --END-- [ RunTime:0.108446s ]
INFO: [ view_filter ] --START--
INFO: Run Behavior\WriteHtmlCacheBehavior [ RunTime:0.010652s ]
INFO: [ view_filter ] --END-- [ RunTime:0.011241s ]
INFO: [ app_end ] --START--
INFO: Run Behavior\ShowPageTraceBehavior [ RunTime:0.018581s ]
INFO: [ app_end ] --END-- [ RunTime:0.019591s ]

[ 2017-01-21T14:33:06+08:00 ] ::1 /blog/index.php/Admin/Message/editmes/id/19
INFO: [ app_init ] --START--
INFO: Run Behavior\BuildLiteBehavior [ RunTime:0.000090s ]
INFO: [ app_init ] --END-- [ RunTime:0.005914s ]
INFO: [ app_begin ] --START--
INFO: Run Behavior\ReadHtmlCacheBehavior [ RunTime:0.009885s ]
INFO: [ app_begin ] --END-- [ RunTime:0.010379s ]
SQL: SHOW COLUMNS FROM `tp_user` [ RunTime:0.2060s ]
SQL: SELECT `lasttime` FROM `tp_user` WHERE `username` = 'hzx' LIMIT 1   [ RunTime:0.0013s ]
SQL: SHOW COLUMNS FROM `tp_returnmessage` [ RunTime:0.1360s ]
SQL: SHOW COLUMNS FROM `tp_message` [ RunTime:0.1254s ]
SQL: SELECT * FROM `tp_message` WHERE ( id=19 )  [ RunTime:0.0012s ]
SQL: SELECT COUNT(*) AS tp_count FROM `tp_returnmessage` WHERE ( mid=19 ) LIMIT 1   [ RunTime:0.0013s ]
SQL: SELECT * FROM `tp_returnmessage` WHERE ( mid=19 )  [ RunTime:0.0015s ]
INFO: [ view_parse ] --START--
INFO: [ template_filter ] --START--
INFO: Run Behavior\ContentReplaceBehavior [ RunTime:0.000591s ]
INFO: [ template_filter ] --END-- [ RunTime:0.001281s ]
INFO: Run Behavior\ParseTemplateBehavior [ RunTime:0.139895s ]
INFO: [ view_parse ] --END-- [ RunTime:0.140643s ]
INFO: [ view_filter ] --START--
INFO: Run Behavior\WriteHtmlCacheBehavior [ RunTime:0.013165s ]
INFO: [ view_filter ] --END-- [ RunTime:0.013970s ]
INFO: [ app_end ] --START--
INFO: Run Behavior\ShowPageTraceBehavior [ RunTime:0.016197s ]
INFO: [ app_end ] --END-- [ RunTime:0.017032s ]

[ 2017-01-21T14:37:44+08:00 ] ::1 /blog/index.php/Admin/Message/editmes/id/19
INFO: [ app_init ] --START--
INFO: Run Behavior\BuildLiteBehavior [ RunTime:0.000164s ]
INFO: [ app_init ] --END-- [ RunTime:0.009640s ]
INFO: [ app_begin ] --START--
INFO: Run Behavior\ReadHtmlCacheBehavior [ RunTime:0.012236s ]
INFO: [ app_begin ] --END-- [ RunTime:0.013004s ]
SQL: SHOW COLUMNS FROM `tp_user` [ RunTime:0.1390s ]
SQL: SELECT `lasttime` FROM `tp_user` WHERE `username` = 'hzx' LIMIT 1   [ RunTime:0.0013s ]
SQL: SHOW COLUMNS FROM `tp_returnmessage` [ RunTime:0.0772s ]
SQL: SHOW COLUMNS FROM `tp_message` [ RunTime:0.0978s ]
SQL: SELECT * FROM `tp_message` WHERE ( id=19 )  [ RunTime:0.0014s ]
SQL: SELECT COUNT(*) AS tp_count FROM `tp_returnmessage` WHERE ( mid=19 ) LIMIT 1   [ RunTime:0.0011s ]
SQL: SELECT * FROM `tp_returnmessage` WHERE ( mid=19 )  [ RunTime:0.0014s ]
INFO: [ view_parse ] --START--
INFO: [ template_filter ] --START--
INFO: Run Behavior\ContentReplaceBehavior [ RunTime:0.000382s ]
INFO: [ template_filter ] --END-- [ RunTime:0.000815s ]
INFO: Run Behavior\ParseTemplateBehavior [ RunTime:0.091677s ]
INFO: [ view_parse ] --END-- [ RunTime:0.092145s ]
INFO: [ view_filter ] --START--
INFO: Run Behavior\WriteHtmlCacheBehavior [ RunTime:0.007689s ]
INFO: [ view_filter ] --END-- [ RunTime:0.008176s ]
INFO: [ app_end ] --START--
INFO: Run Behavior\ShowPageTraceBehavior [ RunTime:0.020453s ]
INFO: [ app_end ] --END-- [ RunTime:0.021201s ]

[ 2017-01-21T14:38:12+08:00 ] ::1 /blog/index.php/Admin/Message/editmes/id/19
INFO: [ app_init ] --START--
INFO: Run Behavior\BuildLiteBehavior [ RunTime:0.000107s ]
INFO: [ app_init ] --END-- [ RunTime:0.008477s ]
INFO: [ app_begin ] --START--
INFO: Run Behavior\ReadHtmlCacheBehavior [ RunTime:0.010501s ]
INFO: [ app_begin ] --END-- [ RunTime:0.011003s ]
SQL: SHOW COLUMNS FROM `tp_user` [ RunTime:0.1555s ]
SQL: SELECT `lasttime` FROM `tp_user` WHERE `username` = 'hzx' LIMIT 1   [ RunTime:0.0011s ]
SQL: SHOW COLUMNS FROM `tp_returnmessage` [ RunTime:0.1155s ]
SQL: SHOW COLUMNS FROM `tp_message` [ RunTime:0.1072s ]
SQL: SELECT * FROM `tp_message` WHERE ( id=19 )  [ RunTime:0.0014s ]
SQL: SELECT COUNT(*) AS tp_count FROM `tp_returnmessage` WHERE ( mid=19 ) LIMIT 1   [ RunTime:0.0011s ]
SQL: SELECT * FROM `tp_returnmessage` WHERE ( mid=19 )  [ RunTime:0.0016s ]
INFO: [ view_parse ] --START--
INFO: [ template_filter ] --START--
INFO: Run Behavior\ContentReplaceBehavior [ RunTime:0.000377s ]
INFO: [ template_filter ] --END-- [ RunTime:0.000800s ]
INFO: Run Behavior\ParseTemplateBehavior [ RunTime:0.094322s ]
INFO: [ view_parse ] --END-- [ RunTime:0.094800s ]
INFO: [ view_filter ] --START--
INFO: Run Behavior\WriteHtmlCacheBehavior [ RunTime:0.008074s ]
INFO: [ view_filter ] --END-- [ RunTime:0.008540s ]
INFO: [ app_end ] --START--
INFO: Run Behavior\ShowPageTraceBehavior [ RunTime:0.014019s ]
INFO: [ app_end ] --END-- [ RunTime:0.014595s ]

[ 2017-01-21T14:38:45+08:00 ] ::1 /blog/index.php/Admin/Message/editmes/id/19
INFO: [ app_init ] --START--
INFO: Run Behavior\BuildLiteBehavior [ RunTime:0.000093s ]
INFO: [ app_init ] --END-- [ RunTime:0.006327s ]
INFO: [ app_begin ] --START--
INFO: Run Behavior\ReadHtmlCacheBehavior [ RunTime:0.009700s ]
INFO: [ app_begin ] --END-- [ RunTime:0.010251s ]
SQL: SHOW COLUMNS FROM `tp_user` [ RunTime:0.1116s ]
SQL: SELECT `lasttime` FROM `tp_user` WHERE `username` = 'hzx' LIMIT 1   [ RunTime:0.0015s ]
SQL: SHOW COLUMNS FROM `tp_returnmessage` [ RunTime:0.1099s ]
SQL: SHOW COLUMNS FROM `tp_message` [ RunTime:0.1135s ]
SQL: SELECT * FROM `tp_message` WHERE ( id=19 )  [ RunTime:0.0015s ]
SQL: SELECT COUNT(*) AS tp_count FROM `tp_returnmessage` WHERE ( mid=19 ) LIMIT 1   [ RunTime:0.0013s ]
SQL: SELECT * FROM `tp_returnmessage` WHERE ( mid=19 )  [ RunTime:0.0014s ]
INFO: [ view_parse ] --START--
INFO: [ template_filter ] --START--
INFO: Run Behavior\ContentReplaceBehavior [ RunTime:0.000466s ]
INFO: [ template_filter ] --END-- [ RunTime:0.000942s ]
INFO: Run Behavior\ParseTemplateBehavior [ RunTime:0.100641s ]
INFO: [ view_parse ] --END-- [ RunTime:0.101173s ]
INFO: [ view_filter ] --START--
INFO: Run Behavior\WriteHtmlCacheBehavior [ RunTime:0.010083s ]
INFO: [ view_filter ] --END-- [ RunTime:0.010598s ]
INFO: [ app_end ] --START--
INFO: Run Behavior\ShowPageTraceBehavior [ RunTime:0.017051s ]
INFO: [ app_end ] --END-- [ RunTime:0.017714s ]

[ 2017-01-21T14:41:28+08:00 ] ::1 /blog/index.php/Admin/Message/editmes/id/19
INFO: [ app_init ] --START--
INFO: Run Behavior\BuildLiteBehavior [ RunTime:0.000154s ]
INFO: [ app_init ] --END-- [ RunTime:0.013016s ]
INFO: [ app_begin ] --START--
INFO: Run Behavior\ReadHtmlCacheBehavior [ RunTime:0.013221s ]
INFO: [ app_begin ] --END-- [ RunTime:0.013809s ]
SQL: SHOW COLUMNS FROM `tp_user` [ RunTime:0.1208s ]
SQL: SELECT `lasttime` FROM `tp_user` WHERE `username` = 'hzx' LIMIT 1   [ RunTime:0.0011s ]
SQL: SHOW COLUMNS FROM `tp_returnmessage` [ RunTime:0.1046s ]
SQL: SHOW COLUMNS FROM `tp_message` [ RunTime:0.0987s ]
SQL: SELECT * FROM `tp_message` WHERE ( id=19 )  [ RunTime:0.0013s ]
SQL: SELECT COUNT(*) AS tp_count FROM `tp_returnmessage` WHERE ( mid=19 ) LIMIT 1   [ RunTime:0.0013s ]
SQL: SELECT * FROM `tp_returnmessage` WHERE ( mid=19 )  [ RunTime:0.0014s ]
INFO: [ view_parse ] --START--
INFO: [ template_filter ] --START--
INFO: Run Behavior\ContentReplaceBehavior [ RunTime:0.000443s ]
INFO: [ template_filter ] --END-- [ RunTime:0.000952s ]
INFO: Run Behavior\ParseTemplateBehavior [ RunTime:0.093228s ]
INFO: [ view_parse ] --END-- [ RunTime:0.093730s ]
INFO: [ view_filter ] --START--
INFO: Run Behavior\WriteHtmlCacheBehavior [ RunTime:0.009445s ]
INFO: [ view_filter ] --END-- [ RunTime:0.009915s ]
INFO: [ app_end ] --START--
INFO: Run Behavior\ShowPageTraceBehavior [ RunTime:0.024891s ]
INFO: [ app_end ] --END-- [ RunTime:0.025706s ]

[ 2017-01-21T14:41:54+08:00 ] ::1 /blog/index.php/Admin/Message/editmes/id/19
INFO: [ app_init ] --START--
INFO: Run Behavior\BuildLiteBehavior [ RunTime:0.000097s ]
INFO: [ app_init ] --END-- [ RunTime:0.009074s ]
INFO: [ app_begin ] --START--
INFO: Run Behavior\ReadHtmlCacheBehavior [ RunTime:0.014003s ]
INFO: [ app_begin ] --END-- [ RunTime:0.014515s ]
SQL: SHOW COLUMNS FROM `tp_user` [ RunTime:0.1196s ]
SQL: SELECT `lasttime` FROM `tp_user` WHERE `username` = 'hzx' LIMIT 1   [ RunTime:0.0014s ]
SQL: SHOW COLUMNS FROM `tp_returnmessage` [ RunTime:0.1073s ]
SQL: SHOW COLUMNS FROM `tp_message` [ RunTime:0.1152s ]
SQL: SELECT * FROM `tp_message` WHERE ( id=19 )  [ RunTime:0.0013s ]
SQL: SELECT COUNT(*) AS tp_count FROM `tp_returnmessage` WHERE ( mid=19 ) LIMIT 1   [ RunTime:0.0010s ]
SQL: SELECT * FROM `tp_returnmessage` WHERE ( mid=19 )  [ RunTime:0.0014s ]
INFO: [ view_parse ] --START--
INFO: [ template_filter ] --START--
INFO: Run Behavior\ContentReplaceBehavior [ RunTime:0.000377s ]
INFO: [ template_filter ] --END-- [ RunTime:0.000836s ]
INFO: Run Behavior\ParseTemplateBehavior [ RunTime:0.101234s ]
INFO: [ view_parse ] --END-- [ RunTime:0.101836s ]
INFO: [ view_filter ] --START--
INFO: Run Behavior\WriteHtmlCacheBehavior [ RunTime:0.009212s ]
INFO: [ view_filter ] --END-- [ RunTime:0.009634s ]
INFO: [ app_end ] --START--
INFO: Run Behavior\ShowPageTraceBehavior [ RunTime:0.017205s ]
INFO: [ app_end ] --END-- [ RunTime:0.017652s ]

[ 2017-01-21T14:43:22+08:00 ] ::1 /blog/index.php/Admin/Message/editmes/id/19
INFO: [ app_init ] --START--
INFO: Run Behavior\BuildLiteBehavior [ RunTime:0.000094s ]
INFO: [ app_init ] --END-- [ RunTime:0.007228s ]
INFO: [ app_begin ] --START--
INFO: Run Behavior\ReadHtmlCacheBehavior [ RunTime:0.010809s ]
INFO: [ app_begin ] --END-- [ RunTime:0.011417s ]
SQL: SHOW COLUMNS FROM `tp_user` [ RunTime:0.1383s ]
SQL: SELECT `lasttime` FROM `tp_user` WHERE `username` = 'hzx' LIMIT 1   [ RunTime:0.0012s ]
SQL: SHOW COLUMNS FROM `tp_returnmessage` [ RunTime:0.1307s ]
SQL: SHOW COLUMNS FROM `tp_message` [ RunTime:0.1390s ]
SQL: SELECT * FROM `tp_message` WHERE ( id=19 )  [ RunTime:0.0013s ]
SQL: SELECT COUNT(*) AS tp_count FROM `tp_returnmessage` WHERE ( mid=19 ) LIMIT 1   [ RunTime:0.0010s ]
SQL: SELECT * FROM `tp_returnmessage` WHERE ( mid=19 )  [ RunTime:0.0017s ]
INFO: [ view_parse ] --START--
INFO: [ template_filter ] --START--
INFO: Run Behavior\ContentReplaceBehavior [ RunTime:0.000393s ]
INFO: [ template_filter ] --END-- [ RunTime:0.000821s ]
INFO: Run Behavior\ParseTemplateBehavior [ RunTime:0.100070s ]
INFO: [ view_parse ] --END-- [ RunTime:0.100588s ]
INFO: [ view_filter ] --START--
INFO: Run Behavior\WriteHtmlCacheBehavior [ RunTime:0.009510s ]
INFO: [ view_filter ] --END-- [ RunTime:0.010223s ]
INFO: [ app_end ] --START--
INFO: Run Behavior\ShowPageTraceBehavior [ RunTime:0.019564s ]
INFO: [ app_end ] --END-- [ RunTime:0.020495s ]

[ 2017-01-21T14:56:14+08:00 ] ::1 /blog/index.php/Admin/Message/editmes/id/19
INFO: [ app_init ] --START--
INFO: Run Behavior\BuildLiteBehavior [ RunTime:0.000116s ]
INFO: [ app_init ] --END-- [ RunTime:0.010437s ]
INFO: [ app_begin ] --START--
INFO: Run Behavior\ReadHtmlCacheBehavior [ RunTime:0.015419s ]
INFO: [ app_begin ] --END-- [ RunTime:0.016372s ]
SQL: SHOW COLUMNS FROM `tp_user` [ RunTime:0.1471s ]
SQL: SELECT `lasttime` FROM `tp_user` WHERE `username` = 'hzx' LIMIT 1   [ RunTime:0.0015s ]
SQL: SHOW COLUMNS FROM `tp_returnmessage` [ RunTime:0.1127s ]
SQL: SHOW COLUMNS FROM `tp_message` [ RunTime:0.1407s ]
SQL: SELECT * FROM `tp_message` WHERE ( id=19 )  [ RunTime:0.0012s ]
SQL: SELECT COUNT(*) AS tp_count FROM `tp_returnmessage` WHERE ( mid=19 ) LIMIT 1   [ RunTime:0.0011s ]
SQL: SELECT * FROM `tp_returnmessage` WHERE ( mid=19 )  [ RunTime:0.0013s ]
INFO: [ view_parse ] --START--
INFO: [ template_filter ] --START--
INFO: Run Behavior\ContentReplaceBehavior [ RunTime:0.000466s ]
INFO: [ template_filter ] --END-- [ RunTime:0.001014s ]
INFO: Run Behavior\ParseTemplateBehavior [ RunTime:0.105636s ]
INFO: [ view_parse ] --END-- [ RunTime:0.106084s ]
INFO: [ view_filter ] --START--
INFO: Run Behavior\WriteHtmlCacheBehavior [ RunTime:0.008332s ]
INFO: [ view_filter ] --END-- [ RunTime:0.008914s ]
INFO: [ app_end ] --START--
INFO: Run Behavior\ShowPageTraceBehavior [ RunTime:0.024790s ]
INFO: [ app_end ] --END-- [ RunTime:0.025686s ]

[ 2017-01-21T14:56:32+08:00 ] ::1 /blog/index.php/Admin/Message/returnmessage.html
INFO: [ app_init ] --START--
INFO: Run Behavior\BuildLiteBehavior [ RunTime:0.000103s ]
INFO: [ app_init ] --END-- [ RunTime:0.006981s ]
INFO: [ app_begin ] --START--
INFO: Run Behavior\ReadHtmlCacheBehavior [ RunTime:0.008400s ]
INFO: [ app_begin ] --END-- [ RunTime:0.008857s ]
SQL: SHOW COLUMNS FROM `tp_returnmessage` [ RunTime:0.0910s ]
SQL: SHOW COLUMNS FROM `tp_message` [ RunTime:0.1092s ]
SQL: SELECT `uid` FROM `tp_message` WHERE ( id=19 ) LIMIT 1   [ RunTime:0.0011s ]
SQL: INSERT INTO `tp_returnmessage` (`republishtime`,`mid`,`rname`,`mcontent`,`uid`) VALUES ('1484981792','19','hzx','欢迎您的再次光临！
','5') [ RunTime:0.2782s ]

[ 2017-01-21T14:56:33+08:00 ] ::1 /blog/index.php/Admin/Message/editmes/id/19
INFO: [ app_init ] --START--
INFO: Run Behavior\BuildLiteBehavior [ RunTime:0.000165s ]
INFO: [ app_init ] --END-- [ RunTime:0.007538s ]
INFO: [ app_begin ] --START--
INFO: Run Behavior\ReadHtmlCacheBehavior [ RunTime:0.011918s ]
INFO: [ app_begin ] --END-- [ RunTime:0.012446s ]
SQL: SHOW COLUMNS FROM `tp_user` [ RunTime:0.0950s ]
SQL: SELECT `lasttime` FROM `tp_user` WHERE `username` = 'hzx' LIMIT 1   [ RunTime:0.0011s ]
SQL: SHOW COLUMNS FROM `tp_returnmessage` [ RunTime:0.0954s ]
SQL: SHOW COLUMNS FROM `tp_message` [ RunTime:0.0853s ]
SQL: SELECT * FROM `tp_message` WHERE ( id=19 )  [ RunTime:0.0012s ]
SQL: SELECT COUNT(*) AS tp_count FROM `tp_returnmessage` WHERE ( mid=19 ) LIMIT 1   [ RunTime:0.0009s ]
SQL: SELECT * FROM `tp_returnmessage` WHERE ( mid=19 )  [ RunTime:0.0014s ]
INFO: [ view_parse ] --START--
INFO: [ template_filter ] --START--
INFO: Run Behavior\ContentReplaceBehavior [ RunTime:0.000401s ]
INFO: [ template_filter ] --END-- [ RunTime:0.000816s ]
INFO: Run Behavior\ParseTemplateBehavior [ RunTime:0.089939s ]
INFO: [ view_parse ] --END-- [ RunTime:0.090382s ]
INFO: [ view_filter ] --START--
INFO: Run Behavior\WriteHtmlCacheBehavior [ RunTime:0.009875s ]
INFO: [ view_filter ] --END-- [ RunTime:0.010284s ]
INFO: [ app_end ] --START--
INFO: Run Behavior\ShowPageTraceBehavior [ RunTime:0.014592s ]
INFO: [ app_end ] --END-- [ RunTime:0.015643s ]

[ 2017-01-21T14:58:13+08:00 ] ::1 /blog/index.php/Admin/Message/index.html
INFO: [ app_init ] --START--
INFO: Run Behavior\BuildLiteBehavior [ RunTime:0.000101s ]
INFO: [ app_init ] --END-- [ RunTime:0.008339s ]
INFO: [ app_begin ] --START--
INFO: Run Behavior\ReadHtmlCacheBehavior [ RunTime:0.011728s ]
INFO: [ app_begin ] --END-- [ RunTime:0.012372s ]
SQL: SHOW COLUMNS FROM `tp_user` [ RunTime:0.1155s ]
SQL: SELECT `lasttime` FROM `tp_user` WHERE `username` = 'hzx' LIMIT 1   [ RunTime:0.0014s ]
SQL: SHOW COLUMNS FROM `tp_message` [ RunTime:0.1124s ]
SQL: SELECT COUNT(*) AS tp_count FROM `tp_message` LIMIT 1   [ RunTime:0.0011s ]
SQL: SELECT * FROM `tp_message` ORDER BY publishtime desc LIMIT 0,6   [ RunTime:0.0015s ]
SQL: SHOW COLUMNS FROM `tp_returnmessage` [ RunTime:0.1407s ]
SQL: SELECT * FROM `tp_returnmessage` WHERE ( mid=19 ) LIMIT 1   [ RunTime:0.0014s ]
SQL: SELECT * FROM `tp_returnmessage` WHERE ( mid=18 ) LIMIT 1   [ RunTime:0.0011s ]
SQL: SELECT * FROM `tp_returnmessage` WHERE ( mid=17 ) LIMIT 1   [ RunTime:0.0012s ]
SQL: SELECT * FROM `tp_returnmessage` WHERE ( mid=16 ) LIMIT 1   [ RunTime:0.0013s ]
INFO: [ view_parse ] --START--
INFO: [ template_filter ] --START--
INFO: Run Behavior\ContentReplaceBehavior [ RunTime:0.000740s ]
INFO: [ template_filter ] --END-- [ RunTime:0.001346s ]
INFO: Run Behavior\ParseTemplateBehavior [ RunTime:0.093787s ]
INFO: [ view_parse ] --END-- [ RunTime:0.094287s ]
INFO: [ view_filter ] --START--
INFO: Run Behavior\WriteHtmlCacheBehavior [ RunTime:0.011878s ]
INFO: [ view_filter ] --END-- [ RunTime:0.012469s ]
INFO: [ app_end ] --START--
INFO: Run Behavior\ShowPageTraceBehavior [ RunTime:0.014359s ]
INFO: [ app_end ] --END-- [ RunTime:0.014996s ]

[ 2017-01-21T14:58:17+08:00 ] ::1 /blog/index.php/Admin/Message/editmes/id/17
INFO: [ app_init ] --START--
INFO: Run Behavior\BuildLiteBehavior [ RunTime:0.000094s ]
INFO: [ app_init ] --END-- [ RunTime:0.007325s ]
INFO: [ app_begin ] --START--
INFO: Run Behavior\ReadHtmlCacheBehavior [ RunTime:0.009432s ]
INFO: [ app_begin ] --END-- [ RunTime:0.010009s ]
SQL: SHOW COLUMNS FROM `tp_user` [ RunTime:0.0988s ]
SQL: SELECT `lasttime` FROM `tp_user` WHERE `username` = 'hzx' LIMIT 1   [ RunTime:0.0011s ]
SQL: SHOW COLUMNS FROM `tp_returnmessage` [ RunTime:0.0969s ]
SQL: SHOW COLUMNS FROM `tp_message` [ RunTime:0.1123s ]
SQL: SELECT * FROM `tp_message` WHERE ( id=17 )  [ RunTime:0.0013s ]
SQL: SELECT COUNT(*) AS tp_count FROM `tp_returnmessage` WHERE ( mid=17 ) LIMIT 1   [ RunTime:0.0011s ]
SQL: SELECT * FROM `tp_returnmessage` WHERE ( mid=17 )  [ RunTime:0.0013s ]
INFO: [ view_parse ] --START--
INFO: [ template_filter ] --START--
INFO: Run Behavior\ContentReplaceBehavior [ RunTime:0.000395s ]
INFO: [ template_filter ] --END-- [ RunTime:0.000840s ]
INFO: Run Behavior\ParseTemplateBehavior [ RunTime:0.097817s ]
INFO: [ view_parse ] --END-- [ RunTime:0.098427s ]
INFO: [ view_filter ] --START--
INFO: Run Behavior\WriteHtmlCacheBehavior [ RunTime:0.015235s ]
INFO: [ view_filter ] --END-- [ RunTime:0.015868s ]
INFO: [ app_end ] --START--
INFO: Run Behavior\ShowPageTraceBehavior [ RunTime:0.014947s ]
INFO: [ app_end ] --END-- [ RunTime:0.016016s ]

[ 2017-01-21T14:58:26+08:00 ] ::1 /blog/index.php/Admin/Message/returnmessage.html
INFO: [ app_init ] --START--
INFO: Run Behavior\BuildLiteBehavior [ RunTime:0.000130s ]
INFO: [ app_init ] --END-- [ RunTime:0.009368s ]
INFO: [ app_begin ] --START--
INFO: Run Behavior\ReadHtmlCacheBehavior [ RunTime:0.010570s ]
INFO: [ app_begin ] --END-- [ RunTime:0.011177s ]
SQL: SHOW COLUMNS FROM `tp_returnmessage` [ RunTime:0.0952s ]
SQL: SHOW COLUMNS FROM `tp_message` [ RunTime:0.0814s ]
SQL: SELECT `uid` FROM `tp_message` WHERE ( id=17 ) LIMIT 1   [ RunTime:0.0010s ]
SQL: INSERT INTO `tp_returnmessage` (`republishtime`,`mid`,`rname`,`mcontent`,`uid`) VALUES ('2017-01-21 14:58:26','17','hzx','<p>欢迎欢迎
</p>','3') [ RunTime:0.0651s ]

[ 2017-01-21T14:58:27+08:00 ] ::1 /blog/index.php/Admin/Message/editmes/id/17
INFO: [ app_init ] --START--
INFO: Run Behavior\BuildLiteBehavior [ RunTime:0.000157s ]
INFO: [ app_init ] --END-- [ RunTime:0.009924s ]
INFO: [ app_begin ] --START--
INFO: Run Behavior\ReadHtmlCacheBehavior [ RunTime:0.012926s ]
INFO: [ app_begin ] --END-- [ RunTime:0.013586s ]
SQL: SHOW COLUMNS FROM `tp_user` [ RunTime:0.1099s ]
SQL: SELECT `lasttime` FROM `tp_user` WHERE `username` = 'hzx' LIMIT 1   [ RunTime:0.0011s ]
SQL: SHOW COLUMNS FROM `tp_returnmessage` [ RunTime:0.0964s ]
SQL: SHOW COLUMNS FROM `tp_message` [ RunTime:0.1276s ]
SQL: SELECT * FROM `tp_message` WHERE ( id=17 )  [ RunTime:0.0012s ]
SQL: SELECT COUNT(*) AS tp_count FROM `tp_returnmessage` WHERE ( mid=17 ) LIMIT 1   [ RunTime:0.0010s ]
SQL: SELECT * FROM `tp_returnmessage` WHERE ( mid=17 )  [ RunTime:0.0013s ]
INFO: [ view_parse ] --START--
INFO: [ template_filter ] --START--
INFO: Run Behavior\ContentReplaceBehavior [ RunTime:0.000420s ]
INFO: [ template_filter ] --END-- [ RunTime:0.000959s ]
INFO: Run Behavior\ParseTemplateBehavior [ RunTime:0.091674s ]
INFO: [ view_parse ] --END-- [ RunTime:0.092238s ]
INFO: [ view_filter ] --START--
INFO: Run Behavior\WriteHtmlCacheBehavior [ RunTime:0.011405s ]
INFO: [ view_filter ] --END-- [ RunTime:0.011840s ]
INFO: [ app_end ] --START--
INFO: Run Behavior\ShowPageTraceBehavior [ RunTime:0.032175s ]
INFO: [ app_end ] --END-- [ RunTime:0.032864s ]

[ 2017-01-21T14:58:52+08:00 ] ::1 /blog/index.php/Admin/Message/index.html
INFO: [ app_init ] --START--
INFO: Run Behavior\BuildLiteBehavior [ RunTime:0.000133s ]
INFO: [ app_init ] --END-- [ RunTime:0.008633s ]
INFO: [ app_begin ] --START--
INFO: Run Behavior\ReadHtmlCacheBehavior [ RunTime:0.017258s ]
INFO: [ app_begin ] --END-- [ RunTime:0.018269s ]
SQL: SHOW COLUMNS FROM `tp_user` [ RunTime:0.1145s ]
SQL: SELECT `lasttime` FROM `tp_user` WHERE `username` = 'hzx' LIMIT 1   [ RunTime:0.0012s ]
SQL: SHOW COLUMNS FROM `tp_message` [ RunTime:0.1083s ]
SQL: SELECT COUNT(*) AS tp_count FROM `tp_message` LIMIT 1   [ RunTime:0.0012s ]
SQL: SELECT * FROM `tp_message` ORDER BY publishtime desc LIMIT 0,6   [ RunTime:0.0019s ]
SQL: SHOW COLUMNS FROM `tp_returnmessage` [ RunTime:0.1405s ]
SQL: SELECT * FROM `tp_returnmessage` WHERE ( mid=19 ) LIMIT 1   [ RunTime:0.0014s ]
SQL: SELECT * FROM `tp_returnmessage` WHERE ( mid=18 ) LIMIT 1   [ RunTime:0.0013s ]
SQL: SELECT * FROM `tp_returnmessage` WHERE ( mid=17 ) LIMIT 1   [ RunTime:0.0015s ]
SQL: SELECT * FROM `tp_returnmessage` WHERE ( mid=16 ) LIMIT 1   [ RunTime:0.0011s ]
INFO: [ view_parse ] --START--
INFO: [ template_filter ] --START--
INFO: Run Behavior\ContentReplaceBehavior [ RunTime:0.000423s ]
INFO: [ template_filter ] --END-- [ RunTime:0.000855s ]
INFO: Run Behavior\ParseTemplateBehavior [ RunTime:0.106173s ]
INFO: [ view_parse ] --END-- [ RunTime:0.106627s ]
INFO: [ view_filter ] --START--
INFO: Run Behavior\WriteHtmlCacheBehavior [ RunTime:0.010943s ]
INFO: [ view_filter ] --END-- [ RunTime:0.011589s ]
INFO: [ app_end ] --START--
INFO: Run Behavior\ShowPageTraceBehavior [ RunTime:0.021487s ]
INFO: [ app_end ] --END-- [ RunTime:0.022119s ]

[ 2017-01-21T14:58:55+08:00 ] ::1 /blog/index.php/Admin/Index/index.html
INFO: [ app_init ] --START--
INFO: Run Behavior\BuildLiteBehavior [ RunTime:0.000109s ]
INFO: [ app_init ] --END-- [ RunTime:0.006554s ]
INFO: [ app_begin ] --START--
INFO: Run Behavior\ReadHtmlCacheBehavior [ RunTime:0.010488s ]
INFO: [ app_begin ] --END-- [ RunTime:0.011580s ]
SQL: SHOW COLUMNS FROM `tp_user` [ RunTime:0.1386s ]
SQL: SELECT `lasttime` FROM `tp_user` WHERE `username` = 'hzx' LIMIT 1   [ RunTime:0.0012s ]
SQL: SELECT * FROM `tp_user` WHERE `state` = 1 ORDER BY lasttime desc LIMIT 5   [ RunTime:0.0018s ]
SQL: SHOW COLUMNS FROM `tp_knowledge` [ RunTime:0.2536s ]
SQL: SELECT `title` FROM `tp_knowledge` ORDER BY publishtime desc LIMIT 1   [ RunTime:0.0661s ]
SQL: SELECT `img` FROM `tp_knowledge` ORDER BY publishtime desc LIMIT 1   [ RunTime:0.0009s ]
SQL: SHOW COLUMNS FROM `tp_img` [ RunTime:0.1054s ]
SQL: SELECT `img` FROM `tp_img` ORDER BY publishtime desc LIMIT 1   [ RunTime:0.0022s ]
SQL: SHOW COLUMNS FROM `tp_pinglun` [ RunTime:0.1207s ]
SQL: SELECT `content` FROM `tp_pinglun` ORDER BY publishtime desc LIMIT 1   [ RunTime:0.0021s ]
SQL: SHOW COLUMNS FROM `tp_message` [ RunTime:0.1297s ]
SQL: SELECT COUNT(*) AS tp_count FROM `tp_message` LIMIT 1   [ RunTime:0.0014s ]
SQL: SELECT * FROM `tp_message` ORDER BY publishtime desc LIMIT 0,5   [ RunTime:0.0015s ]
SQL: SHOW COLUMNS FROM `tp_returnmessage` [ RunTime:0.1076s ]
SQL: SELECT * FROM `tp_returnmessage` WHERE ( mid=19 ) LIMIT 1   [ RunTime:0.0013s ]
SQL: SELECT * FROM `tp_returnmessage` WHERE ( mid=18 ) LIMIT 1   [ RunTime:0.0011s ]
SQL: SELECT * FROM `tp_returnmessage` WHERE ( mid=17 ) LIMIT 1   [ RunTime:0.0011s ]
SQL: SELECT * FROM `tp_returnmessage` WHERE ( mid=16 ) LIMIT 1   [ RunTime:0.0010s ]
SQL: SELECT COUNT(*) AS tp_count FROM `tp_user` WHERE `state` = 1 LIMIT 1   [ RunTime:0.0009s ]
SQL: SELECT COUNT(*) AS tp_count FROM `tp_message` LIMIT 1   [ RunTime:0.0008s ]
SQL: SELECT COUNT(*) AS tp_count FROM `tp_pinglun` LIMIT 1   [ RunTime:0.0011s ]
SQL: SELECT * FROM `tp_knowledge` ORDER BY publishtime desc LIMIT 1   [ RunTime:0.0015s ]
NOTIC: [8] Undefined variable: filets F:\wamp\wamp\www\blog\Application\Admin\Controller\IndexController.class.php 第 85 行.
INFO: [ view_parse ] --START--
INFO: [ template_filter ] --START--
INFO: Run Behavior\ContentReplaceBehavior [ RunTime:0.000442s ]
INFO: [ template_filter ] --END-- [ RunTime:0.000955s ]
INFO: Run Behavior\ParseTemplateBehavior [ RunTime:0.116675s ]
INFO: [ view_parse ] --END-- [ RunTime:0.117150s ]
INFO: [ view_filter ] --START--
INFO: Run Behavior\WriteHtmlCacheBehavior [ RunTime:0.010233s ]
INFO: [ view_filter ] --END-- [ RunTime:0.010671s ]
INFO: [ app_end ] --START--
INFO: Run Behavior\ShowPageTraceBehavior [ RunTime:0.015987s ]
INFO: [ app_end ] --END-- [ RunTime:0.017051s ]

[ 2017-01-21T14:59:17+08:00 ] ::1 /blog/index.php/Admin/Index/ms.html
INFO: [ app_init ] --START--
INFO: Run Behavior\BuildLiteBehavior [ RunTime:0.000109s ]
INFO: [ app_init ] --END-- [ RunTime:0.008542s ]
INFO: [ app_begin ] --START--
INFO: Run Behavior\ReadHtmlCacheBehavior [ RunTime:0.012058s ]
INFO: [ app_begin ] --END-- [ RunTime:0.012515s ]

[ 2017-01-21T14:59:45+08:00 ] ::1 /blog/index.php/Admin/Index/returnmessage.html
INFO: [ app_init ] --START--
INFO: Run Behavior\BuildLiteBehavior [ RunTime:0.000262s ]
INFO: [ app_init ] --END-- [ RunTime:0.010602s ]
INFO: [ app_begin ] --START--
INFO: Run Behavior\ReadHtmlCacheBehavior [ RunTime:0.011895s ]
INFO: [ app_begin ] --END-- [ RunTime:0.012672s ]
SQL: SHOW COLUMNS FROM `tp_returnmessage` [ RunTime:0.1085s ]
SQL: UPDATE `tp_returnmessage` SET `mcontent`='<p>哈哈</p>',`republishtime`='2017-01-21 14:59:44',`rname`='hzx' WHERE ( mid=19 ) [ RunTime:0.1859s ]

[ 2017-01-21T14:59:46+08:00 ] ::1 /blog/index.php/Admin/Index/index.html
INFO: [ app_init ] --START--
INFO: Run Behavior\BuildLiteBehavior [ RunTime:0.000104s ]
INFO: [ app_init ] --END-- [ RunTime:0.006761s ]
INFO: [ app_begin ] --START--
INFO: Run Behavior\ReadHtmlCacheBehavior [ RunTime:0.009997s ]
INFO: [ app_begin ] --END-- [ RunTime:0.010507s ]
SQL: SHOW COLUMNS FROM `tp_user` [ RunTime:0.1429s ]
SQL: SELECT `lasttime` FROM `tp_user` WHERE `username` = 'hzx' LIMIT 1   [ RunTime:0.0011s ]
SQL: SELECT * FROM `tp_user` WHERE `state` = 1 ORDER BY lasttime desc LIMIT 5   [ RunTime:0.0015s ]
SQL: SHOW COLUMNS FROM `tp_knowledge` [ RunTime:0.1104s ]
SQL: SELECT `title` FROM `tp_knowledge` ORDER BY publishtime desc LIMIT 1   [ RunTime:0.0013s ]
SQL: SELECT `img` FROM `tp_knowledge` ORDER BY publishtime desc LIMIT 1   [ RunTime:0.0009s ]
SQL: SHOW COLUMNS FROM `tp_img` [ RunTime:0.0999s ]
SQL: SELECT `img` FROM `tp_img` ORDER BY publishtime desc LIMIT 1   [ RunTime:0.0011s ]
SQL: SHOW COLUMNS FROM `tp_pinglun` [ RunTime:0.1142s ]
SQL: SELECT `content` FROM `tp_pinglun` ORDER BY publishtime desc LIMIT 1   [ RunTime:0.0012s ]
SQL: SHOW COLUMNS FROM `tp_message` [ RunTime:0.1154s ]
SQL: SELECT COUNT(*) AS tp_count FROM `tp_message` LIMIT 1   [ RunTime:0.0010s ]
SQL: SELECT * FROM `tp_message` ORDER BY publishtime desc LIMIT 0,5   [ RunTime:0.0013s ]
SQL: SHOW COLUMNS FROM `tp_returnmessage` [ RunTime:0.1115s ]
SQL: SELECT * FROM `tp_returnmessage` WHERE ( mid=19 ) LIMIT 1   [ RunTime:0.0015s ]
SQL: SELECT * FROM `tp_returnmessage` WHERE ( mid=18 ) LIMIT 1   [ RunTime:0.0013s ]
SQL: SELECT * FROM `tp_returnmessage` WHERE ( mid=17 ) LIMIT 1   [ RunTime:0.0014s ]
SQL: SELECT * FROM `tp_returnmessage` WHERE ( mid=16 ) LIMIT 1   [ RunTime:0.0011s ]
SQL: SELECT COUNT(*) AS tp_count FROM `tp_user` WHERE `state` = 1 LIMIT 1   [ RunTime:0.0010s ]
SQL: SELECT COUNT(*) AS tp_count FROM `tp_message` LIMIT 1   [ RunTime:0.0011s ]
SQL: SELECT COUNT(*) AS tp_count FROM `tp_pinglun` LIMIT 1   [ RunTime:0.0012s ]
SQL: SELECT * FROM `tp_knowledge` ORDER BY publishtime desc LIMIT 1   [ RunTime:0.0016s ]
NOTIC: [8] Undefined variable: filets F:\wamp\wamp\www\blog\Application\Admin\Controller\IndexController.class.php 第 85 行.
INFO: [ view_parse ] --START--
INFO: [ template_filter ] --START--
INFO: Run Behavior\ContentReplaceBehavior [ RunTime:0.000738s ]
INFO: [ template_filter ] --END-- [ RunTime:0.001454s ]
INFO: Run Behavior\ParseTemplateBehavior [ RunTime:0.134199s ]
INFO: [ view_parse ] --END-- [ RunTime:0.134770s ]
INFO: [ view_filter ] --START--
INFO: Run Behavior\WriteHtmlCacheBehavior [ RunTime:0.008968s ]
INFO: [ view_filter ] --END-- [ RunTime:0.009383s ]
INFO: [ app_end ] --START--
INFO: Run Behavior\ShowPageTraceBehavior [ RunTime:0.010805s ]
INFO: [ app_end ] --END-- [ RunTime:0.011461s ]

[ 2017-01-21T14:59:59+08:00 ] ::1 /blog/index.php/Admin/Index/ms.html
INFO: [ app_init ] --START--
INFO: Run Behavior\BuildLiteBehavior [ RunTime:0.000655s ]
INFO: [ app_init ] --END-- [ RunTime:0.011791s ]
INFO: [ app_begin ] --START--
INFO: Run Behavior\ReadHtmlCacheBehavior [ RunTime:0.010751s ]
INFO: [ app_begin ] --END-- [ RunTime:0.011376s ]

